[2025-02-23T04:56:33.607+0000] {processor.py:186} INFO - Started process (PID=1324) to work on /opt/airflow/dags/hello_world.py
[2025-02-23T04:56:33.608+0000] {processor.py:914} INFO - Processing file /opt/airflow/dags/hello_world.py for tasks to queue
[2025-02-23T04:56:33.610+0000] {logging_mixin.py:190} INFO - [2025-02-23T04:56:33.610+0000] {dagbag.py:588} INFO - Filling up the DagBag from /opt/airflow/dags/hello_world.py
[2025-02-23T04:56:33.618+0000] {processor.py:925} INFO - DAG(s) 'hello_world' retrieved from /opt/airflow/dags/hello_world.py
[2025-02-23T04:56:33.704+0000] {logging_mixin.py:190} INFO - [2025-02-23T04:56:33.703+0000] {override.py:1911} INFO - Created Permission View: can read on DAG:hello_world
[2025-02-23T04:56:33.711+0000] {logging_mixin.py:190} INFO - [2025-02-23T04:56:33.710+0000] {override.py:1911} INFO - Created Permission View: can delete on DAG:hello_world
[2025-02-23T04:56:33.715+0000] {logging_mixin.py:190} INFO - [2025-02-23T04:56:33.715+0000] {override.py:1911} INFO - Created Permission View: can edit on DAG:hello_world
[2025-02-23T04:56:33.719+0000] {logging_mixin.py:190} INFO - [2025-02-23T04:56:33.719+0000] {override.py:1911} INFO - Created Permission View: can read on DAG Run:hello_world
[2025-02-23T04:56:33.723+0000] {logging_mixin.py:190} INFO - [2025-02-23T04:56:33.723+0000] {override.py:1911} INFO - Created Permission View: menu access on DAG Run:hello_world
[2025-02-23T04:56:33.727+0000] {logging_mixin.py:190} INFO - [2025-02-23T04:56:33.727+0000] {override.py:1911} INFO - Created Permission View: can create on DAG Run:hello_world
[2025-02-23T04:56:33.731+0000] {logging_mixin.py:190} INFO - [2025-02-23T04:56:33.731+0000] {override.py:1911} INFO - Created Permission View: can delete on DAG Run:hello_world
[2025-02-23T04:56:33.731+0000] {logging_mixin.py:190} INFO - [2025-02-23T04:56:33.731+0000] {dag.py:3239} INFO - Sync 1 DAGs
[2025-02-23T04:56:33.741+0000] {logging_mixin.py:190} INFO - [2025-02-23T04:56:33.741+0000] {dag.py:3262} INFO - Creating ORM DAG for hello_world
[2025-02-23T04:56:33.749+0000] {logging_mixin.py:190} INFO - [2025-02-23T04:56:33.749+0000] {dag.py:4180} INFO - Setting next_dagrun for hello_world to 2025-02-22 00:00:00+00:00, run_after=2025-02-23 00:00:00+00:00
[2025-02-23T04:56:33.761+0000] {processor.py:208} INFO - Processing /opt/airflow/dags/hello_world.py took 0.159 seconds
[2025-02-23T04:56:54.994+0000] {processor.py:186} INFO - Started process (PID=1363) to work on /opt/airflow/dags/hello_world.py
[2025-02-23T04:56:54.995+0000] {processor.py:914} INFO - Processing file /opt/airflow/dags/hello_world.py for tasks to queue
[2025-02-23T04:56:54.997+0000] {logging_mixin.py:190} INFO - [2025-02-23T04:56:54.996+0000] {dagbag.py:588} INFO - Filling up the DagBag from /opt/airflow/dags/hello_world.py
[2025-02-23T04:56:55.005+0000] {processor.py:925} INFO - DAG(s) 'hello_world_' retrieved from /opt/airflow/dags/hello_world.py
[2025-02-23T04:56:55.105+0000] {logging_mixin.py:190} INFO - [2025-02-23T04:56:55.105+0000] {override.py:1911} INFO - Created Permission View: can read on DAG:hello_world_
[2025-02-23T04:56:55.113+0000] {logging_mixin.py:190} INFO - [2025-02-23T04:56:55.113+0000] {override.py:1911} INFO - Created Permission View: can delete on DAG:hello_world_
[2025-02-23T04:56:55.118+0000] {logging_mixin.py:190} INFO - [2025-02-23T04:56:55.117+0000] {override.py:1911} INFO - Created Permission View: can edit on DAG:hello_world_
[2025-02-23T04:56:55.122+0000] {logging_mixin.py:190} INFO - [2025-02-23T04:56:55.122+0000] {override.py:1911} INFO - Created Permission View: can read on DAG Run:hello_world_
[2025-02-23T04:56:55.126+0000] {logging_mixin.py:190} INFO - [2025-02-23T04:56:55.126+0000] {override.py:1911} INFO - Created Permission View: menu access on DAG Run:hello_world_
[2025-02-23T04:56:55.130+0000] {logging_mixin.py:190} INFO - [2025-02-23T04:56:55.130+0000] {override.py:1911} INFO - Created Permission View: can create on DAG Run:hello_world_
[2025-02-23T04:56:55.134+0000] {logging_mixin.py:190} INFO - [2025-02-23T04:56:55.134+0000] {override.py:1911} INFO - Created Permission View: can delete on DAG Run:hello_world_
[2025-02-23T04:56:55.135+0000] {logging_mixin.py:190} INFO - [2025-02-23T04:56:55.135+0000] {dag.py:3239} INFO - Sync 1 DAGs
[2025-02-23T04:56:55.146+0000] {logging_mixin.py:190} INFO - [2025-02-23T04:56:55.145+0000] {dag.py:3262} INFO - Creating ORM DAG for hello_world_
[2025-02-23T04:56:55.155+0000] {logging_mixin.py:190} INFO - [2025-02-23T04:56:55.155+0000] {dag.py:4180} INFO - Setting next_dagrun for hello_world_ to 2025-02-22 00:00:00+00:00, run_after=2025-02-23 00:00:00+00:00
[2025-02-23T04:56:55.168+0000] {processor.py:208} INFO - Processing /opt/airflow/dags/hello_world.py took 0.178 seconds
[2025-02-23T04:56:57.654+0000] {processor.py:186} INFO - Started process (PID=1376) to work on /opt/airflow/dags/hello_world.py
[2025-02-23T04:56:57.654+0000] {processor.py:914} INFO - Processing file /opt/airflow/dags/hello_world.py for tasks to queue
[2025-02-23T04:56:57.656+0000] {logging_mixin.py:190} INFO - [2025-02-23T04:56:57.656+0000] {dagbag.py:588} INFO - Filling up the DagBag from /opt/airflow/dags/hello_world.py
[2025-02-23T04:56:57.663+0000] {processor.py:925} INFO - DAG(s) 'hello_world_fauzaan' retrieved from /opt/airflow/dags/hello_world.py
[2025-02-23T04:56:57.746+0000] {logging_mixin.py:190} INFO - [2025-02-23T04:56:57.745+0000] {override.py:1911} INFO - Created Permission View: can read on DAG:hello_world_fauzaan
[2025-02-23T04:56:57.752+0000] {logging_mixin.py:190} INFO - [2025-02-23T04:56:57.752+0000] {override.py:1911} INFO - Created Permission View: can delete on DAG:hello_world_fauzaan
[2025-02-23T04:56:57.757+0000] {logging_mixin.py:190} INFO - [2025-02-23T04:56:57.757+0000] {override.py:1911} INFO - Created Permission View: can edit on DAG:hello_world_fauzaan
[2025-02-23T04:56:57.761+0000] {logging_mixin.py:190} INFO - [2025-02-23T04:56:57.761+0000] {override.py:1911} INFO - Created Permission View: can read on DAG Run:hello_world_fauzaan
[2025-02-23T04:56:57.765+0000] {logging_mixin.py:190} INFO - [2025-02-23T04:56:57.765+0000] {override.py:1911} INFO - Created Permission View: menu access on DAG Run:hello_world_fauzaan
[2025-02-23T04:56:57.769+0000] {logging_mixin.py:190} INFO - [2025-02-23T04:56:57.769+0000] {override.py:1911} INFO - Created Permission View: can create on DAG Run:hello_world_fauzaan
[2025-02-23T04:56:57.773+0000] {logging_mixin.py:190} INFO - [2025-02-23T04:56:57.773+0000] {override.py:1911} INFO - Created Permission View: can delete on DAG Run:hello_world_fauzaan
[2025-02-23T04:56:57.773+0000] {logging_mixin.py:190} INFO - [2025-02-23T04:56:57.773+0000] {dag.py:3239} INFO - Sync 1 DAGs
[2025-02-23T04:56:57.783+0000] {logging_mixin.py:190} INFO - [2025-02-23T04:56:57.783+0000] {dag.py:3262} INFO - Creating ORM DAG for hello_world_fauzaan
[2025-02-23T04:56:57.791+0000] {logging_mixin.py:190} INFO - [2025-02-23T04:56:57.791+0000] {dag.py:4180} INFO - Setting next_dagrun for hello_world_fauzaan to 2025-02-22 00:00:00+00:00, run_after=2025-02-23 00:00:00+00:00
[2025-02-23T04:56:57.803+0000] {processor.py:208} INFO - Processing /opt/airflow/dags/hello_world.py took 0.154 seconds
