[2025-02-23T04:46:37.075+0000] {processor.py:186} INFO - Started process (PID=81) to work on /home/airflow/.local/lib/python3.12/site-packages/airflow/example_dags/example_skip_dag.py
[2025-02-23T04:46:37.076+0000] {processor.py:914} INFO - Processing file /home/airflow/.local/lib/python3.12/site-packages/airflow/example_dags/example_skip_dag.py for tasks to queue
[2025-02-23T04:46:37.078+0000] {logging_mixin.py:190} INFO - [2025-02-23T04:46:37.077+0000] {dagbag.py:588} INFO - Filling up the DagBag from /home/airflow/.local/lib/python3.12/site-packages/airflow/example_dags/example_skip_dag.py
[2025-02-23T04:46:37.089+0000] {processor.py:925} INFO - DAG(s) 'example_skip_dag' retrieved from /home/airflow/.local/lib/python3.12/site-packages/airflow/example_dags/example_skip_dag.py
[2025-02-23T04:46:37.215+0000] {logging_mixin.py:190} INFO - [2025-02-23T04:46:37.214+0000] {override.py:1911} INFO - Created Permission View: can read on DAG:example_skip_dag
[2025-02-23T04:46:37.225+0000] {logging_mixin.py:190} INFO - [2025-02-23T04:46:37.224+0000] {override.py:1911} INFO - Created Permission View: can delete on DAG:example_skip_dag
[2025-02-23T04:46:37.230+0000] {logging_mixin.py:190} INFO - [2025-02-23T04:46:37.230+0000] {override.py:1911} INFO - Created Permission View: can edit on DAG:example_skip_dag
[2025-02-23T04:46:37.236+0000] {logging_mixin.py:190} INFO - [2025-02-23T04:46:37.236+0000] {override.py:1911} INFO - Created Permission View: can read on DAG Run:example_skip_dag
[2025-02-23T04:46:37.241+0000] {logging_mixin.py:190} INFO - [2025-02-23T04:46:37.241+0000] {override.py:1911} INFO - Created Permission View: menu access on DAG Run:example_skip_dag
[2025-02-23T04:46:37.247+0000] {logging_mixin.py:190} INFO - [2025-02-23T04:46:37.247+0000] {override.py:1911} INFO - Created Permission View: can create on DAG Run:example_skip_dag
[2025-02-23T04:46:37.252+0000] {logging_mixin.py:190} INFO - [2025-02-23T04:46:37.252+0000] {override.py:1911} INFO - Created Permission View: can delete on DAG Run:example_skip_dag
[2025-02-23T04:46:37.252+0000] {logging_mixin.py:190} INFO - [2025-02-23T04:46:37.252+0000] {dag.py:3239} INFO - Sync 1 DAGs
[2025-02-23T04:46:37.267+0000] {logging_mixin.py:190} INFO - [2025-02-23T04:46:37.267+0000] {dag.py:3262} INFO - Creating ORM DAG for example_skip_dag
[2025-02-23T04:46:37.277+0000] {logging_mixin.py:190} INFO - [2025-02-23T04:46:37.277+0000] {dag.py:4180} INFO - Setting next_dagrun for example_skip_dag to 2025-02-22 00:00:00+00:00, run_after=2025-02-23 00:00:00+00:00
[2025-02-23T04:46:37.292+0000] {processor.py:208} INFO - Processing /home/airflow/.local/lib/python3.12/site-packages/airflow/example_dags/example_skip_dag.py took 0.224 seconds
[2025-02-23T04:47:08.238+0000] {processor.py:186} INFO - Started process (PID=144) to work on /home/airflow/.local/lib/python3.12/site-packages/airflow/example_dags/example_skip_dag.py
[2025-02-23T04:47:08.239+0000] {processor.py:914} INFO - Processing file /home/airflow/.local/lib/python3.12/site-packages/airflow/example_dags/example_skip_dag.py for tasks to queue
[2025-02-23T04:47:08.241+0000] {logging_mixin.py:190} INFO - [2025-02-23T04:47:08.240+0000] {dagbag.py:588} INFO - Filling up the DagBag from /home/airflow/.local/lib/python3.12/site-packages/airflow/example_dags/example_skip_dag.py
[2025-02-23T04:47:08.247+0000] {processor.py:925} INFO - DAG(s) 'example_skip_dag' retrieved from /home/airflow/.local/lib/python3.12/site-packages/airflow/example_dags/example_skip_dag.py
[2025-02-23T04:47:08.266+0000] {logging_mixin.py:190} INFO - [2025-02-23T04:47:08.266+0000] {dag.py:3239} INFO - Sync 1 DAGs
[2025-02-23T04:47:08.288+0000] {logging_mixin.py:190} INFO - [2025-02-23T04:47:08.288+0000] {dag.py:4180} INFO - Setting next_dagrun for example_skip_dag to 2025-02-22 00:00:00+00:00, run_after=2025-02-23 00:00:00+00:00
[2025-02-23T04:47:08.302+0000] {processor.py:208} INFO - Processing /home/airflow/.local/lib/python3.12/site-packages/airflow/example_dags/example_skip_dag.py took 0.068 seconds
[2025-02-23T04:47:38.739+0000] {processor.py:186} INFO - Started process (PID=207) to work on /home/airflow/.local/lib/python3.12/site-packages/airflow/example_dags/example_skip_dag.py
[2025-02-23T04:47:38.740+0000] {processor.py:914} INFO - Processing file /home/airflow/.local/lib/python3.12/site-packages/airflow/example_dags/example_skip_dag.py for tasks to queue
[2025-02-23T04:47:38.742+0000] {logging_mixin.py:190} INFO - [2025-02-23T04:47:38.741+0000] {dagbag.py:588} INFO - Filling up the DagBag from /home/airflow/.local/lib/python3.12/site-packages/airflow/example_dags/example_skip_dag.py
[2025-02-23T04:47:38.748+0000] {processor.py:925} INFO - DAG(s) 'example_skip_dag' retrieved from /home/airflow/.local/lib/python3.12/site-packages/airflow/example_dags/example_skip_dag.py
[2025-02-23T04:47:38.766+0000] {logging_mixin.py:190} INFO - [2025-02-23T04:47:38.766+0000] {dag.py:3239} INFO - Sync 1 DAGs
[2025-02-23T04:47:38.788+0000] {logging_mixin.py:190} INFO - [2025-02-23T04:47:38.787+0000] {dag.py:4180} INFO - Setting next_dagrun for example_skip_dag to 2025-02-22 00:00:00+00:00, run_after=2025-02-23 00:00:00+00:00
[2025-02-23T04:47:38.802+0000] {processor.py:208} INFO - Processing /home/airflow/.local/lib/python3.12/site-packages/airflow/example_dags/example_skip_dag.py took 0.067 seconds
[2025-02-23T04:48:09.327+0000] {processor.py:186} INFO - Started process (PID=270) to work on /home/airflow/.local/lib/python3.12/site-packages/airflow/example_dags/example_skip_dag.py
[2025-02-23T04:48:09.328+0000] {processor.py:914} INFO - Processing file /home/airflow/.local/lib/python3.12/site-packages/airflow/example_dags/example_skip_dag.py for tasks to queue
[2025-02-23T04:48:09.330+0000] {logging_mixin.py:190} INFO - [2025-02-23T04:48:09.330+0000] {dagbag.py:588} INFO - Filling up the DagBag from /home/airflow/.local/lib/python3.12/site-packages/airflow/example_dags/example_skip_dag.py
[2025-02-23T04:48:09.339+0000] {processor.py:925} INFO - DAG(s) 'example_skip_dag' retrieved from /home/airflow/.local/lib/python3.12/site-packages/airflow/example_dags/example_skip_dag.py
[2025-02-23T04:48:09.366+0000] {logging_mixin.py:190} INFO - [2025-02-23T04:48:09.365+0000] {dag.py:3239} INFO - Sync 1 DAGs
[2025-02-23T04:48:09.396+0000] {logging_mixin.py:190} INFO - [2025-02-23T04:48:09.396+0000] {dag.py:4180} INFO - Setting next_dagrun for example_skip_dag to 2025-02-22 00:00:00+00:00, run_after=2025-02-23 00:00:00+00:00
[2025-02-23T04:48:09.424+0000] {processor.py:208} INFO - Processing /home/airflow/.local/lib/python3.12/site-packages/airflow/example_dags/example_skip_dag.py took 0.102 seconds
[2025-02-23T04:48:39.527+0000] {processor.py:186} INFO - Started process (PID=334) to work on /home/airflow/.local/lib/python3.12/site-packages/airflow/example_dags/example_skip_dag.py
[2025-02-23T04:48:39.528+0000] {processor.py:914} INFO - Processing file /home/airflow/.local/lib/python3.12/site-packages/airflow/example_dags/example_skip_dag.py for tasks to queue
[2025-02-23T04:48:39.530+0000] {logging_mixin.py:190} INFO - [2025-02-23T04:48:39.530+0000] {dagbag.py:588} INFO - Filling up the DagBag from /home/airflow/.local/lib/python3.12/site-packages/airflow/example_dags/example_skip_dag.py
[2025-02-23T04:48:39.537+0000] {processor.py:925} INFO - DAG(s) 'example_skip_dag' retrieved from /home/airflow/.local/lib/python3.12/site-packages/airflow/example_dags/example_skip_dag.py
[2025-02-23T04:48:39.557+0000] {logging_mixin.py:190} INFO - [2025-02-23T04:48:39.556+0000] {dag.py:3239} INFO - Sync 1 DAGs
[2025-02-23T04:48:39.574+0000] {logging_mixin.py:190} INFO - [2025-02-23T04:48:39.574+0000] {dag.py:4180} INFO - Setting next_dagrun for example_skip_dag to 2025-02-22 00:00:00+00:00, run_after=2025-02-23 00:00:00+00:00
[2025-02-23T04:48:39.588+0000] {processor.py:208} INFO - Processing /home/airflow/.local/lib/python3.12/site-packages/airflow/example_dags/example_skip_dag.py took 0.066 seconds
[2025-02-23T04:49:09.663+0000] {processor.py:186} INFO - Started process (PID=398) to work on /home/airflow/.local/lib/python3.12/site-packages/airflow/example_dags/example_skip_dag.py
[2025-02-23T04:49:09.664+0000] {processor.py:914} INFO - Processing file /home/airflow/.local/lib/python3.12/site-packages/airflow/example_dags/example_skip_dag.py for tasks to queue
[2025-02-23T04:49:09.666+0000] {logging_mixin.py:190} INFO - [2025-02-23T04:49:09.665+0000] {dagbag.py:588} INFO - Filling up the DagBag from /home/airflow/.local/lib/python3.12/site-packages/airflow/example_dags/example_skip_dag.py
[2025-02-23T04:49:09.675+0000] {processor.py:925} INFO - DAG(s) 'example_skip_dag' retrieved from /home/airflow/.local/lib/python3.12/site-packages/airflow/example_dags/example_skip_dag.py
[2025-02-23T04:49:09.695+0000] {logging_mixin.py:190} INFO - [2025-02-23T04:49:09.695+0000] {dag.py:3239} INFO - Sync 1 DAGs
[2025-02-23T04:49:09.716+0000] {logging_mixin.py:190} INFO - [2025-02-23T04:49:09.716+0000] {dag.py:4180} INFO - Setting next_dagrun for example_skip_dag to 2025-02-22 00:00:00+00:00, run_after=2025-02-23 00:00:00+00:00
[2025-02-23T04:49:09.732+0000] {processor.py:208} INFO - Processing /home/airflow/.local/lib/python3.12/site-packages/airflow/example_dags/example_skip_dag.py took 0.074 seconds
[2025-02-23T04:49:39.779+0000] {processor.py:186} INFO - Started process (PID=461) to work on /home/airflow/.local/lib/python3.12/site-packages/airflow/example_dags/example_skip_dag.py
[2025-02-23T04:49:39.779+0000] {processor.py:914} INFO - Processing file /home/airflow/.local/lib/python3.12/site-packages/airflow/example_dags/example_skip_dag.py for tasks to queue
[2025-02-23T04:49:39.781+0000] {logging_mixin.py:190} INFO - [2025-02-23T04:49:39.781+0000] {dagbag.py:588} INFO - Filling up the DagBag from /home/airflow/.local/lib/python3.12/site-packages/airflow/example_dags/example_skip_dag.py
[2025-02-23T04:49:39.788+0000] {processor.py:925} INFO - DAG(s) 'example_skip_dag' retrieved from /home/airflow/.local/lib/python3.12/site-packages/airflow/example_dags/example_skip_dag.py
[2025-02-23T04:49:39.806+0000] {logging_mixin.py:190} INFO - [2025-02-23T04:49:39.806+0000] {dag.py:3239} INFO - Sync 1 DAGs
[2025-02-23T04:49:39.829+0000] {logging_mixin.py:190} INFO - [2025-02-23T04:49:39.829+0000] {dag.py:4180} INFO - Setting next_dagrun for example_skip_dag to 2025-02-22 00:00:00+00:00, run_after=2025-02-23 00:00:00+00:00
[2025-02-23T04:49:39.844+0000] {processor.py:208} INFO - Processing /home/airflow/.local/lib/python3.12/site-packages/airflow/example_dags/example_skip_dag.py took 0.070 seconds
[2025-02-23T04:50:10.194+0000] {processor.py:186} INFO - Started process (PID=524) to work on /home/airflow/.local/lib/python3.12/site-packages/airflow/example_dags/example_skip_dag.py
[2025-02-23T04:50:10.195+0000] {processor.py:914} INFO - Processing file /home/airflow/.local/lib/python3.12/site-packages/airflow/example_dags/example_skip_dag.py for tasks to queue
[2025-02-23T04:50:10.196+0000] {logging_mixin.py:190} INFO - [2025-02-23T04:50:10.196+0000] {dagbag.py:588} INFO - Filling up the DagBag from /home/airflow/.local/lib/python3.12/site-packages/airflow/example_dags/example_skip_dag.py
[2025-02-23T04:50:10.203+0000] {processor.py:925} INFO - DAG(s) 'example_skip_dag' retrieved from /home/airflow/.local/lib/python3.12/site-packages/airflow/example_dags/example_skip_dag.py
[2025-02-23T04:50:10.222+0000] {logging_mixin.py:190} INFO - [2025-02-23T04:50:10.221+0000] {dag.py:3239} INFO - Sync 1 DAGs
[2025-02-23T04:50:10.245+0000] {logging_mixin.py:190} INFO - [2025-02-23T04:50:10.244+0000] {dag.py:4180} INFO - Setting next_dagrun for example_skip_dag to 2025-02-22 00:00:00+00:00, run_after=2025-02-23 00:00:00+00:00
[2025-02-23T04:50:10.259+0000] {processor.py:208} INFO - Processing /home/airflow/.local/lib/python3.12/site-packages/airflow/example_dags/example_skip_dag.py took 0.070 seconds
[2025-02-23T04:50:40.836+0000] {processor.py:186} INFO - Started process (PID=587) to work on /home/airflow/.local/lib/python3.12/site-packages/airflow/example_dags/example_skip_dag.py
[2025-02-23T04:50:40.836+0000] {processor.py:914} INFO - Processing file /home/airflow/.local/lib/python3.12/site-packages/airflow/example_dags/example_skip_dag.py for tasks to queue
[2025-02-23T04:50:40.838+0000] {logging_mixin.py:190} INFO - [2025-02-23T04:50:40.838+0000] {dagbag.py:588} INFO - Filling up the DagBag from /home/airflow/.local/lib/python3.12/site-packages/airflow/example_dags/example_skip_dag.py
[2025-02-23T04:50:40.846+0000] {processor.py:925} INFO - DAG(s) 'example_skip_dag' retrieved from /home/airflow/.local/lib/python3.12/site-packages/airflow/example_dags/example_skip_dag.py
[2025-02-23T04:50:40.865+0000] {logging_mixin.py:190} INFO - [2025-02-23T04:50:40.865+0000] {dag.py:3239} INFO - Sync 1 DAGs
[2025-02-23T04:50:40.885+0000] {logging_mixin.py:190} INFO - [2025-02-23T04:50:40.885+0000] {dag.py:4180} INFO - Setting next_dagrun for example_skip_dag to 2025-02-22 00:00:00+00:00, run_after=2025-02-23 00:00:00+00:00
[2025-02-23T04:50:40.898+0000] {processor.py:208} INFO - Processing /home/airflow/.local/lib/python3.12/site-packages/airflow/example_dags/example_skip_dag.py took 0.067 seconds
[2025-02-23T04:51:11.291+0000] {processor.py:186} INFO - Started process (PID=650) to work on /home/airflow/.local/lib/python3.12/site-packages/airflow/example_dags/example_skip_dag.py
[2025-02-23T04:51:11.292+0000] {processor.py:914} INFO - Processing file /home/airflow/.local/lib/python3.12/site-packages/airflow/example_dags/example_skip_dag.py for tasks to queue
[2025-02-23T04:51:11.293+0000] {logging_mixin.py:190} INFO - [2025-02-23T04:51:11.293+0000] {dagbag.py:588} INFO - Filling up the DagBag from /home/airflow/.local/lib/python3.12/site-packages/airflow/example_dags/example_skip_dag.py
[2025-02-23T04:51:11.300+0000] {processor.py:925} INFO - DAG(s) 'example_skip_dag' retrieved from /home/airflow/.local/lib/python3.12/site-packages/airflow/example_dags/example_skip_dag.py
[2025-02-23T04:51:11.319+0000] {logging_mixin.py:190} INFO - [2025-02-23T04:51:11.319+0000] {dag.py:3239} INFO - Sync 1 DAGs
[2025-02-23T04:51:11.343+0000] {logging_mixin.py:190} INFO - [2025-02-23T04:51:11.342+0000] {dag.py:4180} INFO - Setting next_dagrun for example_skip_dag to 2025-02-22 00:00:00+00:00, run_after=2025-02-23 00:00:00+00:00
[2025-02-23T04:51:11.357+0000] {processor.py:208} INFO - Processing /home/airflow/.local/lib/python3.12/site-packages/airflow/example_dags/example_skip_dag.py took 0.070 seconds
[2025-02-23T04:51:41.579+0000] {processor.py:186} INFO - Started process (PID=714) to work on /home/airflow/.local/lib/python3.12/site-packages/airflow/example_dags/example_skip_dag.py
[2025-02-23T04:51:41.580+0000] {processor.py:914} INFO - Processing file /home/airflow/.local/lib/python3.12/site-packages/airflow/example_dags/example_skip_dag.py for tasks to queue
[2025-02-23T04:51:41.582+0000] {logging_mixin.py:190} INFO - [2025-02-23T04:51:41.581+0000] {dagbag.py:588} INFO - Filling up the DagBag from /home/airflow/.local/lib/python3.12/site-packages/airflow/example_dags/example_skip_dag.py
[2025-02-23T04:51:41.588+0000] {processor.py:925} INFO - DAG(s) 'example_skip_dag' retrieved from /home/airflow/.local/lib/python3.12/site-packages/airflow/example_dags/example_skip_dag.py
[2025-02-23T04:51:41.608+0000] {logging_mixin.py:190} INFO - [2025-02-23T04:51:41.608+0000] {dag.py:3239} INFO - Sync 1 DAGs
[2025-02-23T04:51:41.632+0000] {logging_mixin.py:190} INFO - [2025-02-23T04:51:41.632+0000] {dag.py:4180} INFO - Setting next_dagrun for example_skip_dag to 2025-02-22 00:00:00+00:00, run_after=2025-02-23 00:00:00+00:00
[2025-02-23T04:51:41.647+0000] {processor.py:208} INFO - Processing /home/airflow/.local/lib/python3.12/site-packages/airflow/example_dags/example_skip_dag.py took 0.071 seconds
[2025-02-23T04:52:11.996+0000] {processor.py:186} INFO - Started process (PID=777) to work on /home/airflow/.local/lib/python3.12/site-packages/airflow/example_dags/example_skip_dag.py
[2025-02-23T04:52:11.997+0000] {processor.py:914} INFO - Processing file /home/airflow/.local/lib/python3.12/site-packages/airflow/example_dags/example_skip_dag.py for tasks to queue
[2025-02-23T04:52:11.999+0000] {logging_mixin.py:190} INFO - [2025-02-23T04:52:11.998+0000] {dagbag.py:588} INFO - Filling up the DagBag from /home/airflow/.local/lib/python3.12/site-packages/airflow/example_dags/example_skip_dag.py
[2025-02-23T04:52:12.005+0000] {processor.py:925} INFO - DAG(s) 'example_skip_dag' retrieved from /home/airflow/.local/lib/python3.12/site-packages/airflow/example_dags/example_skip_dag.py
[2025-02-23T04:52:12.024+0000] {logging_mixin.py:190} INFO - [2025-02-23T04:52:12.024+0000] {dag.py:3239} INFO - Sync 1 DAGs
[2025-02-23T04:52:12.047+0000] {logging_mixin.py:190} INFO - [2025-02-23T04:52:12.047+0000] {dag.py:4180} INFO - Setting next_dagrun for example_skip_dag to 2025-02-22 00:00:00+00:00, run_after=2025-02-23 00:00:00+00:00
[2025-02-23T04:52:12.061+0000] {processor.py:208} INFO - Processing /home/airflow/.local/lib/python3.12/site-packages/airflow/example_dags/example_skip_dag.py took 0.069 seconds
[2025-02-23T04:52:42.124+0000] {processor.py:186} INFO - Started process (PID=840) to work on /home/airflow/.local/lib/python3.12/site-packages/airflow/example_dags/example_skip_dag.py
[2025-02-23T04:52:42.124+0000] {processor.py:914} INFO - Processing file /home/airflow/.local/lib/python3.12/site-packages/airflow/example_dags/example_skip_dag.py for tasks to queue
[2025-02-23T04:52:42.126+0000] {logging_mixin.py:190} INFO - [2025-02-23T04:52:42.126+0000] {dagbag.py:588} INFO - Filling up the DagBag from /home/airflow/.local/lib/python3.12/site-packages/airflow/example_dags/example_skip_dag.py
[2025-02-23T04:52:42.132+0000] {processor.py:925} INFO - DAG(s) 'example_skip_dag' retrieved from /home/airflow/.local/lib/python3.12/site-packages/airflow/example_dags/example_skip_dag.py
[2025-02-23T04:52:42.152+0000] {logging_mixin.py:190} INFO - [2025-02-23T04:52:42.152+0000] {dag.py:3239} INFO - Sync 1 DAGs
[2025-02-23T04:52:42.175+0000] {logging_mixin.py:190} INFO - [2025-02-23T04:52:42.175+0000] {dag.py:4180} INFO - Setting next_dagrun for example_skip_dag to 2025-02-22 00:00:00+00:00, run_after=2025-02-23 00:00:00+00:00
[2025-02-23T04:52:42.189+0000] {processor.py:208} INFO - Processing /home/airflow/.local/lib/python3.12/site-packages/airflow/example_dags/example_skip_dag.py took 0.069 seconds
[2025-02-23T04:53:12.582+0000] {processor.py:186} INFO - Started process (PID=903) to work on /home/airflow/.local/lib/python3.12/site-packages/airflow/example_dags/example_skip_dag.py
[2025-02-23T04:53:12.583+0000] {processor.py:914} INFO - Processing file /home/airflow/.local/lib/python3.12/site-packages/airflow/example_dags/example_skip_dag.py for tasks to queue
[2025-02-23T04:53:12.584+0000] {logging_mixin.py:190} INFO - [2025-02-23T04:53:12.584+0000] {dagbag.py:588} INFO - Filling up the DagBag from /home/airflow/.local/lib/python3.12/site-packages/airflow/example_dags/example_skip_dag.py
[2025-02-23T04:53:12.591+0000] {processor.py:925} INFO - DAG(s) 'example_skip_dag' retrieved from /home/airflow/.local/lib/python3.12/site-packages/airflow/example_dags/example_skip_dag.py
[2025-02-23T04:53:12.610+0000] {logging_mixin.py:190} INFO - [2025-02-23T04:53:12.609+0000] {dag.py:3239} INFO - Sync 1 DAGs
[2025-02-23T04:53:12.633+0000] {logging_mixin.py:190} INFO - [2025-02-23T04:53:12.633+0000] {dag.py:4180} INFO - Setting next_dagrun for example_skip_dag to 2025-02-22 00:00:00+00:00, run_after=2025-02-23 00:00:00+00:00
[2025-02-23T04:53:12.647+0000] {processor.py:208} INFO - Processing /home/airflow/.local/lib/python3.12/site-packages/airflow/example_dags/example_skip_dag.py took 0.070 seconds
[2025-02-23T04:53:43.213+0000] {processor.py:186} INFO - Started process (PID=966) to work on /home/airflow/.local/lib/python3.12/site-packages/airflow/example_dags/example_skip_dag.py
[2025-02-23T04:53:43.213+0000] {processor.py:914} INFO - Processing file /home/airflow/.local/lib/python3.12/site-packages/airflow/example_dags/example_skip_dag.py for tasks to queue
[2025-02-23T04:53:43.215+0000] {logging_mixin.py:190} INFO - [2025-02-23T04:53:43.215+0000] {dagbag.py:588} INFO - Filling up the DagBag from /home/airflow/.local/lib/python3.12/site-packages/airflow/example_dags/example_skip_dag.py
[2025-02-23T04:53:43.221+0000] {processor.py:925} INFO - DAG(s) 'example_skip_dag' retrieved from /home/airflow/.local/lib/python3.12/site-packages/airflow/example_dags/example_skip_dag.py
[2025-02-23T04:53:43.238+0000] {logging_mixin.py:190} INFO - [2025-02-23T04:53:43.237+0000] {dag.py:3239} INFO - Sync 1 DAGs
[2025-02-23T04:53:43.255+0000] {logging_mixin.py:190} INFO - [2025-02-23T04:53:43.255+0000] {dag.py:4180} INFO - Setting next_dagrun for example_skip_dag to 2025-02-22 00:00:00+00:00, run_after=2025-02-23 00:00:00+00:00
[2025-02-23T04:53:43.269+0000] {processor.py:208} INFO - Processing /home/airflow/.local/lib/python3.12/site-packages/airflow/example_dags/example_skip_dag.py took 0.061 seconds
[2025-02-23T04:54:13.516+0000] {processor.py:186} INFO - Started process (PID=1029) to work on /home/airflow/.local/lib/python3.12/site-packages/airflow/example_dags/example_skip_dag.py
[2025-02-23T04:54:13.517+0000] {processor.py:914} INFO - Processing file /home/airflow/.local/lib/python3.12/site-packages/airflow/example_dags/example_skip_dag.py for tasks to queue
[2025-02-23T04:54:13.518+0000] {logging_mixin.py:190} INFO - [2025-02-23T04:54:13.518+0000] {dagbag.py:588} INFO - Filling up the DagBag from /home/airflow/.local/lib/python3.12/site-packages/airflow/example_dags/example_skip_dag.py
[2025-02-23T04:54:13.525+0000] {processor.py:925} INFO - DAG(s) 'example_skip_dag' retrieved from /home/airflow/.local/lib/python3.12/site-packages/airflow/example_dags/example_skip_dag.py
[2025-02-23T04:54:13.544+0000] {logging_mixin.py:190} INFO - [2025-02-23T04:54:13.544+0000] {dag.py:3239} INFO - Sync 1 DAGs
[2025-02-23T04:54:13.566+0000] {logging_mixin.py:190} INFO - [2025-02-23T04:54:13.566+0000] {dag.py:4180} INFO - Setting next_dagrun for example_skip_dag to 2025-02-22 00:00:00+00:00, run_after=2025-02-23 00:00:00+00:00
[2025-02-23T04:54:13.581+0000] {processor.py:208} INFO - Processing /home/airflow/.local/lib/python3.12/site-packages/airflow/example_dags/example_skip_dag.py took 0.069 seconds
[2025-02-23T04:54:43.989+0000] {processor.py:186} INFO - Started process (PID=1092) to work on /home/airflow/.local/lib/python3.12/site-packages/airflow/example_dags/example_skip_dag.py
[2025-02-23T04:54:43.989+0000] {processor.py:914} INFO - Processing file /home/airflow/.local/lib/python3.12/site-packages/airflow/example_dags/example_skip_dag.py for tasks to queue
[2025-02-23T04:54:43.991+0000] {logging_mixin.py:190} INFO - [2025-02-23T04:54:43.991+0000] {dagbag.py:588} INFO - Filling up the DagBag from /home/airflow/.local/lib/python3.12/site-packages/airflow/example_dags/example_skip_dag.py
[2025-02-23T04:54:43.998+0000] {processor.py:925} INFO - DAG(s) 'example_skip_dag' retrieved from /home/airflow/.local/lib/python3.12/site-packages/airflow/example_dags/example_skip_dag.py
[2025-02-23T04:54:44.017+0000] {logging_mixin.py:190} INFO - [2025-02-23T04:54:44.017+0000] {dag.py:3239} INFO - Sync 1 DAGs
[2025-02-23T04:54:44.040+0000] {logging_mixin.py:190} INFO - [2025-02-23T04:54:44.040+0000] {dag.py:4180} INFO - Setting next_dagrun for example_skip_dag to 2025-02-22 00:00:00+00:00, run_after=2025-02-23 00:00:00+00:00
[2025-02-23T04:54:44.054+0000] {processor.py:208} INFO - Processing /home/airflow/.local/lib/python3.12/site-packages/airflow/example_dags/example_skip_dag.py took 0.070 seconds
[2025-02-23T04:55:14.128+0000] {processor.py:186} INFO - Started process (PID=1156) to work on /home/airflow/.local/lib/python3.12/site-packages/airflow/example_dags/example_skip_dag.py
[2025-02-23T04:55:14.129+0000] {processor.py:914} INFO - Processing file /home/airflow/.local/lib/python3.12/site-packages/airflow/example_dags/example_skip_dag.py for tasks to queue
[2025-02-23T04:55:14.131+0000] {logging_mixin.py:190} INFO - [2025-02-23T04:55:14.131+0000] {dagbag.py:588} INFO - Filling up the DagBag from /home/airflow/.local/lib/python3.12/site-packages/airflow/example_dags/example_skip_dag.py
[2025-02-23T04:55:14.137+0000] {processor.py:925} INFO - DAG(s) 'example_skip_dag' retrieved from /home/airflow/.local/lib/python3.12/site-packages/airflow/example_dags/example_skip_dag.py
[2025-02-23T04:55:14.157+0000] {logging_mixin.py:190} INFO - [2025-02-23T04:55:14.157+0000] {dag.py:3239} INFO - Sync 1 DAGs
[2025-02-23T04:55:14.174+0000] {logging_mixin.py:190} INFO - [2025-02-23T04:55:14.174+0000] {dag.py:4180} INFO - Setting next_dagrun for example_skip_dag to 2025-02-22 00:00:00+00:00, run_after=2025-02-23 00:00:00+00:00
[2025-02-23T04:55:14.188+0000] {processor.py:208} INFO - Processing /home/airflow/.local/lib/python3.12/site-packages/airflow/example_dags/example_skip_dag.py took 0.064 seconds
[2025-02-23T04:55:44.282+0000] {processor.py:186} INFO - Started process (PID=1218) to work on /home/airflow/.local/lib/python3.12/site-packages/airflow/example_dags/example_skip_dag.py
[2025-02-23T04:55:44.283+0000] {processor.py:914} INFO - Processing file /home/airflow/.local/lib/python3.12/site-packages/airflow/example_dags/example_skip_dag.py for tasks to queue
[2025-02-23T04:55:44.285+0000] {logging_mixin.py:190} INFO - [2025-02-23T04:55:44.284+0000] {dagbag.py:588} INFO - Filling up the DagBag from /home/airflow/.local/lib/python3.12/site-packages/airflow/example_dags/example_skip_dag.py
[2025-02-23T04:55:44.292+0000] {processor.py:925} INFO - DAG(s) 'example_skip_dag' retrieved from /home/airflow/.local/lib/python3.12/site-packages/airflow/example_dags/example_skip_dag.py
[2025-02-23T04:55:44.311+0000] {logging_mixin.py:190} INFO - [2025-02-23T04:55:44.310+0000] {dag.py:3239} INFO - Sync 1 DAGs
[2025-02-23T04:55:44.336+0000] {logging_mixin.py:190} INFO - [2025-02-23T04:55:44.336+0000] {dag.py:4180} INFO - Setting next_dagrun for example_skip_dag to 2025-02-22 00:00:00+00:00, run_after=2025-02-23 00:00:00+00:00
[2025-02-23T04:55:44.352+0000] {processor.py:208} INFO - Processing /home/airflow/.local/lib/python3.12/site-packages/airflow/example_dags/example_skip_dag.py took 0.076 seconds
[2025-02-23T04:56:14.474+0000] {processor.py:186} INFO - Started process (PID=1281) to work on /home/airflow/.local/lib/python3.12/site-packages/airflow/example_dags/example_skip_dag.py
[2025-02-23T04:56:14.475+0000] {processor.py:914} INFO - Processing file /home/airflow/.local/lib/python3.12/site-packages/airflow/example_dags/example_skip_dag.py for tasks to queue
[2025-02-23T04:56:14.477+0000] {logging_mixin.py:190} INFO - [2025-02-23T04:56:14.477+0000] {dagbag.py:588} INFO - Filling up the DagBag from /home/airflow/.local/lib/python3.12/site-packages/airflow/example_dags/example_skip_dag.py
[2025-02-23T04:56:14.485+0000] {processor.py:925} INFO - DAG(s) 'example_skip_dag' retrieved from /home/airflow/.local/lib/python3.12/site-packages/airflow/example_dags/example_skip_dag.py
[2025-02-23T04:56:14.505+0000] {logging_mixin.py:190} INFO - [2025-02-23T04:56:14.504+0000] {dag.py:3239} INFO - Sync 1 DAGs
[2025-02-23T04:56:14.524+0000] {logging_mixin.py:190} INFO - [2025-02-23T04:56:14.524+0000] {dag.py:4180} INFO - Setting next_dagrun for example_skip_dag to 2025-02-22 00:00:00+00:00, run_after=2025-02-23 00:00:00+00:00
[2025-02-23T04:56:14.537+0000] {processor.py:208} INFO - Processing /home/airflow/.local/lib/python3.12/site-packages/airflow/example_dags/example_skip_dag.py took 0.068 seconds
[2025-02-23T04:56:45.202+0000] {processor.py:186} INFO - Started process (PID=1345) to work on /home/airflow/.local/lib/python3.12/site-packages/airflow/example_dags/example_skip_dag.py
[2025-02-23T04:56:45.203+0000] {processor.py:914} INFO - Processing file /home/airflow/.local/lib/python3.12/site-packages/airflow/example_dags/example_skip_dag.py for tasks to queue
[2025-02-23T04:56:45.205+0000] {logging_mixin.py:190} INFO - [2025-02-23T04:56:45.205+0000] {dagbag.py:588} INFO - Filling up the DagBag from /home/airflow/.local/lib/python3.12/site-packages/airflow/example_dags/example_skip_dag.py
[2025-02-23T04:56:45.212+0000] {processor.py:925} INFO - DAG(s) 'example_skip_dag' retrieved from /home/airflow/.local/lib/python3.12/site-packages/airflow/example_dags/example_skip_dag.py
[2025-02-23T04:56:45.231+0000] {logging_mixin.py:190} INFO - [2025-02-23T04:56:45.231+0000] {dag.py:3239} INFO - Sync 1 DAGs
[2025-02-23T04:56:45.254+0000] {logging_mixin.py:190} INFO - [2025-02-23T04:56:45.254+0000] {dag.py:4180} INFO - Setting next_dagrun for example_skip_dag to 2025-02-22 00:00:00+00:00, run_after=2025-02-23 00:00:00+00:00
[2025-02-23T04:56:45.268+0000] {processor.py:208} INFO - Processing /home/airflow/.local/lib/python3.12/site-packages/airflow/example_dags/example_skip_dag.py took 0.070 seconds
