[2025-02-23T04:46:39.861+0000] {processor.py:186} INFO - Started process (PID=93) to work on /home/airflow/.local/lib/python3.12/site-packages/airflow/example_dags/example_datasets.py
[2025-02-23T04:46:39.861+0000] {processor.py:914} INFO - Processing file /home/airflow/.local/lib/python3.12/site-packages/airflow/example_dags/example_datasets.py for tasks to queue
[2025-02-23T04:46:39.863+0000] {logging_mixin.py:190} INFO - [2025-02-23T04:46:39.863+0000] {dagbag.py:588} INFO - Filling up the DagBag from /home/airflow/.local/lib/python3.12/site-packages/airflow/example_dags/example_datasets.py
[2025-02-23T04:46:40.859+0000] {processor.py:925} INFO - DAG(s) 'dataset_consumes_1_never_scheduled', 'dataset_produces_1', 'consume_1_or_2_with_dataset_expressions', 'consume_1_or_both_2_and_3_with_dataset_expressions', 'conditional_dataset_and_time_based_timetable', 'consume_1_and_2_with_dataset_expressions', 'dataset_produces_2', 'dataset_consumes_unknown_never_scheduled', 'dataset_consumes_1', 'dataset_consumes_1_and_2' retrieved from /home/airflow/.local/lib/python3.12/site-packages/airflow/example_dags/example_datasets.py
[2025-02-23T04:46:41.126+0000] {logging_mixin.py:190} INFO - [2025-02-23T04:46:41.125+0000] {override.py:1911} INFO - Created Permission View: can read on DAG:dataset_consumes_1_never_scheduled
[2025-02-23T04:46:41.136+0000] {logging_mixin.py:190} INFO - [2025-02-23T04:46:41.136+0000] {override.py:1911} INFO - Created Permission View: can delete on DAG:dataset_consumes_1_never_scheduled
[2025-02-23T04:46:41.142+0000] {logging_mixin.py:190} INFO - [2025-02-23T04:46:41.141+0000] {override.py:1911} INFO - Created Permission View: can edit on DAG:dataset_consumes_1_never_scheduled
[2025-02-23T04:46:41.148+0000] {logging_mixin.py:190} INFO - [2025-02-23T04:46:41.148+0000] {override.py:1911} INFO - Created Permission View: can read on DAG Run:dataset_consumes_1_never_scheduled
[2025-02-23T04:46:41.158+0000] {logging_mixin.py:190} INFO - [2025-02-23T04:46:41.158+0000] {override.py:1911} INFO - Created Permission View: menu access on DAG Run:dataset_consumes_1_never_scheduled
[2025-02-23T04:46:41.164+0000] {logging_mixin.py:190} INFO - [2025-02-23T04:46:41.164+0000] {override.py:1911} INFO - Created Permission View: can create on DAG Run:dataset_consumes_1_never_scheduled
[2025-02-23T04:46:41.170+0000] {logging_mixin.py:190} INFO - [2025-02-23T04:46:41.170+0000] {override.py:1911} INFO - Created Permission View: can delete on DAG Run:dataset_consumes_1_never_scheduled
[2025-02-23T04:46:41.178+0000] {logging_mixin.py:190} INFO - [2025-02-23T04:46:41.178+0000] {override.py:1911} INFO - Created Permission View: can read on DAG:dataset_produces_1
[2025-02-23T04:46:41.183+0000] {logging_mixin.py:190} INFO - [2025-02-23T04:46:41.183+0000] {override.py:1911} INFO - Created Permission View: can delete on DAG:dataset_produces_1
[2025-02-23T04:46:41.187+0000] {logging_mixin.py:190} INFO - [2025-02-23T04:46:41.187+0000] {override.py:1911} INFO - Created Permission View: can edit on DAG:dataset_produces_1
[2025-02-23T04:46:41.192+0000] {logging_mixin.py:190} INFO - [2025-02-23T04:46:41.191+0000] {override.py:1911} INFO - Created Permission View: can read on DAG Run:dataset_produces_1
[2025-02-23T04:46:41.197+0000] {logging_mixin.py:190} INFO - [2025-02-23T04:46:41.197+0000] {override.py:1911} INFO - Created Permission View: menu access on DAG Run:dataset_produces_1
[2025-02-23T04:46:41.202+0000] {logging_mixin.py:190} INFO - [2025-02-23T04:46:41.202+0000] {override.py:1911} INFO - Created Permission View: can create on DAG Run:dataset_produces_1
[2025-02-23T04:46:41.208+0000] {logging_mixin.py:190} INFO - [2025-02-23T04:46:41.208+0000] {override.py:1911} INFO - Created Permission View: can delete on DAG Run:dataset_produces_1
[2025-02-23T04:46:41.218+0000] {logging_mixin.py:190} INFO - [2025-02-23T04:46:41.218+0000] {override.py:1911} INFO - Created Permission View: can read on DAG:consume_1_or_2_with_dataset_expressions
[2025-02-23T04:46:41.225+0000] {logging_mixin.py:190} INFO - [2025-02-23T04:46:41.225+0000] {override.py:1911} INFO - Created Permission View: can delete on DAG:consume_1_or_2_with_dataset_expressions
[2025-02-23T04:46:41.229+0000] {logging_mixin.py:190} INFO - [2025-02-23T04:46:41.229+0000] {override.py:1911} INFO - Created Permission View: can edit on DAG:consume_1_or_2_with_dataset_expressions
[2025-02-23T04:46:41.234+0000] {logging_mixin.py:190} INFO - [2025-02-23T04:46:41.234+0000] {override.py:1911} INFO - Created Permission View: can read on DAG Run:consume_1_or_2_with_dataset_expressions
[2025-02-23T04:46:41.239+0000] {logging_mixin.py:190} INFO - [2025-02-23T04:46:41.239+0000] {override.py:1911} INFO - Created Permission View: menu access on DAG Run:consume_1_or_2_with_dataset_expressions
[2025-02-23T04:46:41.245+0000] {logging_mixin.py:190} INFO - [2025-02-23T04:46:41.245+0000] {override.py:1911} INFO - Created Permission View: can create on DAG Run:consume_1_or_2_with_dataset_expressions
[2025-02-23T04:46:41.251+0000] {logging_mixin.py:190} INFO - [2025-02-23T04:46:41.250+0000] {override.py:1911} INFO - Created Permission View: can delete on DAG Run:consume_1_or_2_with_dataset_expressions
[2025-02-23T04:46:41.264+0000] {logging_mixin.py:190} INFO - [2025-02-23T04:46:41.263+0000] {override.py:1911} INFO - Created Permission View: can read on DAG:consume_1_or_both_2_and_3_with_dataset_expressions
[2025-02-23T04:46:41.269+0000] {logging_mixin.py:190} INFO - [2025-02-23T04:46:41.269+0000] {override.py:1911} INFO - Created Permission View: can delete on DAG:consume_1_or_both_2_and_3_with_dataset_expressions
[2025-02-23T04:46:41.276+0000] {logging_mixin.py:190} INFO - [2025-02-23T04:46:41.276+0000] {override.py:1911} INFO - Created Permission View: can edit on DAG:consume_1_or_both_2_and_3_with_dataset_expressions
[2025-02-23T04:46:41.282+0000] {logging_mixin.py:190} INFO - [2025-02-23T04:46:41.282+0000] {override.py:1911} INFO - Created Permission View: can read on DAG Run:consume_1_or_both_2_and_3_with_dataset_expressions
[2025-02-23T04:46:41.287+0000] {logging_mixin.py:190} INFO - [2025-02-23T04:46:41.287+0000] {override.py:1911} INFO - Created Permission View: menu access on DAG Run:consume_1_or_both_2_and_3_with_dataset_expressions
[2025-02-23T04:46:41.293+0000] {logging_mixin.py:190} INFO - [2025-02-23T04:46:41.293+0000] {override.py:1911} INFO - Created Permission View: can create on DAG Run:consume_1_or_both_2_and_3_with_dataset_expressions
[2025-02-23T04:46:41.299+0000] {logging_mixin.py:190} INFO - [2025-02-23T04:46:41.299+0000] {override.py:1911} INFO - Created Permission View: can delete on DAG Run:consume_1_or_both_2_and_3_with_dataset_expressions
[2025-02-23T04:46:41.311+0000] {logging_mixin.py:190} INFO - [2025-02-23T04:46:41.310+0000] {override.py:1911} INFO - Created Permission View: can read on DAG:conditional_dataset_and_time_based_timetable
[2025-02-23T04:46:41.316+0000] {logging_mixin.py:190} INFO - [2025-02-23T04:46:41.316+0000] {override.py:1911} INFO - Created Permission View: can delete on DAG:conditional_dataset_and_time_based_timetable
[2025-02-23T04:46:41.323+0000] {logging_mixin.py:190} INFO - [2025-02-23T04:46:41.322+0000] {override.py:1911} INFO - Created Permission View: can edit on DAG:conditional_dataset_and_time_based_timetable
[2025-02-23T04:46:41.329+0000] {logging_mixin.py:190} INFO - [2025-02-23T04:46:41.328+0000] {override.py:1911} INFO - Created Permission View: can read on DAG Run:conditional_dataset_and_time_based_timetable
[2025-02-23T04:46:41.335+0000] {logging_mixin.py:190} INFO - [2025-02-23T04:46:41.334+0000] {override.py:1911} INFO - Created Permission View: menu access on DAG Run:conditional_dataset_and_time_based_timetable
[2025-02-23T04:46:41.340+0000] {logging_mixin.py:190} INFO - [2025-02-23T04:46:41.340+0000] {override.py:1911} INFO - Created Permission View: can create on DAG Run:conditional_dataset_and_time_based_timetable
[2025-02-23T04:46:41.346+0000] {logging_mixin.py:190} INFO - [2025-02-23T04:46:41.346+0000] {override.py:1911} INFO - Created Permission View: can delete on DAG Run:conditional_dataset_and_time_based_timetable
[2025-02-23T04:46:41.358+0000] {logging_mixin.py:190} INFO - [2025-02-23T04:46:41.357+0000] {override.py:1911} INFO - Created Permission View: can read on DAG:consume_1_and_2_with_dataset_expressions
[2025-02-23T04:46:41.364+0000] {logging_mixin.py:190} INFO - [2025-02-23T04:46:41.364+0000] {override.py:1911} INFO - Created Permission View: can delete on DAG:consume_1_and_2_with_dataset_expressions
[2025-02-23T04:46:41.370+0000] {logging_mixin.py:190} INFO - [2025-02-23T04:46:41.370+0000] {override.py:1911} INFO - Created Permission View: can edit on DAG:consume_1_and_2_with_dataset_expressions
[2025-02-23T04:46:41.376+0000] {logging_mixin.py:190} INFO - [2025-02-23T04:46:41.376+0000] {override.py:1911} INFO - Created Permission View: can read on DAG Run:consume_1_and_2_with_dataset_expressions
[2025-02-23T04:46:41.382+0000] {logging_mixin.py:190} INFO - [2025-02-23T04:46:41.382+0000] {override.py:1911} INFO - Created Permission View: menu access on DAG Run:consume_1_and_2_with_dataset_expressions
[2025-02-23T04:46:41.387+0000] {logging_mixin.py:190} INFO - [2025-02-23T04:46:41.387+0000] {override.py:1911} INFO - Created Permission View: can create on DAG Run:consume_1_and_2_with_dataset_expressions
[2025-02-23T04:46:41.392+0000] {logging_mixin.py:190} INFO - [2025-02-23T04:46:41.392+0000] {override.py:1911} INFO - Created Permission View: can delete on DAG Run:consume_1_and_2_with_dataset_expressions
[2025-02-23T04:46:41.408+0000] {logging_mixin.py:190} INFO - [2025-02-23T04:46:41.407+0000] {override.py:1911} INFO - Created Permission View: can read on DAG:dataset_produces_2
[2025-02-23T04:46:41.414+0000] {logging_mixin.py:190} INFO - [2025-02-23T04:46:41.413+0000] {override.py:1911} INFO - Created Permission View: can delete on DAG:dataset_produces_2
[2025-02-23T04:46:41.422+0000] {logging_mixin.py:190} INFO - [2025-02-23T04:46:41.421+0000] {override.py:1911} INFO - Created Permission View: can edit on DAG:dataset_produces_2
[2025-02-23T04:46:41.428+0000] {logging_mixin.py:190} INFO - [2025-02-23T04:46:41.427+0000] {override.py:1911} INFO - Created Permission View: can read on DAG Run:dataset_produces_2
[2025-02-23T04:46:41.434+0000] {logging_mixin.py:190} INFO - [2025-02-23T04:46:41.434+0000] {override.py:1911} INFO - Created Permission View: menu access on DAG Run:dataset_produces_2
[2025-02-23T04:46:41.440+0000] {logging_mixin.py:190} INFO - [2025-02-23T04:46:41.440+0000] {override.py:1911} INFO - Created Permission View: can create on DAG Run:dataset_produces_2
[2025-02-23T04:46:41.446+0000] {logging_mixin.py:190} INFO - [2025-02-23T04:46:41.446+0000] {override.py:1911} INFO - Created Permission View: can delete on DAG Run:dataset_produces_2
[2025-02-23T04:46:41.457+0000] {logging_mixin.py:190} INFO - [2025-02-23T04:46:41.457+0000] {override.py:1911} INFO - Created Permission View: can read on DAG:dataset_consumes_unknown_never_scheduled
[2025-02-23T04:46:41.463+0000] {logging_mixin.py:190} INFO - [2025-02-23T04:46:41.463+0000] {override.py:1911} INFO - Created Permission View: can delete on DAG:dataset_consumes_unknown_never_scheduled
[2025-02-23T04:46:41.470+0000] {logging_mixin.py:190} INFO - [2025-02-23T04:46:41.469+0000] {override.py:1911} INFO - Created Permission View: can edit on DAG:dataset_consumes_unknown_never_scheduled
[2025-02-23T04:46:41.476+0000] {logging_mixin.py:190} INFO - [2025-02-23T04:46:41.476+0000] {override.py:1911} INFO - Created Permission View: can read on DAG Run:dataset_consumes_unknown_never_scheduled
[2025-02-23T04:46:41.482+0000] {logging_mixin.py:190} INFO - [2025-02-23T04:46:41.482+0000] {override.py:1911} INFO - Created Permission View: menu access on DAG Run:dataset_consumes_unknown_never_scheduled
[2025-02-23T04:46:41.488+0000] {logging_mixin.py:190} INFO - [2025-02-23T04:46:41.488+0000] {override.py:1911} INFO - Created Permission View: can create on DAG Run:dataset_consumes_unknown_never_scheduled
[2025-02-23T04:46:41.494+0000] {logging_mixin.py:190} INFO - [2025-02-23T04:46:41.494+0000] {override.py:1911} INFO - Created Permission View: can delete on DAG Run:dataset_consumes_unknown_never_scheduled
[2025-02-23T04:46:41.505+0000] {logging_mixin.py:190} INFO - [2025-02-23T04:46:41.505+0000] {override.py:1911} INFO - Created Permission View: can read on DAG:dataset_consumes_1
[2025-02-23T04:46:41.511+0000] {logging_mixin.py:190} INFO - [2025-02-23T04:46:41.511+0000] {override.py:1911} INFO - Created Permission View: can delete on DAG:dataset_consumes_1
[2025-02-23T04:46:41.517+0000] {logging_mixin.py:190} INFO - [2025-02-23T04:46:41.517+0000] {override.py:1911} INFO - Created Permission View: can edit on DAG:dataset_consumes_1
[2025-02-23T04:46:41.522+0000] {logging_mixin.py:190} INFO - [2025-02-23T04:46:41.522+0000] {override.py:1911} INFO - Created Permission View: can read on DAG Run:dataset_consumes_1
[2025-02-23T04:46:41.527+0000] {logging_mixin.py:190} INFO - [2025-02-23T04:46:41.527+0000] {override.py:1911} INFO - Created Permission View: menu access on DAG Run:dataset_consumes_1
[2025-02-23T04:46:41.535+0000] {logging_mixin.py:190} INFO - [2025-02-23T04:46:41.535+0000] {override.py:1911} INFO - Created Permission View: can create on DAG Run:dataset_consumes_1
[2025-02-23T04:46:41.540+0000] {logging_mixin.py:190} INFO - [2025-02-23T04:46:41.539+0000] {override.py:1911} INFO - Created Permission View: can delete on DAG Run:dataset_consumes_1
[2025-02-23T04:46:41.548+0000] {logging_mixin.py:190} INFO - [2025-02-23T04:46:41.548+0000] {override.py:1911} INFO - Created Permission View: can read on DAG:dataset_consumes_1_and_2
[2025-02-23T04:46:41.553+0000] {logging_mixin.py:190} INFO - [2025-02-23T04:46:41.553+0000] {override.py:1911} INFO - Created Permission View: can delete on DAG:dataset_consumes_1_and_2
[2025-02-23T04:46:41.558+0000] {logging_mixin.py:190} INFO - [2025-02-23T04:46:41.558+0000] {override.py:1911} INFO - Created Permission View: can edit on DAG:dataset_consumes_1_and_2
[2025-02-23T04:46:41.562+0000] {logging_mixin.py:190} INFO - [2025-02-23T04:46:41.562+0000] {override.py:1911} INFO - Created Permission View: can read on DAG Run:dataset_consumes_1_and_2
[2025-02-23T04:46:41.567+0000] {logging_mixin.py:190} INFO - [2025-02-23T04:46:41.567+0000] {override.py:1911} INFO - Created Permission View: menu access on DAG Run:dataset_consumes_1_and_2
[2025-02-23T04:46:41.572+0000] {logging_mixin.py:190} INFO - [2025-02-23T04:46:41.571+0000] {override.py:1911} INFO - Created Permission View: can create on DAG Run:dataset_consumes_1_and_2
[2025-02-23T04:46:41.578+0000] {logging_mixin.py:190} INFO - [2025-02-23T04:46:41.578+0000] {override.py:1911} INFO - Created Permission View: can delete on DAG Run:dataset_consumes_1_and_2
[2025-02-23T04:46:41.579+0000] {logging_mixin.py:190} INFO - [2025-02-23T04:46:41.579+0000] {dag.py:3239} INFO - Sync 10 DAGs
[2025-02-23T04:46:41.596+0000] {logging_mixin.py:190} INFO - [2025-02-23T04:46:41.596+0000] {dag.py:3262} INFO - Creating ORM DAG for consume_1_or_2_with_dataset_expressions
[2025-02-23T04:46:41.597+0000] {logging_mixin.py:190} INFO - [2025-02-23T04:46:41.597+0000] {dag.py:3262} INFO - Creating ORM DAG for conditional_dataset_and_time_based_timetable
[2025-02-23T04:46:41.598+0000] {logging_mixin.py:190} INFO - [2025-02-23T04:46:41.598+0000] {dag.py:3262} INFO - Creating ORM DAG for consume_1_and_2_with_dataset_expressions
[2025-02-23T04:46:41.598+0000] {logging_mixin.py:190} INFO - [2025-02-23T04:46:41.598+0000] {dag.py:3262} INFO - Creating ORM DAG for dataset_consumes_1
[2025-02-23T04:46:41.599+0000] {logging_mixin.py:190} INFO - [2025-02-23T04:46:41.599+0000] {dag.py:3262} INFO - Creating ORM DAG for dataset_consumes_1_never_scheduled
[2025-02-23T04:46:41.600+0000] {logging_mixin.py:190} INFO - [2025-02-23T04:46:41.600+0000] {dag.py:3262} INFO - Creating ORM DAG for dataset_produces_2
[2025-02-23T04:46:41.601+0000] {logging_mixin.py:190} INFO - [2025-02-23T04:46:41.600+0000] {dag.py:3262} INFO - Creating ORM DAG for dataset_consumes_unknown_never_scheduled
[2025-02-23T04:46:41.601+0000] {logging_mixin.py:190} INFO - [2025-02-23T04:46:41.601+0000] {dag.py:3262} INFO - Creating ORM DAG for dataset_consumes_1_and_2
[2025-02-23T04:46:41.602+0000] {logging_mixin.py:190} INFO - [2025-02-23T04:46:41.602+0000] {dag.py:3262} INFO - Creating ORM DAG for consume_1_or_both_2_and_3_with_dataset_expressions
[2025-02-23T04:46:41.603+0000] {logging_mixin.py:190} INFO - [2025-02-23T04:46:41.603+0000] {dag.py:3262} INFO - Creating ORM DAG for dataset_produces_1
[2025-02-23T04:46:41.615+0000] {logging_mixin.py:190} INFO - [2025-02-23T04:46:41.615+0000] {dag.py:4180} INFO - Setting next_dagrun for conditional_dataset_and_time_based_timetable to 2025-02-19 01:00:00+00:00, run_after=2025-02-19 01:00:00+00:00
[2025-02-23T04:46:41.616+0000] {logging_mixin.py:190} INFO - [2025-02-23T04:46:41.616+0000] {dag.py:4180} INFO - Setting next_dagrun for consume_1_and_2_with_dataset_expressions to None, run_after=None
[2025-02-23T04:46:41.616+0000] {logging_mixin.py:190} INFO - [2025-02-23T04:46:41.616+0000] {dag.py:4180} INFO - Setting next_dagrun for consume_1_or_2_with_dataset_expressions to None, run_after=None
[2025-02-23T04:46:41.617+0000] {logging_mixin.py:190} INFO - [2025-02-23T04:46:41.617+0000] {dag.py:4180} INFO - Setting next_dagrun for consume_1_or_both_2_and_3_with_dataset_expressions to None, run_after=None
[2025-02-23T04:46:41.617+0000] {logging_mixin.py:190} INFO - [2025-02-23T04:46:41.617+0000] {dag.py:4180} INFO - Setting next_dagrun for dataset_consumes_1 to None, run_after=None
[2025-02-23T04:46:41.618+0000] {logging_mixin.py:190} INFO - [2025-02-23T04:46:41.618+0000] {dag.py:4180} INFO - Setting next_dagrun for dataset_consumes_1_and_2 to None, run_after=None
[2025-02-23T04:46:41.619+0000] {logging_mixin.py:190} INFO - [2025-02-23T04:46:41.618+0000] {dag.py:4180} INFO - Setting next_dagrun for dataset_consumes_1_never_scheduled to None, run_after=None
[2025-02-23T04:46:41.619+0000] {logging_mixin.py:190} INFO - [2025-02-23T04:46:41.619+0000] {dag.py:4180} INFO - Setting next_dagrun for dataset_consumes_unknown_never_scheduled to None, run_after=None
[2025-02-23T04:46:41.622+0000] {logging_mixin.py:190} INFO - [2025-02-23T04:46:41.622+0000] {dag.py:4180} INFO - Setting next_dagrun for dataset_produces_1 to 2025-02-22 00:00:00+00:00, run_after=2025-02-23 00:00:00+00:00
[2025-02-23T04:46:41.622+0000] {logging_mixin.py:190} INFO - [2025-02-23T04:46:41.622+0000] {dag.py:4180} INFO - Setting next_dagrun for dataset_produces_2 to None, run_after=None
[2025-02-23T04:46:41.671+0000] {processor.py:208} INFO - Processing /home/airflow/.local/lib/python3.12/site-packages/airflow/example_dags/example_datasets.py took 1.816 seconds
[2025-02-23T04:47:12.272+0000] {processor.py:186} INFO - Started process (PID=161) to work on /home/airflow/.local/lib/python3.12/site-packages/airflow/example_dags/example_datasets.py
[2025-02-23T04:47:12.273+0000] {processor.py:914} INFO - Processing file /home/airflow/.local/lib/python3.12/site-packages/airflow/example_dags/example_datasets.py for tasks to queue
[2025-02-23T04:47:12.274+0000] {logging_mixin.py:190} INFO - [2025-02-23T04:47:12.274+0000] {dagbag.py:588} INFO - Filling up the DagBag from /home/airflow/.local/lib/python3.12/site-packages/airflow/example_dags/example_datasets.py
[2025-02-23T04:47:12.811+0000] {processor.py:925} INFO - DAG(s) 'consume_1_or_2_with_dataset_expressions', 'dataset_consumes_1_and_2', 'conditional_dataset_and_time_based_timetable', 'dataset_produces_1', 'consume_1_or_both_2_and_3_with_dataset_expressions', 'dataset_consumes_1_never_scheduled', 'consume_1_and_2_with_dataset_expressions', 'dataset_produces_2', 'dataset_consumes_unknown_never_scheduled', 'dataset_consumes_1' retrieved from /home/airflow/.local/lib/python3.12/site-packages/airflow/example_dags/example_datasets.py
[2025-02-23T04:47:12.843+0000] {logging_mixin.py:190} INFO - [2025-02-23T04:47:12.843+0000] {dag.py:3239} INFO - Sync 10 DAGs
[2025-02-23T04:47:12.864+0000] {logging_mixin.py:190} INFO - [2025-02-23T04:47:12.864+0000] {dag.py:4180} INFO - Setting next_dagrun for conditional_dataset_and_time_based_timetable to 2025-02-19 01:00:00+00:00, run_after=2025-02-19 01:00:00+00:00
[2025-02-23T04:47:12.867+0000] {logging_mixin.py:190} INFO - [2025-02-23T04:47:12.867+0000] {dag.py:4180} INFO - Setting next_dagrun for consume_1_and_2_with_dataset_expressions to None, run_after=None
[2025-02-23T04:47:12.868+0000] {logging_mixin.py:190} INFO - [2025-02-23T04:47:12.868+0000] {dag.py:4180} INFO - Setting next_dagrun for consume_1_or_2_with_dataset_expressions to None, run_after=None
[2025-02-23T04:47:12.869+0000] {logging_mixin.py:190} INFO - [2025-02-23T04:47:12.869+0000] {dag.py:4180} INFO - Setting next_dagrun for consume_1_or_both_2_and_3_with_dataset_expressions to None, run_after=None
[2025-02-23T04:47:12.870+0000] {logging_mixin.py:190} INFO - [2025-02-23T04:47:12.869+0000] {dag.py:4180} INFO - Setting next_dagrun for dataset_consumes_1 to None, run_after=None
[2025-02-23T04:47:12.870+0000] {logging_mixin.py:190} INFO - [2025-02-23T04:47:12.870+0000] {dag.py:4180} INFO - Setting next_dagrun for dataset_consumes_1_and_2 to None, run_after=None
[2025-02-23T04:47:12.871+0000] {logging_mixin.py:190} INFO - [2025-02-23T04:47:12.871+0000] {dag.py:4180} INFO - Setting next_dagrun for dataset_consumes_1_never_scheduled to None, run_after=None
[2025-02-23T04:47:12.872+0000] {logging_mixin.py:190} INFO - [2025-02-23T04:47:12.872+0000] {dag.py:4180} INFO - Setting next_dagrun for dataset_consumes_unknown_never_scheduled to None, run_after=None
[2025-02-23T04:47:12.874+0000] {logging_mixin.py:190} INFO - [2025-02-23T04:47:12.874+0000] {dag.py:4180} INFO - Setting next_dagrun for dataset_produces_1 to 2025-02-22 00:00:00+00:00, run_after=2025-02-23 00:00:00+00:00
[2025-02-23T04:47:12.875+0000] {logging_mixin.py:190} INFO - [2025-02-23T04:47:12.875+0000] {dag.py:4180} INFO - Setting next_dagrun for dataset_produces_2 to None, run_after=None
[2025-02-23T04:47:12.952+0000] {processor.py:208} INFO - Processing /home/airflow/.local/lib/python3.12/site-packages/airflow/example_dags/example_datasets.py took 0.684 seconds
[2025-02-23T04:47:43.652+0000] {processor.py:186} INFO - Started process (PID=226) to work on /home/airflow/.local/lib/python3.12/site-packages/airflow/example_dags/example_datasets.py
[2025-02-23T04:47:43.653+0000] {processor.py:914} INFO - Processing file /home/airflow/.local/lib/python3.12/site-packages/airflow/example_dags/example_datasets.py for tasks to queue
[2025-02-23T04:47:43.654+0000] {logging_mixin.py:190} INFO - [2025-02-23T04:47:43.654+0000] {dagbag.py:588} INFO - Filling up the DagBag from /home/airflow/.local/lib/python3.12/site-packages/airflow/example_dags/example_datasets.py
[2025-02-23T04:47:44.222+0000] {processor.py:925} INFO - DAG(s) 'dataset_consumes_1_never_scheduled', 'consume_1_and_2_with_dataset_expressions', 'dataset_consumes_1_and_2', 'conditional_dataset_and_time_based_timetable', 'consume_1_or_2_with_dataset_expressions', 'dataset_produces_2', 'consume_1_or_both_2_and_3_with_dataset_expressions', 'dataset_consumes_1', 'dataset_produces_1', 'dataset_consumes_unknown_never_scheduled' retrieved from /home/airflow/.local/lib/python3.12/site-packages/airflow/example_dags/example_datasets.py
[2025-02-23T04:47:44.263+0000] {logging_mixin.py:190} INFO - [2025-02-23T04:47:44.263+0000] {dag.py:3239} INFO - Sync 10 DAGs
[2025-02-23T04:47:44.286+0000] {logging_mixin.py:190} INFO - [2025-02-23T04:47:44.286+0000] {dag.py:4180} INFO - Setting next_dagrun for conditional_dataset_and_time_based_timetable to 2025-02-19 01:00:00+00:00, run_after=2025-02-19 01:00:00+00:00
[2025-02-23T04:47:44.290+0000] {logging_mixin.py:190} INFO - [2025-02-23T04:47:44.289+0000] {dag.py:4180} INFO - Setting next_dagrun for consume_1_and_2_with_dataset_expressions to None, run_after=None
[2025-02-23T04:47:44.291+0000] {logging_mixin.py:190} INFO - [2025-02-23T04:47:44.290+0000] {dag.py:4180} INFO - Setting next_dagrun for consume_1_or_2_with_dataset_expressions to None, run_after=None
[2025-02-23T04:47:44.292+0000] {logging_mixin.py:190} INFO - [2025-02-23T04:47:44.292+0000] {dag.py:4180} INFO - Setting next_dagrun for consume_1_or_both_2_and_3_with_dataset_expressions to None, run_after=None
[2025-02-23T04:47:44.293+0000] {logging_mixin.py:190} INFO - [2025-02-23T04:47:44.293+0000] {dag.py:4180} INFO - Setting next_dagrun for dataset_consumes_1 to None, run_after=None
[2025-02-23T04:47:44.294+0000] {logging_mixin.py:190} INFO - [2025-02-23T04:47:44.293+0000] {dag.py:4180} INFO - Setting next_dagrun for dataset_consumes_1_and_2 to None, run_after=None
[2025-02-23T04:47:44.295+0000] {logging_mixin.py:190} INFO - [2025-02-23T04:47:44.294+0000] {dag.py:4180} INFO - Setting next_dagrun for dataset_consumes_1_never_scheduled to None, run_after=None
[2025-02-23T04:47:44.296+0000] {logging_mixin.py:190} INFO - [2025-02-23T04:47:44.296+0000] {dag.py:4180} INFO - Setting next_dagrun for dataset_consumes_unknown_never_scheduled to None, run_after=None
[2025-02-23T04:47:44.299+0000] {logging_mixin.py:190} INFO - [2025-02-23T04:47:44.299+0000] {dag.py:4180} INFO - Setting next_dagrun for dataset_produces_1 to 2025-02-22 00:00:00+00:00, run_after=2025-02-23 00:00:00+00:00
[2025-02-23T04:47:44.300+0000] {logging_mixin.py:190} INFO - [2025-02-23T04:47:44.300+0000] {dag.py:4180} INFO - Setting next_dagrun for dataset_produces_2 to None, run_after=None
[2025-02-23T04:47:44.326+0000] {processor.py:208} INFO - Processing /home/airflow/.local/lib/python3.12/site-packages/airflow/example_dags/example_datasets.py took 0.678 seconds
[2025-02-23T04:48:14.869+0000] {processor.py:186} INFO - Started process (PID=289) to work on /home/airflow/.local/lib/python3.12/site-packages/airflow/example_dags/example_datasets.py
[2025-02-23T04:48:14.869+0000] {processor.py:914} INFO - Processing file /home/airflow/.local/lib/python3.12/site-packages/airflow/example_dags/example_datasets.py for tasks to queue
[2025-02-23T04:48:14.872+0000] {logging_mixin.py:190} INFO - [2025-02-23T04:48:14.871+0000] {dagbag.py:588} INFO - Filling up the DagBag from /home/airflow/.local/lib/python3.12/site-packages/airflow/example_dags/example_datasets.py
[2025-02-23T04:48:15.440+0000] {processor.py:925} INFO - DAG(s) 'dataset_produces_1', 'dataset_consumes_1_never_scheduled', 'dataset_consumes_1_and_2', 'consume_1_or_both_2_and_3_with_dataset_expressions', 'dataset_consumes_unknown_never_scheduled', 'dataset_consumes_1', 'dataset_produces_2', 'consume_1_and_2_with_dataset_expressions', 'consume_1_or_2_with_dataset_expressions', 'conditional_dataset_and_time_based_timetable' retrieved from /home/airflow/.local/lib/python3.12/site-packages/airflow/example_dags/example_datasets.py
[2025-02-23T04:48:15.482+0000] {logging_mixin.py:190} INFO - [2025-02-23T04:48:15.481+0000] {dag.py:3239} INFO - Sync 10 DAGs
[2025-02-23T04:48:15.512+0000] {logging_mixin.py:190} INFO - [2025-02-23T04:48:15.512+0000] {dag.py:4180} INFO - Setting next_dagrun for conditional_dataset_and_time_based_timetable to 2025-02-19 01:00:00+00:00, run_after=2025-02-19 01:00:00+00:00
[2025-02-23T04:48:15.516+0000] {logging_mixin.py:190} INFO - [2025-02-23T04:48:15.516+0000] {dag.py:4180} INFO - Setting next_dagrun for consume_1_and_2_with_dataset_expressions to None, run_after=None
[2025-02-23T04:48:15.517+0000] {logging_mixin.py:190} INFO - [2025-02-23T04:48:15.517+0000] {dag.py:4180} INFO - Setting next_dagrun for consume_1_or_2_with_dataset_expressions to None, run_after=None
[2025-02-23T04:48:15.518+0000] {logging_mixin.py:190} INFO - [2025-02-23T04:48:15.518+0000] {dag.py:4180} INFO - Setting next_dagrun for consume_1_or_both_2_and_3_with_dataset_expressions to None, run_after=None
[2025-02-23T04:48:15.519+0000] {logging_mixin.py:190} INFO - [2025-02-23T04:48:15.519+0000] {dag.py:4180} INFO - Setting next_dagrun for dataset_consumes_1 to None, run_after=None
[2025-02-23T04:48:15.520+0000] {logging_mixin.py:190} INFO - [2025-02-23T04:48:15.520+0000] {dag.py:4180} INFO - Setting next_dagrun for dataset_consumes_1_and_2 to None, run_after=None
[2025-02-23T04:48:15.521+0000] {logging_mixin.py:190} INFO - [2025-02-23T04:48:15.521+0000] {dag.py:4180} INFO - Setting next_dagrun for dataset_consumes_1_never_scheduled to None, run_after=None
[2025-02-23T04:48:15.523+0000] {logging_mixin.py:190} INFO - [2025-02-23T04:48:15.522+0000] {dag.py:4180} INFO - Setting next_dagrun for dataset_consumes_unknown_never_scheduled to None, run_after=None
[2025-02-23T04:48:15.525+0000] {logging_mixin.py:190} INFO - [2025-02-23T04:48:15.525+0000] {dag.py:4180} INFO - Setting next_dagrun for dataset_produces_1 to 2025-02-22 00:00:00+00:00, run_after=2025-02-23 00:00:00+00:00
[2025-02-23T04:48:15.526+0000] {logging_mixin.py:190} INFO - [2025-02-23T04:48:15.526+0000] {dag.py:4180} INFO - Setting next_dagrun for dataset_produces_2 to None, run_after=None
[2025-02-23T04:48:15.562+0000] {processor.py:208} INFO - Processing /home/airflow/.local/lib/python3.12/site-packages/airflow/example_dags/example_datasets.py took 0.700 seconds
[2025-02-23T04:48:45.602+0000] {processor.py:186} INFO - Started process (PID=353) to work on /home/airflow/.local/lib/python3.12/site-packages/airflow/example_dags/example_datasets.py
[2025-02-23T04:48:45.603+0000] {processor.py:914} INFO - Processing file /home/airflow/.local/lib/python3.12/site-packages/airflow/example_dags/example_datasets.py for tasks to queue
[2025-02-23T04:48:45.605+0000] {logging_mixin.py:190} INFO - [2025-02-23T04:48:45.604+0000] {dagbag.py:588} INFO - Filling up the DagBag from /home/airflow/.local/lib/python3.12/site-packages/airflow/example_dags/example_datasets.py
[2025-02-23T04:48:46.140+0000] {processor.py:925} INFO - DAG(s) 'consume_1_and_2_with_dataset_expressions', 'dataset_produces_1', 'dataset_produces_2', 'conditional_dataset_and_time_based_timetable', 'dataset_consumes_1_never_scheduled', 'dataset_consumes_1_and_2', 'dataset_consumes_unknown_never_scheduled', 'dataset_consumes_1', 'consume_1_or_2_with_dataset_expressions', 'consume_1_or_both_2_and_3_with_dataset_expressions' retrieved from /home/airflow/.local/lib/python3.12/site-packages/airflow/example_dags/example_datasets.py
[2025-02-23T04:48:46.182+0000] {logging_mixin.py:190} INFO - [2025-02-23T04:48:46.181+0000] {dag.py:3239} INFO - Sync 10 DAGs
[2025-02-23T04:48:46.209+0000] {logging_mixin.py:190} INFO - [2025-02-23T04:48:46.209+0000] {dag.py:4180} INFO - Setting next_dagrun for conditional_dataset_and_time_based_timetable to 2025-02-19 01:00:00+00:00, run_after=2025-02-19 01:00:00+00:00
[2025-02-23T04:48:46.212+0000] {logging_mixin.py:190} INFO - [2025-02-23T04:48:46.212+0000] {dag.py:4180} INFO - Setting next_dagrun for consume_1_and_2_with_dataset_expressions to None, run_after=None
[2025-02-23T04:48:46.214+0000] {logging_mixin.py:190} INFO - [2025-02-23T04:48:46.213+0000] {dag.py:4180} INFO - Setting next_dagrun for consume_1_or_2_with_dataset_expressions to None, run_after=None
[2025-02-23T04:48:46.215+0000] {logging_mixin.py:190} INFO - [2025-02-23T04:48:46.214+0000] {dag.py:4180} INFO - Setting next_dagrun for consume_1_or_both_2_and_3_with_dataset_expressions to None, run_after=None
[2025-02-23T04:48:46.216+0000] {logging_mixin.py:190} INFO - [2025-02-23T04:48:46.216+0000] {dag.py:4180} INFO - Setting next_dagrun for dataset_consumes_1 to None, run_after=None
[2025-02-23T04:48:46.217+0000] {logging_mixin.py:190} INFO - [2025-02-23T04:48:46.217+0000] {dag.py:4180} INFO - Setting next_dagrun for dataset_consumes_1_and_2 to None, run_after=None
[2025-02-23T04:48:46.218+0000] {logging_mixin.py:190} INFO - [2025-02-23T04:48:46.218+0000] {dag.py:4180} INFO - Setting next_dagrun for dataset_consumes_1_never_scheduled to None, run_after=None
[2025-02-23T04:48:46.219+0000] {logging_mixin.py:190} INFO - [2025-02-23T04:48:46.219+0000] {dag.py:4180} INFO - Setting next_dagrun for dataset_consumes_unknown_never_scheduled to None, run_after=None
[2025-02-23T04:48:46.221+0000] {logging_mixin.py:190} INFO - [2025-02-23T04:48:46.221+0000] {dag.py:4180} INFO - Setting next_dagrun for dataset_produces_1 to 2025-02-22 00:00:00+00:00, run_after=2025-02-23 00:00:00+00:00
[2025-02-23T04:48:46.222+0000] {logging_mixin.py:190} INFO - [2025-02-23T04:48:46.221+0000] {dag.py:4180} INFO - Setting next_dagrun for dataset_produces_2 to None, run_after=None
[2025-02-23T04:48:46.249+0000] {processor.py:208} INFO - Processing /home/airflow/.local/lib/python3.12/site-packages/airflow/example_dags/example_datasets.py took 0.651 seconds
[2025-02-23T04:49:16.285+0000] {processor.py:186} INFO - Started process (PID=417) to work on /home/airflow/.local/lib/python3.12/site-packages/airflow/example_dags/example_datasets.py
[2025-02-23T04:49:16.286+0000] {processor.py:914} INFO - Processing file /home/airflow/.local/lib/python3.12/site-packages/airflow/example_dags/example_datasets.py for tasks to queue
[2025-02-23T04:49:16.287+0000] {logging_mixin.py:190} INFO - [2025-02-23T04:49:16.287+0000] {dagbag.py:588} INFO - Filling up the DagBag from /home/airflow/.local/lib/python3.12/site-packages/airflow/example_dags/example_datasets.py
[2025-02-23T04:49:16.806+0000] {processor.py:925} INFO - DAG(s) 'dataset_produces_2', 'consume_1_or_2_with_dataset_expressions', 'consume_1_or_both_2_and_3_with_dataset_expressions', 'conditional_dataset_and_time_based_timetable', 'dataset_produces_1', 'dataset_consumes_1', 'dataset_consumes_1_never_scheduled', 'dataset_consumes_unknown_never_scheduled', 'consume_1_and_2_with_dataset_expressions', 'dataset_consumes_1_and_2' retrieved from /home/airflow/.local/lib/python3.12/site-packages/airflow/example_dags/example_datasets.py
[2025-02-23T04:49:16.847+0000] {logging_mixin.py:190} INFO - [2025-02-23T04:49:16.847+0000] {dag.py:3239} INFO - Sync 10 DAGs
[2025-02-23T04:49:16.873+0000] {logging_mixin.py:190} INFO - [2025-02-23T04:49:16.873+0000] {dag.py:4180} INFO - Setting next_dagrun for conditional_dataset_and_time_based_timetable to 2025-02-19 01:00:00+00:00, run_after=2025-02-19 01:00:00+00:00
[2025-02-23T04:49:16.876+0000] {logging_mixin.py:190} INFO - [2025-02-23T04:49:16.876+0000] {dag.py:4180} INFO - Setting next_dagrun for consume_1_and_2_with_dataset_expressions to None, run_after=None
[2025-02-23T04:49:16.878+0000] {logging_mixin.py:190} INFO - [2025-02-23T04:49:16.877+0000] {dag.py:4180} INFO - Setting next_dagrun for consume_1_or_2_with_dataset_expressions to None, run_after=None
[2025-02-23T04:49:16.879+0000] {logging_mixin.py:190} INFO - [2025-02-23T04:49:16.879+0000] {dag.py:4180} INFO - Setting next_dagrun for consume_1_or_both_2_and_3_with_dataset_expressions to None, run_after=None
[2025-02-23T04:49:16.880+0000] {logging_mixin.py:190} INFO - [2025-02-23T04:49:16.880+0000] {dag.py:4180} INFO - Setting next_dagrun for dataset_consumes_1 to None, run_after=None
[2025-02-23T04:49:16.881+0000] {logging_mixin.py:190} INFO - [2025-02-23T04:49:16.881+0000] {dag.py:4180} INFO - Setting next_dagrun for dataset_consumes_1_and_2 to None, run_after=None
[2025-02-23T04:49:16.882+0000] {logging_mixin.py:190} INFO - [2025-02-23T04:49:16.882+0000] {dag.py:4180} INFO - Setting next_dagrun for dataset_consumes_1_never_scheduled to None, run_after=None
[2025-02-23T04:49:16.883+0000] {logging_mixin.py:190} INFO - [2025-02-23T04:49:16.883+0000] {dag.py:4180} INFO - Setting next_dagrun for dataset_consumes_unknown_never_scheduled to None, run_after=None
[2025-02-23T04:49:16.885+0000] {logging_mixin.py:190} INFO - [2025-02-23T04:49:16.885+0000] {dag.py:4180} INFO - Setting next_dagrun for dataset_produces_1 to 2025-02-22 00:00:00+00:00, run_after=2025-02-23 00:00:00+00:00
[2025-02-23T04:49:16.886+0000] {logging_mixin.py:190} INFO - [2025-02-23T04:49:16.885+0000] {dag.py:4180} INFO - Setting next_dagrun for dataset_produces_2 to None, run_after=None
[2025-02-23T04:49:16.912+0000] {processor.py:208} INFO - Processing /home/airflow/.local/lib/python3.12/site-packages/airflow/example_dags/example_datasets.py took 0.631 seconds
[2025-02-23T04:49:47.464+0000] {processor.py:186} INFO - Started process (PID=480) to work on /home/airflow/.local/lib/python3.12/site-packages/airflow/example_dags/example_datasets.py
[2025-02-23T04:49:47.465+0000] {processor.py:914} INFO - Processing file /home/airflow/.local/lib/python3.12/site-packages/airflow/example_dags/example_datasets.py for tasks to queue
[2025-02-23T04:49:47.467+0000] {logging_mixin.py:190} INFO - [2025-02-23T04:49:47.467+0000] {dagbag.py:588} INFO - Filling up the DagBag from /home/airflow/.local/lib/python3.12/site-packages/airflow/example_dags/example_datasets.py
[2025-02-23T04:49:48.141+0000] {processor.py:925} INFO - DAG(s) 'consume_1_or_2_with_dataset_expressions', 'dataset_consumes_1_never_scheduled', 'dataset_consumes_1', 'consume_1_or_both_2_and_3_with_dataset_expressions', 'conditional_dataset_and_time_based_timetable', 'dataset_consumes_1_and_2', 'dataset_produces_2', 'consume_1_and_2_with_dataset_expressions', 'dataset_consumes_unknown_never_scheduled', 'dataset_produces_1' retrieved from /home/airflow/.local/lib/python3.12/site-packages/airflow/example_dags/example_datasets.py
[2025-02-23T04:49:48.174+0000] {logging_mixin.py:190} INFO - [2025-02-23T04:49:48.173+0000] {dag.py:3239} INFO - Sync 10 DAGs
[2025-02-23T04:49:48.194+0000] {logging_mixin.py:190} INFO - [2025-02-23T04:49:48.194+0000] {dag.py:4180} INFO - Setting next_dagrun for conditional_dataset_and_time_based_timetable to 2025-02-19 01:00:00+00:00, run_after=2025-02-19 01:00:00+00:00
[2025-02-23T04:49:48.197+0000] {logging_mixin.py:190} INFO - [2025-02-23T04:49:48.197+0000] {dag.py:4180} INFO - Setting next_dagrun for consume_1_and_2_with_dataset_expressions to None, run_after=None
[2025-02-23T04:49:48.198+0000] {logging_mixin.py:190} INFO - [2025-02-23T04:49:48.198+0000] {dag.py:4180} INFO - Setting next_dagrun for consume_1_or_2_with_dataset_expressions to None, run_after=None
[2025-02-23T04:49:48.199+0000] {logging_mixin.py:190} INFO - [2025-02-23T04:49:48.199+0000] {dag.py:4180} INFO - Setting next_dagrun for consume_1_or_both_2_and_3_with_dataset_expressions to None, run_after=None
[2025-02-23T04:49:48.200+0000] {logging_mixin.py:190} INFO - [2025-02-23T04:49:48.200+0000] {dag.py:4180} INFO - Setting next_dagrun for dataset_consumes_1 to None, run_after=None
[2025-02-23T04:49:48.201+0000] {logging_mixin.py:190} INFO - [2025-02-23T04:49:48.200+0000] {dag.py:4180} INFO - Setting next_dagrun for dataset_consumes_1_and_2 to None, run_after=None
[2025-02-23T04:49:48.201+0000] {logging_mixin.py:190} INFO - [2025-02-23T04:49:48.201+0000] {dag.py:4180} INFO - Setting next_dagrun for dataset_consumes_1_never_scheduled to None, run_after=None
[2025-02-23T04:49:48.202+0000] {logging_mixin.py:190} INFO - [2025-02-23T04:49:48.202+0000] {dag.py:4180} INFO - Setting next_dagrun for dataset_consumes_unknown_never_scheduled to None, run_after=None
[2025-02-23T04:49:48.204+0000] {logging_mixin.py:190} INFO - [2025-02-23T04:49:48.204+0000] {dag.py:4180} INFO - Setting next_dagrun for dataset_produces_1 to 2025-02-22 00:00:00+00:00, run_after=2025-02-23 00:00:00+00:00
[2025-02-23T04:49:48.205+0000] {logging_mixin.py:190} INFO - [2025-02-23T04:49:48.205+0000] {dag.py:4180} INFO - Setting next_dagrun for dataset_produces_2 to None, run_after=None
[2025-02-23T04:49:48.233+0000] {processor.py:208} INFO - Processing /home/airflow/.local/lib/python3.12/site-packages/airflow/example_dags/example_datasets.py took 0.774 seconds
[2025-02-23T04:50:18.635+0000] {processor.py:186} INFO - Started process (PID=543) to work on /home/airflow/.local/lib/python3.12/site-packages/airflow/example_dags/example_datasets.py
[2025-02-23T04:50:18.636+0000] {processor.py:914} INFO - Processing file /home/airflow/.local/lib/python3.12/site-packages/airflow/example_dags/example_datasets.py for tasks to queue
[2025-02-23T04:50:18.637+0000] {logging_mixin.py:190} INFO - [2025-02-23T04:50:18.637+0000] {dagbag.py:588} INFO - Filling up the DagBag from /home/airflow/.local/lib/python3.12/site-packages/airflow/example_dags/example_datasets.py
[2025-02-23T04:50:19.157+0000] {processor.py:925} INFO - DAG(s) 'consume_1_or_2_with_dataset_expressions', 'dataset_consumes_unknown_never_scheduled', 'dataset_consumes_1_never_scheduled', 'dataset_produces_2', 'consume_1_and_2_with_dataset_expressions', 'conditional_dataset_and_time_based_timetable', 'consume_1_or_both_2_and_3_with_dataset_expressions', 'dataset_produces_1', 'dataset_consumes_1_and_2', 'dataset_consumes_1' retrieved from /home/airflow/.local/lib/python3.12/site-packages/airflow/example_dags/example_datasets.py
[2025-02-23T04:50:19.189+0000] {logging_mixin.py:190} INFO - [2025-02-23T04:50:19.189+0000] {dag.py:3239} INFO - Sync 10 DAGs
[2025-02-23T04:50:19.209+0000] {logging_mixin.py:190} INFO - [2025-02-23T04:50:19.209+0000] {dag.py:4180} INFO - Setting next_dagrun for conditional_dataset_and_time_based_timetable to 2025-02-19 01:00:00+00:00, run_after=2025-02-19 01:00:00+00:00
[2025-02-23T04:50:19.212+0000] {logging_mixin.py:190} INFO - [2025-02-23T04:50:19.212+0000] {dag.py:4180} INFO - Setting next_dagrun for consume_1_and_2_with_dataset_expressions to None, run_after=None
[2025-02-23T04:50:19.213+0000] {logging_mixin.py:190} INFO - [2025-02-23T04:50:19.213+0000] {dag.py:4180} INFO - Setting next_dagrun for consume_1_or_2_with_dataset_expressions to None, run_after=None
[2025-02-23T04:50:19.214+0000] {logging_mixin.py:190} INFO - [2025-02-23T04:50:19.214+0000] {dag.py:4180} INFO - Setting next_dagrun for consume_1_or_both_2_and_3_with_dataset_expressions to None, run_after=None
[2025-02-23T04:50:19.215+0000] {logging_mixin.py:190} INFO - [2025-02-23T04:50:19.215+0000] {dag.py:4180} INFO - Setting next_dagrun for dataset_consumes_1 to None, run_after=None
[2025-02-23T04:50:19.216+0000] {logging_mixin.py:190} INFO - [2025-02-23T04:50:19.216+0000] {dag.py:4180} INFO - Setting next_dagrun for dataset_consumes_1_and_2 to None, run_after=None
[2025-02-23T04:50:19.217+0000] {logging_mixin.py:190} INFO - [2025-02-23T04:50:19.217+0000] {dag.py:4180} INFO - Setting next_dagrun for dataset_consumes_1_never_scheduled to None, run_after=None
[2025-02-23T04:50:19.218+0000] {logging_mixin.py:190} INFO - [2025-02-23T04:50:19.217+0000] {dag.py:4180} INFO - Setting next_dagrun for dataset_consumes_unknown_never_scheduled to None, run_after=None
[2025-02-23T04:50:19.220+0000] {logging_mixin.py:190} INFO - [2025-02-23T04:50:19.219+0000] {dag.py:4180} INFO - Setting next_dagrun for dataset_produces_1 to 2025-02-22 00:00:00+00:00, run_after=2025-02-23 00:00:00+00:00
[2025-02-23T04:50:19.220+0000] {logging_mixin.py:190} INFO - [2025-02-23T04:50:19.220+0000] {dag.py:4180} INFO - Setting next_dagrun for dataset_produces_2 to None, run_after=None
[2025-02-23T04:50:19.245+0000] {processor.py:208} INFO - Processing /home/airflow/.local/lib/python3.12/site-packages/airflow/example_dags/example_datasets.py took 0.614 seconds
[2025-02-23T04:50:49.679+0000] {processor.py:186} INFO - Started process (PID=607) to work on /home/airflow/.local/lib/python3.12/site-packages/airflow/example_dags/example_datasets.py
[2025-02-23T04:50:49.680+0000] {processor.py:914} INFO - Processing file /home/airflow/.local/lib/python3.12/site-packages/airflow/example_dags/example_datasets.py for tasks to queue
[2025-02-23T04:50:49.682+0000] {logging_mixin.py:190} INFO - [2025-02-23T04:50:49.682+0000] {dagbag.py:588} INFO - Filling up the DagBag from /home/airflow/.local/lib/python3.12/site-packages/airflow/example_dags/example_datasets.py
[2025-02-23T04:50:50.328+0000] {processor.py:925} INFO - DAG(s) 'dataset_consumes_unknown_never_scheduled', 'consume_1_or_2_with_dataset_expressions', 'dataset_consumes_1_and_2', 'consume_1_and_2_with_dataset_expressions', 'dataset_produces_1', 'consume_1_or_both_2_and_3_with_dataset_expressions', 'dataset_consumes_1_never_scheduled', 'dataset_consumes_1', 'dataset_produces_2', 'conditional_dataset_and_time_based_timetable' retrieved from /home/airflow/.local/lib/python3.12/site-packages/airflow/example_dags/example_datasets.py
[2025-02-23T04:50:50.377+0000] {logging_mixin.py:190} INFO - [2025-02-23T04:50:50.377+0000] {dag.py:3239} INFO - Sync 10 DAGs
[2025-02-23T04:50:50.409+0000] {logging_mixin.py:190} INFO - [2025-02-23T04:50:50.408+0000] {dag.py:4180} INFO - Setting next_dagrun for conditional_dataset_and_time_based_timetable to 2025-02-19 01:00:00+00:00, run_after=2025-02-19 01:00:00+00:00
[2025-02-23T04:50:50.413+0000] {logging_mixin.py:190} INFO - [2025-02-23T04:50:50.412+0000] {dag.py:4180} INFO - Setting next_dagrun for consume_1_and_2_with_dataset_expressions to None, run_after=None
[2025-02-23T04:50:50.414+0000] {logging_mixin.py:190} INFO - [2025-02-23T04:50:50.414+0000] {dag.py:4180} INFO - Setting next_dagrun for consume_1_or_2_with_dataset_expressions to None, run_after=None
[2025-02-23T04:50:50.415+0000] {logging_mixin.py:190} INFO - [2025-02-23T04:50:50.415+0000] {dag.py:4180} INFO - Setting next_dagrun for consume_1_or_both_2_and_3_with_dataset_expressions to None, run_after=None
[2025-02-23T04:50:50.416+0000] {logging_mixin.py:190} INFO - [2025-02-23T04:50:50.416+0000] {dag.py:4180} INFO - Setting next_dagrun for dataset_consumes_1 to None, run_after=None
[2025-02-23T04:50:50.417+0000] {logging_mixin.py:190} INFO - [2025-02-23T04:50:50.417+0000] {dag.py:4180} INFO - Setting next_dagrun for dataset_consumes_1_and_2 to None, run_after=None
[2025-02-23T04:50:50.418+0000] {logging_mixin.py:190} INFO - [2025-02-23T04:50:50.418+0000] {dag.py:4180} INFO - Setting next_dagrun for dataset_consumes_1_never_scheduled to None, run_after=None
[2025-02-23T04:50:50.419+0000] {logging_mixin.py:190} INFO - [2025-02-23T04:50:50.419+0000] {dag.py:4180} INFO - Setting next_dagrun for dataset_consumes_unknown_never_scheduled to None, run_after=None
[2025-02-23T04:50:50.421+0000] {logging_mixin.py:190} INFO - [2025-02-23T04:50:50.421+0000] {dag.py:4180} INFO - Setting next_dagrun for dataset_produces_1 to 2025-02-22 00:00:00+00:00, run_after=2025-02-23 00:00:00+00:00
[2025-02-23T04:50:50.422+0000] {logging_mixin.py:190} INFO - [2025-02-23T04:50:50.422+0000] {dag.py:4180} INFO - Setting next_dagrun for dataset_produces_2 to None, run_after=None
[2025-02-23T04:50:50.447+0000] {processor.py:208} INFO - Processing /home/airflow/.local/lib/python3.12/site-packages/airflow/example_dags/example_datasets.py took 0.775 seconds
[2025-02-23T04:51:20.736+0000] {processor.py:186} INFO - Started process (PID=671) to work on /home/airflow/.local/lib/python3.12/site-packages/airflow/example_dags/example_datasets.py
[2025-02-23T04:51:20.736+0000] {processor.py:914} INFO - Processing file /home/airflow/.local/lib/python3.12/site-packages/airflow/example_dags/example_datasets.py for tasks to queue
[2025-02-23T04:51:20.738+0000] {logging_mixin.py:190} INFO - [2025-02-23T04:51:20.738+0000] {dagbag.py:588} INFO - Filling up the DagBag from /home/airflow/.local/lib/python3.12/site-packages/airflow/example_dags/example_datasets.py
[2025-02-23T04:51:21.333+0000] {processor.py:925} INFO - DAG(s) 'dataset_produces_2', 'dataset_consumes_unknown_never_scheduled', 'consume_1_and_2_with_dataset_expressions', 'conditional_dataset_and_time_based_timetable', 'dataset_consumes_1_and_2', 'dataset_consumes_1_never_scheduled', 'dataset_produces_1', 'consume_1_or_both_2_and_3_with_dataset_expressions', 'consume_1_or_2_with_dataset_expressions', 'dataset_consumes_1' retrieved from /home/airflow/.local/lib/python3.12/site-packages/airflow/example_dags/example_datasets.py
[2025-02-23T04:51:21.379+0000] {logging_mixin.py:190} INFO - [2025-02-23T04:51:21.379+0000] {dag.py:3239} INFO - Sync 10 DAGs
[2025-02-23T04:51:21.410+0000] {logging_mixin.py:190} INFO - [2025-02-23T04:51:21.410+0000] {dag.py:4180} INFO - Setting next_dagrun for conditional_dataset_and_time_based_timetable to 2025-02-19 01:00:00+00:00, run_after=2025-02-19 01:00:00+00:00
[2025-02-23T04:51:21.415+0000] {logging_mixin.py:190} INFO - [2025-02-23T04:51:21.415+0000] {dag.py:4180} INFO - Setting next_dagrun for consume_1_and_2_with_dataset_expressions to None, run_after=None
[2025-02-23T04:51:21.417+0000] {logging_mixin.py:190} INFO - [2025-02-23T04:51:21.416+0000] {dag.py:4180} INFO - Setting next_dagrun for consume_1_or_2_with_dataset_expressions to None, run_after=None
[2025-02-23T04:51:21.418+0000] {logging_mixin.py:190} INFO - [2025-02-23T04:51:21.418+0000] {dag.py:4180} INFO - Setting next_dagrun for consume_1_or_both_2_and_3_with_dataset_expressions to None, run_after=None
[2025-02-23T04:51:21.419+0000] {logging_mixin.py:190} INFO - [2025-02-23T04:51:21.419+0000] {dag.py:4180} INFO - Setting next_dagrun for dataset_consumes_1 to None, run_after=None
[2025-02-23T04:51:21.420+0000] {logging_mixin.py:190} INFO - [2025-02-23T04:51:21.420+0000] {dag.py:4180} INFO - Setting next_dagrun for dataset_consumes_1_and_2 to None, run_after=None
[2025-02-23T04:51:21.422+0000] {logging_mixin.py:190} INFO - [2025-02-23T04:51:21.422+0000] {dag.py:4180} INFO - Setting next_dagrun for dataset_consumes_1_never_scheduled to None, run_after=None
[2025-02-23T04:51:21.423+0000] {logging_mixin.py:190} INFO - [2025-02-23T04:51:21.423+0000] {dag.py:4180} INFO - Setting next_dagrun for dataset_consumes_unknown_never_scheduled to None, run_after=None
[2025-02-23T04:51:21.426+0000] {logging_mixin.py:190} INFO - [2025-02-23T04:51:21.426+0000] {dag.py:4180} INFO - Setting next_dagrun for dataset_produces_1 to 2025-02-22 00:00:00+00:00, run_after=2025-02-23 00:00:00+00:00
[2025-02-23T04:51:21.427+0000] {logging_mixin.py:190} INFO - [2025-02-23T04:51:21.427+0000] {dag.py:4180} INFO - Setting next_dagrun for dataset_produces_2 to None, run_after=None
[2025-02-23T04:51:21.463+0000] {processor.py:208} INFO - Processing /home/airflow/.local/lib/python3.12/site-packages/airflow/example_dags/example_datasets.py took 0.731 seconds
[2025-02-23T04:51:51.962+0000] {processor.py:186} INFO - Started process (PID=741) to work on /home/airflow/.local/lib/python3.12/site-packages/airflow/example_dags/example_datasets.py
[2025-02-23T04:51:51.963+0000] {processor.py:914} INFO - Processing file /home/airflow/.local/lib/python3.12/site-packages/airflow/example_dags/example_datasets.py for tasks to queue
[2025-02-23T04:51:51.964+0000] {logging_mixin.py:190} INFO - [2025-02-23T04:51:51.964+0000] {dagbag.py:588} INFO - Filling up the DagBag from /home/airflow/.local/lib/python3.12/site-packages/airflow/example_dags/example_datasets.py
[2025-02-23T04:51:52.546+0000] {processor.py:925} INFO - DAG(s) 'dataset_consumes_1', 'consume_1_and_2_with_dataset_expressions', 'dataset_produces_2', 'dataset_produces_1', 'dataset_consumes_unknown_never_scheduled', 'dataset_consumes_1_and_2', 'consume_1_or_both_2_and_3_with_dataset_expressions', 'conditional_dataset_and_time_based_timetable', 'consume_1_or_2_with_dataset_expressions', 'dataset_consumes_1_never_scheduled' retrieved from /home/airflow/.local/lib/python3.12/site-packages/airflow/example_dags/example_datasets.py
[2025-02-23T04:51:52.594+0000] {logging_mixin.py:190} INFO - [2025-02-23T04:51:52.593+0000] {dag.py:3239} INFO - Sync 10 DAGs
[2025-02-23T04:51:52.623+0000] {logging_mixin.py:190} INFO - [2025-02-23T04:51:52.622+0000] {dag.py:4180} INFO - Setting next_dagrun for conditional_dataset_and_time_based_timetable to 2025-02-19 01:00:00+00:00, run_after=2025-02-19 01:00:00+00:00
[2025-02-23T04:51:52.626+0000] {logging_mixin.py:190} INFO - [2025-02-23T04:51:52.626+0000] {dag.py:4180} INFO - Setting next_dagrun for consume_1_and_2_with_dataset_expressions to None, run_after=None
[2025-02-23T04:51:52.627+0000] {logging_mixin.py:190} INFO - [2025-02-23T04:51:52.627+0000] {dag.py:4180} INFO - Setting next_dagrun for consume_1_or_2_with_dataset_expressions to None, run_after=None
[2025-02-23T04:51:52.628+0000] {logging_mixin.py:190} INFO - [2025-02-23T04:51:52.628+0000] {dag.py:4180} INFO - Setting next_dagrun for consume_1_or_both_2_and_3_with_dataset_expressions to None, run_after=None
[2025-02-23T04:51:52.629+0000] {logging_mixin.py:190} INFO - [2025-02-23T04:51:52.629+0000] {dag.py:4180} INFO - Setting next_dagrun for dataset_consumes_1 to None, run_after=None
[2025-02-23T04:51:52.630+0000] {logging_mixin.py:190} INFO - [2025-02-23T04:51:52.630+0000] {dag.py:4180} INFO - Setting next_dagrun for dataset_consumes_1_and_2 to None, run_after=None
[2025-02-23T04:51:52.631+0000] {logging_mixin.py:190} INFO - [2025-02-23T04:51:52.631+0000] {dag.py:4180} INFO - Setting next_dagrun for dataset_consumes_1_never_scheduled to None, run_after=None
[2025-02-23T04:51:52.632+0000] {logging_mixin.py:190} INFO - [2025-02-23T04:51:52.632+0000] {dag.py:4180} INFO - Setting next_dagrun for dataset_consumes_unknown_never_scheduled to None, run_after=None
[2025-02-23T04:51:52.634+0000] {logging_mixin.py:190} INFO - [2025-02-23T04:51:52.634+0000] {dag.py:4180} INFO - Setting next_dagrun for dataset_produces_1 to 2025-02-22 00:00:00+00:00, run_after=2025-02-23 00:00:00+00:00
[2025-02-23T04:51:52.635+0000] {logging_mixin.py:190} INFO - [2025-02-23T04:51:52.635+0000] {dag.py:4180} INFO - Setting next_dagrun for dataset_produces_2 to None, run_after=None
[2025-02-23T04:51:52.669+0000] {processor.py:208} INFO - Processing /home/airflow/.local/lib/python3.12/site-packages/airflow/example_dags/example_datasets.py took 0.712 seconds
[2025-02-23T04:52:22.786+0000] {processor.py:186} INFO - Started process (PID=804) to work on /home/airflow/.local/lib/python3.12/site-packages/airflow/example_dags/example_datasets.py
[2025-02-23T04:52:22.786+0000] {processor.py:914} INFO - Processing file /home/airflow/.local/lib/python3.12/site-packages/airflow/example_dags/example_datasets.py for tasks to queue
[2025-02-23T04:52:22.788+0000] {logging_mixin.py:190} INFO - [2025-02-23T04:52:22.788+0000] {dagbag.py:588} INFO - Filling up the DagBag from /home/airflow/.local/lib/python3.12/site-packages/airflow/example_dags/example_datasets.py
[2025-02-23T04:52:23.392+0000] {processor.py:925} INFO - DAG(s) 'dataset_produces_2', 'dataset_consumes_1', 'consume_1_or_2_with_dataset_expressions', 'dataset_consumes_1_and_2', 'consume_1_or_both_2_and_3_with_dataset_expressions', 'consume_1_and_2_with_dataset_expressions', 'dataset_consumes_1_never_scheduled', 'conditional_dataset_and_time_based_timetable', 'dataset_consumes_unknown_never_scheduled', 'dataset_produces_1' retrieved from /home/airflow/.local/lib/python3.12/site-packages/airflow/example_dags/example_datasets.py
[2025-02-23T04:52:23.437+0000] {logging_mixin.py:190} INFO - [2025-02-23T04:52:23.436+0000] {dag.py:3239} INFO - Sync 10 DAGs
[2025-02-23T04:52:23.460+0000] {logging_mixin.py:190} INFO - [2025-02-23T04:52:23.459+0000] {dag.py:4180} INFO - Setting next_dagrun for conditional_dataset_and_time_based_timetable to 2025-02-19 01:00:00+00:00, run_after=2025-02-19 01:00:00+00:00
[2025-02-23T04:52:23.462+0000] {logging_mixin.py:190} INFO - [2025-02-23T04:52:23.462+0000] {dag.py:4180} INFO - Setting next_dagrun for consume_1_and_2_with_dataset_expressions to None, run_after=None
[2025-02-23T04:52:23.463+0000] {logging_mixin.py:190} INFO - [2025-02-23T04:52:23.463+0000] {dag.py:4180} INFO - Setting next_dagrun for consume_1_or_2_with_dataset_expressions to None, run_after=None
[2025-02-23T04:52:23.464+0000] {logging_mixin.py:190} INFO - [2025-02-23T04:52:23.464+0000] {dag.py:4180} INFO - Setting next_dagrun for consume_1_or_both_2_and_3_with_dataset_expressions to None, run_after=None
[2025-02-23T04:52:23.465+0000] {logging_mixin.py:190} INFO - [2025-02-23T04:52:23.465+0000] {dag.py:4180} INFO - Setting next_dagrun for dataset_consumes_1 to None, run_after=None
[2025-02-23T04:52:23.466+0000] {logging_mixin.py:190} INFO - [2025-02-23T04:52:23.466+0000] {dag.py:4180} INFO - Setting next_dagrun for dataset_consumes_1_and_2 to None, run_after=None
[2025-02-23T04:52:23.467+0000] {logging_mixin.py:190} INFO - [2025-02-23T04:52:23.467+0000] {dag.py:4180} INFO - Setting next_dagrun for dataset_consumes_1_never_scheduled to None, run_after=None
[2025-02-23T04:52:23.468+0000] {logging_mixin.py:190} INFO - [2025-02-23T04:52:23.468+0000] {dag.py:4180} INFO - Setting next_dagrun for dataset_consumes_unknown_never_scheduled to None, run_after=None
[2025-02-23T04:52:23.470+0000] {logging_mixin.py:190} INFO - [2025-02-23T04:52:23.470+0000] {dag.py:4180} INFO - Setting next_dagrun for dataset_produces_1 to 2025-02-22 00:00:00+00:00, run_after=2025-02-23 00:00:00+00:00
[2025-02-23T04:52:23.471+0000] {logging_mixin.py:190} INFO - [2025-02-23T04:52:23.471+0000] {dag.py:4180} INFO - Setting next_dagrun for dataset_produces_2 to None, run_after=None
[2025-02-23T04:52:23.497+0000] {processor.py:208} INFO - Processing /home/airflow/.local/lib/python3.12/site-packages/airflow/example_dags/example_datasets.py took 0.716 seconds
[2025-02-23T04:52:54.446+0000] {processor.py:186} INFO - Started process (PID=873) to work on /home/airflow/.local/lib/python3.12/site-packages/airflow/example_dags/example_datasets.py
[2025-02-23T04:52:54.447+0000] {processor.py:914} INFO - Processing file /home/airflow/.local/lib/python3.12/site-packages/airflow/example_dags/example_datasets.py for tasks to queue
[2025-02-23T04:52:54.449+0000] {logging_mixin.py:190} INFO - [2025-02-23T04:52:54.449+0000] {dagbag.py:588} INFO - Filling up the DagBag from /home/airflow/.local/lib/python3.12/site-packages/airflow/example_dags/example_datasets.py
[2025-02-23T04:52:55.042+0000] {processor.py:925} INFO - DAG(s) 'dataset_consumes_unknown_never_scheduled', 'consume_1_or_2_with_dataset_expressions', 'consume_1_and_2_with_dataset_expressions', 'conditional_dataset_and_time_based_timetable', 'dataset_produces_2', 'dataset_consumes_1_and_2', 'dataset_consumes_1', 'dataset_produces_1', 'consume_1_or_both_2_and_3_with_dataset_expressions', 'dataset_consumes_1_never_scheduled' retrieved from /home/airflow/.local/lib/python3.12/site-packages/airflow/example_dags/example_datasets.py
[2025-02-23T04:52:55.076+0000] {logging_mixin.py:190} INFO - [2025-02-23T04:52:55.076+0000] {dag.py:3239} INFO - Sync 10 DAGs
[2025-02-23T04:52:55.098+0000] {logging_mixin.py:190} INFO - [2025-02-23T04:52:55.098+0000] {dag.py:4180} INFO - Setting next_dagrun for conditional_dataset_and_time_based_timetable to 2025-02-19 01:00:00+00:00, run_after=2025-02-19 01:00:00+00:00
[2025-02-23T04:52:55.101+0000] {logging_mixin.py:190} INFO - [2025-02-23T04:52:55.101+0000] {dag.py:4180} INFO - Setting next_dagrun for consume_1_and_2_with_dataset_expressions to None, run_after=None
[2025-02-23T04:52:55.102+0000] {logging_mixin.py:190} INFO - [2025-02-23T04:52:55.102+0000] {dag.py:4180} INFO - Setting next_dagrun for consume_1_or_2_with_dataset_expressions to None, run_after=None
[2025-02-23T04:52:55.103+0000] {logging_mixin.py:190} INFO - [2025-02-23T04:52:55.103+0000] {dag.py:4180} INFO - Setting next_dagrun for consume_1_or_both_2_and_3_with_dataset_expressions to None, run_after=None
[2025-02-23T04:52:55.104+0000] {logging_mixin.py:190} INFO - [2025-02-23T04:52:55.103+0000] {dag.py:4180} INFO - Setting next_dagrun for dataset_consumes_1 to None, run_after=None
[2025-02-23T04:52:55.104+0000] {logging_mixin.py:190} INFO - [2025-02-23T04:52:55.104+0000] {dag.py:4180} INFO - Setting next_dagrun for dataset_consumes_1_and_2 to None, run_after=None
[2025-02-23T04:52:55.105+0000] {logging_mixin.py:190} INFO - [2025-02-23T04:52:55.105+0000] {dag.py:4180} INFO - Setting next_dagrun for dataset_consumes_1_never_scheduled to None, run_after=None
[2025-02-23T04:52:55.106+0000] {logging_mixin.py:190} INFO - [2025-02-23T04:52:55.106+0000] {dag.py:4180} INFO - Setting next_dagrun for dataset_consumes_unknown_never_scheduled to None, run_after=None
[2025-02-23T04:52:55.108+0000] {logging_mixin.py:190} INFO - [2025-02-23T04:52:55.108+0000] {dag.py:4180} INFO - Setting next_dagrun for dataset_produces_1 to 2025-02-22 00:00:00+00:00, run_after=2025-02-23 00:00:00+00:00
[2025-02-23T04:52:55.109+0000] {logging_mixin.py:190} INFO - [2025-02-23T04:52:55.109+0000] {dag.py:4180} INFO - Setting next_dagrun for dataset_produces_2 to None, run_after=None
[2025-02-23T04:52:55.134+0000] {processor.py:208} INFO - Processing /home/airflow/.local/lib/python3.12/site-packages/airflow/example_dags/example_datasets.py took 0.693 seconds
[2025-02-23T04:53:26.066+0000] {processor.py:186} INFO - Started process (PID=936) to work on /home/airflow/.local/lib/python3.12/site-packages/airflow/example_dags/example_datasets.py
[2025-02-23T04:53:26.067+0000] {processor.py:914} INFO - Processing file /home/airflow/.local/lib/python3.12/site-packages/airflow/example_dags/example_datasets.py for tasks to queue
[2025-02-23T04:53:26.068+0000] {logging_mixin.py:190} INFO - [2025-02-23T04:53:26.068+0000] {dagbag.py:588} INFO - Filling up the DagBag from /home/airflow/.local/lib/python3.12/site-packages/airflow/example_dags/example_datasets.py
[2025-02-23T04:53:26.597+0000] {processor.py:925} INFO - DAG(s) 'dataset_consumes_1', 'consume_1_and_2_with_dataset_expressions', 'conditional_dataset_and_time_based_timetable', 'consume_1_or_both_2_and_3_with_dataset_expressions', 'dataset_consumes_1_and_2', 'dataset_produces_1', 'consume_1_or_2_with_dataset_expressions', 'dataset_consumes_unknown_never_scheduled', 'dataset_produces_2', 'dataset_consumes_1_never_scheduled' retrieved from /home/airflow/.local/lib/python3.12/site-packages/airflow/example_dags/example_datasets.py
[2025-02-23T04:53:26.639+0000] {logging_mixin.py:190} INFO - [2025-02-23T04:53:26.639+0000] {dag.py:3239} INFO - Sync 10 DAGs
[2025-02-23T04:53:26.663+0000] {logging_mixin.py:190} INFO - [2025-02-23T04:53:26.663+0000] {dag.py:4180} INFO - Setting next_dagrun for conditional_dataset_and_time_based_timetable to 2025-02-19 01:00:00+00:00, run_after=2025-02-19 01:00:00+00:00
[2025-02-23T04:53:26.668+0000] {logging_mixin.py:190} INFO - [2025-02-23T04:53:26.667+0000] {dag.py:4180} INFO - Setting next_dagrun for consume_1_and_2_with_dataset_expressions to None, run_after=None
[2025-02-23T04:53:26.669+0000] {logging_mixin.py:190} INFO - [2025-02-23T04:53:26.668+0000] {dag.py:4180} INFO - Setting next_dagrun for consume_1_or_2_with_dataset_expressions to None, run_after=None
[2025-02-23T04:53:26.670+0000] {logging_mixin.py:190} INFO - [2025-02-23T04:53:26.669+0000] {dag.py:4180} INFO - Setting next_dagrun for consume_1_or_both_2_and_3_with_dataset_expressions to None, run_after=None
[2025-02-23T04:53:26.670+0000] {logging_mixin.py:190} INFO - [2025-02-23T04:53:26.670+0000] {dag.py:4180} INFO - Setting next_dagrun for dataset_consumes_1 to None, run_after=None
[2025-02-23T04:53:26.671+0000] {logging_mixin.py:190} INFO - [2025-02-23T04:53:26.671+0000] {dag.py:4180} INFO - Setting next_dagrun for dataset_consumes_1_and_2 to None, run_after=None
[2025-02-23T04:53:26.672+0000] {logging_mixin.py:190} INFO - [2025-02-23T04:53:26.672+0000] {dag.py:4180} INFO - Setting next_dagrun for dataset_consumes_1_never_scheduled to None, run_after=None
[2025-02-23T04:53:26.673+0000] {logging_mixin.py:190} INFO - [2025-02-23T04:53:26.673+0000] {dag.py:4180} INFO - Setting next_dagrun for dataset_consumes_unknown_never_scheduled to None, run_after=None
[2025-02-23T04:53:26.675+0000] {logging_mixin.py:190} INFO - [2025-02-23T04:53:26.675+0000] {dag.py:4180} INFO - Setting next_dagrun for dataset_produces_1 to 2025-02-22 00:00:00+00:00, run_after=2025-02-23 00:00:00+00:00
[2025-02-23T04:53:26.676+0000] {logging_mixin.py:190} INFO - [2025-02-23T04:53:26.676+0000] {dag.py:4180} INFO - Setting next_dagrun for dataset_produces_2 to None, run_after=None
[2025-02-23T04:53:26.701+0000] {processor.py:208} INFO - Processing /home/airflow/.local/lib/python3.12/site-packages/airflow/example_dags/example_datasets.py took 0.639 seconds
[2025-02-23T04:53:56.956+0000] {processor.py:186} INFO - Started process (PID=999) to work on /home/airflow/.local/lib/python3.12/site-packages/airflow/example_dags/example_datasets.py
[2025-02-23T04:53:56.957+0000] {processor.py:914} INFO - Processing file /home/airflow/.local/lib/python3.12/site-packages/airflow/example_dags/example_datasets.py for tasks to queue
[2025-02-23T04:53:56.958+0000] {logging_mixin.py:190} INFO - [2025-02-23T04:53:56.958+0000] {dagbag.py:588} INFO - Filling up the DagBag from /home/airflow/.local/lib/python3.12/site-packages/airflow/example_dags/example_datasets.py
[2025-02-23T04:53:57.493+0000] {processor.py:925} INFO - DAG(s) 'conditional_dataset_and_time_based_timetable', 'dataset_produces_2', 'consume_1_and_2_with_dataset_expressions', 'dataset_consumes_1', 'dataset_consumes_1_and_2', 'consume_1_or_2_with_dataset_expressions', 'dataset_consumes_1_never_scheduled', 'dataset_produces_1', 'dataset_consumes_unknown_never_scheduled', 'consume_1_or_both_2_and_3_with_dataset_expressions' retrieved from /home/airflow/.local/lib/python3.12/site-packages/airflow/example_dags/example_datasets.py
[2025-02-23T04:53:57.529+0000] {logging_mixin.py:190} INFO - [2025-02-23T04:53:57.528+0000] {dag.py:3239} INFO - Sync 10 DAGs
[2025-02-23T04:53:57.551+0000] {logging_mixin.py:190} INFO - [2025-02-23T04:53:57.550+0000] {dag.py:4180} INFO - Setting next_dagrun for conditional_dataset_and_time_based_timetable to 2025-02-19 01:00:00+00:00, run_after=2025-02-19 01:00:00+00:00
[2025-02-23T04:53:57.553+0000] {logging_mixin.py:190} INFO - [2025-02-23T04:53:57.553+0000] {dag.py:4180} INFO - Setting next_dagrun for consume_1_and_2_with_dataset_expressions to None, run_after=None
[2025-02-23T04:53:57.556+0000] {logging_mixin.py:190} INFO - [2025-02-23T04:53:57.556+0000] {dag.py:4180} INFO - Setting next_dagrun for consume_1_or_2_with_dataset_expressions to None, run_after=None
[2025-02-23T04:53:57.557+0000] {logging_mixin.py:190} INFO - [2025-02-23T04:53:57.557+0000] {dag.py:4180} INFO - Setting next_dagrun for consume_1_or_both_2_and_3_with_dataset_expressions to None, run_after=None
[2025-02-23T04:53:57.558+0000] {logging_mixin.py:190} INFO - [2025-02-23T04:53:57.557+0000] {dag.py:4180} INFO - Setting next_dagrun for dataset_consumes_1 to None, run_after=None
[2025-02-23T04:53:57.558+0000] {logging_mixin.py:190} INFO - [2025-02-23T04:53:57.558+0000] {dag.py:4180} INFO - Setting next_dagrun for dataset_consumes_1_and_2 to None, run_after=None
[2025-02-23T04:53:57.559+0000] {logging_mixin.py:190} INFO - [2025-02-23T04:53:57.559+0000] {dag.py:4180} INFO - Setting next_dagrun for dataset_consumes_1_never_scheduled to None, run_after=None
[2025-02-23T04:53:57.560+0000] {logging_mixin.py:190} INFO - [2025-02-23T04:53:57.560+0000] {dag.py:4180} INFO - Setting next_dagrun for dataset_consumes_unknown_never_scheduled to None, run_after=None
[2025-02-23T04:53:57.563+0000] {logging_mixin.py:190} INFO - [2025-02-23T04:53:57.562+0000] {dag.py:4180} INFO - Setting next_dagrun for dataset_produces_1 to 2025-02-22 00:00:00+00:00, run_after=2025-02-23 00:00:00+00:00
[2025-02-23T04:53:57.564+0000] {logging_mixin.py:190} INFO - [2025-02-23T04:53:57.563+0000] {dag.py:4180} INFO - Setting next_dagrun for dataset_produces_2 to None, run_after=None
[2025-02-23T04:53:57.588+0000] {processor.py:208} INFO - Processing /home/airflow/.local/lib/python3.12/site-packages/airflow/example_dags/example_datasets.py took 0.636 seconds
[2025-02-23T04:54:27.691+0000] {processor.py:186} INFO - Started process (PID=1062) to work on /home/airflow/.local/lib/python3.12/site-packages/airflow/example_dags/example_datasets.py
[2025-02-23T04:54:27.691+0000] {processor.py:914} INFO - Processing file /home/airflow/.local/lib/python3.12/site-packages/airflow/example_dags/example_datasets.py for tasks to queue
[2025-02-23T04:54:27.693+0000] {logging_mixin.py:190} INFO - [2025-02-23T04:54:27.693+0000] {dagbag.py:588} INFO - Filling up the DagBag from /home/airflow/.local/lib/python3.12/site-packages/airflow/example_dags/example_datasets.py
[2025-02-23T04:54:28.216+0000] {processor.py:925} INFO - DAG(s) 'consume_1_and_2_with_dataset_expressions', 'consume_1_or_2_with_dataset_expressions', 'dataset_produces_1', 'dataset_consumes_1_and_2', 'dataset_consumes_1', 'dataset_produces_2', 'dataset_consumes_1_never_scheduled', 'conditional_dataset_and_time_based_timetable', 'dataset_consumes_unknown_never_scheduled', 'consume_1_or_both_2_and_3_with_dataset_expressions' retrieved from /home/airflow/.local/lib/python3.12/site-packages/airflow/example_dags/example_datasets.py
[2025-02-23T04:54:28.247+0000] {logging_mixin.py:190} INFO - [2025-02-23T04:54:28.247+0000] {dag.py:3239} INFO - Sync 10 DAGs
[2025-02-23T04:54:28.267+0000] {logging_mixin.py:190} INFO - [2025-02-23T04:54:28.267+0000] {dag.py:4180} INFO - Setting next_dagrun for conditional_dataset_and_time_based_timetable to 2025-02-19 01:00:00+00:00, run_after=2025-02-19 01:00:00+00:00
[2025-02-23T04:54:28.271+0000] {logging_mixin.py:190} INFO - [2025-02-23T04:54:28.271+0000] {dag.py:4180} INFO - Setting next_dagrun for consume_1_and_2_with_dataset_expressions to None, run_after=None
[2025-02-23T04:54:28.272+0000] {logging_mixin.py:190} INFO - [2025-02-23T04:54:28.272+0000] {dag.py:4180} INFO - Setting next_dagrun for consume_1_or_2_with_dataset_expressions to None, run_after=None
[2025-02-23T04:54:28.273+0000] {logging_mixin.py:190} INFO - [2025-02-23T04:54:28.273+0000] {dag.py:4180} INFO - Setting next_dagrun for consume_1_or_both_2_and_3_with_dataset_expressions to None, run_after=None
[2025-02-23T04:54:28.274+0000] {logging_mixin.py:190} INFO - [2025-02-23T04:54:28.274+0000] {dag.py:4180} INFO - Setting next_dagrun for dataset_consumes_1 to None, run_after=None
[2025-02-23T04:54:28.275+0000] {logging_mixin.py:190} INFO - [2025-02-23T04:54:28.274+0000] {dag.py:4180} INFO - Setting next_dagrun for dataset_consumes_1_and_2 to None, run_after=None
[2025-02-23T04:54:28.276+0000] {logging_mixin.py:190} INFO - [2025-02-23T04:54:28.275+0000] {dag.py:4180} INFO - Setting next_dagrun for dataset_consumes_1_never_scheduled to None, run_after=None
[2025-02-23T04:54:28.276+0000] {logging_mixin.py:190} INFO - [2025-02-23T04:54:28.276+0000] {dag.py:4180} INFO - Setting next_dagrun for dataset_consumes_unknown_never_scheduled to None, run_after=None
[2025-02-23T04:54:28.279+0000] {logging_mixin.py:190} INFO - [2025-02-23T04:54:28.279+0000] {dag.py:4180} INFO - Setting next_dagrun for dataset_produces_1 to 2025-02-22 00:00:00+00:00, run_after=2025-02-23 00:00:00+00:00
[2025-02-23T04:54:28.280+0000] {logging_mixin.py:190} INFO - [2025-02-23T04:54:28.280+0000] {dag.py:4180} INFO - Setting next_dagrun for dataset_produces_2 to None, run_after=None
[2025-02-23T04:54:28.308+0000] {processor.py:208} INFO - Processing /home/airflow/.local/lib/python3.12/site-packages/airflow/example_dags/example_datasets.py took 0.622 seconds
[2025-02-23T04:54:58.520+0000] {processor.py:186} INFO - Started process (PID=1125) to work on /home/airflow/.local/lib/python3.12/site-packages/airflow/example_dags/example_datasets.py
[2025-02-23T04:54:58.521+0000] {processor.py:914} INFO - Processing file /home/airflow/.local/lib/python3.12/site-packages/airflow/example_dags/example_datasets.py for tasks to queue
[2025-02-23T04:54:58.522+0000] {logging_mixin.py:190} INFO - [2025-02-23T04:54:58.522+0000] {dagbag.py:588} INFO - Filling up the DagBag from /home/airflow/.local/lib/python3.12/site-packages/airflow/example_dags/example_datasets.py
[2025-02-23T04:54:59.030+0000] {processor.py:925} INFO - DAG(s) 'consume_1_or_both_2_and_3_with_dataset_expressions', 'consume_1_and_2_with_dataset_expressions', 'dataset_produces_1', 'dataset_consumes_1_and_2', 'consume_1_or_2_with_dataset_expressions', 'dataset_produces_2', 'dataset_consumes_1', 'dataset_consumes_1_never_scheduled', 'conditional_dataset_and_time_based_timetable', 'dataset_consumes_unknown_never_scheduled' retrieved from /home/airflow/.local/lib/python3.12/site-packages/airflow/example_dags/example_datasets.py
[2025-02-23T04:54:59.072+0000] {logging_mixin.py:190} INFO - [2025-02-23T04:54:59.072+0000] {dag.py:3239} INFO - Sync 10 DAGs
[2025-02-23T04:54:59.099+0000] {logging_mixin.py:190} INFO - [2025-02-23T04:54:59.099+0000] {dag.py:4180} INFO - Setting next_dagrun for conditional_dataset_and_time_based_timetable to 2025-02-19 01:00:00+00:00, run_after=2025-02-19 01:00:00+00:00
[2025-02-23T04:54:59.103+0000] {logging_mixin.py:190} INFO - [2025-02-23T04:54:59.103+0000] {dag.py:4180} INFO - Setting next_dagrun for consume_1_and_2_with_dataset_expressions to None, run_after=None
[2025-02-23T04:54:59.105+0000] {logging_mixin.py:190} INFO - [2025-02-23T04:54:59.105+0000] {dag.py:4180} INFO - Setting next_dagrun for consume_1_or_2_with_dataset_expressions to None, run_after=None
[2025-02-23T04:54:59.106+0000] {logging_mixin.py:190} INFO - [2025-02-23T04:54:59.106+0000] {dag.py:4180} INFO - Setting next_dagrun for consume_1_or_both_2_and_3_with_dataset_expressions to None, run_after=None
[2025-02-23T04:54:59.107+0000] {logging_mixin.py:190} INFO - [2025-02-23T04:54:59.107+0000] {dag.py:4180} INFO - Setting next_dagrun for dataset_consumes_1 to None, run_after=None
[2025-02-23T04:54:59.108+0000] {logging_mixin.py:190} INFO - [2025-02-23T04:54:59.108+0000] {dag.py:4180} INFO - Setting next_dagrun for dataset_consumes_1_and_2 to None, run_after=None
[2025-02-23T04:54:59.109+0000] {logging_mixin.py:190} INFO - [2025-02-23T04:54:59.109+0000] {dag.py:4180} INFO - Setting next_dagrun for dataset_consumes_1_never_scheduled to None, run_after=None
[2025-02-23T04:54:59.111+0000] {logging_mixin.py:190} INFO - [2025-02-23T04:54:59.110+0000] {dag.py:4180} INFO - Setting next_dagrun for dataset_consumes_unknown_never_scheduled to None, run_after=None
[2025-02-23T04:54:59.115+0000] {logging_mixin.py:190} INFO - [2025-02-23T04:54:59.114+0000] {dag.py:4180} INFO - Setting next_dagrun for dataset_produces_1 to 2025-02-22 00:00:00+00:00, run_after=2025-02-23 00:00:00+00:00
[2025-02-23T04:54:59.116+0000] {logging_mixin.py:190} INFO - [2025-02-23T04:54:59.116+0000] {dag.py:4180} INFO - Setting next_dagrun for dataset_produces_2 to None, run_after=None
[2025-02-23T04:54:59.156+0000] {processor.py:208} INFO - Processing /home/airflow/.local/lib/python3.12/site-packages/airflow/example_dags/example_datasets.py took 0.642 seconds
[2025-02-23T04:55:29.252+0000] {processor.py:186} INFO - Started process (PID=1188) to work on /home/airflow/.local/lib/python3.12/site-packages/airflow/example_dags/example_datasets.py
[2025-02-23T04:55:29.252+0000] {processor.py:914} INFO - Processing file /home/airflow/.local/lib/python3.12/site-packages/airflow/example_dags/example_datasets.py for tasks to queue
[2025-02-23T04:55:29.254+0000] {logging_mixin.py:190} INFO - [2025-02-23T04:55:29.254+0000] {dagbag.py:588} INFO - Filling up the DagBag from /home/airflow/.local/lib/python3.12/site-packages/airflow/example_dags/example_datasets.py
[2025-02-23T04:55:29.803+0000] {processor.py:925} INFO - DAG(s) 'dataset_consumes_unknown_never_scheduled', 'dataset_consumes_1', 'dataset_produces_1', 'consume_1_or_both_2_and_3_with_dataset_expressions', 'consume_1_and_2_with_dataset_expressions', 'consume_1_or_2_with_dataset_expressions', 'dataset_consumes_1_and_2', 'dataset_consumes_1_never_scheduled', 'conditional_dataset_and_time_based_timetable', 'dataset_produces_2' retrieved from /home/airflow/.local/lib/python3.12/site-packages/airflow/example_dags/example_datasets.py
[2025-02-23T04:55:29.838+0000] {logging_mixin.py:190} INFO - [2025-02-23T04:55:29.838+0000] {dag.py:3239} INFO - Sync 10 DAGs
[2025-02-23T04:55:29.861+0000] {logging_mixin.py:190} INFO - [2025-02-23T04:55:29.861+0000] {dag.py:4180} INFO - Setting next_dagrun for conditional_dataset_and_time_based_timetable to 2025-02-19 01:00:00+00:00, run_after=2025-02-19 01:00:00+00:00
[2025-02-23T04:55:29.864+0000] {logging_mixin.py:190} INFO - [2025-02-23T04:55:29.864+0000] {dag.py:4180} INFO - Setting next_dagrun for consume_1_and_2_with_dataset_expressions to None, run_after=None
[2025-02-23T04:55:29.866+0000] {logging_mixin.py:190} INFO - [2025-02-23T04:55:29.865+0000] {dag.py:4180} INFO - Setting next_dagrun for consume_1_or_2_with_dataset_expressions to None, run_after=None
[2025-02-23T04:55:29.867+0000] {logging_mixin.py:190} INFO - [2025-02-23T04:55:29.866+0000] {dag.py:4180} INFO - Setting next_dagrun for consume_1_or_both_2_and_3_with_dataset_expressions to None, run_after=None
[2025-02-23T04:55:29.868+0000] {logging_mixin.py:190} INFO - [2025-02-23T04:55:29.867+0000] {dag.py:4180} INFO - Setting next_dagrun for dataset_consumes_1 to None, run_after=None
[2025-02-23T04:55:29.868+0000] {logging_mixin.py:190} INFO - [2025-02-23T04:55:29.868+0000] {dag.py:4180} INFO - Setting next_dagrun for dataset_consumes_1_and_2 to None, run_after=None
[2025-02-23T04:55:29.869+0000] {logging_mixin.py:190} INFO - [2025-02-23T04:55:29.869+0000] {dag.py:4180} INFO - Setting next_dagrun for dataset_consumes_1_never_scheduled to None, run_after=None
[2025-02-23T04:55:29.870+0000] {logging_mixin.py:190} INFO - [2025-02-23T04:55:29.870+0000] {dag.py:4180} INFO - Setting next_dagrun for dataset_consumes_unknown_never_scheduled to None, run_after=None
[2025-02-23T04:55:29.873+0000] {logging_mixin.py:190} INFO - [2025-02-23T04:55:29.873+0000] {dag.py:4180} INFO - Setting next_dagrun for dataset_produces_1 to 2025-02-22 00:00:00+00:00, run_after=2025-02-23 00:00:00+00:00
[2025-02-23T04:55:29.874+0000] {logging_mixin.py:190} INFO - [2025-02-23T04:55:29.874+0000] {dag.py:4180} INFO - Setting next_dagrun for dataset_produces_2 to None, run_after=None
[2025-02-23T04:55:29.908+0000] {processor.py:208} INFO - Processing /home/airflow/.local/lib/python3.12/site-packages/airflow/example_dags/example_datasets.py took 0.661 seconds
[2025-02-23T04:56:00.050+0000] {processor.py:186} INFO - Started process (PID=1252) to work on /home/airflow/.local/lib/python3.12/site-packages/airflow/example_dags/example_datasets.py
[2025-02-23T04:56:00.050+0000] {processor.py:914} INFO - Processing file /home/airflow/.local/lib/python3.12/site-packages/airflow/example_dags/example_datasets.py for tasks to queue
[2025-02-23T04:56:00.052+0000] {logging_mixin.py:190} INFO - [2025-02-23T04:56:00.052+0000] {dagbag.py:588} INFO - Filling up the DagBag from /home/airflow/.local/lib/python3.12/site-packages/airflow/example_dags/example_datasets.py
[2025-02-23T04:56:00.608+0000] {processor.py:925} INFO - DAG(s) 'conditional_dataset_and_time_based_timetable', 'dataset_consumes_1_and_2', 'consume_1_or_both_2_and_3_with_dataset_expressions', 'dataset_consumes_unknown_never_scheduled', 'dataset_consumes_1_never_scheduled', 'consume_1_or_2_with_dataset_expressions', 'dataset_produces_1', 'consume_1_and_2_with_dataset_expressions', 'dataset_produces_2', 'dataset_consumes_1' retrieved from /home/airflow/.local/lib/python3.12/site-packages/airflow/example_dags/example_datasets.py
[2025-02-23T04:56:00.648+0000] {logging_mixin.py:190} INFO - [2025-02-23T04:56:00.647+0000] {dag.py:3239} INFO - Sync 10 DAGs
[2025-02-23T04:56:00.670+0000] {logging_mixin.py:190} INFO - [2025-02-23T04:56:00.670+0000] {dag.py:4180} INFO - Setting next_dagrun for conditional_dataset_and_time_based_timetable to 2025-02-19 01:00:00+00:00, run_after=2025-02-19 01:00:00+00:00
[2025-02-23T04:56:00.674+0000] {logging_mixin.py:190} INFO - [2025-02-23T04:56:00.674+0000] {dag.py:4180} INFO - Setting next_dagrun for consume_1_and_2_with_dataset_expressions to None, run_after=None
[2025-02-23T04:56:00.675+0000] {logging_mixin.py:190} INFO - [2025-02-23T04:56:00.675+0000] {dag.py:4180} INFO - Setting next_dagrun for consume_1_or_2_with_dataset_expressions to None, run_after=None
[2025-02-23T04:56:00.677+0000] {logging_mixin.py:190} INFO - [2025-02-23T04:56:00.676+0000] {dag.py:4180} INFO - Setting next_dagrun for consume_1_or_both_2_and_3_with_dataset_expressions to None, run_after=None
[2025-02-23T04:56:00.678+0000] {logging_mixin.py:190} INFO - [2025-02-23T04:56:00.678+0000] {dag.py:4180} INFO - Setting next_dagrun for dataset_consumes_1 to None, run_after=None
[2025-02-23T04:56:00.679+0000] {logging_mixin.py:190} INFO - [2025-02-23T04:56:00.679+0000] {dag.py:4180} INFO - Setting next_dagrun for dataset_consumes_1_and_2 to None, run_after=None
[2025-02-23T04:56:00.680+0000] {logging_mixin.py:190} INFO - [2025-02-23T04:56:00.680+0000] {dag.py:4180} INFO - Setting next_dagrun for dataset_consumes_1_never_scheduled to None, run_after=None
[2025-02-23T04:56:00.682+0000] {logging_mixin.py:190} INFO - [2025-02-23T04:56:00.682+0000] {dag.py:4180} INFO - Setting next_dagrun for dataset_consumes_unknown_never_scheduled to None, run_after=None
[2025-02-23T04:56:00.684+0000] {logging_mixin.py:190} INFO - [2025-02-23T04:56:00.684+0000] {dag.py:4180} INFO - Setting next_dagrun for dataset_produces_1 to 2025-02-22 00:00:00+00:00, run_after=2025-02-23 00:00:00+00:00
[2025-02-23T04:56:00.685+0000] {logging_mixin.py:190} INFO - [2025-02-23T04:56:00.685+0000] {dag.py:4180} INFO - Setting next_dagrun for dataset_produces_2 to None, run_after=None
[2025-02-23T04:56:00.717+0000] {processor.py:208} INFO - Processing /home/airflow/.local/lib/python3.12/site-packages/airflow/example_dags/example_datasets.py took 0.671 seconds
[2025-02-23T04:56:30.761+0000] {processor.py:186} INFO - Started process (PID=1316) to work on /home/airflow/.local/lib/python3.12/site-packages/airflow/example_dags/example_datasets.py
[2025-02-23T04:56:30.762+0000] {processor.py:914} INFO - Processing file /home/airflow/.local/lib/python3.12/site-packages/airflow/example_dags/example_datasets.py for tasks to queue
[2025-02-23T04:56:30.763+0000] {logging_mixin.py:190} INFO - [2025-02-23T04:56:30.763+0000] {dagbag.py:588} INFO - Filling up the DagBag from /home/airflow/.local/lib/python3.12/site-packages/airflow/example_dags/example_datasets.py
[2025-02-23T04:56:31.285+0000] {processor.py:925} INFO - DAG(s) 'consume_1_or_both_2_and_3_with_dataset_expressions', 'dataset_produces_2', 'dataset_consumes_unknown_never_scheduled', 'conditional_dataset_and_time_based_timetable', 'dataset_consumes_1_never_scheduled', 'dataset_consumes_1', 'dataset_produces_1', 'consume_1_and_2_with_dataset_expressions', 'consume_1_or_2_with_dataset_expressions', 'dataset_consumes_1_and_2' retrieved from /home/airflow/.local/lib/python3.12/site-packages/airflow/example_dags/example_datasets.py
[2025-02-23T04:56:31.322+0000] {logging_mixin.py:190} INFO - [2025-02-23T04:56:31.322+0000] {dag.py:3239} INFO - Sync 10 DAGs
[2025-02-23T04:56:31.350+0000] {logging_mixin.py:190} INFO - [2025-02-23T04:56:31.349+0000] {dag.py:4180} INFO - Setting next_dagrun for conditional_dataset_and_time_based_timetable to 2025-02-19 01:00:00+00:00, run_after=2025-02-19 01:00:00+00:00
[2025-02-23T04:56:31.353+0000] {logging_mixin.py:190} INFO - [2025-02-23T04:56:31.352+0000] {dag.py:4180} INFO - Setting next_dagrun for consume_1_and_2_with_dataset_expressions to None, run_after=None
[2025-02-23T04:56:31.354+0000] {logging_mixin.py:190} INFO - [2025-02-23T04:56:31.353+0000] {dag.py:4180} INFO - Setting next_dagrun for consume_1_or_2_with_dataset_expressions to None, run_after=None
[2025-02-23T04:56:31.354+0000] {logging_mixin.py:190} INFO - [2025-02-23T04:56:31.354+0000] {dag.py:4180} INFO - Setting next_dagrun for consume_1_or_both_2_and_3_with_dataset_expressions to None, run_after=None
[2025-02-23T04:56:31.355+0000] {logging_mixin.py:190} INFO - [2025-02-23T04:56:31.355+0000] {dag.py:4180} INFO - Setting next_dagrun for dataset_consumes_1 to None, run_after=None
[2025-02-23T04:56:31.356+0000] {logging_mixin.py:190} INFO - [2025-02-23T04:56:31.356+0000] {dag.py:4180} INFO - Setting next_dagrun for dataset_consumes_1_and_2 to None, run_after=None
[2025-02-23T04:56:31.357+0000] {logging_mixin.py:190} INFO - [2025-02-23T04:56:31.357+0000] {dag.py:4180} INFO - Setting next_dagrun for dataset_consumes_1_never_scheduled to None, run_after=None
[2025-02-23T04:56:31.358+0000] {logging_mixin.py:190} INFO - [2025-02-23T04:56:31.358+0000] {dag.py:4180} INFO - Setting next_dagrun for dataset_consumes_unknown_never_scheduled to None, run_after=None
[2025-02-23T04:56:31.360+0000] {logging_mixin.py:190} INFO - [2025-02-23T04:56:31.360+0000] {dag.py:4180} INFO - Setting next_dagrun for dataset_produces_1 to 2025-02-22 00:00:00+00:00, run_after=2025-02-23 00:00:00+00:00
[2025-02-23T04:56:31.361+0000] {logging_mixin.py:190} INFO - [2025-02-23T04:56:31.361+0000] {dag.py:4180} INFO - Setting next_dagrun for dataset_produces_2 to None, run_after=None
[2025-02-23T04:56:31.390+0000] {processor.py:208} INFO - Processing /home/airflow/.local/lib/python3.12/site-packages/airflow/example_dags/example_datasets.py took 0.633 seconds
[2025-02-23T04:57:01.430+0000] {processor.py:186} INFO - Started process (PID=1381) to work on /home/airflow/.local/lib/python3.12/site-packages/airflow/example_dags/example_datasets.py
[2025-02-23T04:57:01.430+0000] {processor.py:914} INFO - Processing file /home/airflow/.local/lib/python3.12/site-packages/airflow/example_dags/example_datasets.py for tasks to queue
[2025-02-23T04:57:01.432+0000] {logging_mixin.py:190} INFO - [2025-02-23T04:57:01.432+0000] {dagbag.py:588} INFO - Filling up the DagBag from /home/airflow/.local/lib/python3.12/site-packages/airflow/example_dags/example_datasets.py
[2025-02-23T04:57:01.976+0000] {processor.py:925} INFO - DAG(s) 'dataset_produces_2', 'dataset_consumes_unknown_never_scheduled', 'dataset_consumes_1_never_scheduled', 'dataset_consumes_1', 'dataset_consumes_1_and_2', 'consume_1_and_2_with_dataset_expressions', 'consume_1_or_both_2_and_3_with_dataset_expressions', 'conditional_dataset_and_time_based_timetable', 'consume_1_or_2_with_dataset_expressions', 'dataset_produces_1' retrieved from /home/airflow/.local/lib/python3.12/site-packages/airflow/example_dags/example_datasets.py
[2025-02-23T04:57:02.013+0000] {logging_mixin.py:190} INFO - [2025-02-23T04:57:02.013+0000] {dag.py:3239} INFO - Sync 10 DAGs
[2025-02-23T04:57:02.037+0000] {logging_mixin.py:190} INFO - [2025-02-23T04:57:02.036+0000] {dag.py:4180} INFO - Setting next_dagrun for conditional_dataset_and_time_based_timetable to 2025-02-19 01:00:00+00:00, run_after=2025-02-19 01:00:00+00:00
[2025-02-23T04:57:02.040+0000] {logging_mixin.py:190} INFO - [2025-02-23T04:57:02.040+0000] {dag.py:4180} INFO - Setting next_dagrun for consume_1_and_2_with_dataset_expressions to None, run_after=None
[2025-02-23T04:57:02.041+0000] {logging_mixin.py:190} INFO - [2025-02-23T04:57:02.041+0000] {dag.py:4180} INFO - Setting next_dagrun for consume_1_or_2_with_dataset_expressions to None, run_after=None
[2025-02-23T04:57:02.042+0000] {logging_mixin.py:190} INFO - [2025-02-23T04:57:02.042+0000] {dag.py:4180} INFO - Setting next_dagrun for consume_1_or_both_2_and_3_with_dataset_expressions to None, run_after=None
[2025-02-23T04:57:02.043+0000] {logging_mixin.py:190} INFO - [2025-02-23T04:57:02.042+0000] {dag.py:4180} INFO - Setting next_dagrun for dataset_consumes_1 to None, run_after=None
[2025-02-23T04:57:02.043+0000] {logging_mixin.py:190} INFO - [2025-02-23T04:57:02.043+0000] {dag.py:4180} INFO - Setting next_dagrun for dataset_consumes_1_and_2 to None, run_after=None
[2025-02-23T04:57:02.044+0000] {logging_mixin.py:190} INFO - [2025-02-23T04:57:02.044+0000] {dag.py:4180} INFO - Setting next_dagrun for dataset_consumes_1_never_scheduled to None, run_after=None
[2025-02-23T04:57:02.046+0000] {logging_mixin.py:190} INFO - [2025-02-23T04:57:02.045+0000] {dag.py:4180} INFO - Setting next_dagrun for dataset_consumes_unknown_never_scheduled to None, run_after=None
[2025-02-23T04:57:02.048+0000] {logging_mixin.py:190} INFO - [2025-02-23T04:57:02.048+0000] {dag.py:4180} INFO - Setting next_dagrun for dataset_produces_1 to 2025-02-22 00:00:00+00:00, run_after=2025-02-23 00:00:00+00:00
[2025-02-23T04:57:02.049+0000] {logging_mixin.py:190} INFO - [2025-02-23T04:57:02.049+0000] {dag.py:4180} INFO - Setting next_dagrun for dataset_produces_2 to None, run_after=None
[2025-02-23T04:57:02.083+0000] {processor.py:208} INFO - Processing /home/airflow/.local/lib/python3.12/site-packages/airflow/example_dags/example_datasets.py took 0.657 seconds
