[2025-02-23T04:46:39.237+0000] {processor.py:186} INFO - Started process (PID=88) to work on /home/airflow/.local/lib/python3.12/site-packages/airflow/example_dags/example_sla_dag.py
[2025-02-23T04:46:39.237+0000] {processor.py:914} INFO - Processing file /home/airflow/.local/lib/python3.12/site-packages/airflow/example_dags/example_sla_dag.py for tasks to queue
[2025-02-23T04:46:39.239+0000] {logging_mixin.py:190} INFO - [2025-02-23T04:46:39.239+0000] {dagbag.py:588} INFO - Filling up the DagBag from /home/airflow/.local/lib/python3.12/site-packages/airflow/example_dags/example_sla_dag.py
[2025-02-23T04:46:39.251+0000] {processor.py:925} INFO - DAG(s) 'example_sla_dag' retrieved from /home/airflow/.local/lib/python3.12/site-packages/airflow/example_dags/example_sla_dag.py
[2025-02-23T04:46:39.369+0000] {logging_mixin.py:190} INFO - [2025-02-23T04:46:39.369+0000] {override.py:1911} INFO - Created Permission View: can read on DAG:example_sla_dag
[2025-02-23T04:46:39.378+0000] {logging_mixin.py:190} INFO - [2025-02-23T04:46:39.378+0000] {override.py:1911} INFO - Created Permission View: can delete on DAG:example_sla_dag
[2025-02-23T04:46:39.383+0000] {logging_mixin.py:190} INFO - [2025-02-23T04:46:39.383+0000] {override.py:1911} INFO - Created Permission View: can edit on DAG:example_sla_dag
[2025-02-23T04:46:39.389+0000] {logging_mixin.py:190} INFO - [2025-02-23T04:46:39.389+0000] {override.py:1911} INFO - Created Permission View: can read on DAG Run:example_sla_dag
[2025-02-23T04:46:39.394+0000] {logging_mixin.py:190} INFO - [2025-02-23T04:46:39.394+0000] {override.py:1911} INFO - Created Permission View: menu access on DAG Run:example_sla_dag
[2025-02-23T04:46:39.399+0000] {logging_mixin.py:190} INFO - [2025-02-23T04:46:39.399+0000] {override.py:1911} INFO - Created Permission View: can create on DAG Run:example_sla_dag
[2025-02-23T04:46:39.405+0000] {logging_mixin.py:190} INFO - [2025-02-23T04:46:39.404+0000] {override.py:1911} INFO - Created Permission View: can delete on DAG Run:example_sla_dag
[2025-02-23T04:46:39.405+0000] {logging_mixin.py:190} INFO - [2025-02-23T04:46:39.405+0000] {dag.py:3239} INFO - Sync 1 DAGs
[2025-02-23T04:46:39.420+0000] {logging_mixin.py:190} INFO - [2025-02-23T04:46:39.419+0000] {dag.py:3262} INFO - Creating ORM DAG for example_sla_dag
[2025-02-23T04:46:39.434+0000] {logging_mixin.py:190} INFO - [2025-02-23T04:46:39.433+0000] {dag.py:4180} INFO - Setting next_dagrun for example_sla_dag to 2025-02-23 04:44:00+00:00, run_after=2025-02-23 04:46:00+00:00
[2025-02-23T04:46:39.467+0000] {processor.py:208} INFO - Processing /home/airflow/.local/lib/python3.12/site-packages/airflow/example_dags/example_sla_dag.py took 0.237 seconds
[2025-02-23T04:47:09.698+0000] {processor.py:186} INFO - Started process (PID=152) to work on /home/airflow/.local/lib/python3.12/site-packages/airflow/example_dags/example_sla_dag.py
[2025-02-23T04:47:09.698+0000] {processor.py:914} INFO - Processing file /home/airflow/.local/lib/python3.12/site-packages/airflow/example_dags/example_sla_dag.py for tasks to queue
[2025-02-23T04:47:09.700+0000] {logging_mixin.py:190} INFO - [2025-02-23T04:47:09.700+0000] {dagbag.py:588} INFO - Filling up the DagBag from /home/airflow/.local/lib/python3.12/site-packages/airflow/example_dags/example_sla_dag.py
[2025-02-23T04:47:09.708+0000] {processor.py:925} INFO - DAG(s) 'example_sla_dag' retrieved from /home/airflow/.local/lib/python3.12/site-packages/airflow/example_dags/example_sla_dag.py
[2025-02-23T04:47:09.723+0000] {logging_mixin.py:190} INFO - [2025-02-23T04:47:09.722+0000] {dag.py:3239} INFO - Sync 1 DAGs
[2025-02-23T04:47:09.744+0000] {logging_mixin.py:190} INFO - [2025-02-23T04:47:09.743+0000] {dag.py:4180} INFO - Setting next_dagrun for example_sla_dag to 2025-02-23 04:44:00+00:00, run_after=2025-02-23 04:46:00+00:00
[2025-02-23T04:47:09.756+0000] {processor.py:208} INFO - Processing /home/airflow/.local/lib/python3.12/site-packages/airflow/example_dags/example_sla_dag.py took 0.063 seconds
[2025-02-23T04:47:40.006+0000] {processor.py:186} INFO - Started process (PID=214) to work on /home/airflow/.local/lib/python3.12/site-packages/airflow/example_dags/example_sla_dag.py
[2025-02-23T04:47:40.007+0000] {processor.py:914} INFO - Processing file /home/airflow/.local/lib/python3.12/site-packages/airflow/example_dags/example_sla_dag.py for tasks to queue
[2025-02-23T04:47:40.009+0000] {logging_mixin.py:190} INFO - [2025-02-23T04:47:40.008+0000] {dagbag.py:588} INFO - Filling up the DagBag from /home/airflow/.local/lib/python3.12/site-packages/airflow/example_dags/example_sla_dag.py
[2025-02-23T04:47:40.017+0000] {processor.py:925} INFO - DAG(s) 'example_sla_dag' retrieved from /home/airflow/.local/lib/python3.12/site-packages/airflow/example_dags/example_sla_dag.py
[2025-02-23T04:47:40.034+0000] {logging_mixin.py:190} INFO - [2025-02-23T04:47:40.034+0000] {dag.py:3239} INFO - Sync 1 DAGs
[2025-02-23T04:47:40.056+0000] {logging_mixin.py:190} INFO - [2025-02-23T04:47:40.056+0000] {dag.py:4180} INFO - Setting next_dagrun for example_sla_dag to 2025-02-23 04:44:00+00:00, run_after=2025-02-23 04:46:00+00:00
[2025-02-23T04:47:40.068+0000] {processor.py:208} INFO - Processing /home/airflow/.local/lib/python3.12/site-packages/airflow/example_dags/example_sla_dag.py took 0.066 seconds
[2025-02-23T04:48:10.703+0000] {processor.py:186} INFO - Started process (PID=277) to work on /home/airflow/.local/lib/python3.12/site-packages/airflow/example_dags/example_sla_dag.py
[2025-02-23T04:48:10.704+0000] {processor.py:914} INFO - Processing file /home/airflow/.local/lib/python3.12/site-packages/airflow/example_dags/example_sla_dag.py for tasks to queue
[2025-02-23T04:48:10.706+0000] {logging_mixin.py:190} INFO - [2025-02-23T04:48:10.706+0000] {dagbag.py:588} INFO - Filling up the DagBag from /home/airflow/.local/lib/python3.12/site-packages/airflow/example_dags/example_sla_dag.py
[2025-02-23T04:48:10.717+0000] {processor.py:925} INFO - DAG(s) 'example_sla_dag' retrieved from /home/airflow/.local/lib/python3.12/site-packages/airflow/example_dags/example_sla_dag.py
[2025-02-23T04:48:10.734+0000] {logging_mixin.py:190} INFO - [2025-02-23T04:48:10.734+0000] {dag.py:3239} INFO - Sync 1 DAGs
[2025-02-23T04:48:10.757+0000] {logging_mixin.py:190} INFO - [2025-02-23T04:48:10.757+0000] {dag.py:4180} INFO - Setting next_dagrun for example_sla_dag to 2025-02-23 04:46:00+00:00, run_after=2025-02-23 04:48:00+00:00
[2025-02-23T04:48:10.771+0000] {processor.py:208} INFO - Processing /home/airflow/.local/lib/python3.12/site-packages/airflow/example_dags/example_sla_dag.py took 0.072 seconds
[2025-02-23T04:48:40.830+0000] {processor.py:186} INFO - Started process (PID=341) to work on /home/airflow/.local/lib/python3.12/site-packages/airflow/example_dags/example_sla_dag.py
[2025-02-23T04:48:40.830+0000] {processor.py:914} INFO - Processing file /home/airflow/.local/lib/python3.12/site-packages/airflow/example_dags/example_sla_dag.py for tasks to queue
[2025-02-23T04:48:40.832+0000] {logging_mixin.py:190} INFO - [2025-02-23T04:48:40.832+0000] {dagbag.py:588} INFO - Filling up the DagBag from /home/airflow/.local/lib/python3.12/site-packages/airflow/example_dags/example_sla_dag.py
[2025-02-23T04:48:40.843+0000] {processor.py:925} INFO - DAG(s) 'example_sla_dag' retrieved from /home/airflow/.local/lib/python3.12/site-packages/airflow/example_dags/example_sla_dag.py
[2025-02-23T04:48:40.863+0000] {logging_mixin.py:190} INFO - [2025-02-23T04:48:40.863+0000] {dag.py:3239} INFO - Sync 1 DAGs
[2025-02-23T04:48:40.894+0000] {logging_mixin.py:190} INFO - [2025-02-23T04:48:40.894+0000] {dag.py:4180} INFO - Setting next_dagrun for example_sla_dag to 2025-02-23 04:46:00+00:00, run_after=2025-02-23 04:48:00+00:00
[2025-02-23T04:48:40.910+0000] {processor.py:208} INFO - Processing /home/airflow/.local/lib/python3.12/site-packages/airflow/example_dags/example_sla_dag.py took 0.087 seconds
[2025-02-23T04:49:10.979+0000] {processor.py:186} INFO - Started process (PID=405) to work on /home/airflow/.local/lib/python3.12/site-packages/airflow/example_dags/example_sla_dag.py
[2025-02-23T04:49:10.980+0000] {processor.py:914} INFO - Processing file /home/airflow/.local/lib/python3.12/site-packages/airflow/example_dags/example_sla_dag.py for tasks to queue
[2025-02-23T04:49:10.982+0000] {logging_mixin.py:190} INFO - [2025-02-23T04:49:10.981+0000] {dagbag.py:588} INFO - Filling up the DagBag from /home/airflow/.local/lib/python3.12/site-packages/airflow/example_dags/example_sla_dag.py
[2025-02-23T04:49:10.990+0000] {processor.py:925} INFO - DAG(s) 'example_sla_dag' retrieved from /home/airflow/.local/lib/python3.12/site-packages/airflow/example_dags/example_sla_dag.py
[2025-02-23T04:49:11.005+0000] {logging_mixin.py:190} INFO - [2025-02-23T04:49:11.004+0000] {dag.py:3239} INFO - Sync 1 DAGs
[2025-02-23T04:49:11.026+0000] {logging_mixin.py:190} INFO - [2025-02-23T04:49:11.026+0000] {dag.py:4180} INFO - Setting next_dagrun for example_sla_dag to 2025-02-23 04:46:00+00:00, run_after=2025-02-23 04:48:00+00:00
[2025-02-23T04:49:11.040+0000] {processor.py:208} INFO - Processing /home/airflow/.local/lib/python3.12/site-packages/airflow/example_dags/example_sla_dag.py took 0.065 seconds
[2025-02-23T04:49:41.130+0000] {processor.py:186} INFO - Started process (PID=468) to work on /home/airflow/.local/lib/python3.12/site-packages/airflow/example_dags/example_sla_dag.py
[2025-02-23T04:49:41.131+0000] {processor.py:914} INFO - Processing file /home/airflow/.local/lib/python3.12/site-packages/airflow/example_dags/example_sla_dag.py for tasks to queue
[2025-02-23T04:49:41.133+0000] {logging_mixin.py:190} INFO - [2025-02-23T04:49:41.132+0000] {dagbag.py:588} INFO - Filling up the DagBag from /home/airflow/.local/lib/python3.12/site-packages/airflow/example_dags/example_sla_dag.py
[2025-02-23T04:49:41.142+0000] {processor.py:925} INFO - DAG(s) 'example_sla_dag' retrieved from /home/airflow/.local/lib/python3.12/site-packages/airflow/example_dags/example_sla_dag.py
[2025-02-23T04:49:41.158+0000] {logging_mixin.py:190} INFO - [2025-02-23T04:49:41.158+0000] {dag.py:3239} INFO - Sync 1 DAGs
[2025-02-23T04:49:41.182+0000] {logging_mixin.py:190} INFO - [2025-02-23T04:49:41.182+0000] {dag.py:4180} INFO - Setting next_dagrun for example_sla_dag to 2025-02-23 04:46:00+00:00, run_after=2025-02-23 04:48:00+00:00
[2025-02-23T04:49:41.195+0000] {processor.py:208} INFO - Processing /home/airflow/.local/lib/python3.12/site-packages/airflow/example_dags/example_sla_dag.py took 0.070 seconds
[2025-02-23T04:50:11.482+0000] {processor.py:186} INFO - Started process (PID=531) to work on /home/airflow/.local/lib/python3.12/site-packages/airflow/example_dags/example_sla_dag.py
[2025-02-23T04:50:11.483+0000] {processor.py:914} INFO - Processing file /home/airflow/.local/lib/python3.12/site-packages/airflow/example_dags/example_sla_dag.py for tasks to queue
[2025-02-23T04:50:11.484+0000] {logging_mixin.py:190} INFO - [2025-02-23T04:50:11.484+0000] {dagbag.py:588} INFO - Filling up the DagBag from /home/airflow/.local/lib/python3.12/site-packages/airflow/example_dags/example_sla_dag.py
[2025-02-23T04:50:11.492+0000] {processor.py:925} INFO - DAG(s) 'example_sla_dag' retrieved from /home/airflow/.local/lib/python3.12/site-packages/airflow/example_dags/example_sla_dag.py
[2025-02-23T04:50:11.509+0000] {logging_mixin.py:190} INFO - [2025-02-23T04:50:11.508+0000] {dag.py:3239} INFO - Sync 1 DAGs
[2025-02-23T04:50:11.534+0000] {logging_mixin.py:190} INFO - [2025-02-23T04:50:11.534+0000] {dag.py:4180} INFO - Setting next_dagrun for example_sla_dag to 2025-02-23 04:48:00+00:00, run_after=2025-02-23 04:50:00+00:00
[2025-02-23T04:50:11.549+0000] {processor.py:208} INFO - Processing /home/airflow/.local/lib/python3.12/site-packages/airflow/example_dags/example_sla_dag.py took 0.071 seconds
[2025-02-23T04:50:42.140+0000] {processor.py:186} INFO - Started process (PID=594) to work on /home/airflow/.local/lib/python3.12/site-packages/airflow/example_dags/example_sla_dag.py
[2025-02-23T04:50:42.141+0000] {processor.py:914} INFO - Processing file /home/airflow/.local/lib/python3.12/site-packages/airflow/example_dags/example_sla_dag.py for tasks to queue
[2025-02-23T04:50:42.143+0000] {logging_mixin.py:190} INFO - [2025-02-23T04:50:42.143+0000] {dagbag.py:588} INFO - Filling up the DagBag from /home/airflow/.local/lib/python3.12/site-packages/airflow/example_dags/example_sla_dag.py
[2025-02-23T04:50:42.154+0000] {processor.py:925} INFO - DAG(s) 'example_sla_dag' retrieved from /home/airflow/.local/lib/python3.12/site-packages/airflow/example_dags/example_sla_dag.py
[2025-02-23T04:50:42.170+0000] {logging_mixin.py:190} INFO - [2025-02-23T04:50:42.170+0000] {dag.py:3239} INFO - Sync 1 DAGs
[2025-02-23T04:50:42.192+0000] {logging_mixin.py:190} INFO - [2025-02-23T04:50:42.192+0000] {dag.py:4180} INFO - Setting next_dagrun for example_sla_dag to 2025-02-23 04:48:00+00:00, run_after=2025-02-23 04:50:00+00:00
[2025-02-23T04:50:42.206+0000] {processor.py:208} INFO - Processing /home/airflow/.local/lib/python3.12/site-packages/airflow/example_dags/example_sla_dag.py took 0.071 seconds
[2025-02-23T04:51:12.584+0000] {processor.py:186} INFO - Started process (PID=657) to work on /home/airflow/.local/lib/python3.12/site-packages/airflow/example_dags/example_sla_dag.py
[2025-02-23T04:51:12.584+0000] {processor.py:914} INFO - Processing file /home/airflow/.local/lib/python3.12/site-packages/airflow/example_dags/example_sla_dag.py for tasks to queue
[2025-02-23T04:51:12.586+0000] {logging_mixin.py:190} INFO - [2025-02-23T04:51:12.586+0000] {dagbag.py:588} INFO - Filling up the DagBag from /home/airflow/.local/lib/python3.12/site-packages/airflow/example_dags/example_sla_dag.py
[2025-02-23T04:51:12.594+0000] {processor.py:925} INFO - DAG(s) 'example_sla_dag' retrieved from /home/airflow/.local/lib/python3.12/site-packages/airflow/example_dags/example_sla_dag.py
[2025-02-23T04:51:12.611+0000] {logging_mixin.py:190} INFO - [2025-02-23T04:51:12.610+0000] {dag.py:3239} INFO - Sync 1 DAGs
[2025-02-23T04:51:12.634+0000] {logging_mixin.py:190} INFO - [2025-02-23T04:51:12.634+0000] {dag.py:4180} INFO - Setting next_dagrun for example_sla_dag to 2025-02-23 04:48:00+00:00, run_after=2025-02-23 04:50:00+00:00
[2025-02-23T04:51:12.646+0000] {processor.py:208} INFO - Processing /home/airflow/.local/lib/python3.12/site-packages/airflow/example_dags/example_sla_dag.py took 0.067 seconds
[2025-02-23T04:51:42.861+0000] {processor.py:186} INFO - Started process (PID=721) to work on /home/airflow/.local/lib/python3.12/site-packages/airflow/example_dags/example_sla_dag.py
[2025-02-23T04:51:42.861+0000] {processor.py:914} INFO - Processing file /home/airflow/.local/lib/python3.12/site-packages/airflow/example_dags/example_sla_dag.py for tasks to queue
[2025-02-23T04:51:42.863+0000] {logging_mixin.py:190} INFO - [2025-02-23T04:51:42.862+0000] {dagbag.py:588} INFO - Filling up the DagBag from /home/airflow/.local/lib/python3.12/site-packages/airflow/example_dags/example_sla_dag.py
[2025-02-23T04:51:42.871+0000] {processor.py:925} INFO - DAG(s) 'example_sla_dag' retrieved from /home/airflow/.local/lib/python3.12/site-packages/airflow/example_dags/example_sla_dag.py
[2025-02-23T04:51:42.888+0000] {logging_mixin.py:190} INFO - [2025-02-23T04:51:42.888+0000] {dag.py:3239} INFO - Sync 1 DAGs
[2025-02-23T04:51:42.910+0000] {logging_mixin.py:190} INFO - [2025-02-23T04:51:42.910+0000] {dag.py:4180} INFO - Setting next_dagrun for example_sla_dag to 2025-02-23 04:48:00+00:00, run_after=2025-02-23 04:50:00+00:00
[2025-02-23T04:51:42.923+0000] {processor.py:208} INFO - Processing /home/airflow/.local/lib/python3.12/site-packages/airflow/example_dags/example_sla_dag.py took 0.067 seconds
[2025-02-23T04:52:13.300+0000] {processor.py:186} INFO - Started process (PID=784) to work on /home/airflow/.local/lib/python3.12/site-packages/airflow/example_dags/example_sla_dag.py
[2025-02-23T04:52:13.300+0000] {processor.py:914} INFO - Processing file /home/airflow/.local/lib/python3.12/site-packages/airflow/example_dags/example_sla_dag.py for tasks to queue
[2025-02-23T04:52:13.302+0000] {logging_mixin.py:190} INFO - [2025-02-23T04:52:13.302+0000] {dagbag.py:588} INFO - Filling up the DagBag from /home/airflow/.local/lib/python3.12/site-packages/airflow/example_dags/example_sla_dag.py
[2025-02-23T04:52:13.310+0000] {processor.py:925} INFO - DAG(s) 'example_sla_dag' retrieved from /home/airflow/.local/lib/python3.12/site-packages/airflow/example_dags/example_sla_dag.py
[2025-02-23T04:52:13.325+0000] {logging_mixin.py:190} INFO - [2025-02-23T04:52:13.325+0000] {dag.py:3239} INFO - Sync 1 DAGs
[2025-02-23T04:52:13.344+0000] {logging_mixin.py:190} INFO - [2025-02-23T04:52:13.344+0000] {dag.py:4180} INFO - Setting next_dagrun for example_sla_dag to 2025-02-23 04:50:00+00:00, run_after=2025-02-23 04:52:00+00:00
[2025-02-23T04:52:13.357+0000] {processor.py:208} INFO - Processing /home/airflow/.local/lib/python3.12/site-packages/airflow/example_dags/example_sla_dag.py took 0.061 seconds
[2025-02-23T04:52:43.473+0000] {processor.py:186} INFO - Started process (PID=847) to work on /home/airflow/.local/lib/python3.12/site-packages/airflow/example_dags/example_sla_dag.py
[2025-02-23T04:52:43.473+0000] {processor.py:914} INFO - Processing file /home/airflow/.local/lib/python3.12/site-packages/airflow/example_dags/example_sla_dag.py for tasks to queue
[2025-02-23T04:52:43.475+0000] {logging_mixin.py:190} INFO - [2025-02-23T04:52:43.475+0000] {dagbag.py:588} INFO - Filling up the DagBag from /home/airflow/.local/lib/python3.12/site-packages/airflow/example_dags/example_sla_dag.py
[2025-02-23T04:52:43.483+0000] {processor.py:925} INFO - DAG(s) 'example_sla_dag' retrieved from /home/airflow/.local/lib/python3.12/site-packages/airflow/example_dags/example_sla_dag.py
[2025-02-23T04:52:43.497+0000] {logging_mixin.py:190} INFO - [2025-02-23T04:52:43.497+0000] {dag.py:3239} INFO - Sync 1 DAGs
[2025-02-23T04:52:43.516+0000] {logging_mixin.py:190} INFO - [2025-02-23T04:52:43.516+0000] {dag.py:4180} INFO - Setting next_dagrun for example_sla_dag to 2025-02-23 04:50:00+00:00, run_after=2025-02-23 04:52:00+00:00
[2025-02-23T04:52:43.527+0000] {processor.py:208} INFO - Processing /home/airflow/.local/lib/python3.12/site-packages/airflow/example_dags/example_sla_dag.py took 0.059 seconds
[2025-02-23T04:53:13.875+0000] {processor.py:186} INFO - Started process (PID=910) to work on /home/airflow/.local/lib/python3.12/site-packages/airflow/example_dags/example_sla_dag.py
[2025-02-23T04:53:13.875+0000] {processor.py:914} INFO - Processing file /home/airflow/.local/lib/python3.12/site-packages/airflow/example_dags/example_sla_dag.py for tasks to queue
[2025-02-23T04:53:13.877+0000] {logging_mixin.py:190} INFO - [2025-02-23T04:53:13.877+0000] {dagbag.py:588} INFO - Filling up the DagBag from /home/airflow/.local/lib/python3.12/site-packages/airflow/example_dags/example_sla_dag.py
[2025-02-23T04:53:13.885+0000] {processor.py:925} INFO - DAG(s) 'example_sla_dag' retrieved from /home/airflow/.local/lib/python3.12/site-packages/airflow/example_dags/example_sla_dag.py
[2025-02-23T04:53:13.900+0000] {logging_mixin.py:190} INFO - [2025-02-23T04:53:13.899+0000] {dag.py:3239} INFO - Sync 1 DAGs
[2025-02-23T04:53:13.920+0000] {logging_mixin.py:190} INFO - [2025-02-23T04:53:13.920+0000] {dag.py:4180} INFO - Setting next_dagrun for example_sla_dag to 2025-02-23 04:50:00+00:00, run_after=2025-02-23 04:52:00+00:00
[2025-02-23T04:53:13.932+0000] {processor.py:208} INFO - Processing /home/airflow/.local/lib/python3.12/site-packages/airflow/example_dags/example_sla_dag.py took 0.061 seconds
[2025-02-23T04:53:44.494+0000] {processor.py:186} INFO - Started process (PID=973) to work on /home/airflow/.local/lib/python3.12/site-packages/airflow/example_dags/example_sla_dag.py
[2025-02-23T04:53:44.495+0000] {processor.py:914} INFO - Processing file /home/airflow/.local/lib/python3.12/site-packages/airflow/example_dags/example_sla_dag.py for tasks to queue
[2025-02-23T04:53:44.497+0000] {logging_mixin.py:190} INFO - [2025-02-23T04:53:44.496+0000] {dagbag.py:588} INFO - Filling up the DagBag from /home/airflow/.local/lib/python3.12/site-packages/airflow/example_dags/example_sla_dag.py
[2025-02-23T04:53:44.505+0000] {processor.py:925} INFO - DAG(s) 'example_sla_dag' retrieved from /home/airflow/.local/lib/python3.12/site-packages/airflow/example_dags/example_sla_dag.py
[2025-02-23T04:53:44.521+0000] {logging_mixin.py:190} INFO - [2025-02-23T04:53:44.521+0000] {dag.py:3239} INFO - Sync 1 DAGs
[2025-02-23T04:53:44.547+0000] {logging_mixin.py:190} INFO - [2025-02-23T04:53:44.547+0000] {dag.py:4180} INFO - Setting next_dagrun for example_sla_dag to 2025-02-23 04:50:00+00:00, run_after=2025-02-23 04:52:00+00:00
[2025-02-23T04:53:44.561+0000] {processor.py:208} INFO - Processing /home/airflow/.local/lib/python3.12/site-packages/airflow/example_dags/example_sla_dag.py took 0.071 seconds
[2025-02-23T04:54:14.806+0000] {processor.py:186} INFO - Started process (PID=1036) to work on /home/airflow/.local/lib/python3.12/site-packages/airflow/example_dags/example_sla_dag.py
[2025-02-23T04:54:14.807+0000] {processor.py:914} INFO - Processing file /home/airflow/.local/lib/python3.12/site-packages/airflow/example_dags/example_sla_dag.py for tasks to queue
[2025-02-23T04:54:14.808+0000] {logging_mixin.py:190} INFO - [2025-02-23T04:54:14.808+0000] {dagbag.py:588} INFO - Filling up the DagBag from /home/airflow/.local/lib/python3.12/site-packages/airflow/example_dags/example_sla_dag.py
[2025-02-23T04:54:14.817+0000] {processor.py:925} INFO - DAG(s) 'example_sla_dag' retrieved from /home/airflow/.local/lib/python3.12/site-packages/airflow/example_dags/example_sla_dag.py
[2025-02-23T04:54:14.834+0000] {logging_mixin.py:190} INFO - [2025-02-23T04:54:14.834+0000] {dag.py:3239} INFO - Sync 1 DAGs
[2025-02-23T04:54:14.856+0000] {logging_mixin.py:190} INFO - [2025-02-23T04:54:14.856+0000] {dag.py:4180} INFO - Setting next_dagrun for example_sla_dag to 2025-02-23 04:52:00+00:00, run_after=2025-02-23 04:54:00+00:00
[2025-02-23T04:54:14.868+0000] {processor.py:208} INFO - Processing /home/airflow/.local/lib/python3.12/site-packages/airflow/example_dags/example_sla_dag.py took 0.067 seconds
[2025-02-23T04:54:45.264+0000] {processor.py:186} INFO - Started process (PID=1099) to work on /home/airflow/.local/lib/python3.12/site-packages/airflow/example_dags/example_sla_dag.py
[2025-02-23T04:54:45.265+0000] {processor.py:914} INFO - Processing file /home/airflow/.local/lib/python3.12/site-packages/airflow/example_dags/example_sla_dag.py for tasks to queue
[2025-02-23T04:54:45.266+0000] {logging_mixin.py:190} INFO - [2025-02-23T04:54:45.266+0000] {dagbag.py:588} INFO - Filling up the DagBag from /home/airflow/.local/lib/python3.12/site-packages/airflow/example_dags/example_sla_dag.py
[2025-02-23T04:54:45.274+0000] {processor.py:925} INFO - DAG(s) 'example_sla_dag' retrieved from /home/airflow/.local/lib/python3.12/site-packages/airflow/example_dags/example_sla_dag.py
[2025-02-23T04:54:45.290+0000] {logging_mixin.py:190} INFO - [2025-02-23T04:54:45.290+0000] {dag.py:3239} INFO - Sync 1 DAGs
[2025-02-23T04:54:45.312+0000] {logging_mixin.py:190} INFO - [2025-02-23T04:54:45.312+0000] {dag.py:4180} INFO - Setting next_dagrun for example_sla_dag to 2025-02-23 04:52:00+00:00, run_after=2025-02-23 04:54:00+00:00
[2025-02-23T04:54:45.324+0000] {processor.py:208} INFO - Processing /home/airflow/.local/lib/python3.12/site-packages/airflow/example_dags/example_sla_dag.py took 0.064 seconds
[2025-02-23T04:55:15.420+0000] {processor.py:186} INFO - Started process (PID=1162) to work on /home/airflow/.local/lib/python3.12/site-packages/airflow/example_dags/example_sla_dag.py
[2025-02-23T04:55:15.421+0000] {processor.py:914} INFO - Processing file /home/airflow/.local/lib/python3.12/site-packages/airflow/example_dags/example_sla_dag.py for tasks to queue
[2025-02-23T04:55:15.423+0000] {logging_mixin.py:190} INFO - [2025-02-23T04:55:15.422+0000] {dagbag.py:588} INFO - Filling up the DagBag from /home/airflow/.local/lib/python3.12/site-packages/airflow/example_dags/example_sla_dag.py
[2025-02-23T04:55:15.433+0000] {processor.py:925} INFO - DAG(s) 'example_sla_dag' retrieved from /home/airflow/.local/lib/python3.12/site-packages/airflow/example_dags/example_sla_dag.py
[2025-02-23T04:55:15.452+0000] {logging_mixin.py:190} INFO - [2025-02-23T04:55:15.451+0000] {dag.py:3239} INFO - Sync 1 DAGs
[2025-02-23T04:55:15.481+0000] {logging_mixin.py:190} INFO - [2025-02-23T04:55:15.481+0000] {dag.py:4180} INFO - Setting next_dagrun for example_sla_dag to 2025-02-23 04:52:00+00:00, run_after=2025-02-23 04:54:00+00:00
[2025-02-23T04:55:15.497+0000] {processor.py:208} INFO - Processing /home/airflow/.local/lib/python3.12/site-packages/airflow/example_dags/example_sla_dag.py took 0.083 seconds
[2025-02-23T04:55:45.617+0000] {processor.py:186} INFO - Started process (PID=1225) to work on /home/airflow/.local/lib/python3.12/site-packages/airflow/example_dags/example_sla_dag.py
[2025-02-23T04:55:45.618+0000] {processor.py:914} INFO - Processing file /home/airflow/.local/lib/python3.12/site-packages/airflow/example_dags/example_sla_dag.py for tasks to queue
[2025-02-23T04:55:45.620+0000] {logging_mixin.py:190} INFO - [2025-02-23T04:55:45.620+0000] {dagbag.py:588} INFO - Filling up the DagBag from /home/airflow/.local/lib/python3.12/site-packages/airflow/example_dags/example_sla_dag.py
[2025-02-23T04:55:45.631+0000] {processor.py:925} INFO - DAG(s) 'example_sla_dag' retrieved from /home/airflow/.local/lib/python3.12/site-packages/airflow/example_dags/example_sla_dag.py
[2025-02-23T04:55:45.651+0000] {logging_mixin.py:190} INFO - [2025-02-23T04:55:45.650+0000] {dag.py:3239} INFO - Sync 1 DAGs
[2025-02-23T04:55:45.679+0000] {logging_mixin.py:190} INFO - [2025-02-23T04:55:45.679+0000] {dag.py:4180} INFO - Setting next_dagrun for example_sla_dag to 2025-02-23 04:52:00+00:00, run_after=2025-02-23 04:54:00+00:00
[2025-02-23T04:55:45.693+0000] {processor.py:208} INFO - Processing /home/airflow/.local/lib/python3.12/site-packages/airflow/example_dags/example_sla_dag.py took 0.082 seconds
[2025-02-23T04:56:15.750+0000] {processor.py:186} INFO - Started process (PID=1288) to work on /home/airflow/.local/lib/python3.12/site-packages/airflow/example_dags/example_sla_dag.py
[2025-02-23T04:56:15.751+0000] {processor.py:914} INFO - Processing file /home/airflow/.local/lib/python3.12/site-packages/airflow/example_dags/example_sla_dag.py for tasks to queue
[2025-02-23T04:56:15.752+0000] {logging_mixin.py:190} INFO - [2025-02-23T04:56:15.752+0000] {dagbag.py:588} INFO - Filling up the DagBag from /home/airflow/.local/lib/python3.12/site-packages/airflow/example_dags/example_sla_dag.py
[2025-02-23T04:56:15.760+0000] {processor.py:925} INFO - DAG(s) 'example_sla_dag' retrieved from /home/airflow/.local/lib/python3.12/site-packages/airflow/example_dags/example_sla_dag.py
[2025-02-23T04:56:15.776+0000] {logging_mixin.py:190} INFO - [2025-02-23T04:56:15.776+0000] {dag.py:3239} INFO - Sync 1 DAGs
[2025-02-23T04:56:15.798+0000] {logging_mixin.py:190} INFO - [2025-02-23T04:56:15.797+0000] {dag.py:4180} INFO - Setting next_dagrun for example_sla_dag to 2025-02-23 04:54:00+00:00, run_after=2025-02-23 04:56:00+00:00
[2025-02-23T04:56:15.811+0000] {processor.py:208} INFO - Processing /home/airflow/.local/lib/python3.12/site-packages/airflow/example_dags/example_sla_dag.py took 0.066 seconds
[2025-02-23T04:56:46.469+0000] {processor.py:186} INFO - Started process (PID=1352) to work on /home/airflow/.local/lib/python3.12/site-packages/airflow/example_dags/example_sla_dag.py
[2025-02-23T04:56:46.470+0000] {processor.py:914} INFO - Processing file /home/airflow/.local/lib/python3.12/site-packages/airflow/example_dags/example_sla_dag.py for tasks to queue
[2025-02-23T04:56:46.471+0000] {logging_mixin.py:190} INFO - [2025-02-23T04:56:46.471+0000] {dagbag.py:588} INFO - Filling up the DagBag from /home/airflow/.local/lib/python3.12/site-packages/airflow/example_dags/example_sla_dag.py
[2025-02-23T04:56:46.479+0000] {processor.py:925} INFO - DAG(s) 'example_sla_dag' retrieved from /home/airflow/.local/lib/python3.12/site-packages/airflow/example_dags/example_sla_dag.py
[2025-02-23T04:56:46.494+0000] {logging_mixin.py:190} INFO - [2025-02-23T04:56:46.493+0000] {dag.py:3239} INFO - Sync 1 DAGs
[2025-02-23T04:56:46.516+0000] {logging_mixin.py:190} INFO - [2025-02-23T04:56:46.516+0000] {dag.py:4180} INFO - Setting next_dagrun for example_sla_dag to 2025-02-23 04:54:00+00:00, run_after=2025-02-23 04:56:00+00:00
[2025-02-23T04:56:46.529+0000] {processor.py:208} INFO - Processing /home/airflow/.local/lib/python3.12/site-packages/airflow/example_dags/example_sla_dag.py took 0.064 seconds
