[2025-02-23T04:46:35.641+0000] {processor.py:186} INFO - Started process (PID=77) to work on /home/airflow/.local/lib/python3.12/site-packages/airflow/example_dags/example_bash_decorator.py
[2025-02-23T04:46:35.641+0000] {processor.py:914} INFO - Processing file /home/airflow/.local/lib/python3.12/site-packages/airflow/example_dags/example_bash_decorator.py for tasks to queue
[2025-02-23T04:46:35.644+0000] {logging_mixin.py:190} INFO - [2025-02-23T04:46:35.644+0000] {dagbag.py:588} INFO - Filling up the DagBag from /home/airflow/.local/lib/python3.12/site-packages/airflow/example_dags/example_bash_decorator.py
[2025-02-23T04:46:35.661+0000] {processor.py:925} INFO - DAG(s) 'example_bash_decorator' retrieved from /home/airflow/.local/lib/python3.12/site-packages/airflow/example_dags/example_bash_decorator.py
[2025-02-23T04:46:35.894+0000] {logging_mixin.py:190} INFO - [2025-02-23T04:46:35.893+0000] {override.py:1911} INFO - Created Permission View: can read on DAG:example_bash_decorator
[2025-02-23T04:46:35.906+0000] {logging_mixin.py:190} INFO - [2025-02-23T04:46:35.906+0000] {override.py:1911} INFO - Created Permission View: can delete on DAG:example_bash_decorator
[2025-02-23T04:46:35.912+0000] {logging_mixin.py:190} INFO - [2025-02-23T04:46:35.912+0000] {override.py:1911} INFO - Created Permission View: can edit on DAG:example_bash_decorator
[2025-02-23T04:46:35.924+0000] {logging_mixin.py:190} INFO - [2025-02-23T04:46:35.923+0000] {override.py:1911} INFO - Created Permission View: can read on DAG Run:example_bash_decorator
[2025-02-23T04:46:35.947+0000] {logging_mixin.py:190} INFO - [2025-02-23T04:46:35.947+0000] {override.py:1911} INFO - Created Permission View: menu access on DAG Run:example_bash_decorator
[2025-02-23T04:46:35.966+0000] {logging_mixin.py:190} INFO - [2025-02-23T04:46:35.965+0000] {override.py:1911} INFO - Created Permission View: can create on DAG Run:example_bash_decorator
[2025-02-23T04:46:35.981+0000] {logging_mixin.py:190} INFO - [2025-02-23T04:46:35.980+0000] {override.py:1911} INFO - Created Permission View: can delete on DAG Run:example_bash_decorator
[2025-02-23T04:46:35.981+0000] {logging_mixin.py:190} INFO - [2025-02-23T04:46:35.981+0000] {dag.py:3239} INFO - Sync 1 DAGs
[2025-02-23T04:46:36.013+0000] {logging_mixin.py:190} INFO - [2025-02-23T04:46:36.012+0000] {dag.py:3262} INFO - Creating ORM DAG for example_bash_decorator
[2025-02-23T04:46:36.015+0000] {logging_mixin.py:190} INFO - [2025-02-23T04:46:36.015+0000] {dag.py:4180} INFO - Setting next_dagrun for example_bash_decorator to None, run_after=None
[2025-02-23T04:46:36.036+0000] {processor.py:208} INFO - Processing /home/airflow/.local/lib/python3.12/site-packages/airflow/example_dags/example_bash_decorator.py took 0.401 seconds
[2025-02-23T04:47:06.102+0000] {processor.py:186} INFO - Started process (PID=141) to work on /home/airflow/.local/lib/python3.12/site-packages/airflow/example_dags/example_bash_decorator.py
[2025-02-23T04:47:06.102+0000] {processor.py:914} INFO - Processing file /home/airflow/.local/lib/python3.12/site-packages/airflow/example_dags/example_bash_decorator.py for tasks to queue
[2025-02-23T04:47:06.104+0000] {logging_mixin.py:190} INFO - [2025-02-23T04:47:06.104+0000] {dagbag.py:588} INFO - Filling up the DagBag from /home/airflow/.local/lib/python3.12/site-packages/airflow/example_dags/example_bash_decorator.py
[2025-02-23T04:47:06.115+0000] {processor.py:925} INFO - DAG(s) 'example_bash_decorator' retrieved from /home/airflow/.local/lib/python3.12/site-packages/airflow/example_dags/example_bash_decorator.py
[2025-02-23T04:47:06.136+0000] {logging_mixin.py:190} INFO - [2025-02-23T04:47:06.136+0000] {dag.py:3239} INFO - Sync 1 DAGs
[2025-02-23T04:47:06.147+0000] {logging_mixin.py:190} INFO - [2025-02-23T04:47:06.147+0000] {dag.py:4180} INFO - Setting next_dagrun for example_bash_decorator to None, run_after=None
[2025-02-23T04:47:06.159+0000] {processor.py:208} INFO - Processing /home/airflow/.local/lib/python3.12/site-packages/airflow/example_dags/example_bash_decorator.py took 0.062 seconds
[2025-02-23T04:47:36.618+0000] {processor.py:186} INFO - Started process (PID=204) to work on /home/airflow/.local/lib/python3.12/site-packages/airflow/example_dags/example_bash_decorator.py
[2025-02-23T04:47:36.618+0000] {processor.py:914} INFO - Processing file /home/airflow/.local/lib/python3.12/site-packages/airflow/example_dags/example_bash_decorator.py for tasks to queue
[2025-02-23T04:47:36.620+0000] {logging_mixin.py:190} INFO - [2025-02-23T04:47:36.620+0000] {dagbag.py:588} INFO - Filling up the DagBag from /home/airflow/.local/lib/python3.12/site-packages/airflow/example_dags/example_bash_decorator.py
[2025-02-23T04:47:36.636+0000] {processor.py:925} INFO - DAG(s) 'example_bash_decorator' retrieved from /home/airflow/.local/lib/python3.12/site-packages/airflow/example_dags/example_bash_decorator.py
[2025-02-23T04:47:36.664+0000] {logging_mixin.py:190} INFO - [2025-02-23T04:47:36.664+0000] {dag.py:3239} INFO - Sync 1 DAGs
[2025-02-23T04:47:36.680+0000] {logging_mixin.py:190} INFO - [2025-02-23T04:47:36.679+0000] {dag.py:4180} INFO - Setting next_dagrun for example_bash_decorator to None, run_after=None
[2025-02-23T04:47:36.695+0000] {processor.py:208} INFO - Processing /home/airflow/.local/lib/python3.12/site-packages/airflow/example_dags/example_bash_decorator.py took 0.084 seconds
[2025-02-23T04:48:07.195+0000] {processor.py:186} INFO - Started process (PID=267) to work on /home/airflow/.local/lib/python3.12/site-packages/airflow/example_dags/example_bash_decorator.py
[2025-02-23T04:48:07.196+0000] {processor.py:914} INFO - Processing file /home/airflow/.local/lib/python3.12/site-packages/airflow/example_dags/example_bash_decorator.py for tasks to queue
[2025-02-23T04:48:07.198+0000] {logging_mixin.py:190} INFO - [2025-02-23T04:48:07.197+0000] {dagbag.py:588} INFO - Filling up the DagBag from /home/airflow/.local/lib/python3.12/site-packages/airflow/example_dags/example_bash_decorator.py
[2025-02-23T04:48:07.210+0000] {processor.py:925} INFO - DAG(s) 'example_bash_decorator' retrieved from /home/airflow/.local/lib/python3.12/site-packages/airflow/example_dags/example_bash_decorator.py
[2025-02-23T04:48:07.226+0000] {logging_mixin.py:190} INFO - [2025-02-23T04:48:07.226+0000] {dag.py:3239} INFO - Sync 1 DAGs
[2025-02-23T04:48:07.238+0000] {logging_mixin.py:190} INFO - [2025-02-23T04:48:07.238+0000] {dag.py:4180} INFO - Setting next_dagrun for example_bash_decorator to None, run_after=None
[2025-02-23T04:48:07.249+0000] {processor.py:208} INFO - Processing /home/airflow/.local/lib/python3.12/site-packages/airflow/example_dags/example_bash_decorator.py took 0.059 seconds
[2025-02-23T04:48:37.328+0000] {processor.py:186} INFO - Started process (PID=331) to work on /home/airflow/.local/lib/python3.12/site-packages/airflow/example_dags/example_bash_decorator.py
[2025-02-23T04:48:37.329+0000] {processor.py:914} INFO - Processing file /home/airflow/.local/lib/python3.12/site-packages/airflow/example_dags/example_bash_decorator.py for tasks to queue
[2025-02-23T04:48:37.331+0000] {logging_mixin.py:190} INFO - [2025-02-23T04:48:37.331+0000] {dagbag.py:588} INFO - Filling up the DagBag from /home/airflow/.local/lib/python3.12/site-packages/airflow/example_dags/example_bash_decorator.py
[2025-02-23T04:48:37.347+0000] {processor.py:925} INFO - DAG(s) 'example_bash_decorator' retrieved from /home/airflow/.local/lib/python3.12/site-packages/airflow/example_dags/example_bash_decorator.py
[2025-02-23T04:48:37.373+0000] {logging_mixin.py:190} INFO - [2025-02-23T04:48:37.373+0000] {dag.py:3239} INFO - Sync 1 DAGs
[2025-02-23T04:48:37.388+0000] {logging_mixin.py:190} INFO - [2025-02-23T04:48:37.388+0000] {dag.py:4180} INFO - Setting next_dagrun for example_bash_decorator to None, run_after=None
[2025-02-23T04:48:37.405+0000] {processor.py:208} INFO - Processing /home/airflow/.local/lib/python3.12/site-packages/airflow/example_dags/example_bash_decorator.py took 0.083 seconds
[2025-02-23T04:49:07.489+0000] {processor.py:186} INFO - Started process (PID=395) to work on /home/airflow/.local/lib/python3.12/site-packages/airflow/example_dags/example_bash_decorator.py
[2025-02-23T04:49:07.490+0000] {processor.py:914} INFO - Processing file /home/airflow/.local/lib/python3.12/site-packages/airflow/example_dags/example_bash_decorator.py for tasks to queue
[2025-02-23T04:49:07.492+0000] {logging_mixin.py:190} INFO - [2025-02-23T04:49:07.491+0000] {dagbag.py:588} INFO - Filling up the DagBag from /home/airflow/.local/lib/python3.12/site-packages/airflow/example_dags/example_bash_decorator.py
[2025-02-23T04:49:07.503+0000] {processor.py:925} INFO - DAG(s) 'example_bash_decorator' retrieved from /home/airflow/.local/lib/python3.12/site-packages/airflow/example_dags/example_bash_decorator.py
[2025-02-23T04:49:07.520+0000] {logging_mixin.py:190} INFO - [2025-02-23T04:49:07.520+0000] {dag.py:3239} INFO - Sync 1 DAGs
[2025-02-23T04:49:07.530+0000] {logging_mixin.py:190} INFO - [2025-02-23T04:49:07.530+0000] {dag.py:4180} INFO - Setting next_dagrun for example_bash_decorator to None, run_after=None
[2025-02-23T04:49:07.544+0000] {processor.py:208} INFO - Processing /home/airflow/.local/lib/python3.12/site-packages/airflow/example_dags/example_bash_decorator.py took 0.058 seconds
[2025-02-23T04:49:37.610+0000] {processor.py:186} INFO - Started process (PID=458) to work on /home/airflow/.local/lib/python3.12/site-packages/airflow/example_dags/example_bash_decorator.py
[2025-02-23T04:49:37.611+0000] {processor.py:914} INFO - Processing file /home/airflow/.local/lib/python3.12/site-packages/airflow/example_dags/example_bash_decorator.py for tasks to queue
[2025-02-23T04:49:37.612+0000] {logging_mixin.py:190} INFO - [2025-02-23T04:49:37.612+0000] {dagbag.py:588} INFO - Filling up the DagBag from /home/airflow/.local/lib/python3.12/site-packages/airflow/example_dags/example_bash_decorator.py
[2025-02-23T04:49:37.624+0000] {processor.py:925} INFO - DAG(s) 'example_bash_decorator' retrieved from /home/airflow/.local/lib/python3.12/site-packages/airflow/example_dags/example_bash_decorator.py
[2025-02-23T04:49:37.645+0000] {logging_mixin.py:190} INFO - [2025-02-23T04:49:37.645+0000] {dag.py:3239} INFO - Sync 1 DAGs
[2025-02-23T04:49:37.659+0000] {logging_mixin.py:190} INFO - [2025-02-23T04:49:37.659+0000] {dag.py:4180} INFO - Setting next_dagrun for example_bash_decorator to None, run_after=None
[2025-02-23T04:49:37.673+0000] {processor.py:208} INFO - Processing /home/airflow/.local/lib/python3.12/site-packages/airflow/example_dags/example_bash_decorator.py took 0.068 seconds
[2025-02-23T04:50:08.056+0000] {processor.py:186} INFO - Started process (PID=521) to work on /home/airflow/.local/lib/python3.12/site-packages/airflow/example_dags/example_bash_decorator.py
[2025-02-23T04:50:08.057+0000] {processor.py:914} INFO - Processing file /home/airflow/.local/lib/python3.12/site-packages/airflow/example_dags/example_bash_decorator.py for tasks to queue
[2025-02-23T04:50:08.058+0000] {logging_mixin.py:190} INFO - [2025-02-23T04:50:08.058+0000] {dagbag.py:588} INFO - Filling up the DagBag from /home/airflow/.local/lib/python3.12/site-packages/airflow/example_dags/example_bash_decorator.py
[2025-02-23T04:50:08.070+0000] {processor.py:925} INFO - DAG(s) 'example_bash_decorator' retrieved from /home/airflow/.local/lib/python3.12/site-packages/airflow/example_dags/example_bash_decorator.py
[2025-02-23T04:50:08.091+0000] {logging_mixin.py:190} INFO - [2025-02-23T04:50:08.090+0000] {dag.py:3239} INFO - Sync 1 DAGs
[2025-02-23T04:50:08.103+0000] {logging_mixin.py:190} INFO - [2025-02-23T04:50:08.102+0000] {dag.py:4180} INFO - Setting next_dagrun for example_bash_decorator to None, run_after=None
[2025-02-23T04:50:08.114+0000] {processor.py:208} INFO - Processing /home/airflow/.local/lib/python3.12/site-packages/airflow/example_dags/example_bash_decorator.py took 0.062 seconds
[2025-02-23T04:50:38.686+0000] {processor.py:186} INFO - Started process (PID=584) to work on /home/airflow/.local/lib/python3.12/site-packages/airflow/example_dags/example_bash_decorator.py
[2025-02-23T04:50:38.687+0000] {processor.py:914} INFO - Processing file /home/airflow/.local/lib/python3.12/site-packages/airflow/example_dags/example_bash_decorator.py for tasks to queue
[2025-02-23T04:50:38.688+0000] {logging_mixin.py:190} INFO - [2025-02-23T04:50:38.688+0000] {dagbag.py:588} INFO - Filling up the DagBag from /home/airflow/.local/lib/python3.12/site-packages/airflow/example_dags/example_bash_decorator.py
[2025-02-23T04:50:38.702+0000] {processor.py:925} INFO - DAG(s) 'example_bash_decorator' retrieved from /home/airflow/.local/lib/python3.12/site-packages/airflow/example_dags/example_bash_decorator.py
[2025-02-23T04:50:38.721+0000] {logging_mixin.py:190} INFO - [2025-02-23T04:50:38.721+0000] {dag.py:3239} INFO - Sync 1 DAGs
[2025-02-23T04:50:38.733+0000] {logging_mixin.py:190} INFO - [2025-02-23T04:50:38.733+0000] {dag.py:4180} INFO - Setting next_dagrun for example_bash_decorator to None, run_after=None
[2025-02-23T04:50:38.748+0000] {processor.py:208} INFO - Processing /home/airflow/.local/lib/python3.12/site-packages/airflow/example_dags/example_bash_decorator.py took 0.067 seconds
[2025-02-23T04:51:09.140+0000] {processor.py:186} INFO - Started process (PID=647) to work on /home/airflow/.local/lib/python3.12/site-packages/airflow/example_dags/example_bash_decorator.py
[2025-02-23T04:51:09.140+0000] {processor.py:914} INFO - Processing file /home/airflow/.local/lib/python3.12/site-packages/airflow/example_dags/example_bash_decorator.py for tasks to queue
[2025-02-23T04:51:09.142+0000] {logging_mixin.py:190} INFO - [2025-02-23T04:51:09.142+0000] {dagbag.py:588} INFO - Filling up the DagBag from /home/airflow/.local/lib/python3.12/site-packages/airflow/example_dags/example_bash_decorator.py
[2025-02-23T04:51:09.154+0000] {processor.py:925} INFO - DAG(s) 'example_bash_decorator' retrieved from /home/airflow/.local/lib/python3.12/site-packages/airflow/example_dags/example_bash_decorator.py
[2025-02-23T04:51:09.173+0000] {logging_mixin.py:190} INFO - [2025-02-23T04:51:09.173+0000] {dag.py:3239} INFO - Sync 1 DAGs
[2025-02-23T04:51:09.185+0000] {logging_mixin.py:190} INFO - [2025-02-23T04:51:09.185+0000] {dag.py:4180} INFO - Setting next_dagrun for example_bash_decorator to None, run_after=None
[2025-02-23T04:51:09.196+0000] {processor.py:208} INFO - Processing /home/airflow/.local/lib/python3.12/site-packages/airflow/example_dags/example_bash_decorator.py took 0.061 seconds
[2025-02-23T04:51:39.433+0000] {processor.py:186} INFO - Started process (PID=711) to work on /home/airflow/.local/lib/python3.12/site-packages/airflow/example_dags/example_bash_decorator.py
[2025-02-23T04:51:39.434+0000] {processor.py:914} INFO - Processing file /home/airflow/.local/lib/python3.12/site-packages/airflow/example_dags/example_bash_decorator.py for tasks to queue
[2025-02-23T04:51:39.435+0000] {logging_mixin.py:190} INFO - [2025-02-23T04:51:39.435+0000] {dagbag.py:588} INFO - Filling up the DagBag from /home/airflow/.local/lib/python3.12/site-packages/airflow/example_dags/example_bash_decorator.py
[2025-02-23T04:51:39.447+0000] {processor.py:925} INFO - DAG(s) 'example_bash_decorator' retrieved from /home/airflow/.local/lib/python3.12/site-packages/airflow/example_dags/example_bash_decorator.py
[2025-02-23T04:51:39.465+0000] {logging_mixin.py:190} INFO - [2025-02-23T04:51:39.465+0000] {dag.py:3239} INFO - Sync 1 DAGs
[2025-02-23T04:51:39.478+0000] {logging_mixin.py:190} INFO - [2025-02-23T04:51:39.478+0000] {dag.py:4180} INFO - Setting next_dagrun for example_bash_decorator to None, run_after=None
[2025-02-23T04:51:39.490+0000] {processor.py:208} INFO - Processing /home/airflow/.local/lib/python3.12/site-packages/airflow/example_dags/example_bash_decorator.py took 0.061 seconds
[2025-02-23T04:52:09.844+0000] {processor.py:186} INFO - Started process (PID=774) to work on /home/airflow/.local/lib/python3.12/site-packages/airflow/example_dags/example_bash_decorator.py
[2025-02-23T04:52:09.844+0000] {processor.py:914} INFO - Processing file /home/airflow/.local/lib/python3.12/site-packages/airflow/example_dags/example_bash_decorator.py for tasks to queue
[2025-02-23T04:52:09.846+0000] {logging_mixin.py:190} INFO - [2025-02-23T04:52:09.846+0000] {dagbag.py:588} INFO - Filling up the DagBag from /home/airflow/.local/lib/python3.12/site-packages/airflow/example_dags/example_bash_decorator.py
[2025-02-23T04:52:09.859+0000] {processor.py:925} INFO - DAG(s) 'example_bash_decorator' retrieved from /home/airflow/.local/lib/python3.12/site-packages/airflow/example_dags/example_bash_decorator.py
[2025-02-23T04:52:09.882+0000] {logging_mixin.py:190} INFO - [2025-02-23T04:52:09.882+0000] {dag.py:3239} INFO - Sync 1 DAGs
[2025-02-23T04:52:09.895+0000] {logging_mixin.py:190} INFO - [2025-02-23T04:52:09.895+0000] {dag.py:4180} INFO - Setting next_dagrun for example_bash_decorator to None, run_after=None
[2025-02-23T04:52:09.906+0000] {processor.py:208} INFO - Processing /home/airflow/.local/lib/python3.12/site-packages/airflow/example_dags/example_bash_decorator.py took 0.067 seconds
[2025-02-23T04:52:40.034+0000] {processor.py:186} INFO - Started process (PID=837) to work on /home/airflow/.local/lib/python3.12/site-packages/airflow/example_dags/example_bash_decorator.py
[2025-02-23T04:52:40.035+0000] {processor.py:914} INFO - Processing file /home/airflow/.local/lib/python3.12/site-packages/airflow/example_dags/example_bash_decorator.py for tasks to queue
[2025-02-23T04:52:40.036+0000] {logging_mixin.py:190} INFO - [2025-02-23T04:52:40.036+0000] {dagbag.py:588} INFO - Filling up the DagBag from /home/airflow/.local/lib/python3.12/site-packages/airflow/example_dags/example_bash_decorator.py
[2025-02-23T04:52:40.049+0000] {processor.py:925} INFO - DAG(s) 'example_bash_decorator' retrieved from /home/airflow/.local/lib/python3.12/site-packages/airflow/example_dags/example_bash_decorator.py
[2025-02-23T04:52:40.066+0000] {logging_mixin.py:190} INFO - [2025-02-23T04:52:40.066+0000] {dag.py:3239} INFO - Sync 1 DAGs
[2025-02-23T04:52:40.078+0000] {logging_mixin.py:190} INFO - [2025-02-23T04:52:40.078+0000] {dag.py:4180} INFO - Setting next_dagrun for example_bash_decorator to None, run_after=None
[2025-02-23T04:52:40.090+0000] {processor.py:208} INFO - Processing /home/airflow/.local/lib/python3.12/site-packages/airflow/example_dags/example_bash_decorator.py took 0.060 seconds
[2025-02-23T04:53:10.441+0000] {processor.py:186} INFO - Started process (PID=900) to work on /home/airflow/.local/lib/python3.12/site-packages/airflow/example_dags/example_bash_decorator.py
[2025-02-23T04:53:10.441+0000] {processor.py:914} INFO - Processing file /home/airflow/.local/lib/python3.12/site-packages/airflow/example_dags/example_bash_decorator.py for tasks to queue
[2025-02-23T04:53:10.443+0000] {logging_mixin.py:190} INFO - [2025-02-23T04:53:10.443+0000] {dagbag.py:588} INFO - Filling up the DagBag from /home/airflow/.local/lib/python3.12/site-packages/airflow/example_dags/example_bash_decorator.py
[2025-02-23T04:53:10.455+0000] {processor.py:925} INFO - DAG(s) 'example_bash_decorator' retrieved from /home/airflow/.local/lib/python3.12/site-packages/airflow/example_dags/example_bash_decorator.py
[2025-02-23T04:53:10.474+0000] {logging_mixin.py:190} INFO - [2025-02-23T04:53:10.473+0000] {dag.py:3239} INFO - Sync 1 DAGs
[2025-02-23T04:53:10.485+0000] {logging_mixin.py:190} INFO - [2025-02-23T04:53:10.485+0000] {dag.py:4180} INFO - Setting next_dagrun for example_bash_decorator to None, run_after=None
[2025-02-23T04:53:10.497+0000] {processor.py:208} INFO - Processing /home/airflow/.local/lib/python3.12/site-packages/airflow/example_dags/example_bash_decorator.py took 0.061 seconds
[2025-02-23T04:53:41.052+0000] {processor.py:186} INFO - Started process (PID=963) to work on /home/airflow/.local/lib/python3.12/site-packages/airflow/example_dags/example_bash_decorator.py
[2025-02-23T04:53:41.052+0000] {processor.py:914} INFO - Processing file /home/airflow/.local/lib/python3.12/site-packages/airflow/example_dags/example_bash_decorator.py for tasks to queue
[2025-02-23T04:53:41.054+0000] {logging_mixin.py:190} INFO - [2025-02-23T04:53:41.054+0000] {dagbag.py:588} INFO - Filling up the DagBag from /home/airflow/.local/lib/python3.12/site-packages/airflow/example_dags/example_bash_decorator.py
[2025-02-23T04:53:41.065+0000] {processor.py:925} INFO - DAG(s) 'example_bash_decorator' retrieved from /home/airflow/.local/lib/python3.12/site-packages/airflow/example_dags/example_bash_decorator.py
[2025-02-23T04:53:41.086+0000] {logging_mixin.py:190} INFO - [2025-02-23T04:53:41.086+0000] {dag.py:3239} INFO - Sync 1 DAGs
[2025-02-23T04:53:41.098+0000] {logging_mixin.py:190} INFO - [2025-02-23T04:53:41.098+0000] {dag.py:4180} INFO - Setting next_dagrun for example_bash_decorator to None, run_after=None
[2025-02-23T04:53:41.109+0000] {processor.py:208} INFO - Processing /home/airflow/.local/lib/python3.12/site-packages/airflow/example_dags/example_bash_decorator.py took 0.062 seconds
[2025-02-23T04:54:11.353+0000] {processor.py:186} INFO - Started process (PID=1026) to work on /home/airflow/.local/lib/python3.12/site-packages/airflow/example_dags/example_bash_decorator.py
[2025-02-23T04:54:11.354+0000] {processor.py:914} INFO - Processing file /home/airflow/.local/lib/python3.12/site-packages/airflow/example_dags/example_bash_decorator.py for tasks to queue
[2025-02-23T04:54:11.355+0000] {logging_mixin.py:190} INFO - [2025-02-23T04:54:11.355+0000] {dagbag.py:588} INFO - Filling up the DagBag from /home/airflow/.local/lib/python3.12/site-packages/airflow/example_dags/example_bash_decorator.py
[2025-02-23T04:54:11.368+0000] {processor.py:925} INFO - DAG(s) 'example_bash_decorator' retrieved from /home/airflow/.local/lib/python3.12/site-packages/airflow/example_dags/example_bash_decorator.py
[2025-02-23T04:54:11.390+0000] {logging_mixin.py:190} INFO - [2025-02-23T04:54:11.389+0000] {dag.py:3239} INFO - Sync 1 DAGs
[2025-02-23T04:54:11.401+0000] {logging_mixin.py:190} INFO - [2025-02-23T04:54:11.401+0000] {dag.py:4180} INFO - Setting next_dagrun for example_bash_decorator to None, run_after=None
[2025-02-23T04:54:11.413+0000] {processor.py:208} INFO - Processing /home/airflow/.local/lib/python3.12/site-packages/airflow/example_dags/example_bash_decorator.py took 0.064 seconds
[2025-02-23T04:54:41.769+0000] {processor.py:186} INFO - Started process (PID=1089) to work on /home/airflow/.local/lib/python3.12/site-packages/airflow/example_dags/example_bash_decorator.py
[2025-02-23T04:54:41.770+0000] {processor.py:914} INFO - Processing file /home/airflow/.local/lib/python3.12/site-packages/airflow/example_dags/example_bash_decorator.py for tasks to queue
[2025-02-23T04:54:41.772+0000] {logging_mixin.py:190} INFO - [2025-02-23T04:54:41.772+0000] {dagbag.py:588} INFO - Filling up the DagBag from /home/airflow/.local/lib/python3.12/site-packages/airflow/example_dags/example_bash_decorator.py
[2025-02-23T04:54:41.789+0000] {processor.py:925} INFO - DAG(s) 'example_bash_decorator' retrieved from /home/airflow/.local/lib/python3.12/site-packages/airflow/example_dags/example_bash_decorator.py
[2025-02-23T04:54:41.815+0000] {logging_mixin.py:190} INFO - [2025-02-23T04:54:41.815+0000] {dag.py:3239} INFO - Sync 1 DAGs
[2025-02-23T04:54:41.832+0000] {logging_mixin.py:190} INFO - [2025-02-23T04:54:41.832+0000] {dag.py:4180} INFO - Setting next_dagrun for example_bash_decorator to None, run_after=None
[2025-02-23T04:54:41.854+0000] {processor.py:208} INFO - Processing /home/airflow/.local/lib/python3.12/site-packages/airflow/example_dags/example_bash_decorator.py took 0.090 seconds
[2025-02-23T04:55:11.978+0000] {processor.py:186} INFO - Started process (PID=1152) to work on /home/airflow/.local/lib/python3.12/site-packages/airflow/example_dags/example_bash_decorator.py
[2025-02-23T04:55:11.979+0000] {processor.py:914} INFO - Processing file /home/airflow/.local/lib/python3.12/site-packages/airflow/example_dags/example_bash_decorator.py for tasks to queue
[2025-02-23T04:55:11.982+0000] {logging_mixin.py:190} INFO - [2025-02-23T04:55:11.981+0000] {dagbag.py:588} INFO - Filling up the DagBag from /home/airflow/.local/lib/python3.12/site-packages/airflow/example_dags/example_bash_decorator.py
[2025-02-23T04:55:11.999+0000] {processor.py:925} INFO - DAG(s) 'example_bash_decorator' retrieved from /home/airflow/.local/lib/python3.12/site-packages/airflow/example_dags/example_bash_decorator.py
[2025-02-23T04:55:12.016+0000] {logging_mixin.py:190} INFO - [2025-02-23T04:55:12.016+0000] {dag.py:3239} INFO - Sync 1 DAGs
[2025-02-23T04:55:12.027+0000] {logging_mixin.py:190} INFO - [2025-02-23T04:55:12.027+0000] {dag.py:4180} INFO - Setting next_dagrun for example_bash_decorator to None, run_after=None
[2025-02-23T04:55:12.039+0000] {processor.py:208} INFO - Processing /home/airflow/.local/lib/python3.12/site-packages/airflow/example_dags/example_bash_decorator.py took 0.069 seconds
[2025-02-23T04:55:42.145+0000] {processor.py:186} INFO - Started process (PID=1215) to work on /home/airflow/.local/lib/python3.12/site-packages/airflow/example_dags/example_bash_decorator.py
[2025-02-23T04:55:42.146+0000] {processor.py:914} INFO - Processing file /home/airflow/.local/lib/python3.12/site-packages/airflow/example_dags/example_bash_decorator.py for tasks to queue
[2025-02-23T04:55:42.147+0000] {logging_mixin.py:190} INFO - [2025-02-23T04:55:42.147+0000] {dagbag.py:588} INFO - Filling up the DagBag from /home/airflow/.local/lib/python3.12/site-packages/airflow/example_dags/example_bash_decorator.py
[2025-02-23T04:55:42.159+0000] {processor.py:925} INFO - DAG(s) 'example_bash_decorator' retrieved from /home/airflow/.local/lib/python3.12/site-packages/airflow/example_dags/example_bash_decorator.py
[2025-02-23T04:55:42.176+0000] {logging_mixin.py:190} INFO - [2025-02-23T04:55:42.176+0000] {dag.py:3239} INFO - Sync 1 DAGs
[2025-02-23T04:55:42.188+0000] {logging_mixin.py:190} INFO - [2025-02-23T04:55:42.187+0000] {dag.py:4180} INFO - Setting next_dagrun for example_bash_decorator to None, run_after=None
[2025-02-23T04:55:42.199+0000] {processor.py:208} INFO - Processing /home/airflow/.local/lib/python3.12/site-packages/airflow/example_dags/example_bash_decorator.py took 0.059 seconds
[2025-02-23T04:56:12.325+0000] {processor.py:186} INFO - Started process (PID=1278) to work on /home/airflow/.local/lib/python3.12/site-packages/airflow/example_dags/example_bash_decorator.py
[2025-02-23T04:56:12.326+0000] {processor.py:914} INFO - Processing file /home/airflow/.local/lib/python3.12/site-packages/airflow/example_dags/example_bash_decorator.py for tasks to queue
[2025-02-23T04:56:12.327+0000] {logging_mixin.py:190} INFO - [2025-02-23T04:56:12.327+0000] {dagbag.py:588} INFO - Filling up the DagBag from /home/airflow/.local/lib/python3.12/site-packages/airflow/example_dags/example_bash_decorator.py
[2025-02-23T04:56:12.338+0000] {processor.py:925} INFO - DAG(s) 'example_bash_decorator' retrieved from /home/airflow/.local/lib/python3.12/site-packages/airflow/example_dags/example_bash_decorator.py
[2025-02-23T04:56:12.357+0000] {logging_mixin.py:190} INFO - [2025-02-23T04:56:12.357+0000] {dag.py:3239} INFO - Sync 1 DAGs
[2025-02-23T04:56:12.369+0000] {logging_mixin.py:190} INFO - [2025-02-23T04:56:12.369+0000] {dag.py:4180} INFO - Setting next_dagrun for example_bash_decorator to None, run_after=None
[2025-02-23T04:56:12.381+0000] {processor.py:208} INFO - Processing /home/airflow/.local/lib/python3.12/site-packages/airflow/example_dags/example_bash_decorator.py took 0.060 seconds
