[2025-02-23T04:46:41.004+0000] {processor.py:186} INFO - Started process (PID=97) to work on /home/airflow/.local/lib/python3.12/site-packages/airflow/example_dags/example_latest_only.py
[2025-02-23T04:46:41.005+0000] {processor.py:914} INFO - Processing file /home/airflow/.local/lib/python3.12/site-packages/airflow/example_dags/example_latest_only.py for tasks to queue
[2025-02-23T04:46:41.007+0000] {logging_mixin.py:190} INFO - [2025-02-23T04:46:41.007+0000] {dagbag.py:588} INFO - Filling up the DagBag from /home/airflow/.local/lib/python3.12/site-packages/airflow/example_dags/example_latest_only.py
[2025-02-23T04:46:41.015+0000] {processor.py:925} INFO - DAG(s) 'latest_only' retrieved from /home/airflow/.local/lib/python3.12/site-packages/airflow/example_dags/example_latest_only.py
[2025-02-23T04:46:41.141+0000] {logging_mixin.py:190} INFO - [2025-02-23T04:46:41.140+0000] {override.py:1911} INFO - Created Permission View: can read on DAG:latest_only
[2025-02-23T04:46:41.151+0000] {logging_mixin.py:190} INFO - [2025-02-23T04:46:41.151+0000] {override.py:1911} INFO - Created Permission View: can delete on DAG:latest_only
[2025-02-23T04:46:41.160+0000] {logging_mixin.py:190} INFO - [2025-02-23T04:46:41.159+0000] {override.py:1911} INFO - Created Permission View: can edit on DAG:latest_only
[2025-02-23T04:46:41.165+0000] {logging_mixin.py:190} INFO - [2025-02-23T04:46:41.164+0000] {override.py:1911} INFO - Created Permission View: can read on DAG Run:latest_only
[2025-02-23T04:46:41.170+0000] {logging_mixin.py:190} INFO - [2025-02-23T04:46:41.170+0000] {override.py:1911} INFO - Created Permission View: menu access on DAG Run:latest_only
[2025-02-23T04:46:41.175+0000] {logging_mixin.py:190} INFO - [2025-02-23T04:46:41.175+0000] {override.py:1911} INFO - Created Permission View: can create on DAG Run:latest_only
[2025-02-23T04:46:41.180+0000] {logging_mixin.py:190} INFO - [2025-02-23T04:46:41.180+0000] {override.py:1911} INFO - Created Permission View: can delete on DAG Run:latest_only
[2025-02-23T04:46:41.181+0000] {logging_mixin.py:190} INFO - [2025-02-23T04:46:41.180+0000] {dag.py:3239} INFO - Sync 1 DAGs
[2025-02-23T04:46:41.196+0000] {logging_mixin.py:190} INFO - [2025-02-23T04:46:41.196+0000] {dag.py:3262} INFO - Creating ORM DAG for latest_only
[2025-02-23T04:46:41.207+0000] {logging_mixin.py:190} INFO - [2025-02-23T04:46:41.206+0000] {dag.py:4180} INFO - Setting next_dagrun for latest_only to 2025-02-23 00:00:00+00:00, run_after=2025-02-23 04:00:00+00:00
[2025-02-23T04:46:41.223+0000] {processor.py:208} INFO - Processing /home/airflow/.local/lib/python3.12/site-packages/airflow/example_dags/example_latest_only.py took 0.224 seconds
[2025-02-23T04:47:11.259+0000] {processor.py:186} INFO - Started process (PID=160) to work on /home/airflow/.local/lib/python3.12/site-packages/airflow/example_dags/example_latest_only.py
[2025-02-23T04:47:11.260+0000] {processor.py:914} INFO - Processing file /home/airflow/.local/lib/python3.12/site-packages/airflow/example_dags/example_latest_only.py for tasks to queue
[2025-02-23T04:47:11.262+0000] {logging_mixin.py:190} INFO - [2025-02-23T04:47:11.261+0000] {dagbag.py:588} INFO - Filling up the DagBag from /home/airflow/.local/lib/python3.12/site-packages/airflow/example_dags/example_latest_only.py
[2025-02-23T04:47:11.267+0000] {processor.py:925} INFO - DAG(s) 'latest_only' retrieved from /home/airflow/.local/lib/python3.12/site-packages/airflow/example_dags/example_latest_only.py
[2025-02-23T04:47:11.282+0000] {logging_mixin.py:190} INFO - [2025-02-23T04:47:11.282+0000] {dag.py:3239} INFO - Sync 1 DAGs
[2025-02-23T04:47:11.300+0000] {logging_mixin.py:190} INFO - [2025-02-23T04:47:11.300+0000] {dag.py:4180} INFO - Setting next_dagrun for latest_only to 2025-02-23 00:00:00+00:00, run_after=2025-02-23 04:00:00+00:00
[2025-02-23T04:47:11.313+0000] {processor.py:208} INFO - Processing /home/airflow/.local/lib/python3.12/site-packages/airflow/example_dags/example_latest_only.py took 0.058 seconds
[2025-02-23T04:47:41.565+0000] {processor.py:186} INFO - Started process (PID=223) to work on /home/airflow/.local/lib/python3.12/site-packages/airflow/example_dags/example_latest_only.py
[2025-02-23T04:47:41.565+0000] {processor.py:914} INFO - Processing file /home/airflow/.local/lib/python3.12/site-packages/airflow/example_dags/example_latest_only.py for tasks to queue
[2025-02-23T04:47:41.567+0000] {logging_mixin.py:190} INFO - [2025-02-23T04:47:41.567+0000] {dagbag.py:588} INFO - Filling up the DagBag from /home/airflow/.local/lib/python3.12/site-packages/airflow/example_dags/example_latest_only.py
[2025-02-23T04:47:41.572+0000] {processor.py:925} INFO - DAG(s) 'latest_only' retrieved from /home/airflow/.local/lib/python3.12/site-packages/airflow/example_dags/example_latest_only.py
[2025-02-23T04:47:41.587+0000] {logging_mixin.py:190} INFO - [2025-02-23T04:47:41.586+0000] {dag.py:3239} INFO - Sync 1 DAGs
[2025-02-23T04:47:41.604+0000] {logging_mixin.py:190} INFO - [2025-02-23T04:47:41.604+0000] {dag.py:4180} INFO - Setting next_dagrun for latest_only to 2025-02-23 00:00:00+00:00, run_after=2025-02-23 04:00:00+00:00
[2025-02-23T04:47:41.616+0000] {processor.py:208} INFO - Processing /home/airflow/.local/lib/python3.12/site-packages/airflow/example_dags/example_latest_only.py took 0.055 seconds
[2025-02-23T04:48:11.697+0000] {processor.py:186} INFO - Started process (PID=286) to work on /home/airflow/.local/lib/python3.12/site-packages/airflow/example_dags/example_latest_only.py
[2025-02-23T04:48:11.697+0000] {processor.py:914} INFO - Processing file /home/airflow/.local/lib/python3.12/site-packages/airflow/example_dags/example_latest_only.py for tasks to queue
[2025-02-23T04:48:11.699+0000] {logging_mixin.py:190} INFO - [2025-02-23T04:48:11.699+0000] {dagbag.py:588} INFO - Filling up the DagBag from /home/airflow/.local/lib/python3.12/site-packages/airflow/example_dags/example_latest_only.py
[2025-02-23T04:48:11.704+0000] {processor.py:925} INFO - DAG(s) 'latest_only' retrieved from /home/airflow/.local/lib/python3.12/site-packages/airflow/example_dags/example_latest_only.py
[2025-02-23T04:48:11.721+0000] {logging_mixin.py:190} INFO - [2025-02-23T04:48:11.721+0000] {dag.py:3239} INFO - Sync 1 DAGs
[2025-02-23T04:48:11.743+0000] {logging_mixin.py:190} INFO - [2025-02-23T04:48:11.743+0000] {dag.py:4180} INFO - Setting next_dagrun for latest_only to 2025-02-23 00:00:00+00:00, run_after=2025-02-23 04:00:00+00:00
[2025-02-23T04:48:11.756+0000] {processor.py:208} INFO - Processing /home/airflow/.local/lib/python3.12/site-packages/airflow/example_dags/example_latest_only.py took 0.064 seconds
[2025-02-23T04:48:42.407+0000] {processor.py:186} INFO - Started process (PID=350) to work on /home/airflow/.local/lib/python3.12/site-packages/airflow/example_dags/example_latest_only.py
[2025-02-23T04:48:42.408+0000] {processor.py:914} INFO - Processing file /home/airflow/.local/lib/python3.12/site-packages/airflow/example_dags/example_latest_only.py for tasks to queue
[2025-02-23T04:48:42.410+0000] {logging_mixin.py:190} INFO - [2025-02-23T04:48:42.410+0000] {dagbag.py:588} INFO - Filling up the DagBag from /home/airflow/.local/lib/python3.12/site-packages/airflow/example_dags/example_latest_only.py
[2025-02-23T04:48:42.417+0000] {processor.py:925} INFO - DAG(s) 'latest_only' retrieved from /home/airflow/.local/lib/python3.12/site-packages/airflow/example_dags/example_latest_only.py
[2025-02-23T04:48:42.436+0000] {logging_mixin.py:190} INFO - [2025-02-23T04:48:42.435+0000] {dag.py:3239} INFO - Sync 1 DAGs
[2025-02-23T04:48:42.460+0000] {logging_mixin.py:190} INFO - [2025-02-23T04:48:42.460+0000] {dag.py:4180} INFO - Setting next_dagrun for latest_only to 2025-02-23 00:00:00+00:00, run_after=2025-02-23 04:00:00+00:00
[2025-02-23T04:48:42.476+0000] {processor.py:208} INFO - Processing /home/airflow/.local/lib/python3.12/site-packages/airflow/example_dags/example_latest_only.py took 0.074 seconds
[2025-02-23T04:49:12.515+0000] {processor.py:186} INFO - Started process (PID=413) to work on /home/airflow/.local/lib/python3.12/site-packages/airflow/example_dags/example_latest_only.py
[2025-02-23T04:49:12.515+0000] {processor.py:914} INFO - Processing file /home/airflow/.local/lib/python3.12/site-packages/airflow/example_dags/example_latest_only.py for tasks to queue
[2025-02-23T04:49:12.517+0000] {logging_mixin.py:190} INFO - [2025-02-23T04:49:12.517+0000] {dagbag.py:588} INFO - Filling up the DagBag from /home/airflow/.local/lib/python3.12/site-packages/airflow/example_dags/example_latest_only.py
[2025-02-23T04:49:12.522+0000] {processor.py:925} INFO - DAG(s) 'latest_only' retrieved from /home/airflow/.local/lib/python3.12/site-packages/airflow/example_dags/example_latest_only.py
[2025-02-23T04:49:12.539+0000] {logging_mixin.py:190} INFO - [2025-02-23T04:49:12.539+0000] {dag.py:3239} INFO - Sync 1 DAGs
[2025-02-23T04:49:12.561+0000] {logging_mixin.py:190} INFO - [2025-02-23T04:49:12.560+0000] {dag.py:4180} INFO - Setting next_dagrun for latest_only to 2025-02-23 00:00:00+00:00, run_after=2025-02-23 04:00:00+00:00
[2025-02-23T04:49:12.573+0000] {processor.py:208} INFO - Processing /home/airflow/.local/lib/python3.12/site-packages/airflow/example_dags/example_latest_only.py took 0.063 seconds
[2025-02-23T04:49:42.623+0000] {processor.py:186} INFO - Started process (PID=476) to work on /home/airflow/.local/lib/python3.12/site-packages/airflow/example_dags/example_latest_only.py
[2025-02-23T04:49:42.623+0000] {processor.py:914} INFO - Processing file /home/airflow/.local/lib/python3.12/site-packages/airflow/example_dags/example_latest_only.py for tasks to queue
[2025-02-23T04:49:42.625+0000] {logging_mixin.py:190} INFO - [2025-02-23T04:49:42.624+0000] {dagbag.py:588} INFO - Filling up the DagBag from /home/airflow/.local/lib/python3.12/site-packages/airflow/example_dags/example_latest_only.py
[2025-02-23T04:49:42.630+0000] {processor.py:925} INFO - DAG(s) 'latest_only' retrieved from /home/airflow/.local/lib/python3.12/site-packages/airflow/example_dags/example_latest_only.py
[2025-02-23T04:49:42.645+0000] {logging_mixin.py:190} INFO - [2025-02-23T04:49:42.645+0000] {dag.py:3239} INFO - Sync 1 DAGs
[2025-02-23T04:49:42.663+0000] {logging_mixin.py:190} INFO - [2025-02-23T04:49:42.663+0000] {dag.py:4180} INFO - Setting next_dagrun for latest_only to 2025-02-23 00:00:00+00:00, run_after=2025-02-23 04:00:00+00:00
[2025-02-23T04:49:42.676+0000] {processor.py:208} INFO - Processing /home/airflow/.local/lib/python3.12/site-packages/airflow/example_dags/example_latest_only.py took 0.057 seconds
[2025-02-23T04:50:12.897+0000] {processor.py:186} INFO - Started process (PID=539) to work on /home/airflow/.local/lib/python3.12/site-packages/airflow/example_dags/example_latest_only.py
[2025-02-23T04:50:12.898+0000] {processor.py:914} INFO - Processing file /home/airflow/.local/lib/python3.12/site-packages/airflow/example_dags/example_latest_only.py for tasks to queue
[2025-02-23T04:50:12.899+0000] {logging_mixin.py:190} INFO - [2025-02-23T04:50:12.899+0000] {dagbag.py:588} INFO - Filling up the DagBag from /home/airflow/.local/lib/python3.12/site-packages/airflow/example_dags/example_latest_only.py
[2025-02-23T04:50:12.905+0000] {processor.py:925} INFO - DAG(s) 'latest_only' retrieved from /home/airflow/.local/lib/python3.12/site-packages/airflow/example_dags/example_latest_only.py
[2025-02-23T04:50:12.919+0000] {logging_mixin.py:190} INFO - [2025-02-23T04:50:12.919+0000] {dag.py:3239} INFO - Sync 1 DAGs
[2025-02-23T04:50:12.937+0000] {logging_mixin.py:190} INFO - [2025-02-23T04:50:12.937+0000] {dag.py:4180} INFO - Setting next_dagrun for latest_only to 2025-02-23 00:00:00+00:00, run_after=2025-02-23 04:00:00+00:00
[2025-02-23T04:50:12.949+0000] {processor.py:208} INFO - Processing /home/airflow/.local/lib/python3.12/site-packages/airflow/example_dags/example_latest_only.py took 0.056 seconds
[2025-02-23T04:50:43.544+0000] {processor.py:186} INFO - Started process (PID=602) to work on /home/airflow/.local/lib/python3.12/site-packages/airflow/example_dags/example_latest_only.py
[2025-02-23T04:50:43.544+0000] {processor.py:914} INFO - Processing file /home/airflow/.local/lib/python3.12/site-packages/airflow/example_dags/example_latest_only.py for tasks to queue
[2025-02-23T04:50:43.546+0000] {logging_mixin.py:190} INFO - [2025-02-23T04:50:43.546+0000] {dagbag.py:588} INFO - Filling up the DagBag from /home/airflow/.local/lib/python3.12/site-packages/airflow/example_dags/example_latest_only.py
[2025-02-23T04:50:43.551+0000] {processor.py:925} INFO - DAG(s) 'latest_only' retrieved from /home/airflow/.local/lib/python3.12/site-packages/airflow/example_dags/example_latest_only.py
[2025-02-23T04:50:43.565+0000] {logging_mixin.py:190} INFO - [2025-02-23T04:50:43.565+0000] {dag.py:3239} INFO - Sync 1 DAGs
[2025-02-23T04:50:43.583+0000] {logging_mixin.py:190} INFO - [2025-02-23T04:50:43.583+0000] {dag.py:4180} INFO - Setting next_dagrun for latest_only to 2025-02-23 00:00:00+00:00, run_after=2025-02-23 04:00:00+00:00
[2025-02-23T04:50:43.595+0000] {processor.py:208} INFO - Processing /home/airflow/.local/lib/python3.12/site-packages/airflow/example_dags/example_latest_only.py took 0.055 seconds
[2025-02-23T04:51:13.966+0000] {processor.py:186} INFO - Started process (PID=665) to work on /home/airflow/.local/lib/python3.12/site-packages/airflow/example_dags/example_latest_only.py
[2025-02-23T04:51:13.966+0000] {processor.py:914} INFO - Processing file /home/airflow/.local/lib/python3.12/site-packages/airflow/example_dags/example_latest_only.py for tasks to queue
[2025-02-23T04:51:13.968+0000] {logging_mixin.py:190} INFO - [2025-02-23T04:51:13.968+0000] {dagbag.py:588} INFO - Filling up the DagBag from /home/airflow/.local/lib/python3.12/site-packages/airflow/example_dags/example_latest_only.py
[2025-02-23T04:51:13.973+0000] {processor.py:925} INFO - DAG(s) 'latest_only' retrieved from /home/airflow/.local/lib/python3.12/site-packages/airflow/example_dags/example_latest_only.py
[2025-02-23T04:51:13.987+0000] {logging_mixin.py:190} INFO - [2025-02-23T04:51:13.987+0000] {dag.py:3239} INFO - Sync 1 DAGs
[2025-02-23T04:51:14.004+0000] {logging_mixin.py:190} INFO - [2025-02-23T04:51:14.004+0000] {dag.py:4180} INFO - Setting next_dagrun for latest_only to 2025-02-23 00:00:00+00:00, run_after=2025-02-23 04:00:00+00:00
[2025-02-23T04:51:14.016+0000] {processor.py:208} INFO - Processing /home/airflow/.local/lib/python3.12/site-packages/airflow/example_dags/example_latest_only.py took 0.055 seconds
[2025-02-23T04:51:44.265+0000] {processor.py:186} INFO - Started process (PID=729) to work on /home/airflow/.local/lib/python3.12/site-packages/airflow/example_dags/example_latest_only.py
[2025-02-23T04:51:44.266+0000] {processor.py:914} INFO - Processing file /home/airflow/.local/lib/python3.12/site-packages/airflow/example_dags/example_latest_only.py for tasks to queue
[2025-02-23T04:51:44.267+0000] {logging_mixin.py:190} INFO - [2025-02-23T04:51:44.267+0000] {dagbag.py:588} INFO - Filling up the DagBag from /home/airflow/.local/lib/python3.12/site-packages/airflow/example_dags/example_latest_only.py
[2025-02-23T04:51:44.273+0000] {processor.py:925} INFO - DAG(s) 'latest_only' retrieved from /home/airflow/.local/lib/python3.12/site-packages/airflow/example_dags/example_latest_only.py
[2025-02-23T04:51:44.287+0000] {logging_mixin.py:190} INFO - [2025-02-23T04:51:44.287+0000] {dag.py:3239} INFO - Sync 1 DAGs
[2025-02-23T04:51:44.305+0000] {logging_mixin.py:190} INFO - [2025-02-23T04:51:44.305+0000] {dag.py:4180} INFO - Setting next_dagrun for latest_only to 2025-02-23 00:00:00+00:00, run_after=2025-02-23 04:00:00+00:00
[2025-02-23T04:51:44.317+0000] {processor.py:208} INFO - Processing /home/airflow/.local/lib/python3.12/site-packages/airflow/example_dags/example_latest_only.py took 0.056 seconds
[2025-02-23T04:52:14.692+0000] {processor.py:186} INFO - Started process (PID=792) to work on /home/airflow/.local/lib/python3.12/site-packages/airflow/example_dags/example_latest_only.py
[2025-02-23T04:52:14.693+0000] {processor.py:914} INFO - Processing file /home/airflow/.local/lib/python3.12/site-packages/airflow/example_dags/example_latest_only.py for tasks to queue
[2025-02-23T04:52:14.694+0000] {logging_mixin.py:190} INFO - [2025-02-23T04:52:14.694+0000] {dagbag.py:588} INFO - Filling up the DagBag from /home/airflow/.local/lib/python3.12/site-packages/airflow/example_dags/example_latest_only.py
[2025-02-23T04:52:14.700+0000] {processor.py:925} INFO - DAG(s) 'latest_only' retrieved from /home/airflow/.local/lib/python3.12/site-packages/airflow/example_dags/example_latest_only.py
[2025-02-23T04:52:14.714+0000] {logging_mixin.py:190} INFO - [2025-02-23T04:52:14.714+0000] {dag.py:3239} INFO - Sync 1 DAGs
[2025-02-23T04:52:14.731+0000] {logging_mixin.py:190} INFO - [2025-02-23T04:52:14.731+0000] {dag.py:4180} INFO - Setting next_dagrun for latest_only to 2025-02-23 00:00:00+00:00, run_after=2025-02-23 04:00:00+00:00
[2025-02-23T04:52:14.743+0000] {processor.py:208} INFO - Processing /home/airflow/.local/lib/python3.12/site-packages/airflow/example_dags/example_latest_only.py took 0.055 seconds
[2025-02-23T04:52:44.895+0000] {processor.py:186} INFO - Started process (PID=855) to work on /home/airflow/.local/lib/python3.12/site-packages/airflow/example_dags/example_latest_only.py
[2025-02-23T04:52:44.896+0000] {processor.py:914} INFO - Processing file /home/airflow/.local/lib/python3.12/site-packages/airflow/example_dags/example_latest_only.py for tasks to queue
[2025-02-23T04:52:44.897+0000] {logging_mixin.py:190} INFO - [2025-02-23T04:52:44.897+0000] {dagbag.py:588} INFO - Filling up the DagBag from /home/airflow/.local/lib/python3.12/site-packages/airflow/example_dags/example_latest_only.py
[2025-02-23T04:52:44.903+0000] {processor.py:925} INFO - DAG(s) 'latest_only' retrieved from /home/airflow/.local/lib/python3.12/site-packages/airflow/example_dags/example_latest_only.py
[2025-02-23T04:52:44.917+0000] {logging_mixin.py:190} INFO - [2025-02-23T04:52:44.917+0000] {dag.py:3239} INFO - Sync 1 DAGs
[2025-02-23T04:52:44.934+0000] {logging_mixin.py:190} INFO - [2025-02-23T04:52:44.934+0000] {dag.py:4180} INFO - Setting next_dagrun for latest_only to 2025-02-23 00:00:00+00:00, run_after=2025-02-23 04:00:00+00:00
[2025-02-23T04:52:44.947+0000] {processor.py:208} INFO - Processing /home/airflow/.local/lib/python3.12/site-packages/airflow/example_dags/example_latest_only.py took 0.056 seconds
[2025-02-23T04:53:15.253+0000] {processor.py:186} INFO - Started process (PID=918) to work on /home/airflow/.local/lib/python3.12/site-packages/airflow/example_dags/example_latest_only.py
[2025-02-23T04:53:15.253+0000] {processor.py:914} INFO - Processing file /home/airflow/.local/lib/python3.12/site-packages/airflow/example_dags/example_latest_only.py for tasks to queue
[2025-02-23T04:53:15.255+0000] {logging_mixin.py:190} INFO - [2025-02-23T04:53:15.255+0000] {dagbag.py:588} INFO - Filling up the DagBag from /home/airflow/.local/lib/python3.12/site-packages/airflow/example_dags/example_latest_only.py
[2025-02-23T04:53:15.260+0000] {processor.py:925} INFO - DAG(s) 'latest_only' retrieved from /home/airflow/.local/lib/python3.12/site-packages/airflow/example_dags/example_latest_only.py
[2025-02-23T04:53:15.274+0000] {logging_mixin.py:190} INFO - [2025-02-23T04:53:15.274+0000] {dag.py:3239} INFO - Sync 1 DAGs
[2025-02-23T04:53:15.291+0000] {logging_mixin.py:190} INFO - [2025-02-23T04:53:15.291+0000] {dag.py:4180} INFO - Setting next_dagrun for latest_only to 2025-02-23 00:00:00+00:00, run_after=2025-02-23 04:00:00+00:00
[2025-02-23T04:53:15.303+0000] {processor.py:208} INFO - Processing /home/airflow/.local/lib/python3.12/site-packages/airflow/example_dags/example_latest_only.py took 0.054 seconds
[2025-02-23T04:53:45.886+0000] {processor.py:186} INFO - Started process (PID=981) to work on /home/airflow/.local/lib/python3.12/site-packages/airflow/example_dags/example_latest_only.py
[2025-02-23T04:53:45.887+0000] {processor.py:914} INFO - Processing file /home/airflow/.local/lib/python3.12/site-packages/airflow/example_dags/example_latest_only.py for tasks to queue
[2025-02-23T04:53:45.888+0000] {logging_mixin.py:190} INFO - [2025-02-23T04:53:45.888+0000] {dagbag.py:588} INFO - Filling up the DagBag from /home/airflow/.local/lib/python3.12/site-packages/airflow/example_dags/example_latest_only.py
[2025-02-23T04:53:45.894+0000] {processor.py:925} INFO - DAG(s) 'latest_only' retrieved from /home/airflow/.local/lib/python3.12/site-packages/airflow/example_dags/example_latest_only.py
[2025-02-23T04:53:45.909+0000] {logging_mixin.py:190} INFO - [2025-02-23T04:53:45.908+0000] {dag.py:3239} INFO - Sync 1 DAGs
[2025-02-23T04:53:45.928+0000] {logging_mixin.py:190} INFO - [2025-02-23T04:53:45.928+0000] {dag.py:4180} INFO - Setting next_dagrun for latest_only to 2025-02-23 00:00:00+00:00, run_after=2025-02-23 04:00:00+00:00
[2025-02-23T04:53:45.940+0000] {processor.py:208} INFO - Processing /home/airflow/.local/lib/python3.12/site-packages/airflow/example_dags/example_latest_only.py took 0.058 seconds
[2025-02-23T04:54:16.207+0000] {processor.py:186} INFO - Started process (PID=1044) to work on /home/airflow/.local/lib/python3.12/site-packages/airflow/example_dags/example_latest_only.py
[2025-02-23T04:54:16.208+0000] {processor.py:914} INFO - Processing file /home/airflow/.local/lib/python3.12/site-packages/airflow/example_dags/example_latest_only.py for tasks to queue
[2025-02-23T04:54:16.209+0000] {logging_mixin.py:190} INFO - [2025-02-23T04:54:16.209+0000] {dagbag.py:588} INFO - Filling up the DagBag from /home/airflow/.local/lib/python3.12/site-packages/airflow/example_dags/example_latest_only.py
[2025-02-23T04:54:16.215+0000] {processor.py:925} INFO - DAG(s) 'latest_only' retrieved from /home/airflow/.local/lib/python3.12/site-packages/airflow/example_dags/example_latest_only.py
[2025-02-23T04:54:16.229+0000] {logging_mixin.py:190} INFO - [2025-02-23T04:54:16.228+0000] {dag.py:3239} INFO - Sync 1 DAGs
[2025-02-23T04:54:16.246+0000] {logging_mixin.py:190} INFO - [2025-02-23T04:54:16.246+0000] {dag.py:4180} INFO - Setting next_dagrun for latest_only to 2025-02-23 00:00:00+00:00, run_after=2025-02-23 04:00:00+00:00
[2025-02-23T04:54:16.258+0000] {processor.py:208} INFO - Processing /home/airflow/.local/lib/python3.12/site-packages/airflow/example_dags/example_latest_only.py took 0.055 seconds
[2025-02-23T04:54:46.653+0000] {processor.py:186} INFO - Started process (PID=1107) to work on /home/airflow/.local/lib/python3.12/site-packages/airflow/example_dags/example_latest_only.py
[2025-02-23T04:54:46.653+0000] {processor.py:914} INFO - Processing file /home/airflow/.local/lib/python3.12/site-packages/airflow/example_dags/example_latest_only.py for tasks to queue
[2025-02-23T04:54:46.655+0000] {logging_mixin.py:190} INFO - [2025-02-23T04:54:46.655+0000] {dagbag.py:588} INFO - Filling up the DagBag from /home/airflow/.local/lib/python3.12/site-packages/airflow/example_dags/example_latest_only.py
[2025-02-23T04:54:46.660+0000] {processor.py:925} INFO - DAG(s) 'latest_only' retrieved from /home/airflow/.local/lib/python3.12/site-packages/airflow/example_dags/example_latest_only.py
[2025-02-23T04:54:46.674+0000] {logging_mixin.py:190} INFO - [2025-02-23T04:54:46.674+0000] {dag.py:3239} INFO - Sync 1 DAGs
[2025-02-23T04:54:46.692+0000] {logging_mixin.py:190} INFO - [2025-02-23T04:54:46.692+0000] {dag.py:4180} INFO - Setting next_dagrun for latest_only to 2025-02-23 00:00:00+00:00, run_after=2025-02-23 04:00:00+00:00
[2025-02-23T04:54:46.704+0000] {processor.py:208} INFO - Processing /home/airflow/.local/lib/python3.12/site-packages/airflow/example_dags/example_latest_only.py took 0.055 seconds
[2025-02-23T04:55:16.877+0000] {processor.py:186} INFO - Started process (PID=1170) to work on /home/airflow/.local/lib/python3.12/site-packages/airflow/example_dags/example_latest_only.py
[2025-02-23T04:55:16.878+0000] {processor.py:914} INFO - Processing file /home/airflow/.local/lib/python3.12/site-packages/airflow/example_dags/example_latest_only.py for tasks to queue
[2025-02-23T04:55:16.880+0000] {logging_mixin.py:190} INFO - [2025-02-23T04:55:16.879+0000] {dagbag.py:588} INFO - Filling up the DagBag from /home/airflow/.local/lib/python3.12/site-packages/airflow/example_dags/example_latest_only.py
[2025-02-23T04:55:16.885+0000] {processor.py:925} INFO - DAG(s) 'latest_only' retrieved from /home/airflow/.local/lib/python3.12/site-packages/airflow/example_dags/example_latest_only.py
[2025-02-23T04:55:16.900+0000] {logging_mixin.py:190} INFO - [2025-02-23T04:55:16.899+0000] {dag.py:3239} INFO - Sync 1 DAGs
[2025-02-23T04:55:16.917+0000] {logging_mixin.py:190} INFO - [2025-02-23T04:55:16.917+0000] {dag.py:4180} INFO - Setting next_dagrun for latest_only to 2025-02-23 00:00:00+00:00, run_after=2025-02-23 04:00:00+00:00
[2025-02-23T04:55:16.929+0000] {processor.py:208} INFO - Processing /home/airflow/.local/lib/python3.12/site-packages/airflow/example_dags/example_latest_only.py took 0.056 seconds
[2025-02-23T04:55:47.189+0000] {processor.py:186} INFO - Started process (PID=1233) to work on /home/airflow/.local/lib/python3.12/site-packages/airflow/example_dags/example_latest_only.py
[2025-02-23T04:55:47.189+0000] {processor.py:914} INFO - Processing file /home/airflow/.local/lib/python3.12/site-packages/airflow/example_dags/example_latest_only.py for tasks to queue
[2025-02-23T04:55:47.191+0000] {logging_mixin.py:190} INFO - [2025-02-23T04:55:47.191+0000] {dagbag.py:588} INFO - Filling up the DagBag from /home/airflow/.local/lib/python3.12/site-packages/airflow/example_dags/example_latest_only.py
[2025-02-23T04:55:47.202+0000] {processor.py:925} INFO - DAG(s) 'latest_only' retrieved from /home/airflow/.local/lib/python3.12/site-packages/airflow/example_dags/example_latest_only.py
[2025-02-23T04:55:47.223+0000] {logging_mixin.py:190} INFO - [2025-02-23T04:55:47.223+0000] {dag.py:3239} INFO - Sync 1 DAGs
[2025-02-23T04:55:47.250+0000] {logging_mixin.py:190} INFO - [2025-02-23T04:55:47.250+0000] {dag.py:4180} INFO - Setting next_dagrun for latest_only to 2025-02-23 00:00:00+00:00, run_after=2025-02-23 04:00:00+00:00
[2025-02-23T04:55:47.267+0000] {processor.py:208} INFO - Processing /home/airflow/.local/lib/python3.12/site-packages/airflow/example_dags/example_latest_only.py took 0.083 seconds
[2025-02-23T04:56:18.192+0000] {processor.py:186} INFO - Started process (PID=1296) to work on /home/airflow/.local/lib/python3.12/site-packages/airflow/example_dags/example_latest_only.py
[2025-02-23T04:56:18.192+0000] {processor.py:914} INFO - Processing file /home/airflow/.local/lib/python3.12/site-packages/airflow/example_dags/example_latest_only.py for tasks to queue
[2025-02-23T04:56:18.194+0000] {logging_mixin.py:190} INFO - [2025-02-23T04:56:18.194+0000] {dagbag.py:588} INFO - Filling up the DagBag from /home/airflow/.local/lib/python3.12/site-packages/airflow/example_dags/example_latest_only.py
[2025-02-23T04:56:18.200+0000] {processor.py:925} INFO - DAG(s) 'latest_only' retrieved from /home/airflow/.local/lib/python3.12/site-packages/airflow/example_dags/example_latest_only.py
[2025-02-23T04:56:18.215+0000] {logging_mixin.py:190} INFO - [2025-02-23T04:56:18.215+0000] {dag.py:3239} INFO - Sync 1 DAGs
[2025-02-23T04:56:18.234+0000] {logging_mixin.py:190} INFO - [2025-02-23T04:56:18.234+0000] {dag.py:4180} INFO - Setting next_dagrun for latest_only to 2025-02-23 00:00:00+00:00, run_after=2025-02-23 04:00:00+00:00
[2025-02-23T04:56:18.246+0000] {processor.py:208} INFO - Processing /home/airflow/.local/lib/python3.12/site-packages/airflow/example_dags/example_latest_only.py took 0.060 seconds
[2025-02-23T04:56:48.864+0000] {processor.py:186} INFO - Started process (PID=1360) to work on /home/airflow/.local/lib/python3.12/site-packages/airflow/example_dags/example_latest_only.py
[2025-02-23T04:56:48.864+0000] {processor.py:914} INFO - Processing file /home/airflow/.local/lib/python3.12/site-packages/airflow/example_dags/example_latest_only.py for tasks to queue
[2025-02-23T04:56:48.866+0000] {logging_mixin.py:190} INFO - [2025-02-23T04:56:48.865+0000] {dagbag.py:588} INFO - Filling up the DagBag from /home/airflow/.local/lib/python3.12/site-packages/airflow/example_dags/example_latest_only.py
[2025-02-23T04:56:48.871+0000] {processor.py:925} INFO - DAG(s) 'latest_only' retrieved from /home/airflow/.local/lib/python3.12/site-packages/airflow/example_dags/example_latest_only.py
[2025-02-23T04:56:48.885+0000] {logging_mixin.py:190} INFO - [2025-02-23T04:56:48.885+0000] {dag.py:3239} INFO - Sync 1 DAGs
[2025-02-23T04:56:48.902+0000] {logging_mixin.py:190} INFO - [2025-02-23T04:56:48.902+0000] {dag.py:4180} INFO - Setting next_dagrun for latest_only to 2025-02-23 00:00:00+00:00, run_after=2025-02-23 04:00:00+00:00
[2025-02-23T04:56:48.914+0000] {processor.py:208} INFO - Processing /home/airflow/.local/lib/python3.12/site-packages/airflow/example_dags/example_latest_only.py took 0.055 seconds
