[2025-02-23T04:46:34.133+0000] {processor.py:186} INFO - Started process (PID=68) to work on /home/airflow/.local/lib/python3.12/site-packages/airflow/example_dags/example_params_trigger_ui.py
[2025-02-23T04:46:34.134+0000] {processor.py:914} INFO - Processing file /home/airflow/.local/lib/python3.12/site-packages/airflow/example_dags/example_params_trigger_ui.py for tasks to queue
[2025-02-23T04:46:34.152+0000] {logging_mixin.py:190} INFO - [2025-02-23T04:46:34.152+0000] {dagbag.py:588} INFO - Filling up the DagBag from /home/airflow/.local/lib/python3.12/site-packages/airflow/example_dags/example_params_trigger_ui.py
[2025-02-23T04:46:34.175+0000] {processor.py:925} INFO - DAG(s) 'example_params_trigger_ui' retrieved from /home/airflow/.local/lib/python3.12/site-packages/airflow/example_dags/example_params_trigger_ui.py
[2025-02-23T04:46:34.497+0000] {logging_mixin.py:190} INFO - [2025-02-23T04:46:34.496+0000] {override.py:1911} INFO - Created Permission View: can read on DAG:example_params_trigger_ui
[2025-02-23T04:46:34.519+0000] {logging_mixin.py:190} INFO - [2025-02-23T04:46:34.519+0000] {override.py:1911} INFO - Created Permission View: can delete on DAG:example_params_trigger_ui
[2025-02-23T04:46:34.530+0000] {logging_mixin.py:190} INFO - [2025-02-23T04:46:34.530+0000] {override.py:1911} INFO - Created Permission View: can edit on DAG:example_params_trigger_ui
[2025-02-23T04:46:34.542+0000] {logging_mixin.py:190} INFO - [2025-02-23T04:46:34.542+0000] {override.py:1911} INFO - Created Permission View: can read on DAG Run:example_params_trigger_ui
[2025-02-23T04:46:34.553+0000] {logging_mixin.py:190} INFO - [2025-02-23T04:46:34.553+0000] {override.py:1911} INFO - Created Permission View: menu access on DAG Run:example_params_trigger_ui
[2025-02-23T04:46:34.566+0000] {logging_mixin.py:190} INFO - [2025-02-23T04:46:34.565+0000] {override.py:1911} INFO - Created Permission View: can create on DAG Run:example_params_trigger_ui
[2025-02-23T04:46:34.571+0000] {logging_mixin.py:190} INFO - [2025-02-23T04:46:34.571+0000] {override.py:1911} INFO - Created Permission View: can delete on DAG Run:example_params_trigger_ui
[2025-02-23T04:46:34.571+0000] {logging_mixin.py:190} INFO - [2025-02-23T04:46:34.571+0000] {dag.py:3239} INFO - Sync 1 DAGs
[2025-02-23T04:46:34.596+0000] {logging_mixin.py:190} INFO - [2025-02-23T04:46:34.596+0000] {dag.py:3262} INFO - Creating ORM DAG for example_params_trigger_ui
[2025-02-23T04:46:34.597+0000] {logging_mixin.py:190} INFO - [2025-02-23T04:46:34.597+0000] {dag.py:4180} INFO - Setting next_dagrun for example_params_trigger_ui to None, run_after=None
[2025-02-23T04:46:34.630+0000] {processor.py:208} INFO - Processing /home/airflow/.local/lib/python3.12/site-packages/airflow/example_dags/example_params_trigger_ui.py took 0.503 seconds
[2025-02-23T04:47:04.684+0000] {processor.py:186} INFO - Started process (PID=132) to work on /home/airflow/.local/lib/python3.12/site-packages/airflow/example_dags/example_params_trigger_ui.py
[2025-02-23T04:47:04.684+0000] {processor.py:914} INFO - Processing file /home/airflow/.local/lib/python3.12/site-packages/airflow/example_dags/example_params_trigger_ui.py for tasks to queue
[2025-02-23T04:47:04.686+0000] {logging_mixin.py:190} INFO - [2025-02-23T04:47:04.686+0000] {dagbag.py:588} INFO - Filling up the DagBag from /home/airflow/.local/lib/python3.12/site-packages/airflow/example_dags/example_params_trigger_ui.py
[2025-02-23T04:47:04.695+0000] {processor.py:925} INFO - DAG(s) 'example_params_trigger_ui' retrieved from /home/airflow/.local/lib/python3.12/site-packages/airflow/example_dags/example_params_trigger_ui.py
[2025-02-23T04:47:04.746+0000] {logging_mixin.py:190} INFO - [2025-02-23T04:47:04.746+0000] {dag.py:3239} INFO - Sync 1 DAGs
[2025-02-23T04:47:04.761+0000] {logging_mixin.py:190} INFO - [2025-02-23T04:47:04.761+0000] {dag.py:4180} INFO - Setting next_dagrun for example_params_trigger_ui to None, run_after=None
[2025-02-23T04:47:04.780+0000] {processor.py:208} INFO - Processing /home/airflow/.local/lib/python3.12/site-packages/airflow/example_dags/example_params_trigger_ui.py took 0.101 seconds
[2025-02-23T04:47:35.258+0000] {processor.py:186} INFO - Started process (PID=195) to work on /home/airflow/.local/lib/python3.12/site-packages/airflow/example_dags/example_params_trigger_ui.py
[2025-02-23T04:47:35.259+0000] {processor.py:914} INFO - Processing file /home/airflow/.local/lib/python3.12/site-packages/airflow/example_dags/example_params_trigger_ui.py for tasks to queue
[2025-02-23T04:47:35.261+0000] {logging_mixin.py:190} INFO - [2025-02-23T04:47:35.260+0000] {dagbag.py:588} INFO - Filling up the DagBag from /home/airflow/.local/lib/python3.12/site-packages/airflow/example_dags/example_params_trigger_ui.py
[2025-02-23T04:47:35.270+0000] {processor.py:925} INFO - DAG(s) 'example_params_trigger_ui' retrieved from /home/airflow/.local/lib/python3.12/site-packages/airflow/example_dags/example_params_trigger_ui.py
[2025-02-23T04:47:35.321+0000] {logging_mixin.py:190} INFO - [2025-02-23T04:47:35.321+0000] {dag.py:3239} INFO - Sync 1 DAGs
[2025-02-23T04:47:35.337+0000] {logging_mixin.py:190} INFO - [2025-02-23T04:47:35.336+0000] {dag.py:4180} INFO - Setting next_dagrun for example_params_trigger_ui to None, run_after=None
[2025-02-23T04:47:35.353+0000] {processor.py:208} INFO - Processing /home/airflow/.local/lib/python3.12/site-packages/airflow/example_dags/example_params_trigger_ui.py took 0.100 seconds
[2025-02-23T04:48:05.710+0000] {processor.py:186} INFO - Started process (PID=258) to work on /home/airflow/.local/lib/python3.12/site-packages/airflow/example_dags/example_params_trigger_ui.py
[2025-02-23T04:48:05.711+0000] {processor.py:914} INFO - Processing file /home/airflow/.local/lib/python3.12/site-packages/airflow/example_dags/example_params_trigger_ui.py for tasks to queue
[2025-02-23T04:48:05.712+0000] {logging_mixin.py:190} INFO - [2025-02-23T04:48:05.712+0000] {dagbag.py:588} INFO - Filling up the DagBag from /home/airflow/.local/lib/python3.12/site-packages/airflow/example_dags/example_params_trigger_ui.py
[2025-02-23T04:48:05.721+0000] {processor.py:925} INFO - DAG(s) 'example_params_trigger_ui' retrieved from /home/airflow/.local/lib/python3.12/site-packages/airflow/example_dags/example_params_trigger_ui.py
[2025-02-23T04:48:05.765+0000] {logging_mixin.py:190} INFO - [2025-02-23T04:48:05.765+0000] {dag.py:3239} INFO - Sync 1 DAGs
[2025-02-23T04:48:05.778+0000] {logging_mixin.py:190} INFO - [2025-02-23T04:48:05.778+0000] {dag.py:4180} INFO - Setting next_dagrun for example_params_trigger_ui to None, run_after=None
[2025-02-23T04:48:05.796+0000] {processor.py:208} INFO - Processing /home/airflow/.local/lib/python3.12/site-packages/airflow/example_dags/example_params_trigger_ui.py took 0.090 seconds
[2025-02-23T04:48:35.873+0000] {processor.py:186} INFO - Started process (PID=322) to work on /home/airflow/.local/lib/python3.12/site-packages/airflow/example_dags/example_params_trigger_ui.py
[2025-02-23T04:48:35.873+0000] {processor.py:914} INFO - Processing file /home/airflow/.local/lib/python3.12/site-packages/airflow/example_dags/example_params_trigger_ui.py for tasks to queue
[2025-02-23T04:48:35.875+0000] {logging_mixin.py:190} INFO - [2025-02-23T04:48:35.875+0000] {dagbag.py:588} INFO - Filling up the DagBag from /home/airflow/.local/lib/python3.12/site-packages/airflow/example_dags/example_params_trigger_ui.py
[2025-02-23T04:48:35.886+0000] {processor.py:925} INFO - DAG(s) 'example_params_trigger_ui' retrieved from /home/airflow/.local/lib/python3.12/site-packages/airflow/example_dags/example_params_trigger_ui.py
[2025-02-23T04:48:35.919+0000] {logging_mixin.py:190} INFO - [2025-02-23T04:48:35.919+0000] {dag.py:3239} INFO - Sync 1 DAGs
[2025-02-23T04:48:35.931+0000] {logging_mixin.py:190} INFO - [2025-02-23T04:48:35.930+0000] {dag.py:4180} INFO - Setting next_dagrun for example_params_trigger_ui to None, run_after=None
[2025-02-23T04:48:35.944+0000] {processor.py:208} INFO - Processing /home/airflow/.local/lib/python3.12/site-packages/airflow/example_dags/example_params_trigger_ui.py took 0.076 seconds
[2025-02-23T04:49:06.119+0000] {processor.py:186} INFO - Started process (PID=386) to work on /home/airflow/.local/lib/python3.12/site-packages/airflow/example_dags/example_params_trigger_ui.py
[2025-02-23T04:49:06.120+0000] {processor.py:914} INFO - Processing file /home/airflow/.local/lib/python3.12/site-packages/airflow/example_dags/example_params_trigger_ui.py for tasks to queue
[2025-02-23T04:49:06.122+0000] {logging_mixin.py:190} INFO - [2025-02-23T04:49:06.121+0000] {dagbag.py:588} INFO - Filling up the DagBag from /home/airflow/.local/lib/python3.12/site-packages/airflow/example_dags/example_params_trigger_ui.py
[2025-02-23T04:49:06.130+0000] {processor.py:925} INFO - DAG(s) 'example_params_trigger_ui' retrieved from /home/airflow/.local/lib/python3.12/site-packages/airflow/example_dags/example_params_trigger_ui.py
[2025-02-23T04:49:06.176+0000] {logging_mixin.py:190} INFO - [2025-02-23T04:49:06.176+0000] {dag.py:3239} INFO - Sync 1 DAGs
[2025-02-23T04:49:06.190+0000] {logging_mixin.py:190} INFO - [2025-02-23T04:49:06.190+0000] {dag.py:4180} INFO - Setting next_dagrun for example_params_trigger_ui to None, run_after=None
[2025-02-23T04:49:06.206+0000] {processor.py:208} INFO - Processing /home/airflow/.local/lib/python3.12/site-packages/airflow/example_dags/example_params_trigger_ui.py took 0.091 seconds
[2025-02-23T04:49:36.258+0000] {processor.py:186} INFO - Started process (PID=449) to work on /home/airflow/.local/lib/python3.12/site-packages/airflow/example_dags/example_params_trigger_ui.py
[2025-02-23T04:49:36.258+0000] {processor.py:914} INFO - Processing file /home/airflow/.local/lib/python3.12/site-packages/airflow/example_dags/example_params_trigger_ui.py for tasks to queue
[2025-02-23T04:49:36.261+0000] {logging_mixin.py:190} INFO - [2025-02-23T04:49:36.261+0000] {dagbag.py:588} INFO - Filling up the DagBag from /home/airflow/.local/lib/python3.12/site-packages/airflow/example_dags/example_params_trigger_ui.py
[2025-02-23T04:49:36.274+0000] {processor.py:925} INFO - DAG(s) 'example_params_trigger_ui' retrieved from /home/airflow/.local/lib/python3.12/site-packages/airflow/example_dags/example_params_trigger_ui.py
[2025-02-23T04:49:36.325+0000] {logging_mixin.py:190} INFO - [2025-02-23T04:49:36.324+0000] {dag.py:3239} INFO - Sync 1 DAGs
[2025-02-23T04:49:36.339+0000] {logging_mixin.py:190} INFO - [2025-02-23T04:49:36.339+0000] {dag.py:4180} INFO - Setting next_dagrun for example_params_trigger_ui to None, run_after=None
[2025-02-23T04:49:36.355+0000] {processor.py:208} INFO - Processing /home/airflow/.local/lib/python3.12/site-packages/airflow/example_dags/example_params_trigger_ui.py took 0.102 seconds
[2025-02-23T04:50:06.738+0000] {processor.py:186} INFO - Started process (PID=512) to work on /home/airflow/.local/lib/python3.12/site-packages/airflow/example_dags/example_params_trigger_ui.py
[2025-02-23T04:50:06.739+0000] {processor.py:914} INFO - Processing file /home/airflow/.local/lib/python3.12/site-packages/airflow/example_dags/example_params_trigger_ui.py for tasks to queue
[2025-02-23T04:50:06.740+0000] {logging_mixin.py:190} INFO - [2025-02-23T04:50:06.740+0000] {dagbag.py:588} INFO - Filling up the DagBag from /home/airflow/.local/lib/python3.12/site-packages/airflow/example_dags/example_params_trigger_ui.py
[2025-02-23T04:50:06.751+0000] {processor.py:925} INFO - DAG(s) 'example_params_trigger_ui' retrieved from /home/airflow/.local/lib/python3.12/site-packages/airflow/example_dags/example_params_trigger_ui.py
[2025-02-23T04:50:06.797+0000] {logging_mixin.py:190} INFO - [2025-02-23T04:50:06.797+0000] {dag.py:3239} INFO - Sync 1 DAGs
[2025-02-23T04:50:06.811+0000] {logging_mixin.py:190} INFO - [2025-02-23T04:50:06.810+0000] {dag.py:4180} INFO - Setting next_dagrun for example_params_trigger_ui to None, run_after=None
[2025-02-23T04:50:06.825+0000] {processor.py:208} INFO - Processing /home/airflow/.local/lib/python3.12/site-packages/airflow/example_dags/example_params_trigger_ui.py took 0.092 seconds
[2025-02-23T04:50:37.366+0000] {processor.py:186} INFO - Started process (PID=575) to work on /home/airflow/.local/lib/python3.12/site-packages/airflow/example_dags/example_params_trigger_ui.py
[2025-02-23T04:50:37.366+0000] {processor.py:914} INFO - Processing file /home/airflow/.local/lib/python3.12/site-packages/airflow/example_dags/example_params_trigger_ui.py for tasks to queue
[2025-02-23T04:50:37.368+0000] {logging_mixin.py:190} INFO - [2025-02-23T04:50:37.368+0000] {dagbag.py:588} INFO - Filling up the DagBag from /home/airflow/.local/lib/python3.12/site-packages/airflow/example_dags/example_params_trigger_ui.py
[2025-02-23T04:50:37.379+0000] {processor.py:925} INFO - DAG(s) 'example_params_trigger_ui' retrieved from /home/airflow/.local/lib/python3.12/site-packages/airflow/example_dags/example_params_trigger_ui.py
[2025-02-23T04:50:37.413+0000] {logging_mixin.py:190} INFO - [2025-02-23T04:50:37.412+0000] {dag.py:3239} INFO - Sync 1 DAGs
[2025-02-23T04:50:37.424+0000] {logging_mixin.py:190} INFO - [2025-02-23T04:50:37.424+0000] {dag.py:4180} INFO - Setting next_dagrun for example_params_trigger_ui to None, run_after=None
[2025-02-23T04:50:37.440+0000] {processor.py:208} INFO - Processing /home/airflow/.local/lib/python3.12/site-packages/airflow/example_dags/example_params_trigger_ui.py took 0.080 seconds
[2025-02-23T04:51:07.819+0000] {processor.py:186} INFO - Started process (PID=638) to work on /home/airflow/.local/lib/python3.12/site-packages/airflow/example_dags/example_params_trigger_ui.py
[2025-02-23T04:51:07.820+0000] {processor.py:914} INFO - Processing file /home/airflow/.local/lib/python3.12/site-packages/airflow/example_dags/example_params_trigger_ui.py for tasks to queue
[2025-02-23T04:51:07.822+0000] {logging_mixin.py:190} INFO - [2025-02-23T04:51:07.822+0000] {dagbag.py:588} INFO - Filling up the DagBag from /home/airflow/.local/lib/python3.12/site-packages/airflow/example_dags/example_params_trigger_ui.py
[2025-02-23T04:51:07.830+0000] {processor.py:925} INFO - DAG(s) 'example_params_trigger_ui' retrieved from /home/airflow/.local/lib/python3.12/site-packages/airflow/example_dags/example_params_trigger_ui.py
[2025-02-23T04:51:07.877+0000] {logging_mixin.py:190} INFO - [2025-02-23T04:51:07.877+0000] {dag.py:3239} INFO - Sync 1 DAGs
[2025-02-23T04:51:07.891+0000] {logging_mixin.py:190} INFO - [2025-02-23T04:51:07.891+0000] {dag.py:4180} INFO - Setting next_dagrun for example_params_trigger_ui to None, run_after=None
[2025-02-23T04:51:07.907+0000] {processor.py:208} INFO - Processing /home/airflow/.local/lib/python3.12/site-packages/airflow/example_dags/example_params_trigger_ui.py took 0.093 seconds
[2025-02-23T04:51:38.102+0000] {processor.py:186} INFO - Started process (PID=702) to work on /home/airflow/.local/lib/python3.12/site-packages/airflow/example_dags/example_params_trigger_ui.py
[2025-02-23T04:51:38.103+0000] {processor.py:914} INFO - Processing file /home/airflow/.local/lib/python3.12/site-packages/airflow/example_dags/example_params_trigger_ui.py for tasks to queue
[2025-02-23T04:51:38.105+0000] {logging_mixin.py:190} INFO - [2025-02-23T04:51:38.105+0000] {dagbag.py:588} INFO - Filling up the DagBag from /home/airflow/.local/lib/python3.12/site-packages/airflow/example_dags/example_params_trigger_ui.py
[2025-02-23T04:51:38.114+0000] {processor.py:925} INFO - DAG(s) 'example_params_trigger_ui' retrieved from /home/airflow/.local/lib/python3.12/site-packages/airflow/example_dags/example_params_trigger_ui.py
[2025-02-23T04:51:38.154+0000] {logging_mixin.py:190} INFO - [2025-02-23T04:51:38.154+0000] {dag.py:3239} INFO - Sync 1 DAGs
[2025-02-23T04:51:38.166+0000] {logging_mixin.py:190} INFO - [2025-02-23T04:51:38.166+0000] {dag.py:4180} INFO - Setting next_dagrun for example_params_trigger_ui to None, run_after=None
[2025-02-23T04:51:38.183+0000] {processor.py:208} INFO - Processing /home/airflow/.local/lib/python3.12/site-packages/airflow/example_dags/example_params_trigger_ui.py took 0.084 seconds
[2025-02-23T04:52:08.445+0000] {processor.py:186} INFO - Started process (PID=765) to work on /home/airflow/.local/lib/python3.12/site-packages/airflow/example_dags/example_params_trigger_ui.py
[2025-02-23T04:52:08.446+0000] {processor.py:914} INFO - Processing file /home/airflow/.local/lib/python3.12/site-packages/airflow/example_dags/example_params_trigger_ui.py for tasks to queue
[2025-02-23T04:52:08.447+0000] {logging_mixin.py:190} INFO - [2025-02-23T04:52:08.447+0000] {dagbag.py:588} INFO - Filling up the DagBag from /home/airflow/.local/lib/python3.12/site-packages/airflow/example_dags/example_params_trigger_ui.py
[2025-02-23T04:52:08.458+0000] {processor.py:925} INFO - DAG(s) 'example_params_trigger_ui' retrieved from /home/airflow/.local/lib/python3.12/site-packages/airflow/example_dags/example_params_trigger_ui.py
[2025-02-23T04:52:08.491+0000] {logging_mixin.py:190} INFO - [2025-02-23T04:52:08.491+0000] {dag.py:3239} INFO - Sync 1 DAGs
[2025-02-23T04:52:08.502+0000] {logging_mixin.py:190} INFO - [2025-02-23T04:52:08.502+0000] {dag.py:4180} INFO - Setting next_dagrun for example_params_trigger_ui to None, run_after=None
[2025-02-23T04:52:08.515+0000] {processor.py:208} INFO - Processing /home/airflow/.local/lib/python3.12/site-packages/airflow/example_dags/example_params_trigger_ui.py took 0.074 seconds
[2025-02-23T04:52:38.629+0000] {processor.py:186} INFO - Started process (PID=828) to work on /home/airflow/.local/lib/python3.12/site-packages/airflow/example_dags/example_params_trigger_ui.py
[2025-02-23T04:52:38.630+0000] {processor.py:914} INFO - Processing file /home/airflow/.local/lib/python3.12/site-packages/airflow/example_dags/example_params_trigger_ui.py for tasks to queue
[2025-02-23T04:52:38.632+0000] {logging_mixin.py:190} INFO - [2025-02-23T04:52:38.631+0000] {dagbag.py:588} INFO - Filling up the DagBag from /home/airflow/.local/lib/python3.12/site-packages/airflow/example_dags/example_params_trigger_ui.py
[2025-02-23T04:52:38.642+0000] {processor.py:925} INFO - DAG(s) 'example_params_trigger_ui' retrieved from /home/airflow/.local/lib/python3.12/site-packages/airflow/example_dags/example_params_trigger_ui.py
[2025-02-23T04:52:38.689+0000] {logging_mixin.py:190} INFO - [2025-02-23T04:52:38.688+0000] {dag.py:3239} INFO - Sync 1 DAGs
[2025-02-23T04:52:38.702+0000] {logging_mixin.py:190} INFO - [2025-02-23T04:52:38.702+0000] {dag.py:4180} INFO - Setting next_dagrun for example_params_trigger_ui to None, run_after=None
[2025-02-23T04:52:38.717+0000] {processor.py:208} INFO - Processing /home/airflow/.local/lib/python3.12/site-packages/airflow/example_dags/example_params_trigger_ui.py took 0.093 seconds
[2025-02-23T04:53:09.020+0000] {processor.py:186} INFO - Started process (PID=891) to work on /home/airflow/.local/lib/python3.12/site-packages/airflow/example_dags/example_params_trigger_ui.py
[2025-02-23T04:53:09.021+0000] {processor.py:914} INFO - Processing file /home/airflow/.local/lib/python3.12/site-packages/airflow/example_dags/example_params_trigger_ui.py for tasks to queue
[2025-02-23T04:53:09.022+0000] {logging_mixin.py:190} INFO - [2025-02-23T04:53:09.022+0000] {dagbag.py:588} INFO - Filling up the DagBag from /home/airflow/.local/lib/python3.12/site-packages/airflow/example_dags/example_params_trigger_ui.py
[2025-02-23T04:53:09.031+0000] {processor.py:925} INFO - DAG(s) 'example_params_trigger_ui' retrieved from /home/airflow/.local/lib/python3.12/site-packages/airflow/example_dags/example_params_trigger_ui.py
[2025-02-23T04:53:09.064+0000] {logging_mixin.py:190} INFO - [2025-02-23T04:53:09.063+0000] {dag.py:3239} INFO - Sync 1 DAGs
[2025-02-23T04:53:09.075+0000] {logging_mixin.py:190} INFO - [2025-02-23T04:53:09.075+0000] {dag.py:4180} INFO - Setting next_dagrun for example_params_trigger_ui to None, run_after=None
[2025-02-23T04:53:09.089+0000] {processor.py:208} INFO - Processing /home/airflow/.local/lib/python3.12/site-packages/airflow/example_dags/example_params_trigger_ui.py took 0.074 seconds
[2025-02-23T04:53:39.661+0000] {processor.py:186} INFO - Started process (PID=954) to work on /home/airflow/.local/lib/python3.12/site-packages/airflow/example_dags/example_params_trigger_ui.py
[2025-02-23T04:53:39.661+0000] {processor.py:914} INFO - Processing file /home/airflow/.local/lib/python3.12/site-packages/airflow/example_dags/example_params_trigger_ui.py for tasks to queue
[2025-02-23T04:53:39.663+0000] {logging_mixin.py:190} INFO - [2025-02-23T04:53:39.663+0000] {dagbag.py:588} INFO - Filling up the DagBag from /home/airflow/.local/lib/python3.12/site-packages/airflow/example_dags/example_params_trigger_ui.py
[2025-02-23T04:53:39.671+0000] {processor.py:925} INFO - DAG(s) 'example_params_trigger_ui' retrieved from /home/airflow/.local/lib/python3.12/site-packages/airflow/example_dags/example_params_trigger_ui.py
[2025-02-23T04:53:39.709+0000] {logging_mixin.py:190} INFO - [2025-02-23T04:53:39.709+0000] {dag.py:3239} INFO - Sync 1 DAGs
[2025-02-23T04:53:39.724+0000] {logging_mixin.py:190} INFO - [2025-02-23T04:53:39.724+0000] {dag.py:4180} INFO - Setting next_dagrun for example_params_trigger_ui to None, run_after=None
[2025-02-23T04:53:39.740+0000] {processor.py:208} INFO - Processing /home/airflow/.local/lib/python3.12/site-packages/airflow/example_dags/example_params_trigger_ui.py took 0.085 seconds
[2025-02-23T04:54:09.959+0000] {processor.py:186} INFO - Started process (PID=1017) to work on /home/airflow/.local/lib/python3.12/site-packages/airflow/example_dags/example_params_trigger_ui.py
[2025-02-23T04:54:09.960+0000] {processor.py:914} INFO - Processing file /home/airflow/.local/lib/python3.12/site-packages/airflow/example_dags/example_params_trigger_ui.py for tasks to queue
[2025-02-23T04:54:09.962+0000] {logging_mixin.py:190} INFO - [2025-02-23T04:54:09.961+0000] {dagbag.py:588} INFO - Filling up the DagBag from /home/airflow/.local/lib/python3.12/site-packages/airflow/example_dags/example_params_trigger_ui.py
[2025-02-23T04:54:09.971+0000] {processor.py:925} INFO - DAG(s) 'example_params_trigger_ui' retrieved from /home/airflow/.local/lib/python3.12/site-packages/airflow/example_dags/example_params_trigger_ui.py
[2025-02-23T04:54:10.008+0000] {logging_mixin.py:190} INFO - [2025-02-23T04:54:10.008+0000] {dag.py:3239} INFO - Sync 1 DAGs
[2025-02-23T04:54:10.019+0000] {logging_mixin.py:190} INFO - [2025-02-23T04:54:10.019+0000] {dag.py:4180} INFO - Setting next_dagrun for example_params_trigger_ui to None, run_after=None
[2025-02-23T04:54:10.032+0000] {processor.py:208} INFO - Processing /home/airflow/.local/lib/python3.12/site-packages/airflow/example_dags/example_params_trigger_ui.py took 0.079 seconds
[2025-02-23T04:54:40.238+0000] {processor.py:186} INFO - Started process (PID=1080) to work on /home/airflow/.local/lib/python3.12/site-packages/airflow/example_dags/example_params_trigger_ui.py
[2025-02-23T04:54:40.239+0000] {processor.py:914} INFO - Processing file /home/airflow/.local/lib/python3.12/site-packages/airflow/example_dags/example_params_trigger_ui.py for tasks to queue
[2025-02-23T04:54:40.241+0000] {logging_mixin.py:190} INFO - [2025-02-23T04:54:40.241+0000] {dagbag.py:588} INFO - Filling up the DagBag from /home/airflow/.local/lib/python3.12/site-packages/airflow/example_dags/example_params_trigger_ui.py
[2025-02-23T04:54:40.250+0000] {processor.py:925} INFO - DAG(s) 'example_params_trigger_ui' retrieved from /home/airflow/.local/lib/python3.12/site-packages/airflow/example_dags/example_params_trigger_ui.py
[2025-02-23T04:54:40.301+0000] {logging_mixin.py:190} INFO - [2025-02-23T04:54:40.301+0000] {dag.py:3239} INFO - Sync 1 DAGs
[2025-02-23T04:54:40.317+0000] {logging_mixin.py:190} INFO - [2025-02-23T04:54:40.317+0000] {dag.py:4180} INFO - Setting next_dagrun for example_params_trigger_ui to None, run_after=None
[2025-02-23T04:54:40.332+0000] {processor.py:208} INFO - Processing /home/airflow/.local/lib/python3.12/site-packages/airflow/example_dags/example_params_trigger_ui.py took 0.098 seconds
[2025-02-23T04:55:10.533+0000] {processor.py:186} INFO - Started process (PID=1143) to work on /home/airflow/.local/lib/python3.12/site-packages/airflow/example_dags/example_params_trigger_ui.py
[2025-02-23T04:55:10.534+0000] {processor.py:914} INFO - Processing file /home/airflow/.local/lib/python3.12/site-packages/airflow/example_dags/example_params_trigger_ui.py for tasks to queue
[2025-02-23T04:55:10.536+0000] {logging_mixin.py:190} INFO - [2025-02-23T04:55:10.535+0000] {dagbag.py:588} INFO - Filling up the DagBag from /home/airflow/.local/lib/python3.12/site-packages/airflow/example_dags/example_params_trigger_ui.py
[2025-02-23T04:55:10.548+0000] {processor.py:925} INFO - DAG(s) 'example_params_trigger_ui' retrieved from /home/airflow/.local/lib/python3.12/site-packages/airflow/example_dags/example_params_trigger_ui.py
[2025-02-23T04:55:10.600+0000] {logging_mixin.py:190} INFO - [2025-02-23T04:55:10.600+0000] {dag.py:3239} INFO - Sync 1 DAGs
[2025-02-23T04:55:10.611+0000] {logging_mixin.py:190} INFO - [2025-02-23T04:55:10.611+0000] {dag.py:4180} INFO - Setting next_dagrun for example_params_trigger_ui to None, run_after=None
[2025-02-23T04:55:10.625+0000] {processor.py:208} INFO - Processing /home/airflow/.local/lib/python3.12/site-packages/airflow/example_dags/example_params_trigger_ui.py took 0.099 seconds
[2025-02-23T04:55:40.826+0000] {processor.py:186} INFO - Started process (PID=1206) to work on /home/airflow/.local/lib/python3.12/site-packages/airflow/example_dags/example_params_trigger_ui.py
[2025-02-23T04:55:40.827+0000] {processor.py:914} INFO - Processing file /home/airflow/.local/lib/python3.12/site-packages/airflow/example_dags/example_params_trigger_ui.py for tasks to queue
[2025-02-23T04:55:40.829+0000] {logging_mixin.py:190} INFO - [2025-02-23T04:55:40.828+0000] {dagbag.py:588} INFO - Filling up the DagBag from /home/airflow/.local/lib/python3.12/site-packages/airflow/example_dags/example_params_trigger_ui.py
[2025-02-23T04:55:40.837+0000] {processor.py:925} INFO - DAG(s) 'example_params_trigger_ui' retrieved from /home/airflow/.local/lib/python3.12/site-packages/airflow/example_dags/example_params_trigger_ui.py
[2025-02-23T04:55:40.870+0000] {logging_mixin.py:190} INFO - [2025-02-23T04:55:40.870+0000] {dag.py:3239} INFO - Sync 1 DAGs
[2025-02-23T04:55:40.882+0000] {logging_mixin.py:190} INFO - [2025-02-23T04:55:40.882+0000] {dag.py:4180} INFO - Setting next_dagrun for example_params_trigger_ui to None, run_after=None
[2025-02-23T04:55:40.897+0000] {processor.py:208} INFO - Processing /home/airflow/.local/lib/python3.12/site-packages/airflow/example_dags/example_params_trigger_ui.py took 0.076 seconds
[2025-02-23T04:56:11.007+0000] {processor.py:186} INFO - Started process (PID=1269) to work on /home/airflow/.local/lib/python3.12/site-packages/airflow/example_dags/example_params_trigger_ui.py
[2025-02-23T04:56:11.007+0000] {processor.py:914} INFO - Processing file /home/airflow/.local/lib/python3.12/site-packages/airflow/example_dags/example_params_trigger_ui.py for tasks to queue
[2025-02-23T04:56:11.009+0000] {logging_mixin.py:190} INFO - [2025-02-23T04:56:11.009+0000] {dagbag.py:588} INFO - Filling up the DagBag from /home/airflow/.local/lib/python3.12/site-packages/airflow/example_dags/example_params_trigger_ui.py
[2025-02-23T04:56:11.020+0000] {processor.py:925} INFO - DAG(s) 'example_params_trigger_ui' retrieved from /home/airflow/.local/lib/python3.12/site-packages/airflow/example_dags/example_params_trigger_ui.py
[2025-02-23T04:56:11.060+0000] {logging_mixin.py:190} INFO - [2025-02-23T04:56:11.060+0000] {dag.py:3239} INFO - Sync 1 DAGs
[2025-02-23T04:56:11.073+0000] {logging_mixin.py:190} INFO - [2025-02-23T04:56:11.073+0000] {dag.py:4180} INFO - Setting next_dagrun for example_params_trigger_ui to None, run_after=None
[2025-02-23T04:56:11.087+0000] {processor.py:208} INFO - Processing /home/airflow/.local/lib/python3.12/site-packages/airflow/example_dags/example_params_trigger_ui.py took 0.085 seconds
[2025-02-23T04:56:41.736+0000] {processor.py:186} INFO - Started process (PID=1333) to work on /home/airflow/.local/lib/python3.12/site-packages/airflow/example_dags/example_params_trigger_ui.py
[2025-02-23T04:56:41.747+0000] {processor.py:914} INFO - Processing file /home/airflow/.local/lib/python3.12/site-packages/airflow/example_dags/example_params_trigger_ui.py for tasks to queue
[2025-02-23T04:56:41.749+0000] {logging_mixin.py:190} INFO - [2025-02-23T04:56:41.748+0000] {dagbag.py:588} INFO - Filling up the DagBag from /home/airflow/.local/lib/python3.12/site-packages/airflow/example_dags/example_params_trigger_ui.py
[2025-02-23T04:56:41.760+0000] {processor.py:925} INFO - DAG(s) 'example_params_trigger_ui' retrieved from /home/airflow/.local/lib/python3.12/site-packages/airflow/example_dags/example_params_trigger_ui.py
[2025-02-23T04:56:41.804+0000] {logging_mixin.py:190} INFO - [2025-02-23T04:56:41.803+0000] {dag.py:3239} INFO - Sync 1 DAGs
[2025-02-23T04:56:41.818+0000] {logging_mixin.py:190} INFO - [2025-02-23T04:56:41.818+0000] {dag.py:4180} INFO - Setting next_dagrun for example_params_trigger_ui to None, run_after=None
[2025-02-23T04:56:41.833+0000] {processor.py:208} INFO - Processing /home/airflow/.local/lib/python3.12/site-packages/airflow/example_dags/example_params_trigger_ui.py took 0.104 seconds
[2025-02-23T04:57:11.968+0000] {processor.py:186} INFO - Started process (PID=1398) to work on /home/airflow/.local/lib/python3.12/site-packages/airflow/example_dags/example_params_trigger_ui.py
[2025-02-23T04:57:11.969+0000] {processor.py:914} INFO - Processing file /home/airflow/.local/lib/python3.12/site-packages/airflow/example_dags/example_params_trigger_ui.py for tasks to queue
[2025-02-23T04:57:11.971+0000] {logging_mixin.py:190} INFO - [2025-02-23T04:57:11.971+0000] {dagbag.py:588} INFO - Filling up the DagBag from /home/airflow/.local/lib/python3.12/site-packages/airflow/example_dags/example_params_trigger_ui.py
[2025-02-23T04:57:11.983+0000] {processor.py:925} INFO - DAG(s) 'example_params_trigger_ui' retrieved from /home/airflow/.local/lib/python3.12/site-packages/airflow/example_dags/example_params_trigger_ui.py
[2025-02-23T04:57:12.029+0000] {logging_mixin.py:190} INFO - [2025-02-23T04:57:12.029+0000] {dag.py:3239} INFO - Sync 1 DAGs
[2025-02-23T04:57:12.044+0000] {logging_mixin.py:190} INFO - [2025-02-23T04:57:12.044+0000] {dag.py:4180} INFO - Setting next_dagrun for example_params_trigger_ui to None, run_after=None
[2025-02-23T04:57:12.060+0000] {processor.py:208} INFO - Processing /home/airflow/.local/lib/python3.12/site-packages/airflow/example_dags/example_params_trigger_ui.py took 0.097 seconds
