[2025-02-23T04:46:43.591+0000] {processor.py:186} INFO - Started process (PID=109) to work on /home/airflow/.local/lib/python3.12/site-packages/airflow/example_dags/example_workday_timetable.py
[2025-02-23T04:46:43.592+0000] {processor.py:914} INFO - Processing file /home/airflow/.local/lib/python3.12/site-packages/airflow/example_dags/example_workday_timetable.py for tasks to queue
[2025-02-23T04:46:43.594+0000] {logging_mixin.py:190} INFO - [2025-02-23T04:46:43.594+0000] {dagbag.py:588} INFO - Filling up the DagBag from /home/airflow/.local/lib/python3.12/site-packages/airflow/example_dags/example_workday_timetable.py
[2025-02-23T04:46:43.601+0000] {processor.py:925} INFO - DAG(s) 'example_workday_timetable' retrieved from /home/airflow/.local/lib/python3.12/site-packages/airflow/example_dags/example_workday_timetable.py
[2025-02-23T04:46:43.710+0000] {logging_mixin.py:190} INFO - [2025-02-23T04:46:43.709+0000] {override.py:1911} INFO - Created Permission View: can read on DAG:example_workday_timetable
[2025-02-23T04:46:43.717+0000] {logging_mixin.py:190} INFO - [2025-02-23T04:46:43.717+0000] {override.py:1911} INFO - Created Permission View: can delete on DAG:example_workday_timetable
[2025-02-23T04:46:43.722+0000] {logging_mixin.py:190} INFO - [2025-02-23T04:46:43.721+0000] {override.py:1911} INFO - Created Permission View: can edit on DAG:example_workday_timetable
[2025-02-23T04:46:43.726+0000] {logging_mixin.py:190} INFO - [2025-02-23T04:46:43.726+0000] {override.py:1911} INFO - Created Permission View: can read on DAG Run:example_workday_timetable
[2025-02-23T04:46:43.731+0000] {logging_mixin.py:190} INFO - [2025-02-23T04:46:43.731+0000] {override.py:1911} INFO - Created Permission View: menu access on DAG Run:example_workday_timetable
[2025-02-23T04:46:43.735+0000] {logging_mixin.py:190} INFO - [2025-02-23T04:46:43.735+0000] {override.py:1911} INFO - Created Permission View: can create on DAG Run:example_workday_timetable
[2025-02-23T04:46:43.739+0000] {logging_mixin.py:190} INFO - [2025-02-23T04:46:43.739+0000] {override.py:1911} INFO - Created Permission View: can delete on DAG Run:example_workday_timetable
[2025-02-23T04:46:43.739+0000] {logging_mixin.py:190} INFO - [2025-02-23T04:46:43.739+0000] {dag.py:3239} INFO - Sync 1 DAGs
[2025-02-23T04:46:43.753+0000] {logging_mixin.py:190} INFO - [2025-02-23T04:46:43.753+0000] {dag.py:3262} INFO - Creating ORM DAG for example_workday_timetable
[2025-02-23T04:46:43.801+0000] {logging_mixin.py:190} INFO - [2025-02-23T04:46:43.801+0000] {dag.py:4180} INFO - Setting next_dagrun for example_workday_timetable to 2021-01-04 00:00:00+00:00, run_after=2021-01-05 00:00:00+00:00
[2025-02-23T04:46:43.818+0000] {processor.py:208} INFO - Processing /home/airflow/.local/lib/python3.12/site-packages/airflow/example_dags/example_workday_timetable.py took 0.232 seconds
[2025-02-23T04:47:13.918+0000] {processor.py:186} INFO - Started process (PID=173) to work on /home/airflow/.local/lib/python3.12/site-packages/airflow/example_dags/example_workday_timetable.py
[2025-02-23T04:47:13.919+0000] {processor.py:914} INFO - Processing file /home/airflow/.local/lib/python3.12/site-packages/airflow/example_dags/example_workday_timetable.py for tasks to queue
[2025-02-23T04:47:13.920+0000] {logging_mixin.py:190} INFO - [2025-02-23T04:47:13.920+0000] {dagbag.py:588} INFO - Filling up the DagBag from /home/airflow/.local/lib/python3.12/site-packages/airflow/example_dags/example_workday_timetable.py
[2025-02-23T04:47:13.925+0000] {processor.py:925} INFO - DAG(s) 'example_workday_timetable' retrieved from /home/airflow/.local/lib/python3.12/site-packages/airflow/example_dags/example_workday_timetable.py
[2025-02-23T04:47:13.940+0000] {logging_mixin.py:190} INFO - [2025-02-23T04:47:13.940+0000] {dag.py:3239} INFO - Sync 1 DAGs
[2025-02-23T04:47:13.988+0000] {logging_mixin.py:190} INFO - [2025-02-23T04:47:13.987+0000] {dag.py:4180} INFO - Setting next_dagrun for example_workday_timetable to 2021-01-04 00:00:00+00:00, run_after=2021-01-05 00:00:00+00:00
[2025-02-23T04:47:14.000+0000] {processor.py:208} INFO - Processing /home/airflow/.local/lib/python3.12/site-packages/airflow/example_dags/example_workday_timetable.py took 0.086 seconds
[2025-02-23T04:47:44.934+0000] {processor.py:186} INFO - Started process (PID=236) to work on /home/airflow/.local/lib/python3.12/site-packages/airflow/example_dags/example_workday_timetable.py
[2025-02-23T04:47:44.935+0000] {processor.py:914} INFO - Processing file /home/airflow/.local/lib/python3.12/site-packages/airflow/example_dags/example_workday_timetable.py for tasks to queue
[2025-02-23T04:47:44.937+0000] {logging_mixin.py:190} INFO - [2025-02-23T04:47:44.937+0000] {dagbag.py:588} INFO - Filling up the DagBag from /home/airflow/.local/lib/python3.12/site-packages/airflow/example_dags/example_workday_timetable.py
[2025-02-23T04:47:44.941+0000] {processor.py:925} INFO - DAG(s) 'example_workday_timetable' retrieved from /home/airflow/.local/lib/python3.12/site-packages/airflow/example_dags/example_workday_timetable.py
[2025-02-23T04:47:44.959+0000] {logging_mixin.py:190} INFO - [2025-02-23T04:47:44.959+0000] {dag.py:3239} INFO - Sync 1 DAGs
[2025-02-23T04:47:45.016+0000] {logging_mixin.py:190} INFO - [2025-02-23T04:47:45.016+0000] {dag.py:4180} INFO - Setting next_dagrun for example_workday_timetable to 2021-01-04 00:00:00+00:00, run_after=2021-01-05 00:00:00+00:00
[2025-02-23T04:47:45.028+0000] {processor.py:208} INFO - Processing /home/airflow/.local/lib/python3.12/site-packages/airflow/example_dags/example_workday_timetable.py took 0.099 seconds
[2025-02-23T04:48:15.948+0000] {processor.py:186} INFO - Started process (PID=299) to work on /home/airflow/.local/lib/python3.12/site-packages/airflow/example_dags/example_workday_timetable.py
[2025-02-23T04:48:15.948+0000] {processor.py:914} INFO - Processing file /home/airflow/.local/lib/python3.12/site-packages/airflow/example_dags/example_workday_timetable.py for tasks to queue
[2025-02-23T04:48:15.950+0000] {logging_mixin.py:190} INFO - [2025-02-23T04:48:15.950+0000] {dagbag.py:588} INFO - Filling up the DagBag from /home/airflow/.local/lib/python3.12/site-packages/airflow/example_dags/example_workday_timetable.py
[2025-02-23T04:48:15.955+0000] {processor.py:925} INFO - DAG(s) 'example_workday_timetable' retrieved from /home/airflow/.local/lib/python3.12/site-packages/airflow/example_dags/example_workday_timetable.py
[2025-02-23T04:48:15.969+0000] {logging_mixin.py:190} INFO - [2025-02-23T04:48:15.969+0000] {dag.py:3239} INFO - Sync 1 DAGs
[2025-02-23T04:48:16.019+0000] {logging_mixin.py:190} INFO - [2025-02-23T04:48:16.019+0000] {dag.py:4180} INFO - Setting next_dagrun for example_workday_timetable to 2021-01-04 00:00:00+00:00, run_after=2021-01-05 00:00:00+00:00
[2025-02-23T04:48:16.036+0000] {processor.py:208} INFO - Processing /home/airflow/.local/lib/python3.12/site-packages/airflow/example_dags/example_workday_timetable.py took 0.092 seconds
[2025-02-23T04:48:46.549+0000] {processor.py:186} INFO - Started process (PID=362) to work on /home/airflow/.local/lib/python3.12/site-packages/airflow/example_dags/example_workday_timetable.py
[2025-02-23T04:48:46.549+0000] {processor.py:914} INFO - Processing file /home/airflow/.local/lib/python3.12/site-packages/airflow/example_dags/example_workday_timetable.py for tasks to queue
[2025-02-23T04:48:46.551+0000] {logging_mixin.py:190} INFO - [2025-02-23T04:48:46.551+0000] {dagbag.py:588} INFO - Filling up the DagBag from /home/airflow/.local/lib/python3.12/site-packages/airflow/example_dags/example_workday_timetable.py
[2025-02-23T04:48:46.557+0000] {processor.py:925} INFO - DAG(s) 'example_workday_timetable' retrieved from /home/airflow/.local/lib/python3.12/site-packages/airflow/example_dags/example_workday_timetable.py
[2025-02-23T04:48:46.571+0000] {logging_mixin.py:190} INFO - [2025-02-23T04:48:46.571+0000] {dag.py:3239} INFO - Sync 1 DAGs
[2025-02-23T04:48:46.635+0000] {logging_mixin.py:190} INFO - [2025-02-23T04:48:46.635+0000] {dag.py:4180} INFO - Setting next_dagrun for example_workday_timetable to 2021-01-04 00:00:00+00:00, run_after=2021-01-05 00:00:00+00:00
[2025-02-23T04:48:46.649+0000] {processor.py:208} INFO - Processing /home/airflow/.local/lib/python3.12/site-packages/airflow/example_dags/example_workday_timetable.py took 0.106 seconds
[2025-02-23T04:49:17.203+0000] {processor.py:186} INFO - Started process (PID=426) to work on /home/airflow/.local/lib/python3.12/site-packages/airflow/example_dags/example_workday_timetable.py
[2025-02-23T04:49:17.204+0000] {processor.py:914} INFO - Processing file /home/airflow/.local/lib/python3.12/site-packages/airflow/example_dags/example_workday_timetable.py for tasks to queue
[2025-02-23T04:49:17.206+0000] {logging_mixin.py:190} INFO - [2025-02-23T04:49:17.205+0000] {dagbag.py:588} INFO - Filling up the DagBag from /home/airflow/.local/lib/python3.12/site-packages/airflow/example_dags/example_workday_timetable.py
[2025-02-23T04:49:17.211+0000] {processor.py:925} INFO - DAG(s) 'example_workday_timetable' retrieved from /home/airflow/.local/lib/python3.12/site-packages/airflow/example_dags/example_workday_timetable.py
[2025-02-23T04:49:17.226+0000] {logging_mixin.py:190} INFO - [2025-02-23T04:49:17.226+0000] {dag.py:3239} INFO - Sync 1 DAGs
[2025-02-23T04:49:17.275+0000] {logging_mixin.py:190} INFO - [2025-02-23T04:49:17.275+0000] {dag.py:4180} INFO - Setting next_dagrun for example_workday_timetable to 2021-01-04 00:00:00+00:00, run_after=2021-01-05 00:00:00+00:00
[2025-02-23T04:49:17.288+0000] {processor.py:208} INFO - Processing /home/airflow/.local/lib/python3.12/site-packages/airflow/example_dags/example_workday_timetable.py took 0.090 seconds
[2025-02-23T04:49:48.633+0000] {processor.py:186} INFO - Started process (PID=489) to work on /home/airflow/.local/lib/python3.12/site-packages/airflow/example_dags/example_workday_timetable.py
[2025-02-23T04:49:48.634+0000] {processor.py:914} INFO - Processing file /home/airflow/.local/lib/python3.12/site-packages/airflow/example_dags/example_workday_timetable.py for tasks to queue
[2025-02-23T04:49:48.635+0000] {logging_mixin.py:190} INFO - [2025-02-23T04:49:48.635+0000] {dagbag.py:588} INFO - Filling up the DagBag from /home/airflow/.local/lib/python3.12/site-packages/airflow/example_dags/example_workday_timetable.py
[2025-02-23T04:49:48.640+0000] {processor.py:925} INFO - DAG(s) 'example_workday_timetable' retrieved from /home/airflow/.local/lib/python3.12/site-packages/airflow/example_dags/example_workday_timetable.py
[2025-02-23T04:49:48.655+0000] {logging_mixin.py:190} INFO - [2025-02-23T04:49:48.654+0000] {dag.py:3239} INFO - Sync 1 DAGs
[2025-02-23T04:49:48.714+0000] {logging_mixin.py:190} INFO - [2025-02-23T04:49:48.713+0000] {dag.py:4180} INFO - Setting next_dagrun for example_workday_timetable to 2021-01-04 00:00:00+00:00, run_after=2021-01-05 00:00:00+00:00
[2025-02-23T04:49:48.728+0000] {processor.py:208} INFO - Processing /home/airflow/.local/lib/python3.12/site-packages/airflow/example_dags/example_workday_timetable.py took 0.100 seconds
[2025-02-23T04:50:19.679+0000] {processor.py:186} INFO - Started process (PID=553) to work on /home/airflow/.local/lib/python3.12/site-packages/airflow/example_dags/example_workday_timetable.py
[2025-02-23T04:50:19.680+0000] {processor.py:914} INFO - Processing file /home/airflow/.local/lib/python3.12/site-packages/airflow/example_dags/example_workday_timetable.py for tasks to queue
[2025-02-23T04:50:19.683+0000] {logging_mixin.py:190} INFO - [2025-02-23T04:50:19.682+0000] {dagbag.py:588} INFO - Filling up the DagBag from /home/airflow/.local/lib/python3.12/site-packages/airflow/example_dags/example_workday_timetable.py
[2025-02-23T04:50:19.689+0000] {processor.py:925} INFO - DAG(s) 'example_workday_timetable' retrieved from /home/airflow/.local/lib/python3.12/site-packages/airflow/example_dags/example_workday_timetable.py
[2025-02-23T04:50:19.709+0000] {logging_mixin.py:190} INFO - [2025-02-23T04:50:19.708+0000] {dag.py:3239} INFO - Sync 1 DAGs
[2025-02-23T04:50:19.783+0000] {logging_mixin.py:190} INFO - [2025-02-23T04:50:19.783+0000] {dag.py:4180} INFO - Setting next_dagrun for example_workday_timetable to 2021-01-04 00:00:00+00:00, run_after=2021-01-05 00:00:00+00:00
[2025-02-23T04:50:19.801+0000] {processor.py:208} INFO - Processing /home/airflow/.local/lib/python3.12/site-packages/airflow/example_dags/example_workday_timetable.py took 0.128 seconds
[2025-02-23T04:50:50.693+0000] {processor.py:186} INFO - Started process (PID=616) to work on /home/airflow/.local/lib/python3.12/site-packages/airflow/example_dags/example_workday_timetable.py
[2025-02-23T04:50:50.694+0000] {processor.py:914} INFO - Processing file /home/airflow/.local/lib/python3.12/site-packages/airflow/example_dags/example_workday_timetable.py for tasks to queue
[2025-02-23T04:50:50.696+0000] {logging_mixin.py:190} INFO - [2025-02-23T04:50:50.696+0000] {dagbag.py:588} INFO - Filling up the DagBag from /home/airflow/.local/lib/python3.12/site-packages/airflow/example_dags/example_workday_timetable.py
[2025-02-23T04:50:50.703+0000] {processor.py:925} INFO - DAG(s) 'example_workday_timetable' retrieved from /home/airflow/.local/lib/python3.12/site-packages/airflow/example_dags/example_workday_timetable.py
[2025-02-23T04:50:50.723+0000] {logging_mixin.py:190} INFO - [2025-02-23T04:50:50.722+0000] {dag.py:3239} INFO - Sync 1 DAGs
[2025-02-23T04:50:50.800+0000] {logging_mixin.py:190} INFO - [2025-02-23T04:50:50.800+0000] {dag.py:4180} INFO - Setting next_dagrun for example_workday_timetable to 2021-01-04 00:00:00+00:00, run_after=2021-01-05 00:00:00+00:00
[2025-02-23T04:50:50.819+0000] {processor.py:208} INFO - Processing /home/airflow/.local/lib/python3.12/site-packages/airflow/example_dags/example_workday_timetable.py took 0.132 seconds
[2025-02-23T04:51:21.509+0000] {processor.py:186} INFO - Started process (PID=679) to work on /home/airflow/.local/lib/python3.12/site-packages/airflow/example_dags/example_workday_timetable.py
[2025-02-23T04:51:21.509+0000] {processor.py:914} INFO - Processing file /home/airflow/.local/lib/python3.12/site-packages/airflow/example_dags/example_workday_timetable.py for tasks to queue
[2025-02-23T04:51:21.512+0000] {logging_mixin.py:190} INFO - [2025-02-23T04:51:21.511+0000] {dagbag.py:588} INFO - Filling up the DagBag from /home/airflow/.local/lib/python3.12/site-packages/airflow/example_dags/example_workday_timetable.py
[2025-02-23T04:51:21.518+0000] {processor.py:925} INFO - DAG(s) 'example_workday_timetable' retrieved from /home/airflow/.local/lib/python3.12/site-packages/airflow/example_dags/example_workday_timetable.py
[2025-02-23T04:51:21.538+0000] {logging_mixin.py:190} INFO - [2025-02-23T04:51:21.537+0000] {dag.py:3239} INFO - Sync 1 DAGs
[2025-02-23T04:51:21.612+0000] {logging_mixin.py:190} INFO - [2025-02-23T04:51:21.612+0000] {dag.py:4180} INFO - Setting next_dagrun for example_workday_timetable to 2021-01-04 00:00:00+00:00, run_after=2021-01-05 00:00:00+00:00
[2025-02-23T04:51:21.631+0000] {processor.py:208} INFO - Processing /home/airflow/.local/lib/python3.12/site-packages/airflow/example_dags/example_workday_timetable.py took 0.128 seconds
[2025-02-23T04:51:52.117+0000] {processor.py:186} INFO - Started process (PID=742) to work on /home/airflow/.local/lib/python3.12/site-packages/airflow/example_dags/example_workday_timetable.py
[2025-02-23T04:51:52.117+0000] {processor.py:914} INFO - Processing file /home/airflow/.local/lib/python3.12/site-packages/airflow/example_dags/example_workday_timetable.py for tasks to queue
[2025-02-23T04:51:52.119+0000] {logging_mixin.py:190} INFO - [2025-02-23T04:51:52.119+0000] {dagbag.py:588} INFO - Filling up the DagBag from /home/airflow/.local/lib/python3.12/site-packages/airflow/example_dags/example_workday_timetable.py
[2025-02-23T04:51:52.124+0000] {processor.py:925} INFO - DAG(s) 'example_workday_timetable' retrieved from /home/airflow/.local/lib/python3.12/site-packages/airflow/example_dags/example_workday_timetable.py
[2025-02-23T04:51:52.138+0000] {logging_mixin.py:190} INFO - [2025-02-23T04:51:52.138+0000] {dag.py:3239} INFO - Sync 1 DAGs
[2025-02-23T04:51:52.187+0000] {logging_mixin.py:190} INFO - [2025-02-23T04:51:52.187+0000] {dag.py:4180} INFO - Setting next_dagrun for example_workday_timetable to 2021-01-04 00:00:00+00:00, run_after=2021-01-05 00:00:00+00:00
[2025-02-23T04:51:52.203+0000] {processor.py:208} INFO - Processing /home/airflow/.local/lib/python3.12/site-packages/airflow/example_dags/example_workday_timetable.py took 0.091 seconds
[2025-02-23T04:52:22.791+0000] {processor.py:186} INFO - Started process (PID=805) to work on /home/airflow/.local/lib/python3.12/site-packages/airflow/example_dags/example_workday_timetable.py
[2025-02-23T04:52:22.791+0000] {processor.py:914} INFO - Processing file /home/airflow/.local/lib/python3.12/site-packages/airflow/example_dags/example_workday_timetable.py for tasks to queue
[2025-02-23T04:52:22.793+0000] {logging_mixin.py:190} INFO - [2025-02-23T04:52:22.793+0000] {dagbag.py:588} INFO - Filling up the DagBag from /home/airflow/.local/lib/python3.12/site-packages/airflow/example_dags/example_workday_timetable.py
[2025-02-23T04:52:22.797+0000] {processor.py:925} INFO - DAG(s) 'example_workday_timetable' retrieved from /home/airflow/.local/lib/python3.12/site-packages/airflow/example_dags/example_workday_timetable.py
[2025-02-23T04:52:22.811+0000] {logging_mixin.py:190} INFO - [2025-02-23T04:52:22.811+0000] {dag.py:3239} INFO - Sync 1 DAGs
[2025-02-23T04:52:22.860+0000] {logging_mixin.py:190} INFO - [2025-02-23T04:52:22.860+0000] {dag.py:4180} INFO - Setting next_dagrun for example_workday_timetable to 2021-01-04 00:00:00+00:00, run_after=2021-01-05 00:00:00+00:00
[2025-02-23T04:52:22.873+0000] {processor.py:208} INFO - Processing /home/airflow/.local/lib/python3.12/site-packages/airflow/example_dags/example_workday_timetable.py took 0.086 seconds
[2025-02-23T04:52:53.611+0000] {processor.py:186} INFO - Started process (PID=867) to work on /home/airflow/.local/lib/python3.12/site-packages/airflow/example_dags/example_workday_timetable.py
[2025-02-23T04:52:53.612+0000] {processor.py:914} INFO - Processing file /home/airflow/.local/lib/python3.12/site-packages/airflow/example_dags/example_workday_timetable.py for tasks to queue
[2025-02-23T04:52:53.614+0000] {logging_mixin.py:190} INFO - [2025-02-23T04:52:53.614+0000] {dagbag.py:588} INFO - Filling up the DagBag from /home/airflow/.local/lib/python3.12/site-packages/airflow/example_dags/example_workday_timetable.py
[2025-02-23T04:52:53.622+0000] {processor.py:925} INFO - DAG(s) 'example_workday_timetable' retrieved from /home/airflow/.local/lib/python3.12/site-packages/airflow/example_dags/example_workday_timetable.py
[2025-02-23T04:52:53.686+0000] {logging_mixin.py:190} INFO - [2025-02-23T04:52:53.685+0000] {dag.py:3239} INFO - Sync 1 DAGs
[2025-02-23T04:52:53.777+0000] {logging_mixin.py:190} INFO - [2025-02-23T04:52:53.776+0000] {dag.py:4180} INFO - Setting next_dagrun for example_workday_timetable to 2021-01-04 00:00:00+00:00, run_after=2021-01-05 00:00:00+00:00
[2025-02-23T04:52:53.807+0000] {processor.py:208} INFO - Processing /home/airflow/.local/lib/python3.12/site-packages/airflow/example_dags/example_workday_timetable.py took 0.202 seconds
[2025-02-23T04:53:24.180+0000] {processor.py:186} INFO - Started process (PID=929) to work on /home/airflow/.local/lib/python3.12/site-packages/airflow/example_dags/example_workday_timetable.py
[2025-02-23T04:53:24.180+0000] {processor.py:914} INFO - Processing file /home/airflow/.local/lib/python3.12/site-packages/airflow/example_dags/example_workday_timetable.py for tasks to queue
[2025-02-23T04:53:24.182+0000] {logging_mixin.py:190} INFO - [2025-02-23T04:53:24.181+0000] {dagbag.py:588} INFO - Filling up the DagBag from /home/airflow/.local/lib/python3.12/site-packages/airflow/example_dags/example_workday_timetable.py
[2025-02-23T04:53:24.186+0000] {processor.py:925} INFO - DAG(s) 'example_workday_timetable' retrieved from /home/airflow/.local/lib/python3.12/site-packages/airflow/example_dags/example_workday_timetable.py
[2025-02-23T04:53:24.203+0000] {logging_mixin.py:190} INFO - [2025-02-23T04:53:24.203+0000] {dag.py:3239} INFO - Sync 1 DAGs
[2025-02-23T04:53:24.255+0000] {logging_mixin.py:190} INFO - [2025-02-23T04:53:24.255+0000] {dag.py:4180} INFO - Setting next_dagrun for example_workday_timetable to 2021-01-04 00:00:00+00:00, run_after=2021-01-05 00:00:00+00:00
[2025-02-23T04:53:24.270+0000] {processor.py:208} INFO - Processing /home/airflow/.local/lib/python3.12/site-packages/airflow/example_dags/example_workday_timetable.py took 0.095 seconds
[2025-02-23T04:53:54.445+0000] {processor.py:186} INFO - Started process (PID=993) to work on /home/airflow/.local/lib/python3.12/site-packages/airflow/example_dags/example_workday_timetable.py
[2025-02-23T04:53:54.445+0000] {processor.py:914} INFO - Processing file /home/airflow/.local/lib/python3.12/site-packages/airflow/example_dags/example_workday_timetable.py for tasks to queue
[2025-02-23T04:53:54.447+0000] {logging_mixin.py:190} INFO - [2025-02-23T04:53:54.447+0000] {dagbag.py:588} INFO - Filling up the DagBag from /home/airflow/.local/lib/python3.12/site-packages/airflow/example_dags/example_workday_timetable.py
[2025-02-23T04:53:54.452+0000] {processor.py:925} INFO - DAG(s) 'example_workday_timetable' retrieved from /home/airflow/.local/lib/python3.12/site-packages/airflow/example_dags/example_workday_timetable.py
[2025-02-23T04:53:54.466+0000] {logging_mixin.py:190} INFO - [2025-02-23T04:53:54.466+0000] {dag.py:3239} INFO - Sync 1 DAGs
[2025-02-23T04:53:54.516+0000] {logging_mixin.py:190} INFO - [2025-02-23T04:53:54.516+0000] {dag.py:4180} INFO - Setting next_dagrun for example_workday_timetable to 2021-01-04 00:00:00+00:00, run_after=2021-01-05 00:00:00+00:00
[2025-02-23T04:53:54.530+0000] {processor.py:208} INFO - Processing /home/airflow/.local/lib/python3.12/site-packages/airflow/example_dags/example_workday_timetable.py took 0.090 seconds
[2025-02-23T04:54:24.580+0000] {processor.py:186} INFO - Started process (PID=1054) to work on /home/airflow/.local/lib/python3.12/site-packages/airflow/example_dags/example_workday_timetable.py
[2025-02-23T04:54:24.581+0000] {processor.py:914} INFO - Processing file /home/airflow/.local/lib/python3.12/site-packages/airflow/example_dags/example_workday_timetable.py for tasks to queue
[2025-02-23T04:54:24.582+0000] {logging_mixin.py:190} INFO - [2025-02-23T04:54:24.582+0000] {dagbag.py:588} INFO - Filling up the DagBag from /home/airflow/.local/lib/python3.12/site-packages/airflow/example_dags/example_workday_timetable.py
[2025-02-23T04:54:24.587+0000] {processor.py:925} INFO - DAG(s) 'example_workday_timetable' retrieved from /home/airflow/.local/lib/python3.12/site-packages/airflow/example_dags/example_workday_timetable.py
[2025-02-23T04:54:24.600+0000] {logging_mixin.py:190} INFO - [2025-02-23T04:54:24.600+0000] {dag.py:3239} INFO - Sync 1 DAGs
[2025-02-23T04:54:24.668+0000] {logging_mixin.py:190} INFO - [2025-02-23T04:54:24.668+0000] {dag.py:4180} INFO - Setting next_dagrun for example_workday_timetable to 2021-01-04 00:00:00+00:00, run_after=2021-01-05 00:00:00+00:00
[2025-02-23T04:54:24.686+0000] {processor.py:208} INFO - Processing /home/airflow/.local/lib/python3.12/site-packages/airflow/example_dags/example_workday_timetable.py took 0.110 seconds
[2025-02-23T04:54:55.032+0000] {processor.py:186} INFO - Started process (PID=1117) to work on /home/airflow/.local/lib/python3.12/site-packages/airflow/example_dags/example_workday_timetable.py
[2025-02-23T04:54:55.032+0000] {processor.py:914} INFO - Processing file /home/airflow/.local/lib/python3.12/site-packages/airflow/example_dags/example_workday_timetable.py for tasks to queue
[2025-02-23T04:54:55.034+0000] {logging_mixin.py:190} INFO - [2025-02-23T04:54:55.034+0000] {dagbag.py:588} INFO - Filling up the DagBag from /home/airflow/.local/lib/python3.12/site-packages/airflow/example_dags/example_workday_timetable.py
[2025-02-23T04:54:55.040+0000] {processor.py:925} INFO - DAG(s) 'example_workday_timetable' retrieved from /home/airflow/.local/lib/python3.12/site-packages/airflow/example_dags/example_workday_timetable.py
[2025-02-23T04:54:55.057+0000] {logging_mixin.py:190} INFO - [2025-02-23T04:54:55.057+0000] {dag.py:3239} INFO - Sync 1 DAGs
[2025-02-23T04:54:55.117+0000] {logging_mixin.py:190} INFO - [2025-02-23T04:54:55.117+0000] {dag.py:4180} INFO - Setting next_dagrun for example_workday_timetable to 2021-01-04 00:00:00+00:00, run_after=2021-01-05 00:00:00+00:00
[2025-02-23T04:54:55.131+0000] {processor.py:208} INFO - Processing /home/airflow/.local/lib/python3.12/site-packages/airflow/example_dags/example_workday_timetable.py took 0.105 seconds
[2025-02-23T04:55:25.224+0000] {processor.py:186} INFO - Started process (PID=1180) to work on /home/airflow/.local/lib/python3.12/site-packages/airflow/example_dags/example_workday_timetable.py
[2025-02-23T04:55:25.225+0000] {processor.py:914} INFO - Processing file /home/airflow/.local/lib/python3.12/site-packages/airflow/example_dags/example_workday_timetable.py for tasks to queue
[2025-02-23T04:55:25.227+0000] {logging_mixin.py:190} INFO - [2025-02-23T04:55:25.227+0000] {dagbag.py:588} INFO - Filling up the DagBag from /home/airflow/.local/lib/python3.12/site-packages/airflow/example_dags/example_workday_timetable.py
[2025-02-23T04:55:25.233+0000] {processor.py:925} INFO - DAG(s) 'example_workday_timetable' retrieved from /home/airflow/.local/lib/python3.12/site-packages/airflow/example_dags/example_workday_timetable.py
[2025-02-23T04:55:25.248+0000] {logging_mixin.py:190} INFO - [2025-02-23T04:55:25.248+0000] {dag.py:3239} INFO - Sync 1 DAGs
[2025-02-23T04:55:25.308+0000] {logging_mixin.py:190} INFO - [2025-02-23T04:55:25.308+0000] {dag.py:4180} INFO - Setting next_dagrun for example_workday_timetable to 2021-01-04 00:00:00+00:00, run_after=2021-01-05 00:00:00+00:00
[2025-02-23T04:55:25.324+0000] {processor.py:208} INFO - Processing /home/airflow/.local/lib/python3.12/site-packages/airflow/example_dags/example_workday_timetable.py took 0.107 seconds
[2025-02-23T04:55:55.560+0000] {processor.py:186} INFO - Started process (PID=1243) to work on /home/airflow/.local/lib/python3.12/site-packages/airflow/example_dags/example_workday_timetable.py
[2025-02-23T04:55:55.560+0000] {processor.py:914} INFO - Processing file /home/airflow/.local/lib/python3.12/site-packages/airflow/example_dags/example_workday_timetable.py for tasks to queue
[2025-02-23T04:55:55.562+0000] {logging_mixin.py:190} INFO - [2025-02-23T04:55:55.561+0000] {dagbag.py:588} INFO - Filling up the DagBag from /home/airflow/.local/lib/python3.12/site-packages/airflow/example_dags/example_workday_timetable.py
[2025-02-23T04:55:55.566+0000] {processor.py:925} INFO - DAG(s) 'example_workday_timetable' retrieved from /home/airflow/.local/lib/python3.12/site-packages/airflow/example_dags/example_workday_timetable.py
[2025-02-23T04:55:55.580+0000] {logging_mixin.py:190} INFO - [2025-02-23T04:55:55.580+0000] {dag.py:3239} INFO - Sync 1 DAGs
[2025-02-23T04:55:55.639+0000] {logging_mixin.py:190} INFO - [2025-02-23T04:55:55.639+0000] {dag.py:4180} INFO - Setting next_dagrun for example_workday_timetable to 2021-01-04 00:00:00+00:00, run_after=2021-01-05 00:00:00+00:00
[2025-02-23T04:55:55.654+0000] {processor.py:208} INFO - Processing /home/airflow/.local/lib/python3.12/site-packages/airflow/example_dags/example_workday_timetable.py took 0.098 seconds
[2025-02-23T04:56:25.713+0000] {processor.py:186} INFO - Started process (PID=1306) to work on /home/airflow/.local/lib/python3.12/site-packages/airflow/example_dags/example_workday_timetable.py
[2025-02-23T04:56:25.713+0000] {processor.py:914} INFO - Processing file /home/airflow/.local/lib/python3.12/site-packages/airflow/example_dags/example_workday_timetable.py for tasks to queue
[2025-02-23T04:56:25.715+0000] {logging_mixin.py:190} INFO - [2025-02-23T04:56:25.714+0000] {dagbag.py:588} INFO - Filling up the DagBag from /home/airflow/.local/lib/python3.12/site-packages/airflow/example_dags/example_workday_timetable.py
[2025-02-23T04:56:25.719+0000] {processor.py:925} INFO - DAG(s) 'example_workday_timetable' retrieved from /home/airflow/.local/lib/python3.12/site-packages/airflow/example_dags/example_workday_timetable.py
[2025-02-23T04:56:25.736+0000] {logging_mixin.py:190} INFO - [2025-02-23T04:56:25.736+0000] {dag.py:3239} INFO - Sync 1 DAGs
[2025-02-23T04:56:25.801+0000] {logging_mixin.py:190} INFO - [2025-02-23T04:56:25.801+0000] {dag.py:4180} INFO - Setting next_dagrun for example_workday_timetable to 2021-01-04 00:00:00+00:00, run_after=2021-01-05 00:00:00+00:00
[2025-02-23T04:56:25.815+0000] {processor.py:208} INFO - Processing /home/airflow/.local/lib/python3.12/site-packages/airflow/example_dags/example_workday_timetable.py took 0.107 seconds
