[2025-02-23T04:46:36.027+0000] {processor.py:186} INFO - Started process (PID=78) to work on /home/airflow/.local/lib/python3.12/site-packages/airflow/example_dags/example_branch_python_dop_operator_3.py
[2025-02-23T04:46:36.033+0000] {processor.py:914} INFO - Processing file /home/airflow/.local/lib/python3.12/site-packages/airflow/example_dags/example_branch_python_dop_operator_3.py for tasks to queue
[2025-02-23T04:46:36.036+0000] {logging_mixin.py:190} INFO - [2025-02-23T04:46:36.036+0000] {dagbag.py:588} INFO - Filling up the DagBag from /home/airflow/.local/lib/python3.12/site-packages/airflow/example_dags/example_branch_python_dop_operator_3.py
[2025-02-23T04:46:36.052+0000] {processor.py:925} INFO - DAG(s) 'example_branch_dop_operator_v3' retrieved from /home/airflow/.local/lib/python3.12/site-packages/airflow/example_dags/example_branch_python_dop_operator_3.py
[2025-02-23T04:46:36.217+0000] {logging_mixin.py:190} INFO - [2025-02-23T04:46:36.217+0000] {override.py:1911} INFO - Created Permission View: can read on DAG:example_branch_dop_operator_v3
[2025-02-23T04:46:36.239+0000] {logging_mixin.py:190} INFO - [2025-02-23T04:46:36.238+0000] {override.py:1911} INFO - Created Permission View: can delete on DAG:example_branch_dop_operator_v3
[2025-02-23T04:46:36.254+0000] {logging_mixin.py:190} INFO - [2025-02-23T04:46:36.254+0000] {override.py:1911} INFO - Created Permission View: can edit on DAG:example_branch_dop_operator_v3
[2025-02-23T04:46:36.260+0000] {logging_mixin.py:190} INFO - [2025-02-23T04:46:36.259+0000] {override.py:1911} INFO - Created Permission View: can read on DAG Run:example_branch_dop_operator_v3
[2025-02-23T04:46:36.266+0000] {logging_mixin.py:190} INFO - [2025-02-23T04:46:36.265+0000] {override.py:1911} INFO - Created Permission View: menu access on DAG Run:example_branch_dop_operator_v3
[2025-02-23T04:46:36.273+0000] {logging_mixin.py:190} INFO - [2025-02-23T04:46:36.272+0000] {override.py:1911} INFO - Created Permission View: can create on DAG Run:example_branch_dop_operator_v3
[2025-02-23T04:46:36.278+0000] {logging_mixin.py:190} INFO - [2025-02-23T04:46:36.278+0000] {override.py:1911} INFO - Created Permission View: can delete on DAG Run:example_branch_dop_operator_v3
[2025-02-23T04:46:36.278+0000] {logging_mixin.py:190} INFO - [2025-02-23T04:46:36.278+0000] {dag.py:3239} INFO - Sync 1 DAGs
[2025-02-23T04:46:36.296+0000] {logging_mixin.py:190} INFO - [2025-02-23T04:46:36.295+0000] {dag.py:3262} INFO - Creating ORM DAG for example_branch_dop_operator_v3
[2025-02-23T04:46:36.313+0000] {logging_mixin.py:190} INFO - [2025-02-23T04:46:36.313+0000] {dag.py:4180} INFO - Setting next_dagrun for example_branch_dop_operator_v3 to 2025-02-23 04:45:00+00:00, run_after=2025-02-23 04:46:00+00:00
[2025-02-23T04:46:36.329+0000] {processor.py:208} INFO - Processing /home/airflow/.local/lib/python3.12/site-packages/airflow/example_dags/example_branch_python_dop_operator_3.py took 0.312 seconds
[2025-02-23T04:47:07.159+0000] {processor.py:186} INFO - Started process (PID=142) to work on /home/airflow/.local/lib/python3.12/site-packages/airflow/example_dags/example_branch_python_dop_operator_3.py
[2025-02-23T04:47:07.159+0000] {processor.py:914} INFO - Processing file /home/airflow/.local/lib/python3.12/site-packages/airflow/example_dags/example_branch_python_dop_operator_3.py for tasks to queue
[2025-02-23T04:47:07.161+0000] {logging_mixin.py:190} INFO - [2025-02-23T04:47:07.161+0000] {dagbag.py:588} INFO - Filling up the DagBag from /home/airflow/.local/lib/python3.12/site-packages/airflow/example_dags/example_branch_python_dop_operator_3.py
[2025-02-23T04:47:07.169+0000] {processor.py:925} INFO - DAG(s) 'example_branch_dop_operator_v3' retrieved from /home/airflow/.local/lib/python3.12/site-packages/airflow/example_dags/example_branch_python_dop_operator_3.py
[2025-02-23T04:47:07.184+0000] {logging_mixin.py:190} INFO - [2025-02-23T04:47:07.184+0000] {dag.py:3239} INFO - Sync 1 DAGs
[2025-02-23T04:47:07.204+0000] {logging_mixin.py:190} INFO - [2025-02-23T04:47:07.204+0000] {dag.py:4180} INFO - Setting next_dagrun for example_branch_dop_operator_v3 to 2025-02-23 04:46:00+00:00, run_after=2025-02-23 04:47:00+00:00
[2025-02-23T04:47:07.216+0000] {processor.py:208} INFO - Processing /home/airflow/.local/lib/python3.12/site-packages/airflow/example_dags/example_branch_python_dop_operator_3.py took 0.062 seconds
[2025-02-23T04:47:37.712+0000] {processor.py:186} INFO - Started process (PID=205) to work on /home/airflow/.local/lib/python3.12/site-packages/airflow/example_dags/example_branch_python_dop_operator_3.py
[2025-02-23T04:47:37.713+0000] {processor.py:914} INFO - Processing file /home/airflow/.local/lib/python3.12/site-packages/airflow/example_dags/example_branch_python_dop_operator_3.py for tasks to queue
[2025-02-23T04:47:37.715+0000] {logging_mixin.py:190} INFO - [2025-02-23T04:47:37.715+0000] {dagbag.py:588} INFO - Filling up the DagBag from /home/airflow/.local/lib/python3.12/site-packages/airflow/example_dags/example_branch_python_dop_operator_3.py
[2025-02-23T04:47:37.726+0000] {processor.py:925} INFO - DAG(s) 'example_branch_dop_operator_v3' retrieved from /home/airflow/.local/lib/python3.12/site-packages/airflow/example_dags/example_branch_python_dop_operator_3.py
[2025-02-23T04:47:37.745+0000] {logging_mixin.py:190} INFO - [2025-02-23T04:47:37.745+0000] {dag.py:3239} INFO - Sync 1 DAGs
[2025-02-23T04:47:37.771+0000] {logging_mixin.py:190} INFO - [2025-02-23T04:47:37.771+0000] {dag.py:4180} INFO - Setting next_dagrun for example_branch_dop_operator_v3 to 2025-02-23 04:46:00+00:00, run_after=2025-02-23 04:47:00+00:00
[2025-02-23T04:47:37.786+0000] {processor.py:208} INFO - Processing /home/airflow/.local/lib/python3.12/site-packages/airflow/example_dags/example_branch_python_dop_operator_3.py took 0.080 seconds
[2025-02-23T04:48:08.220+0000] {processor.py:186} INFO - Started process (PID=268) to work on /home/airflow/.local/lib/python3.12/site-packages/airflow/example_dags/example_branch_python_dop_operator_3.py
[2025-02-23T04:48:08.222+0000] {processor.py:914} INFO - Processing file /home/airflow/.local/lib/python3.12/site-packages/airflow/example_dags/example_branch_python_dop_operator_3.py for tasks to queue
[2025-02-23T04:48:08.224+0000] {logging_mixin.py:190} INFO - [2025-02-23T04:48:08.224+0000] {dagbag.py:588} INFO - Filling up the DagBag from /home/airflow/.local/lib/python3.12/site-packages/airflow/example_dags/example_branch_python_dop_operator_3.py
[2025-02-23T04:48:08.232+0000] {processor.py:925} INFO - DAG(s) 'example_branch_dop_operator_v3' retrieved from /home/airflow/.local/lib/python3.12/site-packages/airflow/example_dags/example_branch_python_dop_operator_3.py
[2025-02-23T04:48:08.249+0000] {logging_mixin.py:190} INFO - [2025-02-23T04:48:08.249+0000] {dag.py:3239} INFO - Sync 1 DAGs
[2025-02-23T04:48:08.285+0000] {logging_mixin.py:190} INFO - [2025-02-23T04:48:08.285+0000] {dag.py:4180} INFO - Setting next_dagrun for example_branch_dop_operator_v3 to 2025-02-23 04:47:00+00:00, run_after=2025-02-23 04:48:00+00:00
[2025-02-23T04:48:08.301+0000] {processor.py:208} INFO - Processing /home/airflow/.local/lib/python3.12/site-packages/airflow/example_dags/example_branch_python_dop_operator_3.py took 0.087 seconds
[2025-02-23T04:48:38.405+0000] {processor.py:186} INFO - Started process (PID=332) to work on /home/airflow/.local/lib/python3.12/site-packages/airflow/example_dags/example_branch_python_dop_operator_3.py
[2025-02-23T04:48:38.406+0000] {processor.py:914} INFO - Processing file /home/airflow/.local/lib/python3.12/site-packages/airflow/example_dags/example_branch_python_dop_operator_3.py for tasks to queue
[2025-02-23T04:48:38.407+0000] {logging_mixin.py:190} INFO - [2025-02-23T04:48:38.407+0000] {dagbag.py:588} INFO - Filling up the DagBag from /home/airflow/.local/lib/python3.12/site-packages/airflow/example_dags/example_branch_python_dop_operator_3.py
[2025-02-23T04:48:38.417+0000] {processor.py:925} INFO - DAG(s) 'example_branch_dop_operator_v3' retrieved from /home/airflow/.local/lib/python3.12/site-packages/airflow/example_dags/example_branch_python_dop_operator_3.py
[2025-02-23T04:48:38.440+0000] {logging_mixin.py:190} INFO - [2025-02-23T04:48:38.440+0000] {dag.py:3239} INFO - Sync 1 DAGs
[2025-02-23T04:48:38.468+0000] {logging_mixin.py:190} INFO - [2025-02-23T04:48:38.468+0000] {dag.py:4180} INFO - Setting next_dagrun for example_branch_dop_operator_v3 to 2025-02-23 04:47:00+00:00, run_after=2025-02-23 04:48:00+00:00
[2025-02-23T04:48:38.486+0000] {processor.py:208} INFO - Processing /home/airflow/.local/lib/python3.12/site-packages/airflow/example_dags/example_branch_python_dop_operator_3.py took 0.085 seconds
[2025-02-23T04:49:08.576+0000] {processor.py:186} INFO - Started process (PID=396) to work on /home/airflow/.local/lib/python3.12/site-packages/airflow/example_dags/example_branch_python_dop_operator_3.py
[2025-02-23T04:49:08.577+0000] {processor.py:914} INFO - Processing file /home/airflow/.local/lib/python3.12/site-packages/airflow/example_dags/example_branch_python_dop_operator_3.py for tasks to queue
[2025-02-23T04:49:08.579+0000] {logging_mixin.py:190} INFO - [2025-02-23T04:49:08.578+0000] {dagbag.py:588} INFO - Filling up the DagBag from /home/airflow/.local/lib/python3.12/site-packages/airflow/example_dags/example_branch_python_dop_operator_3.py
[2025-02-23T04:49:08.588+0000] {processor.py:925} INFO - DAG(s) 'example_branch_dop_operator_v3' retrieved from /home/airflow/.local/lib/python3.12/site-packages/airflow/example_dags/example_branch_python_dop_operator_3.py
[2025-02-23T04:49:08.603+0000] {logging_mixin.py:190} INFO - [2025-02-23T04:49:08.603+0000] {dag.py:3239} INFO - Sync 1 DAGs
[2025-02-23T04:49:08.623+0000] {logging_mixin.py:190} INFO - [2025-02-23T04:49:08.623+0000] {dag.py:4180} INFO - Setting next_dagrun for example_branch_dop_operator_v3 to 2025-02-23 04:48:00+00:00, run_after=2025-02-23 04:49:00+00:00
[2025-02-23T04:49:08.636+0000] {processor.py:208} INFO - Processing /home/airflow/.local/lib/python3.12/site-packages/airflow/example_dags/example_branch_python_dop_operator_3.py took 0.063 seconds
[2025-02-23T04:49:38.693+0000] {processor.py:186} INFO - Started process (PID=459) to work on /home/airflow/.local/lib/python3.12/site-packages/airflow/example_dags/example_branch_python_dop_operator_3.py
[2025-02-23T04:49:38.694+0000] {processor.py:914} INFO - Processing file /home/airflow/.local/lib/python3.12/site-packages/airflow/example_dags/example_branch_python_dop_operator_3.py for tasks to queue
[2025-02-23T04:49:38.696+0000] {logging_mixin.py:190} INFO - [2025-02-23T04:49:38.695+0000] {dagbag.py:588} INFO - Filling up the DagBag from /home/airflow/.local/lib/python3.12/site-packages/airflow/example_dags/example_branch_python_dop_operator_3.py
[2025-02-23T04:49:38.704+0000] {processor.py:925} INFO - DAG(s) 'example_branch_dop_operator_v3' retrieved from /home/airflow/.local/lib/python3.12/site-packages/airflow/example_dags/example_branch_python_dop_operator_3.py
[2025-02-23T04:49:38.720+0000] {logging_mixin.py:190} INFO - [2025-02-23T04:49:38.720+0000] {dag.py:3239} INFO - Sync 1 DAGs
[2025-02-23T04:49:38.743+0000] {logging_mixin.py:190} INFO - [2025-02-23T04:49:38.742+0000] {dag.py:4180} INFO - Setting next_dagrun for example_branch_dop_operator_v3 to 2025-02-23 04:48:00+00:00, run_after=2025-02-23 04:49:00+00:00
[2025-02-23T04:49:38.757+0000] {processor.py:208} INFO - Processing /home/airflow/.local/lib/python3.12/site-packages/airflow/example_dags/example_branch_python_dop_operator_3.py took 0.068 seconds
[2025-02-23T04:50:09.112+0000] {processor.py:186} INFO - Started process (PID=522) to work on /home/airflow/.local/lib/python3.12/site-packages/airflow/example_dags/example_branch_python_dop_operator_3.py
[2025-02-23T04:50:09.112+0000] {processor.py:914} INFO - Processing file /home/airflow/.local/lib/python3.12/site-packages/airflow/example_dags/example_branch_python_dop_operator_3.py for tasks to queue
[2025-02-23T04:50:09.114+0000] {logging_mixin.py:190} INFO - [2025-02-23T04:50:09.114+0000] {dagbag.py:588} INFO - Filling up the DagBag from /home/airflow/.local/lib/python3.12/site-packages/airflow/example_dags/example_branch_python_dop_operator_3.py
[2025-02-23T04:50:09.122+0000] {processor.py:925} INFO - DAG(s) 'example_branch_dop_operator_v3' retrieved from /home/airflow/.local/lib/python3.12/site-packages/airflow/example_dags/example_branch_python_dop_operator_3.py
[2025-02-23T04:50:09.138+0000] {logging_mixin.py:190} INFO - [2025-02-23T04:50:09.138+0000] {dag.py:3239} INFO - Sync 1 DAGs
[2025-02-23T04:50:09.159+0000] {logging_mixin.py:190} INFO - [2025-02-23T04:50:09.159+0000] {dag.py:4180} INFO - Setting next_dagrun for example_branch_dop_operator_v3 to 2025-02-23 04:49:00+00:00, run_after=2025-02-23 04:50:00+00:00
[2025-02-23T04:50:09.173+0000] {processor.py:208} INFO - Processing /home/airflow/.local/lib/python3.12/site-packages/airflow/example_dags/example_branch_python_dop_operator_3.py took 0.066 seconds
[2025-02-23T04:50:39.745+0000] {processor.py:186} INFO - Started process (PID=585) to work on /home/airflow/.local/lib/python3.12/site-packages/airflow/example_dags/example_branch_python_dop_operator_3.py
[2025-02-23T04:50:39.746+0000] {processor.py:914} INFO - Processing file /home/airflow/.local/lib/python3.12/site-packages/airflow/example_dags/example_branch_python_dop_operator_3.py for tasks to queue
[2025-02-23T04:50:39.748+0000] {logging_mixin.py:190} INFO - [2025-02-23T04:50:39.748+0000] {dagbag.py:588} INFO - Filling up the DagBag from /home/airflow/.local/lib/python3.12/site-packages/airflow/example_dags/example_branch_python_dop_operator_3.py
[2025-02-23T04:50:39.756+0000] {processor.py:925} INFO - DAG(s) 'example_branch_dop_operator_v3' retrieved from /home/airflow/.local/lib/python3.12/site-packages/airflow/example_dags/example_branch_python_dop_operator_3.py
[2025-02-23T04:50:39.774+0000] {logging_mixin.py:190} INFO - [2025-02-23T04:50:39.774+0000] {dag.py:3239} INFO - Sync 1 DAGs
[2025-02-23T04:50:39.801+0000] {logging_mixin.py:190} INFO - [2025-02-23T04:50:39.800+0000] {dag.py:4180} INFO - Setting next_dagrun for example_branch_dop_operator_v3 to 2025-02-23 04:49:00+00:00, run_after=2025-02-23 04:50:00+00:00
[2025-02-23T04:50:39.816+0000] {processor.py:208} INFO - Processing /home/airflow/.local/lib/python3.12/site-packages/airflow/example_dags/example_branch_python_dop_operator_3.py took 0.075 seconds
[2025-02-23T04:51:10.198+0000] {processor.py:186} INFO - Started process (PID=648) to work on /home/airflow/.local/lib/python3.12/site-packages/airflow/example_dags/example_branch_python_dop_operator_3.py
[2025-02-23T04:51:10.198+0000] {processor.py:914} INFO - Processing file /home/airflow/.local/lib/python3.12/site-packages/airflow/example_dags/example_branch_python_dop_operator_3.py for tasks to queue
[2025-02-23T04:51:10.200+0000] {logging_mixin.py:190} INFO - [2025-02-23T04:51:10.200+0000] {dagbag.py:588} INFO - Filling up the DagBag from /home/airflow/.local/lib/python3.12/site-packages/airflow/example_dags/example_branch_python_dop_operator_3.py
[2025-02-23T04:51:10.208+0000] {processor.py:925} INFO - DAG(s) 'example_branch_dop_operator_v3' retrieved from /home/airflow/.local/lib/python3.12/site-packages/airflow/example_dags/example_branch_python_dop_operator_3.py
[2025-02-23T04:51:10.227+0000] {logging_mixin.py:190} INFO - [2025-02-23T04:51:10.226+0000] {dag.py:3239} INFO - Sync 1 DAGs
[2025-02-23T04:51:10.254+0000] {logging_mixin.py:190} INFO - [2025-02-23T04:51:10.254+0000] {dag.py:4180} INFO - Setting next_dagrun for example_branch_dop_operator_v3 to 2025-02-23 04:50:00+00:00, run_after=2025-02-23 04:51:00+00:00
[2025-02-23T04:51:10.269+0000] {processor.py:208} INFO - Processing /home/airflow/.local/lib/python3.12/site-packages/airflow/example_dags/example_branch_python_dop_operator_3.py took 0.076 seconds
[2025-02-23T04:51:40.491+0000] {processor.py:186} INFO - Started process (PID=712) to work on /home/airflow/.local/lib/python3.12/site-packages/airflow/example_dags/example_branch_python_dop_operator_3.py
[2025-02-23T04:51:40.491+0000] {processor.py:914} INFO - Processing file /home/airflow/.local/lib/python3.12/site-packages/airflow/example_dags/example_branch_python_dop_operator_3.py for tasks to queue
[2025-02-23T04:51:40.493+0000] {logging_mixin.py:190} INFO - [2025-02-23T04:51:40.493+0000] {dagbag.py:588} INFO - Filling up the DagBag from /home/airflow/.local/lib/python3.12/site-packages/airflow/example_dags/example_branch_python_dop_operator_3.py
[2025-02-23T04:51:40.501+0000] {processor.py:925} INFO - DAG(s) 'example_branch_dop_operator_v3' retrieved from /home/airflow/.local/lib/python3.12/site-packages/airflow/example_dags/example_branch_python_dop_operator_3.py
[2025-02-23T04:51:40.520+0000] {logging_mixin.py:190} INFO - [2025-02-23T04:51:40.519+0000] {dag.py:3239} INFO - Sync 1 DAGs
[2025-02-23T04:51:40.542+0000] {logging_mixin.py:190} INFO - [2025-02-23T04:51:40.541+0000] {dag.py:4180} INFO - Setting next_dagrun for example_branch_dop_operator_v3 to 2025-02-23 04:50:00+00:00, run_after=2025-02-23 04:51:00+00:00
[2025-02-23T04:51:40.555+0000] {processor.py:208} INFO - Processing /home/airflow/.local/lib/python3.12/site-packages/airflow/example_dags/example_branch_python_dop_operator_3.py took 0.069 seconds
[2025-02-23T04:52:10.905+0000] {processor.py:186} INFO - Started process (PID=775) to work on /home/airflow/.local/lib/python3.12/site-packages/airflow/example_dags/example_branch_python_dop_operator_3.py
[2025-02-23T04:52:10.906+0000] {processor.py:914} INFO - Processing file /home/airflow/.local/lib/python3.12/site-packages/airflow/example_dags/example_branch_python_dop_operator_3.py for tasks to queue
[2025-02-23T04:52:10.907+0000] {logging_mixin.py:190} INFO - [2025-02-23T04:52:10.907+0000] {dagbag.py:588} INFO - Filling up the DagBag from /home/airflow/.local/lib/python3.12/site-packages/airflow/example_dags/example_branch_python_dop_operator_3.py
[2025-02-23T04:52:10.915+0000] {processor.py:925} INFO - DAG(s) 'example_branch_dop_operator_v3' retrieved from /home/airflow/.local/lib/python3.12/site-packages/airflow/example_dags/example_branch_python_dop_operator_3.py
[2025-02-23T04:52:10.934+0000] {logging_mixin.py:190} INFO - [2025-02-23T04:52:10.933+0000] {dag.py:3239} INFO - Sync 1 DAGs
[2025-02-23T04:52:10.961+0000] {logging_mixin.py:190} INFO - [2025-02-23T04:52:10.960+0000] {dag.py:4180} INFO - Setting next_dagrun for example_branch_dop_operator_v3 to 2025-02-23 04:51:00+00:00, run_after=2025-02-23 04:52:00+00:00
[2025-02-23T04:52:10.976+0000] {processor.py:208} INFO - Processing /home/airflow/.local/lib/python3.12/site-packages/airflow/example_dags/example_branch_python_dop_operator_3.py took 0.075 seconds
[2025-02-23T04:52:41.094+0000] {processor.py:186} INFO - Started process (PID=838) to work on /home/airflow/.local/lib/python3.12/site-packages/airflow/example_dags/example_branch_python_dop_operator_3.py
[2025-02-23T04:52:41.095+0000] {processor.py:914} INFO - Processing file /home/airflow/.local/lib/python3.12/site-packages/airflow/example_dags/example_branch_python_dop_operator_3.py for tasks to queue
[2025-02-23T04:52:41.097+0000] {logging_mixin.py:190} INFO - [2025-02-23T04:52:41.097+0000] {dagbag.py:588} INFO - Filling up the DagBag from /home/airflow/.local/lib/python3.12/site-packages/airflow/example_dags/example_branch_python_dop_operator_3.py
[2025-02-23T04:52:41.107+0000] {processor.py:925} INFO - DAG(s) 'example_branch_dop_operator_v3' retrieved from /home/airflow/.local/lib/python3.12/site-packages/airflow/example_dags/example_branch_python_dop_operator_3.py
[2025-02-23T04:52:41.126+0000] {logging_mixin.py:190} INFO - [2025-02-23T04:52:41.126+0000] {dag.py:3239} INFO - Sync 1 DAGs
[2025-02-23T04:52:41.151+0000] {logging_mixin.py:190} INFO - [2025-02-23T04:52:41.151+0000] {dag.py:4180} INFO - Setting next_dagrun for example_branch_dop_operator_v3 to 2025-02-23 04:51:00+00:00, run_after=2025-02-23 04:52:00+00:00
[2025-02-23T04:52:41.165+0000] {processor.py:208} INFO - Processing /home/airflow/.local/lib/python3.12/site-packages/airflow/example_dags/example_branch_python_dop_operator_3.py took 0.078 seconds
[2025-02-23T04:53:11.493+0000] {processor.py:186} INFO - Started process (PID=901) to work on /home/airflow/.local/lib/python3.12/site-packages/airflow/example_dags/example_branch_python_dop_operator_3.py
[2025-02-23T04:53:11.494+0000] {processor.py:914} INFO - Processing file /home/airflow/.local/lib/python3.12/site-packages/airflow/example_dags/example_branch_python_dop_operator_3.py for tasks to queue
[2025-02-23T04:53:11.496+0000] {logging_mixin.py:190} INFO - [2025-02-23T04:53:11.495+0000] {dagbag.py:588} INFO - Filling up the DagBag from /home/airflow/.local/lib/python3.12/site-packages/airflow/example_dags/example_branch_python_dop_operator_3.py
[2025-02-23T04:53:11.504+0000] {processor.py:925} INFO - DAG(s) 'example_branch_dop_operator_v3' retrieved from /home/airflow/.local/lib/python3.12/site-packages/airflow/example_dags/example_branch_python_dop_operator_3.py
[2025-02-23T04:53:11.522+0000] {logging_mixin.py:190} INFO - [2025-02-23T04:53:11.522+0000] {dag.py:3239} INFO - Sync 1 DAGs
[2025-02-23T04:53:11.549+0000] {logging_mixin.py:190} INFO - [2025-02-23T04:53:11.549+0000] {dag.py:4180} INFO - Setting next_dagrun for example_branch_dop_operator_v3 to 2025-02-23 04:52:00+00:00, run_after=2025-02-23 04:53:00+00:00
[2025-02-23T04:53:11.562+0000] {processor.py:208} INFO - Processing /home/airflow/.local/lib/python3.12/site-packages/airflow/example_dags/example_branch_python_dop_operator_3.py took 0.074 seconds
[2025-02-23T04:53:42.116+0000] {processor.py:186} INFO - Started process (PID=964) to work on /home/airflow/.local/lib/python3.12/site-packages/airflow/example_dags/example_branch_python_dop_operator_3.py
[2025-02-23T04:53:42.117+0000] {processor.py:914} INFO - Processing file /home/airflow/.local/lib/python3.12/site-packages/airflow/example_dags/example_branch_python_dop_operator_3.py for tasks to queue
[2025-02-23T04:53:42.119+0000] {logging_mixin.py:190} INFO - [2025-02-23T04:53:42.119+0000] {dagbag.py:588} INFO - Filling up the DagBag from /home/airflow/.local/lib/python3.12/site-packages/airflow/example_dags/example_branch_python_dop_operator_3.py
[2025-02-23T04:53:42.131+0000] {processor.py:925} INFO - DAG(s) 'example_branch_dop_operator_v3' retrieved from /home/airflow/.local/lib/python3.12/site-packages/airflow/example_dags/example_branch_python_dop_operator_3.py
[2025-02-23T04:53:42.151+0000] {logging_mixin.py:190} INFO - [2025-02-23T04:53:42.151+0000] {dag.py:3239} INFO - Sync 1 DAGs
[2025-02-23T04:53:42.177+0000] {logging_mixin.py:190} INFO - [2025-02-23T04:53:42.177+0000] {dag.py:4180} INFO - Setting next_dagrun for example_branch_dop_operator_v3 to 2025-02-23 04:52:00+00:00, run_after=2025-02-23 04:53:00+00:00
[2025-02-23T04:53:42.190+0000] {processor.py:208} INFO - Processing /home/airflow/.local/lib/python3.12/site-packages/airflow/example_dags/example_branch_python_dop_operator_3.py took 0.080 seconds
[2025-02-23T04:54:12.413+0000] {processor.py:186} INFO - Started process (PID=1027) to work on /home/airflow/.local/lib/python3.12/site-packages/airflow/example_dags/example_branch_python_dop_operator_3.py
[2025-02-23T04:54:12.414+0000] {processor.py:914} INFO - Processing file /home/airflow/.local/lib/python3.12/site-packages/airflow/example_dags/example_branch_python_dop_operator_3.py for tasks to queue
[2025-02-23T04:54:12.416+0000] {logging_mixin.py:190} INFO - [2025-02-23T04:54:12.416+0000] {dagbag.py:588} INFO - Filling up the DagBag from /home/airflow/.local/lib/python3.12/site-packages/airflow/example_dags/example_branch_python_dop_operator_3.py
[2025-02-23T04:54:12.425+0000] {processor.py:925} INFO - DAG(s) 'example_branch_dop_operator_v3' retrieved from /home/airflow/.local/lib/python3.12/site-packages/airflow/example_dags/example_branch_python_dop_operator_3.py
[2025-02-23T04:54:12.446+0000] {logging_mixin.py:190} INFO - [2025-02-23T04:54:12.446+0000] {dag.py:3239} INFO - Sync 1 DAGs
[2025-02-23T04:54:12.475+0000] {logging_mixin.py:190} INFO - [2025-02-23T04:54:12.475+0000] {dag.py:4180} INFO - Setting next_dagrun for example_branch_dop_operator_v3 to 2025-02-23 04:53:00+00:00, run_after=2025-02-23 04:54:00+00:00
[2025-02-23T04:54:12.489+0000] {processor.py:208} INFO - Processing /home/airflow/.local/lib/python3.12/site-packages/airflow/example_dags/example_branch_python_dop_operator_3.py took 0.080 seconds
[2025-02-23T04:54:42.882+0000] {processor.py:186} INFO - Started process (PID=1090) to work on /home/airflow/.local/lib/python3.12/site-packages/airflow/example_dags/example_branch_python_dop_operator_3.py
[2025-02-23T04:54:42.883+0000] {processor.py:914} INFO - Processing file /home/airflow/.local/lib/python3.12/site-packages/airflow/example_dags/example_branch_python_dop_operator_3.py for tasks to queue
[2025-02-23T04:54:42.885+0000] {logging_mixin.py:190} INFO - [2025-02-23T04:54:42.885+0000] {dagbag.py:588} INFO - Filling up the DagBag from /home/airflow/.local/lib/python3.12/site-packages/airflow/example_dags/example_branch_python_dop_operator_3.py
[2025-02-23T04:54:42.896+0000] {processor.py:925} INFO - DAG(s) 'example_branch_dop_operator_v3' retrieved from /home/airflow/.local/lib/python3.12/site-packages/airflow/example_dags/example_branch_python_dop_operator_3.py
[2025-02-23T04:54:42.916+0000] {logging_mixin.py:190} INFO - [2025-02-23T04:54:42.916+0000] {dag.py:3239} INFO - Sync 1 DAGs
[2025-02-23T04:54:42.945+0000] {logging_mixin.py:190} INFO - [2025-02-23T04:54:42.945+0000] {dag.py:4180} INFO - Setting next_dagrun for example_branch_dop_operator_v3 to 2025-02-23 04:53:00+00:00, run_after=2025-02-23 04:54:00+00:00
[2025-02-23T04:54:42.957+0000] {processor.py:208} INFO - Processing /home/airflow/.local/lib/python3.12/site-packages/airflow/example_dags/example_branch_python_dop_operator_3.py took 0.081 seconds
[2025-02-23T04:55:13.022+0000] {processor.py:186} INFO - Started process (PID=1153) to work on /home/airflow/.local/lib/python3.12/site-packages/airflow/example_dags/example_branch_python_dop_operator_3.py
[2025-02-23T04:55:13.022+0000] {processor.py:914} INFO - Processing file /home/airflow/.local/lib/python3.12/site-packages/airflow/example_dags/example_branch_python_dop_operator_3.py for tasks to queue
[2025-02-23T04:55:13.024+0000] {logging_mixin.py:190} INFO - [2025-02-23T04:55:13.024+0000] {dagbag.py:588} INFO - Filling up the DagBag from /home/airflow/.local/lib/python3.12/site-packages/airflow/example_dags/example_branch_python_dop_operator_3.py
[2025-02-23T04:55:13.032+0000] {processor.py:925} INFO - DAG(s) 'example_branch_dop_operator_v3' retrieved from /home/airflow/.local/lib/python3.12/site-packages/airflow/example_dags/example_branch_python_dop_operator_3.py
[2025-02-23T04:55:13.048+0000] {logging_mixin.py:190} INFO - [2025-02-23T04:55:13.048+0000] {dag.py:3239} INFO - Sync 1 DAGs
[2025-02-23T04:55:13.077+0000] {logging_mixin.py:190} INFO - [2025-02-23T04:55:13.077+0000] {dag.py:4180} INFO - Setting next_dagrun for example_branch_dop_operator_v3 to 2025-02-23 04:54:00+00:00, run_after=2025-02-23 04:55:00+00:00
[2025-02-23T04:55:13.093+0000] {processor.py:208} INFO - Processing /home/airflow/.local/lib/python3.12/site-packages/airflow/example_dags/example_branch_python_dop_operator_3.py took 0.077 seconds
[2025-02-23T04:55:43.195+0000] {processor.py:186} INFO - Started process (PID=1216) to work on /home/airflow/.local/lib/python3.12/site-packages/airflow/example_dags/example_branch_python_dop_operator_3.py
[2025-02-23T04:55:43.196+0000] {processor.py:914} INFO - Processing file /home/airflow/.local/lib/python3.12/site-packages/airflow/example_dags/example_branch_python_dop_operator_3.py for tasks to queue
[2025-02-23T04:55:43.198+0000] {logging_mixin.py:190} INFO - [2025-02-23T04:55:43.197+0000] {dagbag.py:588} INFO - Filling up the DagBag from /home/airflow/.local/lib/python3.12/site-packages/airflow/example_dags/example_branch_python_dop_operator_3.py
[2025-02-23T04:55:43.205+0000] {processor.py:925} INFO - DAG(s) 'example_branch_dop_operator_v3' retrieved from /home/airflow/.local/lib/python3.12/site-packages/airflow/example_dags/example_branch_python_dop_operator_3.py
[2025-02-23T04:55:43.222+0000] {logging_mixin.py:190} INFO - [2025-02-23T04:55:43.222+0000] {dag.py:3239} INFO - Sync 1 DAGs
[2025-02-23T04:55:43.244+0000] {logging_mixin.py:190} INFO - [2025-02-23T04:55:43.244+0000] {dag.py:4180} INFO - Setting next_dagrun for example_branch_dop_operator_v3 to 2025-02-23 04:54:00+00:00, run_after=2025-02-23 04:55:00+00:00
[2025-02-23T04:55:43.258+0000] {processor.py:208} INFO - Processing /home/airflow/.local/lib/python3.12/site-packages/airflow/example_dags/example_branch_python_dop_operator_3.py took 0.067 seconds
[2025-02-23T04:56:13.382+0000] {processor.py:186} INFO - Started process (PID=1279) to work on /home/airflow/.local/lib/python3.12/site-packages/airflow/example_dags/example_branch_python_dop_operator_3.py
[2025-02-23T04:56:13.383+0000] {processor.py:914} INFO - Processing file /home/airflow/.local/lib/python3.12/site-packages/airflow/example_dags/example_branch_python_dop_operator_3.py for tasks to queue
[2025-02-23T04:56:13.384+0000] {logging_mixin.py:190} INFO - [2025-02-23T04:56:13.384+0000] {dagbag.py:588} INFO - Filling up the DagBag from /home/airflow/.local/lib/python3.12/site-packages/airflow/example_dags/example_branch_python_dop_operator_3.py
[2025-02-23T04:56:13.392+0000] {processor.py:925} INFO - DAG(s) 'example_branch_dop_operator_v3' retrieved from /home/airflow/.local/lib/python3.12/site-packages/airflow/example_dags/example_branch_python_dop_operator_3.py
[2025-02-23T04:56:13.410+0000] {logging_mixin.py:190} INFO - [2025-02-23T04:56:13.410+0000] {dag.py:3239} INFO - Sync 1 DAGs
[2025-02-23T04:56:13.437+0000] {logging_mixin.py:190} INFO - [2025-02-23T04:56:13.437+0000] {dag.py:4180} INFO - Setting next_dagrun for example_branch_dop_operator_v3 to 2025-02-23 04:55:00+00:00, run_after=2025-02-23 04:56:00+00:00
[2025-02-23T04:56:13.452+0000] {processor.py:208} INFO - Processing /home/airflow/.local/lib/python3.12/site-packages/airflow/example_dags/example_branch_python_dop_operator_3.py took 0.074 seconds
