[2025-02-23T04:46:36.076+0000] {processor.py:186} INFO - Started process (PID=79) to work on /home/airflow/.local/lib/python3.12/site-packages/airflow/example_dags/example_dataset_alias.py
[2025-02-23T04:46:36.076+0000] {processor.py:914} INFO - Processing file /home/airflow/.local/lib/python3.12/site-packages/airflow/example_dags/example_dataset_alias.py for tasks to queue
[2025-02-23T04:46:36.078+0000] {logging_mixin.py:190} INFO - [2025-02-23T04:46:36.078+0000] {dagbag.py:588} INFO - Filling up the DagBag from /home/airflow/.local/lib/python3.12/site-packages/airflow/example_dags/example_dataset_alias.py
[2025-02-23T04:46:38.534+0000] {processor.py:925} INFO - DAG(s) 'dataset_alias_example_alias_producer', 'dataset_alias_example_alias_consumer', 'dataset_s3_bucket_producer', 'dataset_s3_bucket_consumer' retrieved from /home/airflow/.local/lib/python3.12/site-packages/airflow/example_dags/example_dataset_alias.py
[2025-02-23T04:46:38.950+0000] {logging_mixin.py:190} INFO - [2025-02-23T04:46:38.950+0000] {override.py:1911} INFO - Created Permission View: can read on DAG:dataset_alias_example_alias_producer
[2025-02-23T04:46:38.960+0000] {logging_mixin.py:190} INFO - [2025-02-23T04:46:38.959+0000] {override.py:1911} INFO - Created Permission View: can delete on DAG:dataset_alias_example_alias_producer
[2025-02-23T04:46:38.965+0000] {logging_mixin.py:190} INFO - [2025-02-23T04:46:38.965+0000] {override.py:1911} INFO - Created Permission View: can edit on DAG:dataset_alias_example_alias_producer
[2025-02-23T04:46:38.971+0000] {logging_mixin.py:190} INFO - [2025-02-23T04:46:38.971+0000] {override.py:1911} INFO - Created Permission View: can read on DAG Run:dataset_alias_example_alias_producer
[2025-02-23T04:46:38.976+0000] {logging_mixin.py:190} INFO - [2025-02-23T04:46:38.976+0000] {override.py:1911} INFO - Created Permission View: menu access on DAG Run:dataset_alias_example_alias_producer
[2025-02-23T04:46:38.982+0000] {logging_mixin.py:190} INFO - [2025-02-23T04:46:38.981+0000] {override.py:1911} INFO - Created Permission View: can create on DAG Run:dataset_alias_example_alias_producer
[2025-02-23T04:46:38.987+0000] {logging_mixin.py:190} INFO - [2025-02-23T04:46:38.987+0000] {override.py:1911} INFO - Created Permission View: can delete on DAG Run:dataset_alias_example_alias_producer
[2025-02-23T04:46:38.998+0000] {logging_mixin.py:190} INFO - [2025-02-23T04:46:38.997+0000] {override.py:1911} INFO - Created Permission View: can read on DAG:dataset_alias_example_alias_consumer
[2025-02-23T04:46:39.003+0000] {logging_mixin.py:190} INFO - [2025-02-23T04:46:39.003+0000] {override.py:1911} INFO - Created Permission View: can delete on DAG:dataset_alias_example_alias_consumer
[2025-02-23T04:46:39.010+0000] {logging_mixin.py:190} INFO - [2025-02-23T04:46:39.009+0000] {override.py:1911} INFO - Created Permission View: can edit on DAG:dataset_alias_example_alias_consumer
[2025-02-23T04:46:39.015+0000] {logging_mixin.py:190} INFO - [2025-02-23T04:46:39.015+0000] {override.py:1911} INFO - Created Permission View: can read on DAG Run:dataset_alias_example_alias_consumer
[2025-02-23T04:46:39.021+0000] {logging_mixin.py:190} INFO - [2025-02-23T04:46:39.021+0000] {override.py:1911} INFO - Created Permission View: menu access on DAG Run:dataset_alias_example_alias_consumer
[2025-02-23T04:46:39.027+0000] {logging_mixin.py:190} INFO - [2025-02-23T04:46:39.027+0000] {override.py:1911} INFO - Created Permission View: can create on DAG Run:dataset_alias_example_alias_consumer
[2025-02-23T04:46:39.033+0000] {logging_mixin.py:190} INFO - [2025-02-23T04:46:39.033+0000] {override.py:1911} INFO - Created Permission View: can delete on DAG Run:dataset_alias_example_alias_consumer
[2025-02-23T04:46:39.044+0000] {logging_mixin.py:190} INFO - [2025-02-23T04:46:39.044+0000] {override.py:1911} INFO - Created Permission View: can read on DAG:dataset_s3_bucket_producer
[2025-02-23T04:46:39.050+0000] {logging_mixin.py:190} INFO - [2025-02-23T04:46:39.049+0000] {override.py:1911} INFO - Created Permission View: can delete on DAG:dataset_s3_bucket_producer
[2025-02-23T04:46:39.055+0000] {logging_mixin.py:190} INFO - [2025-02-23T04:46:39.055+0000] {override.py:1911} INFO - Created Permission View: can edit on DAG:dataset_s3_bucket_producer
[2025-02-23T04:46:39.061+0000] {logging_mixin.py:190} INFO - [2025-02-23T04:46:39.060+0000] {override.py:1911} INFO - Created Permission View: can read on DAG Run:dataset_s3_bucket_producer
[2025-02-23T04:46:39.066+0000] {logging_mixin.py:190} INFO - [2025-02-23T04:46:39.066+0000] {override.py:1911} INFO - Created Permission View: menu access on DAG Run:dataset_s3_bucket_producer
[2025-02-23T04:46:39.071+0000] {logging_mixin.py:190} INFO - [2025-02-23T04:46:39.071+0000] {override.py:1911} INFO - Created Permission View: can create on DAG Run:dataset_s3_bucket_producer
[2025-02-23T04:46:39.077+0000] {logging_mixin.py:190} INFO - [2025-02-23T04:46:39.077+0000] {override.py:1911} INFO - Created Permission View: can delete on DAG Run:dataset_s3_bucket_producer
[2025-02-23T04:46:39.089+0000] {logging_mixin.py:190} INFO - [2025-02-23T04:46:39.088+0000] {override.py:1911} INFO - Created Permission View: can read on DAG:dataset_s3_bucket_consumer
[2025-02-23T04:46:39.095+0000] {logging_mixin.py:190} INFO - [2025-02-23T04:46:39.094+0000] {override.py:1911} INFO - Created Permission View: can delete on DAG:dataset_s3_bucket_consumer
[2025-02-23T04:46:39.101+0000] {logging_mixin.py:190} INFO - [2025-02-23T04:46:39.101+0000] {override.py:1911} INFO - Created Permission View: can edit on DAG:dataset_s3_bucket_consumer
[2025-02-23T04:46:39.106+0000] {logging_mixin.py:190} INFO - [2025-02-23T04:46:39.106+0000] {override.py:1911} INFO - Created Permission View: can read on DAG Run:dataset_s3_bucket_consumer
[2025-02-23T04:46:39.112+0000] {logging_mixin.py:190} INFO - [2025-02-23T04:46:39.112+0000] {override.py:1911} INFO - Created Permission View: menu access on DAG Run:dataset_s3_bucket_consumer
[2025-02-23T04:46:39.118+0000] {logging_mixin.py:190} INFO - [2025-02-23T04:46:39.118+0000] {override.py:1911} INFO - Created Permission View: can create on DAG Run:dataset_s3_bucket_consumer
[2025-02-23T04:46:39.124+0000] {logging_mixin.py:190} INFO - [2025-02-23T04:46:39.123+0000] {override.py:1911} INFO - Created Permission View: can delete on DAG Run:dataset_s3_bucket_consumer
[2025-02-23T04:46:39.124+0000] {logging_mixin.py:190} INFO - [2025-02-23T04:46:39.124+0000] {dag.py:3239} INFO - Sync 4 DAGs
[2025-02-23T04:46:39.142+0000] {logging_mixin.py:190} INFO - [2025-02-23T04:46:39.141+0000] {dag.py:3262} INFO - Creating ORM DAG for dataset_s3_bucket_consumer
[2025-02-23T04:46:39.143+0000] {logging_mixin.py:190} INFO - [2025-02-23T04:46:39.143+0000] {dag.py:3262} INFO - Creating ORM DAG for dataset_alias_example_alias_producer
[2025-02-23T04:46:39.144+0000] {logging_mixin.py:190} INFO - [2025-02-23T04:46:39.143+0000] {dag.py:3262} INFO - Creating ORM DAG for dataset_s3_bucket_producer
[2025-02-23T04:46:39.144+0000] {logging_mixin.py:190} INFO - [2025-02-23T04:46:39.144+0000] {dag.py:3262} INFO - Creating ORM DAG for dataset_alias_example_alias_consumer
[2025-02-23T04:46:39.155+0000] {logging_mixin.py:190} INFO - [2025-02-23T04:46:39.154+0000] {dag.py:4180} INFO - Setting next_dagrun for dataset_alias_example_alias_consumer to None, run_after=None
[2025-02-23T04:46:39.155+0000] {logging_mixin.py:190} INFO - [2025-02-23T04:46:39.155+0000] {dag.py:4180} INFO - Setting next_dagrun for dataset_alias_example_alias_producer to None, run_after=None
[2025-02-23T04:46:39.156+0000] {logging_mixin.py:190} INFO - [2025-02-23T04:46:39.156+0000] {dag.py:4180} INFO - Setting next_dagrun for dataset_s3_bucket_consumer to None, run_after=None
[2025-02-23T04:46:39.157+0000] {logging_mixin.py:190} INFO - [2025-02-23T04:46:39.157+0000] {dag.py:4180} INFO - Setting next_dagrun for dataset_s3_bucket_producer to None, run_after=None
[2025-02-23T04:46:39.186+0000] {processor.py:208} INFO - Processing /home/airflow/.local/lib/python3.12/site-packages/airflow/example_dags/example_dataset_alias.py took 3.116 seconds
[2025-02-23T04:47:09.407+0000] {processor.py:186} INFO - Started process (PID=148) to work on /home/airflow/.local/lib/python3.12/site-packages/airflow/example_dags/example_dataset_alias.py
[2025-02-23T04:47:09.408+0000] {processor.py:914} INFO - Processing file /home/airflow/.local/lib/python3.12/site-packages/airflow/example_dags/example_dataset_alias.py for tasks to queue
[2025-02-23T04:47:09.410+0000] {logging_mixin.py:190} INFO - [2025-02-23T04:47:09.410+0000] {dagbag.py:588} INFO - Filling up the DagBag from /home/airflow/.local/lib/python3.12/site-packages/airflow/example_dags/example_dataset_alias.py
[2025-02-23T04:47:10.005+0000] {processor.py:925} INFO - DAG(s) 'dataset_alias_example_alias_consumer', 'dataset_s3_bucket_consumer', 'dataset_s3_bucket_producer', 'dataset_alias_example_alias_producer' retrieved from /home/airflow/.local/lib/python3.12/site-packages/airflow/example_dags/example_dataset_alias.py
[2025-02-23T04:47:10.026+0000] {logging_mixin.py:190} INFO - [2025-02-23T04:47:10.025+0000] {dag.py:3239} INFO - Sync 4 DAGs
[2025-02-23T04:47:10.043+0000] {logging_mixin.py:190} INFO - [2025-02-23T04:47:10.043+0000] {dag.py:4180} INFO - Setting next_dagrun for dataset_alias_example_alias_consumer to None, run_after=None
[2025-02-23T04:47:10.045+0000] {logging_mixin.py:190} INFO - [2025-02-23T04:47:10.045+0000] {dag.py:4180} INFO - Setting next_dagrun for dataset_alias_example_alias_producer to None, run_after=None
[2025-02-23T04:47:10.046+0000] {logging_mixin.py:190} INFO - [2025-02-23T04:47:10.046+0000] {dag.py:4180} INFO - Setting next_dagrun for dataset_s3_bucket_consumer to None, run_after=None
[2025-02-23T04:47:10.047+0000] {logging_mixin.py:190} INFO - [2025-02-23T04:47:10.047+0000] {dag.py:4180} INFO - Setting next_dagrun for dataset_s3_bucket_producer to None, run_after=None
[2025-02-23T04:47:10.062+0000] {processor.py:208} INFO - Processing /home/airflow/.local/lib/python3.12/site-packages/airflow/example_dags/example_dataset_alias.py took 0.660 seconds
[2025-02-23T04:47:40.094+0000] {processor.py:186} INFO - Started process (PID=216) to work on /home/airflow/.local/lib/python3.12/site-packages/airflow/example_dags/example_dataset_alias.py
[2025-02-23T04:47:40.095+0000] {processor.py:914} INFO - Processing file /home/airflow/.local/lib/python3.12/site-packages/airflow/example_dags/example_dataset_alias.py for tasks to queue
[2025-02-23T04:47:40.096+0000] {logging_mixin.py:190} INFO - [2025-02-23T04:47:40.096+0000] {dagbag.py:588} INFO - Filling up the DagBag from /home/airflow/.local/lib/python3.12/site-packages/airflow/example_dags/example_dataset_alias.py
[2025-02-23T04:47:40.623+0000] {processor.py:925} INFO - DAG(s) 'dataset_s3_bucket_producer', 'dataset_alias_example_alias_producer', 'dataset_alias_example_alias_consumer', 'dataset_s3_bucket_consumer' retrieved from /home/airflow/.local/lib/python3.12/site-packages/airflow/example_dags/example_dataset_alias.py
[2025-02-23T04:47:40.638+0000] {logging_mixin.py:190} INFO - [2025-02-23T04:47:40.637+0000] {dag.py:3239} INFO - Sync 4 DAGs
[2025-02-23T04:47:40.656+0000] {logging_mixin.py:190} INFO - [2025-02-23T04:47:40.656+0000] {dag.py:4180} INFO - Setting next_dagrun for dataset_alias_example_alias_consumer to None, run_after=None
[2025-02-23T04:47:40.659+0000] {logging_mixin.py:190} INFO - [2025-02-23T04:47:40.659+0000] {dag.py:4180} INFO - Setting next_dagrun for dataset_alias_example_alias_producer to None, run_after=None
[2025-02-23T04:47:40.660+0000] {logging_mixin.py:190} INFO - [2025-02-23T04:47:40.660+0000] {dag.py:4180} INFO - Setting next_dagrun for dataset_s3_bucket_consumer to None, run_after=None
[2025-02-23T04:47:40.662+0000] {logging_mixin.py:190} INFO - [2025-02-23T04:47:40.662+0000] {dag.py:4180} INFO - Setting next_dagrun for dataset_s3_bucket_producer to None, run_after=None
[2025-02-23T04:47:40.678+0000] {processor.py:208} INFO - Processing /home/airflow/.local/lib/python3.12/site-packages/airflow/example_dags/example_dataset_alias.py took 0.588 seconds
[2025-02-23T04:48:10.941+0000] {processor.py:186} INFO - Started process (PID=282) to work on /home/airflow/.local/lib/python3.12/site-packages/airflow/example_dags/example_dataset_alias.py
[2025-02-23T04:48:10.942+0000] {processor.py:914} INFO - Processing file /home/airflow/.local/lib/python3.12/site-packages/airflow/example_dags/example_dataset_alias.py for tasks to queue
[2025-02-23T04:48:10.943+0000] {logging_mixin.py:190} INFO - [2025-02-23T04:48:10.943+0000] {dagbag.py:588} INFO - Filling up the DagBag from /home/airflow/.local/lib/python3.12/site-packages/airflow/example_dags/example_dataset_alias.py
[2025-02-23T04:48:11.446+0000] {processor.py:925} INFO - DAG(s) 'dataset_s3_bucket_producer', 'dataset_s3_bucket_consumer', 'dataset_alias_example_alias_producer', 'dataset_alias_example_alias_consumer' retrieved from /home/airflow/.local/lib/python3.12/site-packages/airflow/example_dags/example_dataset_alias.py
[2025-02-23T04:48:11.462+0000] {logging_mixin.py:190} INFO - [2025-02-23T04:48:11.461+0000] {dag.py:3239} INFO - Sync 4 DAGs
[2025-02-23T04:48:11.480+0000] {logging_mixin.py:190} INFO - [2025-02-23T04:48:11.480+0000] {dag.py:4180} INFO - Setting next_dagrun for dataset_alias_example_alias_consumer to None, run_after=None
[2025-02-23T04:48:11.482+0000] {logging_mixin.py:190} INFO - [2025-02-23T04:48:11.482+0000] {dag.py:4180} INFO - Setting next_dagrun for dataset_alias_example_alias_producer to None, run_after=None
[2025-02-23T04:48:11.483+0000] {logging_mixin.py:190} INFO - [2025-02-23T04:48:11.483+0000] {dag.py:4180} INFO - Setting next_dagrun for dataset_s3_bucket_consumer to None, run_after=None
[2025-02-23T04:48:11.484+0000] {logging_mixin.py:190} INFO - [2025-02-23T04:48:11.484+0000] {dag.py:4180} INFO - Setting next_dagrun for dataset_s3_bucket_producer to None, run_after=None
[2025-02-23T04:48:11.503+0000] {processor.py:208} INFO - Processing /home/airflow/.local/lib/python3.12/site-packages/airflow/example_dags/example_dataset_alias.py took 0.566 seconds
[2025-02-23T04:48:42.051+0000] {processor.py:186} INFO - Started process (PID=346) to work on /home/airflow/.local/lib/python3.12/site-packages/airflow/example_dags/example_dataset_alias.py
[2025-02-23T04:48:42.051+0000] {processor.py:914} INFO - Processing file /home/airflow/.local/lib/python3.12/site-packages/airflow/example_dags/example_dataset_alias.py for tasks to queue
[2025-02-23T04:48:42.053+0000] {logging_mixin.py:190} INFO - [2025-02-23T04:48:42.053+0000] {dagbag.py:588} INFO - Filling up the DagBag from /home/airflow/.local/lib/python3.12/site-packages/airflow/example_dags/example_dataset_alias.py
[2025-02-23T04:48:42.692+0000] {processor.py:925} INFO - DAG(s) 'dataset_alias_example_alias_producer', 'dataset_s3_bucket_consumer', 'dataset_s3_bucket_producer', 'dataset_alias_example_alias_consumer' retrieved from /home/airflow/.local/lib/python3.12/site-packages/airflow/example_dags/example_dataset_alias.py
[2025-02-23T04:48:42.712+0000] {logging_mixin.py:190} INFO - [2025-02-23T04:48:42.712+0000] {dag.py:3239} INFO - Sync 4 DAGs
[2025-02-23T04:48:42.741+0000] {logging_mixin.py:190} INFO - [2025-02-23T04:48:42.741+0000] {dag.py:4180} INFO - Setting next_dagrun for dataset_alias_example_alias_consumer to None, run_after=None
[2025-02-23T04:48:42.744+0000] {logging_mixin.py:190} INFO - [2025-02-23T04:48:42.743+0000] {dag.py:4180} INFO - Setting next_dagrun for dataset_alias_example_alias_producer to None, run_after=None
[2025-02-23T04:48:42.745+0000] {logging_mixin.py:190} INFO - [2025-02-23T04:48:42.745+0000] {dag.py:4180} INFO - Setting next_dagrun for dataset_s3_bucket_consumer to None, run_after=None
[2025-02-23T04:48:42.746+0000] {logging_mixin.py:190} INFO - [2025-02-23T04:48:42.746+0000] {dag.py:4180} INFO - Setting next_dagrun for dataset_s3_bucket_producer to None, run_after=None
[2025-02-23T04:48:42.766+0000] {processor.py:208} INFO - Processing /home/airflow/.local/lib/python3.12/site-packages/airflow/example_dags/example_dataset_alias.py took 0.720 seconds
[2025-02-23T04:49:13.529+0000] {processor.py:186} INFO - Started process (PID=414) to work on /home/airflow/.local/lib/python3.12/site-packages/airflow/example_dags/example_dataset_alias.py
[2025-02-23T04:49:13.529+0000] {processor.py:914} INFO - Processing file /home/airflow/.local/lib/python3.12/site-packages/airflow/example_dags/example_dataset_alias.py for tasks to queue
[2025-02-23T04:49:13.531+0000] {logging_mixin.py:190} INFO - [2025-02-23T04:49:13.531+0000] {dagbag.py:588} INFO - Filling up the DagBag from /home/airflow/.local/lib/python3.12/site-packages/airflow/example_dags/example_dataset_alias.py
[2025-02-23T04:49:14.165+0000] {processor.py:925} INFO - DAG(s) 'dataset_alias_example_alias_producer', 'dataset_alias_example_alias_consumer', 'dataset_s3_bucket_consumer', 'dataset_s3_bucket_producer' retrieved from /home/airflow/.local/lib/python3.12/site-packages/airflow/example_dags/example_dataset_alias.py
[2025-02-23T04:49:14.188+0000] {logging_mixin.py:190} INFO - [2025-02-23T04:49:14.187+0000] {dag.py:3239} INFO - Sync 4 DAGs
[2025-02-23T04:49:14.213+0000] {logging_mixin.py:190} INFO - [2025-02-23T04:49:14.213+0000] {dag.py:4180} INFO - Setting next_dagrun for dataset_alias_example_alias_consumer to None, run_after=None
[2025-02-23T04:49:14.216+0000] {logging_mixin.py:190} INFO - [2025-02-23T04:49:14.216+0000] {dag.py:4180} INFO - Setting next_dagrun for dataset_alias_example_alias_producer to None, run_after=None
[2025-02-23T04:49:14.219+0000] {logging_mixin.py:190} INFO - [2025-02-23T04:49:14.218+0000] {dag.py:4180} INFO - Setting next_dagrun for dataset_s3_bucket_consumer to None, run_after=None
[2025-02-23T04:49:14.220+0000] {logging_mixin.py:190} INFO - [2025-02-23T04:49:14.220+0000] {dag.py:4180} INFO - Setting next_dagrun for dataset_s3_bucket_producer to None, run_after=None
[2025-02-23T04:49:14.239+0000] {processor.py:208} INFO - Processing /home/airflow/.local/lib/python3.12/site-packages/airflow/example_dags/example_dataset_alias.py took 0.715 seconds
[2025-02-23T04:49:44.806+0000] {processor.py:186} INFO - Started process (PID=479) to work on /home/airflow/.local/lib/python3.12/site-packages/airflow/example_dags/example_dataset_alias.py
[2025-02-23T04:49:44.806+0000] {processor.py:914} INFO - Processing file /home/airflow/.local/lib/python3.12/site-packages/airflow/example_dags/example_dataset_alias.py for tasks to queue
[2025-02-23T04:49:44.808+0000] {logging_mixin.py:190} INFO - [2025-02-23T04:49:44.808+0000] {dagbag.py:588} INFO - Filling up the DagBag from /home/airflow/.local/lib/python3.12/site-packages/airflow/example_dags/example_dataset_alias.py
[2025-02-23T04:49:45.359+0000] {processor.py:925} INFO - DAG(s) 'dataset_s3_bucket_consumer', 'dataset_alias_example_alias_consumer', 'dataset_s3_bucket_producer', 'dataset_alias_example_alias_producer' retrieved from /home/airflow/.local/lib/python3.12/site-packages/airflow/example_dags/example_dataset_alias.py
[2025-02-23T04:49:45.379+0000] {logging_mixin.py:190} INFO - [2025-02-23T04:49:45.378+0000] {dag.py:3239} INFO - Sync 4 DAGs
[2025-02-23T04:49:45.398+0000] {logging_mixin.py:190} INFO - [2025-02-23T04:49:45.398+0000] {dag.py:4180} INFO - Setting next_dagrun for dataset_alias_example_alias_consumer to None, run_after=None
[2025-02-23T04:49:45.400+0000] {logging_mixin.py:190} INFO - [2025-02-23T04:49:45.400+0000] {dag.py:4180} INFO - Setting next_dagrun for dataset_alias_example_alias_producer to None, run_after=None
[2025-02-23T04:49:45.401+0000] {logging_mixin.py:190} INFO - [2025-02-23T04:49:45.401+0000] {dag.py:4180} INFO - Setting next_dagrun for dataset_s3_bucket_consumer to None, run_after=None
[2025-02-23T04:49:45.402+0000] {logging_mixin.py:190} INFO - [2025-02-23T04:49:45.402+0000] {dag.py:4180} INFO - Setting next_dagrun for dataset_s3_bucket_producer to None, run_after=None
[2025-02-23T04:49:45.418+0000] {processor.py:208} INFO - Processing /home/airflow/.local/lib/python3.12/site-packages/airflow/example_dags/example_dataset_alias.py took 0.617 seconds
[2025-02-23T04:50:16.009+0000] {processor.py:186} INFO - Started process (PID=542) to work on /home/airflow/.local/lib/python3.12/site-packages/airflow/example_dags/example_dataset_alias.py
[2025-02-23T04:50:16.010+0000] {processor.py:914} INFO - Processing file /home/airflow/.local/lib/python3.12/site-packages/airflow/example_dags/example_dataset_alias.py for tasks to queue
[2025-02-23T04:50:16.011+0000] {logging_mixin.py:190} INFO - [2025-02-23T04:50:16.011+0000] {dagbag.py:588} INFO - Filling up the DagBag from /home/airflow/.local/lib/python3.12/site-packages/airflow/example_dags/example_dataset_alias.py
[2025-02-23T04:50:16.536+0000] {processor.py:925} INFO - DAG(s) 'dataset_alias_example_alias_producer', 'dataset_s3_bucket_consumer', 'dataset_alias_example_alias_consumer', 'dataset_s3_bucket_producer' retrieved from /home/airflow/.local/lib/python3.12/site-packages/airflow/example_dags/example_dataset_alias.py
[2025-02-23T04:50:16.551+0000] {logging_mixin.py:190} INFO - [2025-02-23T04:50:16.551+0000] {dag.py:3239} INFO - Sync 4 DAGs
[2025-02-23T04:50:16.574+0000] {logging_mixin.py:190} INFO - [2025-02-23T04:50:16.574+0000] {dag.py:4180} INFO - Setting next_dagrun for dataset_alias_example_alias_consumer to None, run_after=None
[2025-02-23T04:50:16.576+0000] {logging_mixin.py:190} INFO - [2025-02-23T04:50:16.576+0000] {dag.py:4180} INFO - Setting next_dagrun for dataset_alias_example_alias_producer to None, run_after=None
[2025-02-23T04:50:16.577+0000] {logging_mixin.py:190} INFO - [2025-02-23T04:50:16.577+0000] {dag.py:4180} INFO - Setting next_dagrun for dataset_s3_bucket_consumer to None, run_after=None
[2025-02-23T04:50:16.578+0000] {logging_mixin.py:190} INFO - [2025-02-23T04:50:16.578+0000] {dag.py:4180} INFO - Setting next_dagrun for dataset_s3_bucket_producer to None, run_after=None
[2025-02-23T04:50:16.594+0000] {processor.py:208} INFO - Processing /home/airflow/.local/lib/python3.12/site-packages/airflow/example_dags/example_dataset_alias.py took 0.589 seconds
[2025-02-23T04:50:46.642+0000] {processor.py:186} INFO - Started process (PID=605) to work on /home/airflow/.local/lib/python3.12/site-packages/airflow/example_dags/example_dataset_alias.py
[2025-02-23T04:50:46.642+0000] {processor.py:914} INFO - Processing file /home/airflow/.local/lib/python3.12/site-packages/airflow/example_dags/example_dataset_alias.py for tasks to queue
[2025-02-23T04:50:46.644+0000] {logging_mixin.py:190} INFO - [2025-02-23T04:50:46.644+0000] {dagbag.py:588} INFO - Filling up the DagBag from /home/airflow/.local/lib/python3.12/site-packages/airflow/example_dags/example_dataset_alias.py
[2025-02-23T04:50:47.176+0000] {processor.py:925} INFO - DAG(s) 'dataset_alias_example_alias_producer', 'dataset_s3_bucket_consumer', 'dataset_alias_example_alias_consumer', 'dataset_s3_bucket_producer' retrieved from /home/airflow/.local/lib/python3.12/site-packages/airflow/example_dags/example_dataset_alias.py
[2025-02-23T04:50:47.192+0000] {logging_mixin.py:190} INFO - [2025-02-23T04:50:47.192+0000] {dag.py:3239} INFO - Sync 4 DAGs
[2025-02-23T04:50:47.210+0000] {logging_mixin.py:190} INFO - [2025-02-23T04:50:47.210+0000] {dag.py:4180} INFO - Setting next_dagrun for dataset_alias_example_alias_consumer to None, run_after=None
[2025-02-23T04:50:47.212+0000] {logging_mixin.py:190} INFO - [2025-02-23T04:50:47.211+0000] {dag.py:4180} INFO - Setting next_dagrun for dataset_alias_example_alias_producer to None, run_after=None
[2025-02-23T04:50:47.213+0000] {logging_mixin.py:190} INFO - [2025-02-23T04:50:47.213+0000] {dag.py:4180} INFO - Setting next_dagrun for dataset_s3_bucket_consumer to None, run_after=None
[2025-02-23T04:50:47.214+0000] {logging_mixin.py:190} INFO - [2025-02-23T04:50:47.213+0000] {dag.py:4180} INFO - Setting next_dagrun for dataset_s3_bucket_producer to None, run_after=None
[2025-02-23T04:50:47.229+0000] {processor.py:208} INFO - Processing /home/airflow/.local/lib/python3.12/site-packages/airflow/example_dags/example_dataset_alias.py took 0.591 seconds
[2025-02-23T04:51:18.073+0000] {processor.py:186} INFO - Started process (PID=668) to work on /home/airflow/.local/lib/python3.12/site-packages/airflow/example_dags/example_dataset_alias.py
[2025-02-23T04:51:18.073+0000] {processor.py:914} INFO - Processing file /home/airflow/.local/lib/python3.12/site-packages/airflow/example_dags/example_dataset_alias.py for tasks to queue
[2025-02-23T04:51:18.075+0000] {logging_mixin.py:190} INFO - [2025-02-23T04:51:18.074+0000] {dagbag.py:588} INFO - Filling up the DagBag from /home/airflow/.local/lib/python3.12/site-packages/airflow/example_dags/example_dataset_alias.py
[2025-02-23T04:51:18.576+0000] {processor.py:925} INFO - DAG(s) 'dataset_s3_bucket_producer', 'dataset_alias_example_alias_producer', 'dataset_alias_example_alias_consumer', 'dataset_s3_bucket_consumer' retrieved from /home/airflow/.local/lib/python3.12/site-packages/airflow/example_dags/example_dataset_alias.py
[2025-02-23T04:51:18.591+0000] {logging_mixin.py:190} INFO - [2025-02-23T04:51:18.591+0000] {dag.py:3239} INFO - Sync 4 DAGs
[2025-02-23T04:51:18.610+0000] {logging_mixin.py:190} INFO - [2025-02-23T04:51:18.609+0000] {dag.py:4180} INFO - Setting next_dagrun for dataset_alias_example_alias_consumer to None, run_after=None
[2025-02-23T04:51:18.611+0000] {logging_mixin.py:190} INFO - [2025-02-23T04:51:18.611+0000] {dag.py:4180} INFO - Setting next_dagrun for dataset_alias_example_alias_producer to None, run_after=None
[2025-02-23T04:51:18.613+0000] {logging_mixin.py:190} INFO - [2025-02-23T04:51:18.612+0000] {dag.py:4180} INFO - Setting next_dagrun for dataset_s3_bucket_consumer to None, run_after=None
[2025-02-23T04:51:18.613+0000] {logging_mixin.py:190} INFO - [2025-02-23T04:51:18.613+0000] {dag.py:4180} INFO - Setting next_dagrun for dataset_s3_bucket_producer to None, run_after=None
[2025-02-23T04:51:18.628+0000] {processor.py:208} INFO - Processing /home/airflow/.local/lib/python3.12/site-packages/airflow/example_dags/example_dataset_alias.py took 0.560 seconds
[2025-02-23T04:51:49.373+0000] {processor.py:186} INFO - Started process (PID=732) to work on /home/airflow/.local/lib/python3.12/site-packages/airflow/example_dags/example_dataset_alias.py
[2025-02-23T04:51:49.373+0000] {processor.py:914} INFO - Processing file /home/airflow/.local/lib/python3.12/site-packages/airflow/example_dags/example_dataset_alias.py for tasks to queue
[2025-02-23T04:51:49.375+0000] {logging_mixin.py:190} INFO - [2025-02-23T04:51:49.375+0000] {dagbag.py:588} INFO - Filling up the DagBag from /home/airflow/.local/lib/python3.12/site-packages/airflow/example_dags/example_dataset_alias.py
[2025-02-23T04:51:49.873+0000] {processor.py:925} INFO - DAG(s) 'dataset_alias_example_alias_consumer', 'dataset_s3_bucket_consumer', 'dataset_alias_example_alias_producer', 'dataset_s3_bucket_producer' retrieved from /home/airflow/.local/lib/python3.12/site-packages/airflow/example_dags/example_dataset_alias.py
[2025-02-23T04:51:49.889+0000] {logging_mixin.py:190} INFO - [2025-02-23T04:51:49.889+0000] {dag.py:3239} INFO - Sync 4 DAGs
[2025-02-23T04:51:49.908+0000] {logging_mixin.py:190} INFO - [2025-02-23T04:51:49.907+0000] {dag.py:4180} INFO - Setting next_dagrun for dataset_alias_example_alias_consumer to None, run_after=None
[2025-02-23T04:51:49.909+0000] {logging_mixin.py:190} INFO - [2025-02-23T04:51:49.909+0000] {dag.py:4180} INFO - Setting next_dagrun for dataset_alias_example_alias_producer to None, run_after=None
[2025-02-23T04:51:49.910+0000] {logging_mixin.py:190} INFO - [2025-02-23T04:51:49.910+0000] {dag.py:4180} INFO - Setting next_dagrun for dataset_s3_bucket_consumer to None, run_after=None
[2025-02-23T04:51:49.911+0000] {logging_mixin.py:190} INFO - [2025-02-23T04:51:49.911+0000] {dag.py:4180} INFO - Setting next_dagrun for dataset_s3_bucket_producer to None, run_after=None
[2025-02-23T04:51:49.925+0000] {processor.py:208} INFO - Processing /home/airflow/.local/lib/python3.12/site-packages/airflow/example_dags/example_dataset_alias.py took 0.558 seconds
[2025-02-23T04:52:20.804+0000] {processor.py:186} INFO - Started process (PID=795) to work on /home/airflow/.local/lib/python3.12/site-packages/airflow/example_dags/example_dataset_alias.py
[2025-02-23T04:52:20.805+0000] {processor.py:914} INFO - Processing file /home/airflow/.local/lib/python3.12/site-packages/airflow/example_dags/example_dataset_alias.py for tasks to queue
[2025-02-23T04:52:20.806+0000] {logging_mixin.py:190} INFO - [2025-02-23T04:52:20.806+0000] {dagbag.py:588} INFO - Filling up the DagBag from /home/airflow/.local/lib/python3.12/site-packages/airflow/example_dags/example_dataset_alias.py
[2025-02-23T04:52:21.332+0000] {processor.py:925} INFO - DAG(s) 'dataset_s3_bucket_producer', 'dataset_alias_example_alias_producer', 'dataset_alias_example_alias_consumer', 'dataset_s3_bucket_consumer' retrieved from /home/airflow/.local/lib/python3.12/site-packages/airflow/example_dags/example_dataset_alias.py
[2025-02-23T04:52:21.348+0000] {logging_mixin.py:190} INFO - [2025-02-23T04:52:21.347+0000] {dag.py:3239} INFO - Sync 4 DAGs
[2025-02-23T04:52:21.366+0000] {logging_mixin.py:190} INFO - [2025-02-23T04:52:21.366+0000] {dag.py:4180} INFO - Setting next_dagrun for dataset_alias_example_alias_consumer to None, run_after=None
[2025-02-23T04:52:21.368+0000] {logging_mixin.py:190} INFO - [2025-02-23T04:52:21.368+0000] {dag.py:4180} INFO - Setting next_dagrun for dataset_alias_example_alias_producer to None, run_after=None
[2025-02-23T04:52:21.370+0000] {logging_mixin.py:190} INFO - [2025-02-23T04:52:21.370+0000] {dag.py:4180} INFO - Setting next_dagrun for dataset_s3_bucket_consumer to None, run_after=None
[2025-02-23T04:52:21.371+0000] {logging_mixin.py:190} INFO - [2025-02-23T04:52:21.371+0000] {dag.py:4180} INFO - Setting next_dagrun for dataset_s3_bucket_producer to None, run_after=None
[2025-02-23T04:52:21.386+0000] {processor.py:208} INFO - Processing /home/airflow/.local/lib/python3.12/site-packages/airflow/example_dags/example_dataset_alias.py took 0.586 seconds
[2025-02-23T04:52:52.013+0000] {processor.py:186} INFO - Started process (PID=859) to work on /home/airflow/.local/lib/python3.12/site-packages/airflow/example_dags/example_dataset_alias.py
[2025-02-23T04:52:52.014+0000] {processor.py:914} INFO - Processing file /home/airflow/.local/lib/python3.12/site-packages/airflow/example_dags/example_dataset_alias.py for tasks to queue
[2025-02-23T04:52:52.015+0000] {logging_mixin.py:190} INFO - [2025-02-23T04:52:52.015+0000] {dagbag.py:588} INFO - Filling up the DagBag from /home/airflow/.local/lib/python3.12/site-packages/airflow/example_dags/example_dataset_alias.py
[2025-02-23T04:52:52.567+0000] {processor.py:925} INFO - DAG(s) 'dataset_s3_bucket_producer', 'dataset_alias_example_alias_consumer', 'dataset_s3_bucket_consumer', 'dataset_alias_example_alias_producer' retrieved from /home/airflow/.local/lib/python3.12/site-packages/airflow/example_dags/example_dataset_alias.py
[2025-02-23T04:52:52.582+0000] {logging_mixin.py:190} INFO - [2025-02-23T04:52:52.581+0000] {dag.py:3239} INFO - Sync 4 DAGs
[2025-02-23T04:52:52.599+0000] {logging_mixin.py:190} INFO - [2025-02-23T04:52:52.599+0000] {dag.py:4180} INFO - Setting next_dagrun for dataset_alias_example_alias_consumer to None, run_after=None
[2025-02-23T04:52:52.601+0000] {logging_mixin.py:190} INFO - [2025-02-23T04:52:52.601+0000] {dag.py:4180} INFO - Setting next_dagrun for dataset_alias_example_alias_producer to None, run_after=None
[2025-02-23T04:52:52.602+0000] {logging_mixin.py:190} INFO - [2025-02-23T04:52:52.602+0000] {dag.py:4180} INFO - Setting next_dagrun for dataset_s3_bucket_consumer to None, run_after=None
[2025-02-23T04:52:52.603+0000] {logging_mixin.py:190} INFO - [2025-02-23T04:52:52.602+0000] {dag.py:4180} INFO - Setting next_dagrun for dataset_s3_bucket_producer to None, run_after=None
[2025-02-23T04:52:52.618+0000] {processor.py:208} INFO - Processing /home/airflow/.local/lib/python3.12/site-packages/airflow/example_dags/example_dataset_alias.py took 0.609 seconds
[2025-02-23T04:53:23.568+0000] {processor.py:186} INFO - Started process (PID=927) to work on /home/airflow/.local/lib/python3.12/site-packages/airflow/example_dags/example_dataset_alias.py
[2025-02-23T04:53:23.569+0000] {processor.py:914} INFO - Processing file /home/airflow/.local/lib/python3.12/site-packages/airflow/example_dags/example_dataset_alias.py for tasks to queue
[2025-02-23T04:53:23.571+0000] {logging_mixin.py:190} INFO - [2025-02-23T04:53:23.570+0000] {dagbag.py:588} INFO - Filling up the DagBag from /home/airflow/.local/lib/python3.12/site-packages/airflow/example_dags/example_dataset_alias.py
[2025-02-23T04:53:24.100+0000] {processor.py:925} INFO - DAG(s) 'dataset_alias_example_alias_consumer', 'dataset_s3_bucket_producer', 'dataset_alias_example_alias_producer', 'dataset_s3_bucket_consumer' retrieved from /home/airflow/.local/lib/python3.12/site-packages/airflow/example_dags/example_dataset_alias.py
[2025-02-23T04:53:24.115+0000] {logging_mixin.py:190} INFO - [2025-02-23T04:53:24.115+0000] {dag.py:3239} INFO - Sync 4 DAGs
[2025-02-23T04:53:24.132+0000] {logging_mixin.py:190} INFO - [2025-02-23T04:53:24.132+0000] {dag.py:4180} INFO - Setting next_dagrun for dataset_alias_example_alias_consumer to None, run_after=None
[2025-02-23T04:53:24.134+0000] {logging_mixin.py:190} INFO - [2025-02-23T04:53:24.134+0000] {dag.py:4180} INFO - Setting next_dagrun for dataset_alias_example_alias_producer to None, run_after=None
[2025-02-23T04:53:24.135+0000] {logging_mixin.py:190} INFO - [2025-02-23T04:53:24.135+0000] {dag.py:4180} INFO - Setting next_dagrun for dataset_s3_bucket_consumer to None, run_after=None
[2025-02-23T04:53:24.136+0000] {logging_mixin.py:190} INFO - [2025-02-23T04:53:24.136+0000] {dag.py:4180} INFO - Setting next_dagrun for dataset_s3_bucket_producer to None, run_after=None
[2025-02-23T04:53:24.150+0000] {processor.py:208} INFO - Processing /home/airflow/.local/lib/python3.12/site-packages/airflow/example_dags/example_dataset_alias.py took 0.587 seconds
[2025-02-23T04:53:54.272+0000] {processor.py:186} INFO - Started process (PID=990) to work on /home/airflow/.local/lib/python3.12/site-packages/airflow/example_dags/example_dataset_alias.py
[2025-02-23T04:53:54.273+0000] {processor.py:914} INFO - Processing file /home/airflow/.local/lib/python3.12/site-packages/airflow/example_dags/example_dataset_alias.py for tasks to queue
[2025-02-23T04:53:54.274+0000] {logging_mixin.py:190} INFO - [2025-02-23T04:53:54.274+0000] {dagbag.py:588} INFO - Filling up the DagBag from /home/airflow/.local/lib/python3.12/site-packages/airflow/example_dags/example_dataset_alias.py
[2025-02-23T04:53:54.829+0000] {processor.py:925} INFO - DAG(s) 'dataset_s3_bucket_producer', 'dataset_s3_bucket_consumer', 'dataset_alias_example_alias_consumer', 'dataset_alias_example_alias_producer' retrieved from /home/airflow/.local/lib/python3.12/site-packages/airflow/example_dags/example_dataset_alias.py
[2025-02-23T04:53:54.844+0000] {logging_mixin.py:190} INFO - [2025-02-23T04:53:54.844+0000] {dag.py:3239} INFO - Sync 4 DAGs
[2025-02-23T04:53:54.862+0000] {logging_mixin.py:190} INFO - [2025-02-23T04:53:54.862+0000] {dag.py:4180} INFO - Setting next_dagrun for dataset_alias_example_alias_consumer to None, run_after=None
[2025-02-23T04:53:54.864+0000] {logging_mixin.py:190} INFO - [2025-02-23T04:53:54.864+0000] {dag.py:4180} INFO - Setting next_dagrun for dataset_alias_example_alias_producer to None, run_after=None
[2025-02-23T04:53:54.865+0000] {logging_mixin.py:190} INFO - [2025-02-23T04:53:54.865+0000] {dag.py:4180} INFO - Setting next_dagrun for dataset_s3_bucket_consumer to None, run_after=None
[2025-02-23T04:53:54.866+0000] {logging_mixin.py:190} INFO - [2025-02-23T04:53:54.865+0000] {dag.py:4180} INFO - Setting next_dagrun for dataset_s3_bucket_producer to None, run_after=None
[2025-02-23T04:53:54.880+0000] {processor.py:208} INFO - Processing /home/airflow/.local/lib/python3.12/site-packages/airflow/example_dags/example_dataset_alias.py took 0.614 seconds
[2025-02-23T04:54:24.939+0000] {processor.py:186} INFO - Started process (PID=1059) to work on /home/airflow/.local/lib/python3.12/site-packages/airflow/example_dags/example_dataset_alias.py
[2025-02-23T04:54:24.939+0000] {processor.py:914} INFO - Processing file /home/airflow/.local/lib/python3.12/site-packages/airflow/example_dags/example_dataset_alias.py for tasks to queue
[2025-02-23T04:54:24.941+0000] {logging_mixin.py:190} INFO - [2025-02-23T04:54:24.941+0000] {dagbag.py:588} INFO - Filling up the DagBag from /home/airflow/.local/lib/python3.12/site-packages/airflow/example_dags/example_dataset_alias.py
[2025-02-23T04:54:25.469+0000] {processor.py:925} INFO - DAG(s) 'dataset_alias_example_alias_consumer', 'dataset_s3_bucket_producer', 'dataset_alias_example_alias_producer', 'dataset_s3_bucket_consumer' retrieved from /home/airflow/.local/lib/python3.12/site-packages/airflow/example_dags/example_dataset_alias.py
[2025-02-23T04:54:25.484+0000] {logging_mixin.py:190} INFO - [2025-02-23T04:54:25.483+0000] {dag.py:3239} INFO - Sync 4 DAGs
[2025-02-23T04:54:25.501+0000] {logging_mixin.py:190} INFO - [2025-02-23T04:54:25.501+0000] {dag.py:4180} INFO - Setting next_dagrun for dataset_alias_example_alias_consumer to None, run_after=None
[2025-02-23T04:54:25.503+0000] {logging_mixin.py:190} INFO - [2025-02-23T04:54:25.502+0000] {dag.py:4180} INFO - Setting next_dagrun for dataset_alias_example_alias_producer to None, run_after=None
[2025-02-23T04:54:25.504+0000] {logging_mixin.py:190} INFO - [2025-02-23T04:54:25.503+0000] {dag.py:4180} INFO - Setting next_dagrun for dataset_s3_bucket_consumer to None, run_after=None
[2025-02-23T04:54:25.504+0000] {logging_mixin.py:190} INFO - [2025-02-23T04:54:25.504+0000] {dag.py:4180} INFO - Setting next_dagrun for dataset_s3_bucket_producer to None, run_after=None
[2025-02-23T04:54:25.521+0000] {processor.py:208} INFO - Processing /home/airflow/.local/lib/python3.12/site-packages/airflow/example_dags/example_dataset_alias.py took 0.586 seconds
[2025-02-23T04:54:56.294+0000] {processor.py:186} INFO - Started process (PID=1122) to work on /home/airflow/.local/lib/python3.12/site-packages/airflow/example_dags/example_dataset_alias.py
[2025-02-23T04:54:56.294+0000] {processor.py:914} INFO - Processing file /home/airflow/.local/lib/python3.12/site-packages/airflow/example_dags/example_dataset_alias.py for tasks to queue
[2025-02-23T04:54:56.296+0000] {logging_mixin.py:190} INFO - [2025-02-23T04:54:56.296+0000] {dagbag.py:588} INFO - Filling up the DagBag from /home/airflow/.local/lib/python3.12/site-packages/airflow/example_dags/example_dataset_alias.py
[2025-02-23T04:54:56.797+0000] {processor.py:925} INFO - DAG(s) 'dataset_alias_example_alias_producer', 'dataset_s3_bucket_consumer', 'dataset_alias_example_alias_consumer', 'dataset_s3_bucket_producer' retrieved from /home/airflow/.local/lib/python3.12/site-packages/airflow/example_dags/example_dataset_alias.py
[2025-02-23T04:54:56.812+0000] {logging_mixin.py:190} INFO - [2025-02-23T04:54:56.812+0000] {dag.py:3239} INFO - Sync 4 DAGs
[2025-02-23T04:54:56.829+0000] {logging_mixin.py:190} INFO - [2025-02-23T04:54:56.829+0000] {dag.py:4180} INFO - Setting next_dagrun for dataset_alias_example_alias_consumer to None, run_after=None
[2025-02-23T04:54:56.831+0000] {logging_mixin.py:190} INFO - [2025-02-23T04:54:56.831+0000] {dag.py:4180} INFO - Setting next_dagrun for dataset_alias_example_alias_producer to None, run_after=None
[2025-02-23T04:54:56.832+0000] {logging_mixin.py:190} INFO - [2025-02-23T04:54:56.832+0000] {dag.py:4180} INFO - Setting next_dagrun for dataset_s3_bucket_consumer to None, run_after=None
[2025-02-23T04:54:56.833+0000] {logging_mixin.py:190} INFO - [2025-02-23T04:54:56.833+0000] {dag.py:4180} INFO - Setting next_dagrun for dataset_s3_bucket_producer to None, run_after=None
[2025-02-23T04:54:56.847+0000] {processor.py:208} INFO - Processing /home/airflow/.local/lib/python3.12/site-packages/airflow/example_dags/example_dataset_alias.py took 0.558 seconds
[2025-02-23T04:55:27.490+0000] {processor.py:186} INFO - Started process (PID=1185) to work on /home/airflow/.local/lib/python3.12/site-packages/airflow/example_dags/example_dataset_alias.py
[2025-02-23T04:55:27.490+0000] {processor.py:914} INFO - Processing file /home/airflow/.local/lib/python3.12/site-packages/airflow/example_dags/example_dataset_alias.py for tasks to queue
[2025-02-23T04:55:27.492+0000] {logging_mixin.py:190} INFO - [2025-02-23T04:55:27.492+0000] {dagbag.py:588} INFO - Filling up the DagBag from /home/airflow/.local/lib/python3.12/site-packages/airflow/example_dags/example_dataset_alias.py
[2025-02-23T04:55:28.020+0000] {processor.py:925} INFO - DAG(s) 'dataset_alias_example_alias_producer', 'dataset_alias_example_alias_consumer', 'dataset_s3_bucket_producer', 'dataset_s3_bucket_consumer' retrieved from /home/airflow/.local/lib/python3.12/site-packages/airflow/example_dags/example_dataset_alias.py
[2025-02-23T04:55:28.036+0000] {logging_mixin.py:190} INFO - [2025-02-23T04:55:28.036+0000] {dag.py:3239} INFO - Sync 4 DAGs
[2025-02-23T04:55:28.054+0000] {logging_mixin.py:190} INFO - [2025-02-23T04:55:28.053+0000] {dag.py:4180} INFO - Setting next_dagrun for dataset_alias_example_alias_consumer to None, run_after=None
[2025-02-23T04:55:28.055+0000] {logging_mixin.py:190} INFO - [2025-02-23T04:55:28.055+0000] {dag.py:4180} INFO - Setting next_dagrun for dataset_alias_example_alias_producer to None, run_after=None
[2025-02-23T04:55:28.056+0000] {logging_mixin.py:190} INFO - [2025-02-23T04:55:28.056+0000] {dag.py:4180} INFO - Setting next_dagrun for dataset_s3_bucket_consumer to None, run_after=None
[2025-02-23T04:55:28.057+0000] {logging_mixin.py:190} INFO - [2025-02-23T04:55:28.057+0000] {dag.py:4180} INFO - Setting next_dagrun for dataset_s3_bucket_producer to None, run_after=None
[2025-02-23T04:55:28.072+0000] {processor.py:208} INFO - Processing /home/airflow/.local/lib/python3.12/site-packages/airflow/example_dags/example_dataset_alias.py took 0.587 seconds
[2025-02-23T04:55:58.867+0000] {processor.py:186} INFO - Started process (PID=1249) to work on /home/airflow/.local/lib/python3.12/site-packages/airflow/example_dags/example_dataset_alias.py
[2025-02-23T04:55:58.867+0000] {processor.py:914} INFO - Processing file /home/airflow/.local/lib/python3.12/site-packages/airflow/example_dags/example_dataset_alias.py for tasks to queue
[2025-02-23T04:55:58.869+0000] {logging_mixin.py:190} INFO - [2025-02-23T04:55:58.869+0000] {dagbag.py:588} INFO - Filling up the DagBag from /home/airflow/.local/lib/python3.12/site-packages/airflow/example_dags/example_dataset_alias.py
[2025-02-23T04:55:59.359+0000] {processor.py:925} INFO - DAG(s) 'dataset_s3_bucket_consumer', 'dataset_alias_example_alias_consumer', 'dataset_s3_bucket_producer', 'dataset_alias_example_alias_producer' retrieved from /home/airflow/.local/lib/python3.12/site-packages/airflow/example_dags/example_dataset_alias.py
[2025-02-23T04:55:59.375+0000] {logging_mixin.py:190} INFO - [2025-02-23T04:55:59.375+0000] {dag.py:3239} INFO - Sync 4 DAGs
[2025-02-23T04:55:59.392+0000] {logging_mixin.py:190} INFO - [2025-02-23T04:55:59.392+0000] {dag.py:4180} INFO - Setting next_dagrun for dataset_alias_example_alias_consumer to None, run_after=None
[2025-02-23T04:55:59.394+0000] {logging_mixin.py:190} INFO - [2025-02-23T04:55:59.394+0000] {dag.py:4180} INFO - Setting next_dagrun for dataset_alias_example_alias_producer to None, run_after=None
[2025-02-23T04:55:59.395+0000] {logging_mixin.py:190} INFO - [2025-02-23T04:55:59.395+0000] {dag.py:4180} INFO - Setting next_dagrun for dataset_s3_bucket_consumer to None, run_after=None
[2025-02-23T04:55:59.396+0000] {logging_mixin.py:190} INFO - [2025-02-23T04:55:59.396+0000] {dag.py:4180} INFO - Setting next_dagrun for dataset_s3_bucket_producer to None, run_after=None
[2025-02-23T04:55:59.410+0000] {processor.py:208} INFO - Processing /home/airflow/.local/lib/python3.12/site-packages/airflow/example_dags/example_dataset_alias.py took 0.548 seconds
[2025-02-23T04:56:30.002+0000] {processor.py:186} INFO - Started process (PID=1312) to work on /home/airflow/.local/lib/python3.12/site-packages/airflow/example_dags/example_dataset_alias.py
[2025-02-23T04:56:30.003+0000] {processor.py:914} INFO - Processing file /home/airflow/.local/lib/python3.12/site-packages/airflow/example_dags/example_dataset_alias.py for tasks to queue
[2025-02-23T04:56:30.005+0000] {logging_mixin.py:190} INFO - [2025-02-23T04:56:30.005+0000] {dagbag.py:588} INFO - Filling up the DagBag from /home/airflow/.local/lib/python3.12/site-packages/airflow/example_dags/example_dataset_alias.py
[2025-02-23T04:56:30.546+0000] {processor.py:925} INFO - DAG(s) 'dataset_s3_bucket_producer', 'dataset_alias_example_alias_producer', 'dataset_alias_example_alias_consumer', 'dataset_s3_bucket_consumer' retrieved from /home/airflow/.local/lib/python3.12/site-packages/airflow/example_dags/example_dataset_alias.py
[2025-02-23T04:56:30.566+0000] {logging_mixin.py:190} INFO - [2025-02-23T04:56:30.566+0000] {dag.py:3239} INFO - Sync 4 DAGs
[2025-02-23T04:56:30.591+0000] {logging_mixin.py:190} INFO - [2025-02-23T04:56:30.591+0000] {dag.py:4180} INFO - Setting next_dagrun for dataset_alias_example_alias_consumer to None, run_after=None
[2025-02-23T04:56:30.593+0000] {logging_mixin.py:190} INFO - [2025-02-23T04:56:30.593+0000] {dag.py:4180} INFO - Setting next_dagrun for dataset_alias_example_alias_producer to None, run_after=None
[2025-02-23T04:56:30.595+0000] {logging_mixin.py:190} INFO - [2025-02-23T04:56:30.595+0000] {dag.py:4180} INFO - Setting next_dagrun for dataset_s3_bucket_consumer to None, run_after=None
[2025-02-23T04:56:30.596+0000] {logging_mixin.py:190} INFO - [2025-02-23T04:56:30.596+0000] {dag.py:4180} INFO - Setting next_dagrun for dataset_s3_bucket_producer to None, run_after=None
[2025-02-23T04:56:30.616+0000] {processor.py:208} INFO - Processing /home/airflow/.local/lib/python3.12/site-packages/airflow/example_dags/example_dataset_alias.py took 0.618 seconds
[2025-02-23T04:57:00.716+0000] {processor.py:186} INFO - Started process (PID=1378) to work on /home/airflow/.local/lib/python3.12/site-packages/airflow/example_dags/example_dataset_alias.py
[2025-02-23T04:57:00.717+0000] {processor.py:914} INFO - Processing file /home/airflow/.local/lib/python3.12/site-packages/airflow/example_dags/example_dataset_alias.py for tasks to queue
[2025-02-23T04:57:00.719+0000] {logging_mixin.py:190} INFO - [2025-02-23T04:57:00.719+0000] {dagbag.py:588} INFO - Filling up the DagBag from /home/airflow/.local/lib/python3.12/site-packages/airflow/example_dags/example_dataset_alias.py
[2025-02-23T04:57:01.264+0000] {processor.py:925} INFO - DAG(s) 'dataset_s3_bucket_producer', 'dataset_s3_bucket_consumer', 'dataset_alias_example_alias_producer', 'dataset_alias_example_alias_consumer' retrieved from /home/airflow/.local/lib/python3.12/site-packages/airflow/example_dags/example_dataset_alias.py
[2025-02-23T04:57:01.284+0000] {logging_mixin.py:190} INFO - [2025-02-23T04:57:01.283+0000] {dag.py:3239} INFO - Sync 4 DAGs
[2025-02-23T04:57:01.306+0000] {logging_mixin.py:190} INFO - [2025-02-23T04:57:01.306+0000] {dag.py:4180} INFO - Setting next_dagrun for dataset_alias_example_alias_consumer to None, run_after=None
[2025-02-23T04:57:01.308+0000] {logging_mixin.py:190} INFO - [2025-02-23T04:57:01.308+0000] {dag.py:4180} INFO - Setting next_dagrun for dataset_alias_example_alias_producer to None, run_after=None
[2025-02-23T04:57:01.309+0000] {logging_mixin.py:190} INFO - [2025-02-23T04:57:01.309+0000] {dag.py:4180} INFO - Setting next_dagrun for dataset_s3_bucket_consumer to None, run_after=None
[2025-02-23T04:57:01.310+0000] {logging_mixin.py:190} INFO - [2025-02-23T04:57:01.310+0000] {dag.py:4180} INFO - Setting next_dagrun for dataset_s3_bucket_producer to None, run_after=None
[2025-02-23T04:57:01.327+0000] {processor.py:208} INFO - Processing /home/airflow/.local/lib/python3.12/site-packages/airflow/example_dags/example_dataset_alias.py took 0.616 seconds
