[2025-02-23T04:46:43.077+0000] {processor.py:186} INFO - Started process (PID=104) to work on /home/airflow/.local/lib/python3.12/site-packages/airflow/example_dags/example_latest_only_with_trigger.py
[2025-02-23T04:46:43.078+0000] {processor.py:914} INFO - Processing file /home/airflow/.local/lib/python3.12/site-packages/airflow/example_dags/example_latest_only_with_trigger.py for tasks to queue
[2025-02-23T04:46:43.079+0000] {logging_mixin.py:190} INFO - [2025-02-23T04:46:43.079+0000] {dagbag.py:588} INFO - Filling up the DagBag from /home/airflow/.local/lib/python3.12/site-packages/airflow/example_dags/example_latest_only_with_trigger.py
[2025-02-23T04:46:43.087+0000] {processor.py:925} INFO - DAG(s) 'latest_only_with_trigger' retrieved from /home/airflow/.local/lib/python3.12/site-packages/airflow/example_dags/example_latest_only_with_trigger.py
[2025-02-23T04:46:43.194+0000] {logging_mixin.py:190} INFO - [2025-02-23T04:46:43.193+0000] {override.py:1911} INFO - Created Permission View: can read on DAG:latest_only_with_trigger
[2025-02-23T04:46:43.203+0000] {logging_mixin.py:190} INFO - [2025-02-23T04:46:43.203+0000] {override.py:1911} INFO - Created Permission View: can delete on DAG:latest_only_with_trigger
[2025-02-23T04:46:43.208+0000] {logging_mixin.py:190} INFO - [2025-02-23T04:46:43.208+0000] {override.py:1911} INFO - Created Permission View: can edit on DAG:latest_only_with_trigger
[2025-02-23T04:46:43.214+0000] {logging_mixin.py:190} INFO - [2025-02-23T04:46:43.213+0000] {override.py:1911} INFO - Created Permission View: can read on DAG Run:latest_only_with_trigger
[2025-02-23T04:46:43.219+0000] {logging_mixin.py:190} INFO - [2025-02-23T04:46:43.219+0000] {override.py:1911} INFO - Created Permission View: menu access on DAG Run:latest_only_with_trigger
[2025-02-23T04:46:43.225+0000] {logging_mixin.py:190} INFO - [2025-02-23T04:46:43.224+0000] {override.py:1911} INFO - Created Permission View: can create on DAG Run:latest_only_with_trigger
[2025-02-23T04:46:43.230+0000] {logging_mixin.py:190} INFO - [2025-02-23T04:46:43.230+0000] {override.py:1911} INFO - Created Permission View: can delete on DAG Run:latest_only_with_trigger
[2025-02-23T04:46:43.231+0000] {logging_mixin.py:190} INFO - [2025-02-23T04:46:43.231+0000] {dag.py:3239} INFO - Sync 1 DAGs
[2025-02-23T04:46:43.245+0000] {logging_mixin.py:190} INFO - [2025-02-23T04:46:43.245+0000] {dag.py:3262} INFO - Creating ORM DAG for latest_only_with_trigger
[2025-02-23T04:46:43.256+0000] {logging_mixin.py:190} INFO - [2025-02-23T04:46:43.256+0000] {dag.py:4180} INFO - Setting next_dagrun for latest_only_with_trigger to 2025-02-23 00:00:00+00:00, run_after=2025-02-23 04:00:00+00:00
[2025-02-23T04:46:43.273+0000] {processor.py:208} INFO - Processing /home/airflow/.local/lib/python3.12/site-packages/airflow/example_dags/example_latest_only_with_trigger.py took 0.202 seconds
[2025-02-23T04:47:13.695+0000] {processor.py:186} INFO - Started process (PID=168) to work on /home/airflow/.local/lib/python3.12/site-packages/airflow/example_dags/example_latest_only_with_trigger.py
[2025-02-23T04:47:13.696+0000] {processor.py:914} INFO - Processing file /home/airflow/.local/lib/python3.12/site-packages/airflow/example_dags/example_latest_only_with_trigger.py for tasks to queue
[2025-02-23T04:47:13.697+0000] {logging_mixin.py:190} INFO - [2025-02-23T04:47:13.697+0000] {dagbag.py:588} INFO - Filling up the DagBag from /home/airflow/.local/lib/python3.12/site-packages/airflow/example_dags/example_latest_only_with_trigger.py
[2025-02-23T04:47:13.704+0000] {processor.py:925} INFO - DAG(s) 'latest_only_with_trigger' retrieved from /home/airflow/.local/lib/python3.12/site-packages/airflow/example_dags/example_latest_only_with_trigger.py
[2025-02-23T04:47:13.724+0000] {logging_mixin.py:190} INFO - [2025-02-23T04:47:13.724+0000] {dag.py:3239} INFO - Sync 1 DAGs
[2025-02-23T04:47:13.747+0000] {logging_mixin.py:190} INFO - [2025-02-23T04:47:13.747+0000] {dag.py:4180} INFO - Setting next_dagrun for latest_only_with_trigger to 2025-02-23 00:00:00+00:00, run_after=2025-02-23 04:00:00+00:00
[2025-02-23T04:47:13.761+0000] {processor.py:208} INFO - Processing /home/airflow/.local/lib/python3.12/site-packages/airflow/example_dags/example_latest_only_with_trigger.py took 0.070 seconds
[2025-02-23T04:47:44.511+0000] {processor.py:186} INFO - Started process (PID=231) to work on /home/airflow/.local/lib/python3.12/site-packages/airflow/example_dags/example_latest_only_with_trigger.py
[2025-02-23T04:47:44.512+0000] {processor.py:914} INFO - Processing file /home/airflow/.local/lib/python3.12/site-packages/airflow/example_dags/example_latest_only_with_trigger.py for tasks to queue
[2025-02-23T04:47:44.514+0000] {logging_mixin.py:190} INFO - [2025-02-23T04:47:44.513+0000] {dagbag.py:588} INFO - Filling up the DagBag from /home/airflow/.local/lib/python3.12/site-packages/airflow/example_dags/example_latest_only_with_trigger.py
[2025-02-23T04:47:44.522+0000] {processor.py:925} INFO - DAG(s) 'latest_only_with_trigger' retrieved from /home/airflow/.local/lib/python3.12/site-packages/airflow/example_dags/example_latest_only_with_trigger.py
[2025-02-23T04:47:44.543+0000] {logging_mixin.py:190} INFO - [2025-02-23T04:47:44.543+0000] {dag.py:3239} INFO - Sync 1 DAGs
[2025-02-23T04:47:44.562+0000] {logging_mixin.py:190} INFO - [2025-02-23T04:47:44.562+0000] {dag.py:4180} INFO - Setting next_dagrun for latest_only_with_trigger to 2025-02-23 00:00:00+00:00, run_after=2025-02-23 04:00:00+00:00
[2025-02-23T04:47:44.577+0000] {processor.py:208} INFO - Processing /home/airflow/.local/lib/python3.12/site-packages/airflow/example_dags/example_latest_only_with_trigger.py took 0.073 seconds
[2025-02-23T04:48:15.626+0000] {processor.py:186} INFO - Started process (PID=293) to work on /home/airflow/.local/lib/python3.12/site-packages/airflow/example_dags/example_latest_only_with_trigger.py
[2025-02-23T04:48:15.626+0000] {processor.py:914} INFO - Processing file /home/airflow/.local/lib/python3.12/site-packages/airflow/example_dags/example_latest_only_with_trigger.py for tasks to queue
[2025-02-23T04:48:15.628+0000] {logging_mixin.py:190} INFO - [2025-02-23T04:48:15.628+0000] {dagbag.py:588} INFO - Filling up the DagBag from /home/airflow/.local/lib/python3.12/site-packages/airflow/example_dags/example_latest_only_with_trigger.py
[2025-02-23T04:48:15.636+0000] {processor.py:925} INFO - DAG(s) 'latest_only_with_trigger' retrieved from /home/airflow/.local/lib/python3.12/site-packages/airflow/example_dags/example_latest_only_with_trigger.py
[2025-02-23T04:48:15.657+0000] {logging_mixin.py:190} INFO - [2025-02-23T04:48:15.657+0000] {dag.py:3239} INFO - Sync 1 DAGs
[2025-02-23T04:48:15.682+0000] {logging_mixin.py:190} INFO - [2025-02-23T04:48:15.682+0000] {dag.py:4180} INFO - Setting next_dagrun for latest_only_with_trigger to 2025-02-23 00:00:00+00:00, run_after=2025-02-23 04:00:00+00:00
[2025-02-23T04:48:15.696+0000] {processor.py:208} INFO - Processing /home/airflow/.local/lib/python3.12/site-packages/airflow/example_dags/example_latest_only_with_trigger.py took 0.076 seconds
[2025-02-23T04:48:46.319+0000] {processor.py:186} INFO - Started process (PID=357) to work on /home/airflow/.local/lib/python3.12/site-packages/airflow/example_dags/example_latest_only_with_trigger.py
[2025-02-23T04:48:46.319+0000] {processor.py:914} INFO - Processing file /home/airflow/.local/lib/python3.12/site-packages/airflow/example_dags/example_latest_only_with_trigger.py for tasks to queue
[2025-02-23T04:48:46.321+0000] {logging_mixin.py:190} INFO - [2025-02-23T04:48:46.321+0000] {dagbag.py:588} INFO - Filling up the DagBag from /home/airflow/.local/lib/python3.12/site-packages/airflow/example_dags/example_latest_only_with_trigger.py
[2025-02-23T04:48:46.327+0000] {processor.py:925} INFO - DAG(s) 'latest_only_with_trigger' retrieved from /home/airflow/.local/lib/python3.12/site-packages/airflow/example_dags/example_latest_only_with_trigger.py
[2025-02-23T04:48:46.343+0000] {logging_mixin.py:190} INFO - [2025-02-23T04:48:46.343+0000] {dag.py:3239} INFO - Sync 1 DAGs
[2025-02-23T04:48:46.360+0000] {logging_mixin.py:190} INFO - [2025-02-23T04:48:46.360+0000] {dag.py:4180} INFO - Setting next_dagrun for latest_only_with_trigger to 2025-02-23 00:00:00+00:00, run_after=2025-02-23 04:00:00+00:00
[2025-02-23T04:48:46.373+0000] {processor.py:208} INFO - Processing /home/airflow/.local/lib/python3.12/site-packages/airflow/example_dags/example_latest_only_with_trigger.py took 0.058 seconds
[2025-02-23T04:49:16.982+0000] {processor.py:186} INFO - Started process (PID=421) to work on /home/airflow/.local/lib/python3.12/site-packages/airflow/example_dags/example_latest_only_with_trigger.py
[2025-02-23T04:49:16.982+0000] {processor.py:914} INFO - Processing file /home/airflow/.local/lib/python3.12/site-packages/airflow/example_dags/example_latest_only_with_trigger.py for tasks to queue
[2025-02-23T04:49:16.984+0000] {logging_mixin.py:190} INFO - [2025-02-23T04:49:16.984+0000] {dagbag.py:588} INFO - Filling up the DagBag from /home/airflow/.local/lib/python3.12/site-packages/airflow/example_dags/example_latest_only_with_trigger.py
[2025-02-23T04:49:16.990+0000] {processor.py:925} INFO - DAG(s) 'latest_only_with_trigger' retrieved from /home/airflow/.local/lib/python3.12/site-packages/airflow/example_dags/example_latest_only_with_trigger.py
[2025-02-23T04:49:17.005+0000] {logging_mixin.py:190} INFO - [2025-02-23T04:49:17.005+0000] {dag.py:3239} INFO - Sync 1 DAGs
[2025-02-23T04:49:17.023+0000] {logging_mixin.py:190} INFO - [2025-02-23T04:49:17.023+0000] {dag.py:4180} INFO - Setting next_dagrun for latest_only_with_trigger to 2025-02-23 00:00:00+00:00, run_after=2025-02-23 04:00:00+00:00
[2025-02-23T04:49:17.037+0000] {processor.py:208} INFO - Processing /home/airflow/.local/lib/python3.12/site-packages/airflow/example_dags/example_latest_only_with_trigger.py took 0.060 seconds
[2025-02-23T04:49:48.427+0000] {processor.py:186} INFO - Started process (PID=484) to work on /home/airflow/.local/lib/python3.12/site-packages/airflow/example_dags/example_latest_only_with_trigger.py
[2025-02-23T04:49:48.428+0000] {processor.py:914} INFO - Processing file /home/airflow/.local/lib/python3.12/site-packages/airflow/example_dags/example_latest_only_with_trigger.py for tasks to queue
[2025-02-23T04:49:48.429+0000] {logging_mixin.py:190} INFO - [2025-02-23T04:49:48.429+0000] {dagbag.py:588} INFO - Filling up the DagBag from /home/airflow/.local/lib/python3.12/site-packages/airflow/example_dags/example_latest_only_with_trigger.py
[2025-02-23T04:49:48.435+0000] {processor.py:925} INFO - DAG(s) 'latest_only_with_trigger' retrieved from /home/airflow/.local/lib/python3.12/site-packages/airflow/example_dags/example_latest_only_with_trigger.py
[2025-02-23T04:49:48.450+0000] {logging_mixin.py:190} INFO - [2025-02-23T04:49:48.450+0000] {dag.py:3239} INFO - Sync 1 DAGs
[2025-02-23T04:49:48.470+0000] {logging_mixin.py:190} INFO - [2025-02-23T04:49:48.469+0000] {dag.py:4180} INFO - Setting next_dagrun for latest_only_with_trigger to 2025-02-23 00:00:00+00:00, run_after=2025-02-23 04:00:00+00:00
[2025-02-23T04:49:48.482+0000] {processor.py:208} INFO - Processing /home/airflow/.local/lib/python3.12/site-packages/airflow/example_dags/example_latest_only_with_trigger.py took 0.060 seconds
[2025-02-23T04:50:19.330+0000] {processor.py:186} INFO - Started process (PID=547) to work on /home/airflow/.local/lib/python3.12/site-packages/airflow/example_dags/example_latest_only_with_trigger.py
[2025-02-23T04:50:19.331+0000] {processor.py:914} INFO - Processing file /home/airflow/.local/lib/python3.12/site-packages/airflow/example_dags/example_latest_only_with_trigger.py for tasks to queue
[2025-02-23T04:50:19.332+0000] {logging_mixin.py:190} INFO - [2025-02-23T04:50:19.332+0000] {dagbag.py:588} INFO - Filling up the DagBag from /home/airflow/.local/lib/python3.12/site-packages/airflow/example_dags/example_latest_only_with_trigger.py
[2025-02-23T04:50:19.340+0000] {processor.py:925} INFO - DAG(s) 'latest_only_with_trigger' retrieved from /home/airflow/.local/lib/python3.12/site-packages/airflow/example_dags/example_latest_only_with_trigger.py
[2025-02-23T04:50:19.358+0000] {logging_mixin.py:190} INFO - [2025-02-23T04:50:19.358+0000] {dag.py:3239} INFO - Sync 1 DAGs
[2025-02-23T04:50:19.383+0000] {logging_mixin.py:190} INFO - [2025-02-23T04:50:19.383+0000] {dag.py:4180} INFO - Setting next_dagrun for latest_only_with_trigger to 2025-02-23 00:00:00+00:00, run_after=2025-02-23 04:00:00+00:00
[2025-02-23T04:50:19.399+0000] {processor.py:208} INFO - Processing /home/airflow/.local/lib/python3.12/site-packages/airflow/example_dags/example_latest_only_with_trigger.py took 0.076 seconds
[2025-02-23T04:50:50.204+0000] {processor.py:186} INFO - Started process (PID=610) to work on /home/airflow/.local/lib/python3.12/site-packages/airflow/example_dags/example_latest_only_with_trigger.py
[2025-02-23T04:50:50.204+0000] {processor.py:914} INFO - Processing file /home/airflow/.local/lib/python3.12/site-packages/airflow/example_dags/example_latest_only_with_trigger.py for tasks to queue
[2025-02-23T04:50:50.207+0000] {logging_mixin.py:190} INFO - [2025-02-23T04:50:50.206+0000] {dagbag.py:588} INFO - Filling up the DagBag from /home/airflow/.local/lib/python3.12/site-packages/airflow/example_dags/example_latest_only_with_trigger.py
[2025-02-23T04:50:50.214+0000] {processor.py:925} INFO - DAG(s) 'latest_only_with_trigger' retrieved from /home/airflow/.local/lib/python3.12/site-packages/airflow/example_dags/example_latest_only_with_trigger.py
[2025-02-23T04:50:50.236+0000] {logging_mixin.py:190} INFO - [2025-02-23T04:50:50.236+0000] {dag.py:3239} INFO - Sync 1 DAGs
[2025-02-23T04:50:50.262+0000] {logging_mixin.py:190} INFO - [2025-02-23T04:50:50.262+0000] {dag.py:4180} INFO - Setting next_dagrun for latest_only_with_trigger to 2025-02-23 00:00:00+00:00, run_after=2025-02-23 04:00:00+00:00
[2025-02-23T04:50:50.284+0000] {processor.py:208} INFO - Processing /home/airflow/.local/lib/python3.12/site-packages/airflow/example_dags/example_latest_only_with_trigger.py took 0.087 seconds
[2025-02-23T04:51:20.854+0000] {processor.py:186} INFO - Started process (PID=673) to work on /home/airflow/.local/lib/python3.12/site-packages/airflow/example_dags/example_latest_only_with_trigger.py
[2025-02-23T04:51:20.854+0000] {processor.py:914} INFO - Processing file /home/airflow/.local/lib/python3.12/site-packages/airflow/example_dags/example_latest_only_with_trigger.py for tasks to queue
[2025-02-23T04:51:20.856+0000] {logging_mixin.py:190} INFO - [2025-02-23T04:51:20.856+0000] {dagbag.py:588} INFO - Filling up the DagBag from /home/airflow/.local/lib/python3.12/site-packages/airflow/example_dags/example_latest_only_with_trigger.py
[2025-02-23T04:51:20.861+0000] {processor.py:925} INFO - DAG(s) 'latest_only_with_trigger' retrieved from /home/airflow/.local/lib/python3.12/site-packages/airflow/example_dags/example_latest_only_with_trigger.py
[2025-02-23T04:51:20.877+0000] {logging_mixin.py:190} INFO - [2025-02-23T04:51:20.877+0000] {dag.py:3239} INFO - Sync 1 DAGs
[2025-02-23T04:51:20.894+0000] {logging_mixin.py:190} INFO - [2025-02-23T04:51:20.894+0000] {dag.py:4180} INFO - Setting next_dagrun for latest_only_with_trigger to 2025-02-23 00:00:00+00:00, run_after=2025-02-23 04:00:00+00:00
[2025-02-23T04:51:20.907+0000] {processor.py:208} INFO - Processing /home/airflow/.local/lib/python3.12/site-packages/airflow/example_dags/example_latest_only_with_trigger.py took 0.057 seconds
[2025-02-23T04:51:51.537+0000] {processor.py:186} INFO - Started process (PID=736) to work on /home/airflow/.local/lib/python3.12/site-packages/airflow/example_dags/example_latest_only_with_trigger.py
[2025-02-23T04:51:51.538+0000] {processor.py:914} INFO - Processing file /home/airflow/.local/lib/python3.12/site-packages/airflow/example_dags/example_latest_only_with_trigger.py for tasks to queue
[2025-02-23T04:51:51.540+0000] {logging_mixin.py:190} INFO - [2025-02-23T04:51:51.539+0000] {dagbag.py:588} INFO - Filling up the DagBag from /home/airflow/.local/lib/python3.12/site-packages/airflow/example_dags/example_latest_only_with_trigger.py
[2025-02-23T04:51:51.547+0000] {processor.py:925} INFO - DAG(s) 'latest_only_with_trigger' retrieved from /home/airflow/.local/lib/python3.12/site-packages/airflow/example_dags/example_latest_only_with_trigger.py
[2025-02-23T04:51:51.566+0000] {logging_mixin.py:190} INFO - [2025-02-23T04:51:51.566+0000] {dag.py:3239} INFO - Sync 1 DAGs
[2025-02-23T04:51:51.590+0000] {logging_mixin.py:190} INFO - [2025-02-23T04:51:51.590+0000] {dag.py:4180} INFO - Setting next_dagrun for latest_only_with_trigger to 2025-02-23 00:00:00+00:00, run_after=2025-02-23 04:00:00+00:00
[2025-02-23T04:51:51.606+0000] {processor.py:208} INFO - Processing /home/airflow/.local/lib/python3.12/site-packages/airflow/example_dags/example_latest_only_with_trigger.py took 0.073 seconds
[2025-02-23T04:52:21.896+0000] {processor.py:186} INFO - Started process (PID=798) to work on /home/airflow/.local/lib/python3.12/site-packages/airflow/example_dags/example_latest_only_with_trigger.py
[2025-02-23T04:52:21.897+0000] {processor.py:914} INFO - Processing file /home/airflow/.local/lib/python3.12/site-packages/airflow/example_dags/example_latest_only_with_trigger.py for tasks to queue
[2025-02-23T04:52:21.898+0000] {logging_mixin.py:190} INFO - [2025-02-23T04:52:21.898+0000] {dagbag.py:588} INFO - Filling up the DagBag from /home/airflow/.local/lib/python3.12/site-packages/airflow/example_dags/example_latest_only_with_trigger.py
[2025-02-23T04:52:21.903+0000] {processor.py:925} INFO - DAG(s) 'latest_only_with_trigger' retrieved from /home/airflow/.local/lib/python3.12/site-packages/airflow/example_dags/example_latest_only_with_trigger.py
[2025-02-23T04:52:21.918+0000] {logging_mixin.py:190} INFO - [2025-02-23T04:52:21.917+0000] {dag.py:3239} INFO - Sync 1 DAGs
[2025-02-23T04:52:21.935+0000] {logging_mixin.py:190} INFO - [2025-02-23T04:52:21.935+0000] {dag.py:4180} INFO - Setting next_dagrun for latest_only_with_trigger to 2025-02-23 00:00:00+00:00, run_after=2025-02-23 04:00:00+00:00
[2025-02-23T04:52:21.947+0000] {processor.py:208} INFO - Processing /home/airflow/.local/lib/python3.12/site-packages/airflow/example_dags/example_latest_only_with_trigger.py took 0.055 seconds
[2025-02-23T04:52:52.113+0000] {processor.py:186} INFO - Started process (PID=861) to work on /home/airflow/.local/lib/python3.12/site-packages/airflow/example_dags/example_latest_only_with_trigger.py
[2025-02-23T04:52:52.114+0000] {processor.py:914} INFO - Processing file /home/airflow/.local/lib/python3.12/site-packages/airflow/example_dags/example_latest_only_with_trigger.py for tasks to queue
[2025-02-23T04:52:52.116+0000] {logging_mixin.py:190} INFO - [2025-02-23T04:52:52.116+0000] {dagbag.py:588} INFO - Filling up the DagBag from /home/airflow/.local/lib/python3.12/site-packages/airflow/example_dags/example_latest_only_with_trigger.py
[2025-02-23T04:52:52.121+0000] {processor.py:925} INFO - DAG(s) 'latest_only_with_trigger' retrieved from /home/airflow/.local/lib/python3.12/site-packages/airflow/example_dags/example_latest_only_with_trigger.py
[2025-02-23T04:52:52.140+0000] {logging_mixin.py:190} INFO - [2025-02-23T04:52:52.140+0000] {dag.py:3239} INFO - Sync 1 DAGs
[2025-02-23T04:52:52.164+0000] {logging_mixin.py:190} INFO - [2025-02-23T04:52:52.164+0000] {dag.py:4180} INFO - Setting next_dagrun for latest_only_with_trigger to 2025-02-23 00:00:00+00:00, run_after=2025-02-23 04:00:00+00:00
[2025-02-23T04:52:52.180+0000] {processor.py:208} INFO - Processing /home/airflow/.local/lib/python3.12/site-packages/airflow/example_dags/example_latest_only_with_trigger.py took 0.071 seconds
[2025-02-23T04:53:22.378+0000] {processor.py:186} INFO - Started process (PID=923) to work on /home/airflow/.local/lib/python3.12/site-packages/airflow/example_dags/example_latest_only_with_trigger.py
[2025-02-23T04:53:22.378+0000] {processor.py:914} INFO - Processing file /home/airflow/.local/lib/python3.12/site-packages/airflow/example_dags/example_latest_only_with_trigger.py for tasks to queue
[2025-02-23T04:53:22.380+0000] {logging_mixin.py:190} INFO - [2025-02-23T04:53:22.380+0000] {dagbag.py:588} INFO - Filling up the DagBag from /home/airflow/.local/lib/python3.12/site-packages/airflow/example_dags/example_latest_only_with_trigger.py
[2025-02-23T04:53:22.385+0000] {processor.py:925} INFO - DAG(s) 'latest_only_with_trigger' retrieved from /home/airflow/.local/lib/python3.12/site-packages/airflow/example_dags/example_latest_only_with_trigger.py
[2025-02-23T04:53:22.403+0000] {logging_mixin.py:190} INFO - [2025-02-23T04:53:22.403+0000] {dag.py:3239} INFO - Sync 1 DAGs
[2025-02-23T04:53:22.420+0000] {logging_mixin.py:190} INFO - [2025-02-23T04:53:22.420+0000] {dag.py:4180} INFO - Setting next_dagrun for latest_only_with_trigger to 2025-02-23 00:00:00+00:00, run_after=2025-02-23 04:00:00+00:00
[2025-02-23T04:53:22.432+0000] {processor.py:208} INFO - Processing /home/airflow/.local/lib/python3.12/site-packages/airflow/example_dags/example_latest_only_with_trigger.py took 0.059 seconds
[2025-02-23T04:53:53.034+0000] {processor.py:186} INFO - Started process (PID=986) to work on /home/airflow/.local/lib/python3.12/site-packages/airflow/example_dags/example_latest_only_with_trigger.py
[2025-02-23T04:53:53.035+0000] {processor.py:914} INFO - Processing file /home/airflow/.local/lib/python3.12/site-packages/airflow/example_dags/example_latest_only_with_trigger.py for tasks to queue
[2025-02-23T04:53:53.036+0000] {logging_mixin.py:190} INFO - [2025-02-23T04:53:53.036+0000] {dagbag.py:588} INFO - Filling up the DagBag from /home/airflow/.local/lib/python3.12/site-packages/airflow/example_dags/example_latest_only_with_trigger.py
[2025-02-23T04:53:53.042+0000] {processor.py:925} INFO - DAG(s) 'latest_only_with_trigger' retrieved from /home/airflow/.local/lib/python3.12/site-packages/airflow/example_dags/example_latest_only_with_trigger.py
[2025-02-23T04:53:53.059+0000] {logging_mixin.py:190} INFO - [2025-02-23T04:53:53.059+0000] {dag.py:3239} INFO - Sync 1 DAGs
[2025-02-23T04:53:53.078+0000] {logging_mixin.py:190} INFO - [2025-02-23T04:53:53.078+0000] {dag.py:4180} INFO - Setting next_dagrun for latest_only_with_trigger to 2025-02-23 00:00:00+00:00, run_after=2025-02-23 04:00:00+00:00
[2025-02-23T04:53:53.090+0000] {processor.py:208} INFO - Processing /home/airflow/.local/lib/python3.12/site-packages/airflow/example_dags/example_latest_only_with_trigger.py took 0.061 seconds
[2025-02-23T04:54:23.346+0000] {processor.py:186} INFO - Started process (PID=1049) to work on /home/airflow/.local/lib/python3.12/site-packages/airflow/example_dags/example_latest_only_with_trigger.py
[2025-02-23T04:54:23.347+0000] {processor.py:914} INFO - Processing file /home/airflow/.local/lib/python3.12/site-packages/airflow/example_dags/example_latest_only_with_trigger.py for tasks to queue
[2025-02-23T04:54:23.348+0000] {logging_mixin.py:190} INFO - [2025-02-23T04:54:23.348+0000] {dagbag.py:588} INFO - Filling up the DagBag from /home/airflow/.local/lib/python3.12/site-packages/airflow/example_dags/example_latest_only_with_trigger.py
[2025-02-23T04:54:23.354+0000] {processor.py:925} INFO - DAG(s) 'latest_only_with_trigger' retrieved from /home/airflow/.local/lib/python3.12/site-packages/airflow/example_dags/example_latest_only_with_trigger.py
[2025-02-23T04:54:23.367+0000] {logging_mixin.py:190} INFO - [2025-02-23T04:54:23.367+0000] {dag.py:3239} INFO - Sync 1 DAGs
[2025-02-23T04:54:23.385+0000] {logging_mixin.py:190} INFO - [2025-02-23T04:54:23.385+0000] {dag.py:4180} INFO - Setting next_dagrun for latest_only_with_trigger to 2025-02-23 00:00:00+00:00, run_after=2025-02-23 04:00:00+00:00
[2025-02-23T04:54:23.397+0000] {processor.py:208} INFO - Processing /home/airflow/.local/lib/python3.12/site-packages/airflow/example_dags/example_latest_only_with_trigger.py took 0.055 seconds
[2025-02-23T04:54:53.796+0000] {processor.py:186} INFO - Started process (PID=1112) to work on /home/airflow/.local/lib/python3.12/site-packages/airflow/example_dags/example_latest_only_with_trigger.py
[2025-02-23T04:54:53.797+0000] {processor.py:914} INFO - Processing file /home/airflow/.local/lib/python3.12/site-packages/airflow/example_dags/example_latest_only_with_trigger.py for tasks to queue
[2025-02-23T04:54:53.798+0000] {logging_mixin.py:190} INFO - [2025-02-23T04:54:53.798+0000] {dagbag.py:588} INFO - Filling up the DagBag from /home/airflow/.local/lib/python3.12/site-packages/airflow/example_dags/example_latest_only_with_trigger.py
[2025-02-23T04:54:53.804+0000] {processor.py:925} INFO - DAG(s) 'latest_only_with_trigger' retrieved from /home/airflow/.local/lib/python3.12/site-packages/airflow/example_dags/example_latest_only_with_trigger.py
[2025-02-23T04:54:53.822+0000] {logging_mixin.py:190} INFO - [2025-02-23T04:54:53.821+0000] {dag.py:3239} INFO - Sync 1 DAGs
[2025-02-23T04:54:53.845+0000] {logging_mixin.py:190} INFO - [2025-02-23T04:54:53.845+0000] {dag.py:4180} INFO - Setting next_dagrun for latest_only_with_trigger to 2025-02-23 00:00:00+00:00, run_after=2025-02-23 04:00:00+00:00
[2025-02-23T04:54:53.860+0000] {processor.py:208} INFO - Processing /home/airflow/.local/lib/python3.12/site-packages/airflow/example_dags/example_latest_only_with_trigger.py took 0.068 seconds
[2025-02-23T04:55:24.011+0000] {processor.py:186} INFO - Started process (PID=1175) to work on /home/airflow/.local/lib/python3.12/site-packages/airflow/example_dags/example_latest_only_with_trigger.py
[2025-02-23T04:55:24.012+0000] {processor.py:914} INFO - Processing file /home/airflow/.local/lib/python3.12/site-packages/airflow/example_dags/example_latest_only_with_trigger.py for tasks to queue
[2025-02-23T04:55:24.014+0000] {logging_mixin.py:190} INFO - [2025-02-23T04:55:24.013+0000] {dagbag.py:588} INFO - Filling up the DagBag from /home/airflow/.local/lib/python3.12/site-packages/airflow/example_dags/example_latest_only_with_trigger.py
[2025-02-23T04:55:24.019+0000] {processor.py:925} INFO - DAG(s) 'latest_only_with_trigger' retrieved from /home/airflow/.local/lib/python3.12/site-packages/airflow/example_dags/example_latest_only_with_trigger.py
[2025-02-23T04:55:24.036+0000] {logging_mixin.py:190} INFO - [2025-02-23T04:55:24.036+0000] {dag.py:3239} INFO - Sync 1 DAGs
[2025-02-23T04:55:24.058+0000] {logging_mixin.py:190} INFO - [2025-02-23T04:55:24.058+0000] {dag.py:4180} INFO - Setting next_dagrun for latest_only_with_trigger to 2025-02-23 00:00:00+00:00, run_after=2025-02-23 04:00:00+00:00
[2025-02-23T04:55:24.072+0000] {processor.py:208} INFO - Processing /home/airflow/.local/lib/python3.12/site-packages/airflow/example_dags/example_latest_only_with_trigger.py took 0.065 seconds
[2025-02-23T04:55:54.368+0000] {processor.py:186} INFO - Started process (PID=1238) to work on /home/airflow/.local/lib/python3.12/site-packages/airflow/example_dags/example_latest_only_with_trigger.py
[2025-02-23T04:55:54.369+0000] {processor.py:914} INFO - Processing file /home/airflow/.local/lib/python3.12/site-packages/airflow/example_dags/example_latest_only_with_trigger.py for tasks to queue
[2025-02-23T04:55:54.371+0000] {logging_mixin.py:190} INFO - [2025-02-23T04:55:54.370+0000] {dagbag.py:588} INFO - Filling up the DagBag from /home/airflow/.local/lib/python3.12/site-packages/airflow/example_dags/example_latest_only_with_trigger.py
[2025-02-23T04:55:54.376+0000] {processor.py:925} INFO - DAG(s) 'latest_only_with_trigger' retrieved from /home/airflow/.local/lib/python3.12/site-packages/airflow/example_dags/example_latest_only_with_trigger.py
[2025-02-23T04:55:54.393+0000] {logging_mixin.py:190} INFO - [2025-02-23T04:55:54.393+0000] {dag.py:3239} INFO - Sync 1 DAGs
[2025-02-23T04:55:54.410+0000] {logging_mixin.py:190} INFO - [2025-02-23T04:55:54.410+0000] {dag.py:4180} INFO - Setting next_dagrun for latest_only_with_trigger to 2025-02-23 00:00:00+00:00, run_after=2025-02-23 04:00:00+00:00
[2025-02-23T04:55:54.422+0000] {processor.py:208} INFO - Processing /home/airflow/.local/lib/python3.12/site-packages/airflow/example_dags/example_latest_only_with_trigger.py took 0.058 seconds
[2025-02-23T04:56:25.380+0000] {processor.py:186} INFO - Started process (PID=1301) to work on /home/airflow/.local/lib/python3.12/site-packages/airflow/example_dags/example_latest_only_with_trigger.py
[2025-02-23T04:56:25.381+0000] {processor.py:914} INFO - Processing file /home/airflow/.local/lib/python3.12/site-packages/airflow/example_dags/example_latest_only_with_trigger.py for tasks to queue
[2025-02-23T04:56:25.383+0000] {logging_mixin.py:190} INFO - [2025-02-23T04:56:25.382+0000] {dagbag.py:588} INFO - Filling up the DagBag from /home/airflow/.local/lib/python3.12/site-packages/airflow/example_dags/example_latest_only_with_trigger.py
[2025-02-23T04:56:25.388+0000] {processor.py:925} INFO - DAG(s) 'latest_only_with_trigger' retrieved from /home/airflow/.local/lib/python3.12/site-packages/airflow/example_dags/example_latest_only_with_trigger.py
[2025-02-23T04:56:25.408+0000] {logging_mixin.py:190} INFO - [2025-02-23T04:56:25.408+0000] {dag.py:3239} INFO - Sync 1 DAGs
[2025-02-23T04:56:25.431+0000] {logging_mixin.py:190} INFO - [2025-02-23T04:56:25.431+0000] {dag.py:4180} INFO - Setting next_dagrun for latest_only_with_trigger to 2025-02-23 00:00:00+00:00, run_after=2025-02-23 04:00:00+00:00
[2025-02-23T04:56:25.447+0000] {processor.py:208} INFO - Processing /home/airflow/.local/lib/python3.12/site-packages/airflow/example_dags/example_latest_only_with_trigger.py took 0.070 seconds
[2025-02-23T04:56:56.102+0000] {processor.py:186} INFO - Started process (PID=1366) to work on /home/airflow/.local/lib/python3.12/site-packages/airflow/example_dags/example_latest_only_with_trigger.py
[2025-02-23T04:56:56.103+0000] {processor.py:914} INFO - Processing file /home/airflow/.local/lib/python3.12/site-packages/airflow/example_dags/example_latest_only_with_trigger.py for tasks to queue
[2025-02-23T04:56:56.104+0000] {logging_mixin.py:190} INFO - [2025-02-23T04:56:56.104+0000] {dagbag.py:588} INFO - Filling up the DagBag from /home/airflow/.local/lib/python3.12/site-packages/airflow/example_dags/example_latest_only_with_trigger.py
[2025-02-23T04:56:56.110+0000] {processor.py:925} INFO - DAG(s) 'latest_only_with_trigger' retrieved from /home/airflow/.local/lib/python3.12/site-packages/airflow/example_dags/example_latest_only_with_trigger.py
[2025-02-23T04:56:56.129+0000] {logging_mixin.py:190} INFO - [2025-02-23T04:56:56.129+0000] {dag.py:3239} INFO - Sync 1 DAGs
[2025-02-23T04:56:56.153+0000] {logging_mixin.py:190} INFO - [2025-02-23T04:56:56.153+0000] {dag.py:4180} INFO - Setting next_dagrun for latest_only_with_trigger to 2025-02-23 00:00:00+00:00, run_after=2025-02-23 04:00:00+00:00
[2025-02-23T04:56:56.170+0000] {processor.py:208} INFO - Processing /home/airflow/.local/lib/python3.12/site-packages/airflow/example_dags/example_latest_only_with_trigger.py took 0.072 seconds
