[2025-02-23T04:46:33.521+0000] {processor.py:186} INFO - Started process (PID=66) to work on /home/airflow/.local/lib/python3.12/site-packages/airflow/example_dags/example_branch_operator.py
[2025-02-23T04:46:33.521+0000] {processor.py:914} INFO - Processing file /home/airflow/.local/lib/python3.12/site-packages/airflow/example_dags/example_branch_operator.py for tasks to queue
[2025-02-23T04:46:33.523+0000] {logging_mixin.py:190} INFO - [2025-02-23T04:46:33.523+0000] {dagbag.py:588} INFO - Filling up the DagBag from /home/airflow/.local/lib/python3.12/site-packages/airflow/example_dags/example_branch_operator.py
[2025-02-23T04:46:33.607+0000] {processor.py:925} INFO - DAG(s) 'example_branch_operator' retrieved from /home/airflow/.local/lib/python3.12/site-packages/airflow/example_dags/example_branch_operator.py
[2025-02-23T04:46:34.020+0000] {logging_mixin.py:190} INFO - [2025-02-23T04:46:34.019+0000] {override.py:1911} INFO - Created Permission View: can read on DAG:example_branch_operator
[2025-02-23T04:46:34.041+0000] {logging_mixin.py:190} INFO - [2025-02-23T04:46:34.041+0000] {override.py:1911} INFO - Created Permission View: can delete on DAG:example_branch_operator
[2025-02-23T04:46:34.054+0000] {logging_mixin.py:190} INFO - [2025-02-23T04:46:34.054+0000] {override.py:1911} INFO - Created Permission View: can edit on DAG:example_branch_operator
[2025-02-23T04:46:34.063+0000] {logging_mixin.py:190} INFO - [2025-02-23T04:46:34.063+0000] {override.py:1911} INFO - Created Permission View: can read on DAG Run:example_branch_operator
[2025-02-23T04:46:34.072+0000] {logging_mixin.py:190} INFO - [2025-02-23T04:46:34.071+0000] {override.py:1911} INFO - Created Permission View: menu access on DAG Run:example_branch_operator
[2025-02-23T04:46:34.080+0000] {logging_mixin.py:190} INFO - [2025-02-23T04:46:34.079+0000] {override.py:1911} INFO - Created Permission View: can create on DAG Run:example_branch_operator
[2025-02-23T04:46:34.121+0000] {logging_mixin.py:190} INFO - [2025-02-23T04:46:34.121+0000] {override.py:1911} INFO - Created Permission View: can delete on DAG Run:example_branch_operator
[2025-02-23T04:46:34.122+0000] {logging_mixin.py:190} INFO - [2025-02-23T04:46:34.121+0000] {dag.py:3239} INFO - Sync 1 DAGs
[2025-02-23T04:46:34.136+0000] {logging_mixin.py:190} INFO - [2025-02-23T04:46:34.136+0000] {dag.py:3262} INFO - Creating ORM DAG for example_branch_operator
[2025-02-23T04:46:34.147+0000] {logging_mixin.py:190} INFO - [2025-02-23T04:46:34.147+0000] {dag.py:4180} INFO - Setting next_dagrun for example_branch_operator to 2025-02-22 00:00:00+00:00, run_after=2025-02-23 00:00:00+00:00
[2025-02-23T04:46:34.165+0000] {processor.py:208} INFO - Processing /home/airflow/.local/lib/python3.12/site-packages/airflow/example_dags/example_branch_operator.py took 0.656 seconds
[2025-02-23T04:47:04.567+0000] {processor.py:186} INFO - Started process (PID=130) to work on /home/airflow/.local/lib/python3.12/site-packages/airflow/example_dags/example_branch_operator.py
[2025-02-23T04:47:04.568+0000] {processor.py:914} INFO - Processing file /home/airflow/.local/lib/python3.12/site-packages/airflow/example_dags/example_branch_operator.py for tasks to queue
[2025-02-23T04:47:04.570+0000] {logging_mixin.py:190} INFO - [2025-02-23T04:47:04.570+0000] {dagbag.py:588} INFO - Filling up the DagBag from /home/airflow/.local/lib/python3.12/site-packages/airflow/example_dags/example_branch_operator.py
[2025-02-23T04:47:04.584+0000] {processor.py:925} INFO - DAG(s) 'example_branch_operator' retrieved from /home/airflow/.local/lib/python3.12/site-packages/airflow/example_dags/example_branch_operator.py
[2025-02-23T04:47:04.617+0000] {logging_mixin.py:190} INFO - [2025-02-23T04:47:04.617+0000] {dag.py:3239} INFO - Sync 1 DAGs
[2025-02-23T04:47:04.647+0000] {logging_mixin.py:190} INFO - [2025-02-23T04:47:04.647+0000] {dag.py:4180} INFO - Setting next_dagrun for example_branch_operator to 2025-02-22 00:00:00+00:00, run_after=2025-02-23 00:00:00+00:00
[2025-02-23T04:47:04.667+0000] {processor.py:208} INFO - Processing /home/airflow/.local/lib/python3.12/site-packages/airflow/example_dags/example_branch_operator.py took 0.105 seconds
[2025-02-23T04:47:35.171+0000] {processor.py:186} INFO - Started process (PID=193) to work on /home/airflow/.local/lib/python3.12/site-packages/airflow/example_dags/example_branch_operator.py
[2025-02-23T04:47:35.171+0000] {processor.py:914} INFO - Processing file /home/airflow/.local/lib/python3.12/site-packages/airflow/example_dags/example_branch_operator.py for tasks to queue
[2025-02-23T04:47:35.173+0000] {logging_mixin.py:190} INFO - [2025-02-23T04:47:35.173+0000] {dagbag.py:588} INFO - Filling up the DagBag from /home/airflow/.local/lib/python3.12/site-packages/airflow/example_dags/example_branch_operator.py
[2025-02-23T04:47:35.186+0000] {processor.py:925} INFO - DAG(s) 'example_branch_operator' retrieved from /home/airflow/.local/lib/python3.12/site-packages/airflow/example_dags/example_branch_operator.py
[2025-02-23T04:47:35.215+0000] {logging_mixin.py:190} INFO - [2025-02-23T04:47:35.215+0000] {dag.py:3239} INFO - Sync 1 DAGs
[2025-02-23T04:47:35.236+0000] {logging_mixin.py:190} INFO - [2025-02-23T04:47:35.236+0000] {dag.py:4180} INFO - Setting next_dagrun for example_branch_operator to 2025-02-22 00:00:00+00:00, run_after=2025-02-23 00:00:00+00:00
[2025-02-23T04:47:35.249+0000] {processor.py:208} INFO - Processing /home/airflow/.local/lib/python3.12/site-packages/airflow/example_dags/example_branch_operator.py took 0.083 seconds
[2025-02-23T04:48:05.613+0000] {processor.py:186} INFO - Started process (PID=256) to work on /home/airflow/.local/lib/python3.12/site-packages/airflow/example_dags/example_branch_operator.py
[2025-02-23T04:48:05.614+0000] {processor.py:914} INFO - Processing file /home/airflow/.local/lib/python3.12/site-packages/airflow/example_dags/example_branch_operator.py for tasks to queue
[2025-02-23T04:48:05.616+0000] {logging_mixin.py:190} INFO - [2025-02-23T04:48:05.616+0000] {dagbag.py:588} INFO - Filling up the DagBag from /home/airflow/.local/lib/python3.12/site-packages/airflow/example_dags/example_branch_operator.py
[2025-02-23T04:48:05.634+0000] {processor.py:925} INFO - DAG(s) 'example_branch_operator' retrieved from /home/airflow/.local/lib/python3.12/site-packages/airflow/example_dags/example_branch_operator.py
[2025-02-23T04:48:05.666+0000] {logging_mixin.py:190} INFO - [2025-02-23T04:48:05.666+0000] {dag.py:3239} INFO - Sync 1 DAGs
[2025-02-23T04:48:05.701+0000] {logging_mixin.py:190} INFO - [2025-02-23T04:48:05.700+0000] {dag.py:4180} INFO - Setting next_dagrun for example_branch_operator to 2025-02-22 00:00:00+00:00, run_after=2025-02-23 00:00:00+00:00
[2025-02-23T04:48:05.718+0000] {processor.py:208} INFO - Processing /home/airflow/.local/lib/python3.12/site-packages/airflow/example_dags/example_branch_operator.py took 0.110 seconds
[2025-02-23T04:48:35.783+0000] {processor.py:186} INFO - Started process (PID=320) to work on /home/airflow/.local/lib/python3.12/site-packages/airflow/example_dags/example_branch_operator.py
[2025-02-23T04:48:35.784+0000] {processor.py:914} INFO - Processing file /home/airflow/.local/lib/python3.12/site-packages/airflow/example_dags/example_branch_operator.py for tasks to queue
[2025-02-23T04:48:35.785+0000] {logging_mixin.py:190} INFO - [2025-02-23T04:48:35.785+0000] {dagbag.py:588} INFO - Filling up the DagBag from /home/airflow/.local/lib/python3.12/site-packages/airflow/example_dags/example_branch_operator.py
[2025-02-23T04:48:35.800+0000] {processor.py:925} INFO - DAG(s) 'example_branch_operator' retrieved from /home/airflow/.local/lib/python3.12/site-packages/airflow/example_dags/example_branch_operator.py
[2025-02-23T04:48:35.828+0000] {logging_mixin.py:190} INFO - [2025-02-23T04:48:35.827+0000] {dag.py:3239} INFO - Sync 1 DAGs
[2025-02-23T04:48:35.852+0000] {logging_mixin.py:190} INFO - [2025-02-23T04:48:35.852+0000] {dag.py:4180} INFO - Setting next_dagrun for example_branch_operator to 2025-02-22 00:00:00+00:00, run_after=2025-02-23 00:00:00+00:00
[2025-02-23T04:48:35.866+0000] {processor.py:208} INFO - Processing /home/airflow/.local/lib/python3.12/site-packages/airflow/example_dags/example_branch_operator.py took 0.087 seconds
[2025-02-23T04:49:06.043+0000] {processor.py:186} INFO - Started process (PID=384) to work on /home/airflow/.local/lib/python3.12/site-packages/airflow/example_dags/example_branch_operator.py
[2025-02-23T04:49:06.044+0000] {processor.py:914} INFO - Processing file /home/airflow/.local/lib/python3.12/site-packages/airflow/example_dags/example_branch_operator.py for tasks to queue
[2025-02-23T04:49:06.046+0000] {logging_mixin.py:190} INFO - [2025-02-23T04:49:06.045+0000] {dagbag.py:588} INFO - Filling up the DagBag from /home/airflow/.local/lib/python3.12/site-packages/airflow/example_dags/example_branch_operator.py
[2025-02-23T04:49:06.059+0000] {processor.py:925} INFO - DAG(s) 'example_branch_operator' retrieved from /home/airflow/.local/lib/python3.12/site-packages/airflow/example_dags/example_branch_operator.py
[2025-02-23T04:49:06.080+0000] {logging_mixin.py:190} INFO - [2025-02-23T04:49:06.080+0000] {dag.py:3239} INFO - Sync 1 DAGs
[2025-02-23T04:49:06.099+0000] {logging_mixin.py:190} INFO - [2025-02-23T04:49:06.099+0000] {dag.py:4180} INFO - Setting next_dagrun for example_branch_operator to 2025-02-22 00:00:00+00:00, run_after=2025-02-23 00:00:00+00:00
[2025-02-23T04:49:06.111+0000] {processor.py:208} INFO - Processing /home/airflow/.local/lib/python3.12/site-packages/airflow/example_dags/example_branch_operator.py took 0.072 seconds
[2025-02-23T04:49:36.168+0000] {processor.py:186} INFO - Started process (PID=447) to work on /home/airflow/.local/lib/python3.12/site-packages/airflow/example_dags/example_branch_operator.py
[2025-02-23T04:49:36.169+0000] {processor.py:914} INFO - Processing file /home/airflow/.local/lib/python3.12/site-packages/airflow/example_dags/example_branch_operator.py for tasks to queue
[2025-02-23T04:49:36.170+0000] {logging_mixin.py:190} INFO - [2025-02-23T04:49:36.170+0000] {dagbag.py:588} INFO - Filling up the DagBag from /home/airflow/.local/lib/python3.12/site-packages/airflow/example_dags/example_branch_operator.py
[2025-02-23T04:49:36.185+0000] {processor.py:925} INFO - DAG(s) 'example_branch_operator' retrieved from /home/airflow/.local/lib/python3.12/site-packages/airflow/example_dags/example_branch_operator.py
[2025-02-23T04:49:36.212+0000] {logging_mixin.py:190} INFO - [2025-02-23T04:49:36.212+0000] {dag.py:3239} INFO - Sync 1 DAGs
[2025-02-23T04:49:36.236+0000] {logging_mixin.py:190} INFO - [2025-02-23T04:49:36.236+0000] {dag.py:4180} INFO - Setting next_dagrun for example_branch_operator to 2025-02-22 00:00:00+00:00, run_after=2025-02-23 00:00:00+00:00
[2025-02-23T04:49:36.251+0000] {processor.py:208} INFO - Processing /home/airflow/.local/lib/python3.12/site-packages/airflow/example_dags/example_branch_operator.py took 0.088 seconds
[2025-02-23T04:50:06.659+0000] {processor.py:186} INFO - Started process (PID=510) to work on /home/airflow/.local/lib/python3.12/site-packages/airflow/example_dags/example_branch_operator.py
[2025-02-23T04:50:06.660+0000] {processor.py:914} INFO - Processing file /home/airflow/.local/lib/python3.12/site-packages/airflow/example_dags/example_branch_operator.py for tasks to queue
[2025-02-23T04:50:06.662+0000] {logging_mixin.py:190} INFO - [2025-02-23T04:50:06.662+0000] {dagbag.py:588} INFO - Filling up the DagBag from /home/airflow/.local/lib/python3.12/site-packages/airflow/example_dags/example_branch_operator.py
[2025-02-23T04:50:06.678+0000] {processor.py:925} INFO - DAG(s) 'example_branch_operator' retrieved from /home/airflow/.local/lib/python3.12/site-packages/airflow/example_dags/example_branch_operator.py
[2025-02-23T04:50:06.699+0000] {logging_mixin.py:190} INFO - [2025-02-23T04:50:06.699+0000] {dag.py:3239} INFO - Sync 1 DAGs
[2025-02-23T04:50:06.717+0000] {logging_mixin.py:190} INFO - [2025-02-23T04:50:06.717+0000] {dag.py:4180} INFO - Setting next_dagrun for example_branch_operator to 2025-02-22 00:00:00+00:00, run_after=2025-02-23 00:00:00+00:00
[2025-02-23T04:50:06.731+0000] {processor.py:208} INFO - Processing /home/airflow/.local/lib/python3.12/site-packages/airflow/example_dags/example_branch_operator.py took 0.078 seconds
[2025-02-23T04:50:37.283+0000] {processor.py:186} INFO - Started process (PID=573) to work on /home/airflow/.local/lib/python3.12/site-packages/airflow/example_dags/example_branch_operator.py
[2025-02-23T04:50:37.284+0000] {processor.py:914} INFO - Processing file /home/airflow/.local/lib/python3.12/site-packages/airflow/example_dags/example_branch_operator.py for tasks to queue
[2025-02-23T04:50:37.285+0000] {logging_mixin.py:190} INFO - [2025-02-23T04:50:37.285+0000] {dagbag.py:588} INFO - Filling up the DagBag from /home/airflow/.local/lib/python3.12/site-packages/airflow/example_dags/example_branch_operator.py
[2025-02-23T04:50:37.299+0000] {processor.py:925} INFO - DAG(s) 'example_branch_operator' retrieved from /home/airflow/.local/lib/python3.12/site-packages/airflow/example_dags/example_branch_operator.py
[2025-02-23T04:50:37.321+0000] {logging_mixin.py:190} INFO - [2025-02-23T04:50:37.321+0000] {dag.py:3239} INFO - Sync 1 DAGs
[2025-02-23T04:50:37.342+0000] {logging_mixin.py:190} INFO - [2025-02-23T04:50:37.342+0000] {dag.py:4180} INFO - Setting next_dagrun for example_branch_operator to 2025-02-22 00:00:00+00:00, run_after=2025-02-23 00:00:00+00:00
[2025-02-23T04:50:37.354+0000] {processor.py:208} INFO - Processing /home/airflow/.local/lib/python3.12/site-packages/airflow/example_dags/example_branch_operator.py took 0.076 seconds
[2025-02-23T04:51:07.729+0000] {processor.py:186} INFO - Started process (PID=636) to work on /home/airflow/.local/lib/python3.12/site-packages/airflow/example_dags/example_branch_operator.py
[2025-02-23T04:51:07.730+0000] {processor.py:914} INFO - Processing file /home/airflow/.local/lib/python3.12/site-packages/airflow/example_dags/example_branch_operator.py for tasks to queue
[2025-02-23T04:51:07.733+0000] {logging_mixin.py:190} INFO - [2025-02-23T04:51:07.732+0000] {dagbag.py:588} INFO - Filling up the DagBag from /home/airflow/.local/lib/python3.12/site-packages/airflow/example_dags/example_branch_operator.py
[2025-02-23T04:51:07.751+0000] {processor.py:925} INFO - DAG(s) 'example_branch_operator' retrieved from /home/airflow/.local/lib/python3.12/site-packages/airflow/example_dags/example_branch_operator.py
[2025-02-23T04:51:07.777+0000] {logging_mixin.py:190} INFO - [2025-02-23T04:51:07.777+0000] {dag.py:3239} INFO - Sync 1 DAGs
[2025-02-23T04:51:07.796+0000] {logging_mixin.py:190} INFO - [2025-02-23T04:51:07.796+0000] {dag.py:4180} INFO - Setting next_dagrun for example_branch_operator to 2025-02-22 00:00:00+00:00, run_after=2025-02-23 00:00:00+00:00
[2025-02-23T04:51:07.809+0000] {processor.py:208} INFO - Processing /home/airflow/.local/lib/python3.12/site-packages/airflow/example_dags/example_branch_operator.py took 0.085 seconds
[2025-02-23T04:51:38.016+0000] {processor.py:186} INFO - Started process (PID=700) to work on /home/airflow/.local/lib/python3.12/site-packages/airflow/example_dags/example_branch_operator.py
[2025-02-23T04:51:38.016+0000] {processor.py:914} INFO - Processing file /home/airflow/.local/lib/python3.12/site-packages/airflow/example_dags/example_branch_operator.py for tasks to queue
[2025-02-23T04:51:38.018+0000] {logging_mixin.py:190} INFO - [2025-02-23T04:51:38.018+0000] {dagbag.py:588} INFO - Filling up the DagBag from /home/airflow/.local/lib/python3.12/site-packages/airflow/example_dags/example_branch_operator.py
[2025-02-23T04:51:38.032+0000] {processor.py:925} INFO - DAG(s) 'example_branch_operator' retrieved from /home/airflow/.local/lib/python3.12/site-packages/airflow/example_dags/example_branch_operator.py
[2025-02-23T04:51:38.055+0000] {logging_mixin.py:190} INFO - [2025-02-23T04:51:38.055+0000] {dag.py:3239} INFO - Sync 1 DAGs
[2025-02-23T04:51:38.080+0000] {logging_mixin.py:190} INFO - [2025-02-23T04:51:38.080+0000] {dag.py:4180} INFO - Setting next_dagrun for example_branch_operator to 2025-02-22 00:00:00+00:00, run_after=2025-02-23 00:00:00+00:00
[2025-02-23T04:51:38.094+0000] {processor.py:208} INFO - Processing /home/airflow/.local/lib/python3.12/site-packages/airflow/example_dags/example_branch_operator.py took 0.083 seconds
[2025-02-23T04:52:08.366+0000] {processor.py:186} INFO - Started process (PID=763) to work on /home/airflow/.local/lib/python3.12/site-packages/airflow/example_dags/example_branch_operator.py
[2025-02-23T04:52:08.367+0000] {processor.py:914} INFO - Processing file /home/airflow/.local/lib/python3.12/site-packages/airflow/example_dags/example_branch_operator.py for tasks to queue
[2025-02-23T04:52:08.369+0000] {logging_mixin.py:190} INFO - [2025-02-23T04:52:08.369+0000] {dagbag.py:588} INFO - Filling up the DagBag from /home/airflow/.local/lib/python3.12/site-packages/airflow/example_dags/example_branch_operator.py
[2025-02-23T04:52:08.384+0000] {processor.py:925} INFO - DAG(s) 'example_branch_operator' retrieved from /home/airflow/.local/lib/python3.12/site-packages/airflow/example_dags/example_branch_operator.py
[2025-02-23T04:52:08.405+0000] {logging_mixin.py:190} INFO - [2025-02-23T04:52:08.404+0000] {dag.py:3239} INFO - Sync 1 DAGs
[2025-02-23T04:52:08.428+0000] {logging_mixin.py:190} INFO - [2025-02-23T04:52:08.427+0000] {dag.py:4180} INFO - Setting next_dagrun for example_branch_operator to 2025-02-22 00:00:00+00:00, run_after=2025-02-23 00:00:00+00:00
[2025-02-23T04:52:08.441+0000] {processor.py:208} INFO - Processing /home/airflow/.local/lib/python3.12/site-packages/airflow/example_dags/example_branch_operator.py took 0.081 seconds
[2025-02-23T04:52:38.541+0000] {processor.py:186} INFO - Started process (PID=826) to work on /home/airflow/.local/lib/python3.12/site-packages/airflow/example_dags/example_branch_operator.py
[2025-02-23T04:52:38.541+0000] {processor.py:914} INFO - Processing file /home/airflow/.local/lib/python3.12/site-packages/airflow/example_dags/example_branch_operator.py for tasks to queue
[2025-02-23T04:52:38.543+0000] {logging_mixin.py:190} INFO - [2025-02-23T04:52:38.543+0000] {dagbag.py:588} INFO - Filling up the DagBag from /home/airflow/.local/lib/python3.12/site-packages/airflow/example_dags/example_branch_operator.py
[2025-02-23T04:52:38.558+0000] {processor.py:925} INFO - DAG(s) 'example_branch_operator' retrieved from /home/airflow/.local/lib/python3.12/site-packages/airflow/example_dags/example_branch_operator.py
[2025-02-23T04:52:38.587+0000] {logging_mixin.py:190} INFO - [2025-02-23T04:52:38.586+0000] {dag.py:3239} INFO - Sync 1 DAGs
[2025-02-23T04:52:38.607+0000] {logging_mixin.py:190} INFO - [2025-02-23T04:52:38.606+0000] {dag.py:4180} INFO - Setting next_dagrun for example_branch_operator to 2025-02-22 00:00:00+00:00, run_after=2025-02-23 00:00:00+00:00
[2025-02-23T04:52:38.620+0000] {processor.py:208} INFO - Processing /home/airflow/.local/lib/python3.12/site-packages/airflow/example_dags/example_branch_operator.py took 0.083 seconds
[2025-02-23T04:53:08.931+0000] {processor.py:186} INFO - Started process (PID=889) to work on /home/airflow/.local/lib/python3.12/site-packages/airflow/example_dags/example_branch_operator.py
[2025-02-23T04:53:08.932+0000] {processor.py:914} INFO - Processing file /home/airflow/.local/lib/python3.12/site-packages/airflow/example_dags/example_branch_operator.py for tasks to queue
[2025-02-23T04:53:08.933+0000] {logging_mixin.py:190} INFO - [2025-02-23T04:53:08.933+0000] {dagbag.py:588} INFO - Filling up the DagBag from /home/airflow/.local/lib/python3.12/site-packages/airflow/example_dags/example_branch_operator.py
[2025-02-23T04:53:08.947+0000] {processor.py:925} INFO - DAG(s) 'example_branch_operator' retrieved from /home/airflow/.local/lib/python3.12/site-packages/airflow/example_dags/example_branch_operator.py
[2025-02-23T04:53:08.977+0000] {logging_mixin.py:190} INFO - [2025-02-23T04:53:08.977+0000] {dag.py:3239} INFO - Sync 1 DAGs
[2025-02-23T04:53:09.000+0000] {logging_mixin.py:190} INFO - [2025-02-23T04:53:09.000+0000] {dag.py:4180} INFO - Setting next_dagrun for example_branch_operator to 2025-02-22 00:00:00+00:00, run_after=2025-02-23 00:00:00+00:00
[2025-02-23T04:53:09.014+0000] {processor.py:208} INFO - Processing /home/airflow/.local/lib/python3.12/site-packages/airflow/example_dags/example_branch_operator.py took 0.087 seconds
[2025-02-23T04:53:39.569+0000] {processor.py:186} INFO - Started process (PID=952) to work on /home/airflow/.local/lib/python3.12/site-packages/airflow/example_dags/example_branch_operator.py
[2025-02-23T04:53:39.570+0000] {processor.py:914} INFO - Processing file /home/airflow/.local/lib/python3.12/site-packages/airflow/example_dags/example_branch_operator.py for tasks to queue
[2025-02-23T04:53:39.571+0000] {logging_mixin.py:190} INFO - [2025-02-23T04:53:39.571+0000] {dagbag.py:588} INFO - Filling up the DagBag from /home/airflow/.local/lib/python3.12/site-packages/airflow/example_dags/example_branch_operator.py
[2025-02-23T04:53:39.586+0000] {processor.py:925} INFO - DAG(s) 'example_branch_operator' retrieved from /home/airflow/.local/lib/python3.12/site-packages/airflow/example_dags/example_branch_operator.py
[2025-02-23T04:53:39.614+0000] {logging_mixin.py:190} INFO - [2025-02-23T04:53:39.614+0000] {dag.py:3239} INFO - Sync 1 DAGs
[2025-02-23T04:53:39.638+0000] {logging_mixin.py:190} INFO - [2025-02-23T04:53:39.638+0000] {dag.py:4180} INFO - Setting next_dagrun for example_branch_operator to 2025-02-22 00:00:00+00:00, run_after=2025-02-23 00:00:00+00:00
[2025-02-23T04:53:39.652+0000] {processor.py:208} INFO - Processing /home/airflow/.local/lib/python3.12/site-packages/airflow/example_dags/example_branch_operator.py took 0.087 seconds
[2025-02-23T04:54:09.854+0000] {processor.py:186} INFO - Started process (PID=1015) to work on /home/airflow/.local/lib/python3.12/site-packages/airflow/example_dags/example_branch_operator.py
[2025-02-23T04:54:09.855+0000] {processor.py:914} INFO - Processing file /home/airflow/.local/lib/python3.12/site-packages/airflow/example_dags/example_branch_operator.py for tasks to queue
[2025-02-23T04:54:09.857+0000] {logging_mixin.py:190} INFO - [2025-02-23T04:54:09.856+0000] {dagbag.py:588} INFO - Filling up the DagBag from /home/airflow/.local/lib/python3.12/site-packages/airflow/example_dags/example_branch_operator.py
[2025-02-23T04:54:09.871+0000] {processor.py:925} INFO - DAG(s) 'example_branch_operator' retrieved from /home/airflow/.local/lib/python3.12/site-packages/airflow/example_dags/example_branch_operator.py
[2025-02-23T04:54:09.902+0000] {logging_mixin.py:190} INFO - [2025-02-23T04:54:09.901+0000] {dag.py:3239} INFO - Sync 1 DAGs
[2025-02-23T04:54:09.924+0000] {logging_mixin.py:190} INFO - [2025-02-23T04:54:09.924+0000] {dag.py:4180} INFO - Setting next_dagrun for example_branch_operator to 2025-02-22 00:00:00+00:00, run_after=2025-02-23 00:00:00+00:00
[2025-02-23T04:54:09.940+0000] {processor.py:208} INFO - Processing /home/airflow/.local/lib/python3.12/site-packages/airflow/example_dags/example_branch_operator.py took 0.092 seconds
[2025-02-23T04:54:40.153+0000] {processor.py:186} INFO - Started process (PID=1078) to work on /home/airflow/.local/lib/python3.12/site-packages/airflow/example_dags/example_branch_operator.py
[2025-02-23T04:54:40.154+0000] {processor.py:914} INFO - Processing file /home/airflow/.local/lib/python3.12/site-packages/airflow/example_dags/example_branch_operator.py for tasks to queue
[2025-02-23T04:54:40.156+0000] {logging_mixin.py:190} INFO - [2025-02-23T04:54:40.155+0000] {dagbag.py:588} INFO - Filling up the DagBag from /home/airflow/.local/lib/python3.12/site-packages/airflow/example_dags/example_branch_operator.py
[2025-02-23T04:54:40.175+0000] {processor.py:925} INFO - DAG(s) 'example_branch_operator' retrieved from /home/airflow/.local/lib/python3.12/site-packages/airflow/example_dags/example_branch_operator.py
[2025-02-23T04:54:40.207+0000] {logging_mixin.py:190} INFO - [2025-02-23T04:54:40.207+0000] {dag.py:3239} INFO - Sync 1 DAGs
[2025-02-23T04:54:40.235+0000] {logging_mixin.py:190} INFO - [2025-02-23T04:54:40.234+0000] {dag.py:4180} INFO - Setting next_dagrun for example_branch_operator to 2025-02-22 00:00:00+00:00, run_after=2025-02-23 00:00:00+00:00
[2025-02-23T04:54:40.252+0000] {processor.py:208} INFO - Processing /home/airflow/.local/lib/python3.12/site-packages/airflow/example_dags/example_branch_operator.py took 0.103 seconds
[2025-02-23T04:55:10.443+0000] {processor.py:186} INFO - Started process (PID=1141) to work on /home/airflow/.local/lib/python3.12/site-packages/airflow/example_dags/example_branch_operator.py
[2025-02-23T04:55:10.443+0000] {processor.py:914} INFO - Processing file /home/airflow/.local/lib/python3.12/site-packages/airflow/example_dags/example_branch_operator.py for tasks to queue
[2025-02-23T04:55:10.445+0000] {logging_mixin.py:190} INFO - [2025-02-23T04:55:10.445+0000] {dagbag.py:588} INFO - Filling up the DagBag from /home/airflow/.local/lib/python3.12/site-packages/airflow/example_dags/example_branch_operator.py
[2025-02-23T04:55:10.459+0000] {processor.py:925} INFO - DAG(s) 'example_branch_operator' retrieved from /home/airflow/.local/lib/python3.12/site-packages/airflow/example_dags/example_branch_operator.py
[2025-02-23T04:55:10.484+0000] {logging_mixin.py:190} INFO - [2025-02-23T04:55:10.484+0000] {dag.py:3239} INFO - Sync 1 DAGs
[2025-02-23T04:55:10.510+0000] {logging_mixin.py:190} INFO - [2025-02-23T04:55:10.509+0000] {dag.py:4180} INFO - Setting next_dagrun for example_branch_operator to 2025-02-22 00:00:00+00:00, run_after=2025-02-23 00:00:00+00:00
[2025-02-23T04:55:10.526+0000] {processor.py:208} INFO - Processing /home/airflow/.local/lib/python3.12/site-packages/airflow/example_dags/example_branch_operator.py took 0.087 seconds
[2025-02-23T04:55:40.747+0000] {processor.py:186} INFO - Started process (PID=1204) to work on /home/airflow/.local/lib/python3.12/site-packages/airflow/example_dags/example_branch_operator.py
[2025-02-23T04:55:40.748+0000] {processor.py:914} INFO - Processing file /home/airflow/.local/lib/python3.12/site-packages/airflow/example_dags/example_branch_operator.py for tasks to queue
[2025-02-23T04:55:40.749+0000] {logging_mixin.py:190} INFO - [2025-02-23T04:55:40.749+0000] {dagbag.py:588} INFO - Filling up the DagBag from /home/airflow/.local/lib/python3.12/site-packages/airflow/example_dags/example_branch_operator.py
[2025-02-23T04:55:40.763+0000] {processor.py:925} INFO - DAG(s) 'example_branch_operator' retrieved from /home/airflow/.local/lib/python3.12/site-packages/airflow/example_dags/example_branch_operator.py
[2025-02-23T04:55:40.783+0000] {logging_mixin.py:190} INFO - [2025-02-23T04:55:40.783+0000] {dag.py:3239} INFO - Sync 1 DAGs
[2025-02-23T04:55:40.803+0000] {logging_mixin.py:190} INFO - [2025-02-23T04:55:40.803+0000] {dag.py:4180} INFO - Setting next_dagrun for example_branch_operator to 2025-02-22 00:00:00+00:00, run_after=2025-02-23 00:00:00+00:00
[2025-02-23T04:55:40.815+0000] {processor.py:208} INFO - Processing /home/airflow/.local/lib/python3.12/site-packages/airflow/example_dags/example_branch_operator.py took 0.074 seconds
[2025-02-23T04:56:10.922+0000] {processor.py:186} INFO - Started process (PID=1267) to work on /home/airflow/.local/lib/python3.12/site-packages/airflow/example_dags/example_branch_operator.py
[2025-02-23T04:56:10.923+0000] {processor.py:914} INFO - Processing file /home/airflow/.local/lib/python3.12/site-packages/airflow/example_dags/example_branch_operator.py for tasks to queue
[2025-02-23T04:56:10.924+0000] {logging_mixin.py:190} INFO - [2025-02-23T04:56:10.924+0000] {dagbag.py:588} INFO - Filling up the DagBag from /home/airflow/.local/lib/python3.12/site-packages/airflow/example_dags/example_branch_operator.py
[2025-02-23T04:56:10.939+0000] {processor.py:925} INFO - DAG(s) 'example_branch_operator' retrieved from /home/airflow/.local/lib/python3.12/site-packages/airflow/example_dags/example_branch_operator.py
[2025-02-23T04:56:10.961+0000] {logging_mixin.py:190} INFO - [2025-02-23T04:56:10.961+0000] {dag.py:3239} INFO - Sync 1 DAGs
[2025-02-23T04:56:10.982+0000] {logging_mixin.py:190} INFO - [2025-02-23T04:56:10.982+0000] {dag.py:4180} INFO - Setting next_dagrun for example_branch_operator to 2025-02-22 00:00:00+00:00, run_after=2025-02-23 00:00:00+00:00
[2025-02-23T04:56:10.996+0000] {processor.py:208} INFO - Processing /home/airflow/.local/lib/python3.12/site-packages/airflow/example_dags/example_branch_operator.py took 0.078 seconds
[2025-02-23T04:56:41.657+0000] {processor.py:186} INFO - Started process (PID=1331) to work on /home/airflow/.local/lib/python3.12/site-packages/airflow/example_dags/example_branch_operator.py
[2025-02-23T04:56:41.658+0000] {processor.py:914} INFO - Processing file /home/airflow/.local/lib/python3.12/site-packages/airflow/example_dags/example_branch_operator.py for tasks to queue
[2025-02-23T04:56:41.659+0000] {logging_mixin.py:190} INFO - [2025-02-23T04:56:41.659+0000] {dagbag.py:588} INFO - Filling up the DagBag from /home/airflow/.local/lib/python3.12/site-packages/airflow/example_dags/example_branch_operator.py
[2025-02-23T04:56:41.674+0000] {processor.py:925} INFO - DAG(s) 'example_branch_operator' retrieved from /home/airflow/.local/lib/python3.12/site-packages/airflow/example_dags/example_branch_operator.py
[2025-02-23T04:56:41.694+0000] {logging_mixin.py:190} INFO - [2025-02-23T04:56:41.694+0000] {dag.py:3239} INFO - Sync 1 DAGs
[2025-02-23T04:56:41.714+0000] {logging_mixin.py:190} INFO - [2025-02-23T04:56:41.714+0000] {dag.py:4180} INFO - Setting next_dagrun for example_branch_operator to 2025-02-22 00:00:00+00:00, run_after=2025-02-23 00:00:00+00:00
[2025-02-23T04:56:41.727+0000] {processor.py:208} INFO - Processing /home/airflow/.local/lib/python3.12/site-packages/airflow/example_dags/example_branch_operator.py took 0.074 seconds
[2025-02-23T04:57:11.887+0000] {processor.py:186} INFO - Started process (PID=1396) to work on /home/airflow/.local/lib/python3.12/site-packages/airflow/example_dags/example_branch_operator.py
[2025-02-23T04:57:11.888+0000] {processor.py:914} INFO - Processing file /home/airflow/.local/lib/python3.12/site-packages/airflow/example_dags/example_branch_operator.py for tasks to queue
[2025-02-23T04:57:11.889+0000] {logging_mixin.py:190} INFO - [2025-02-23T04:57:11.889+0000] {dagbag.py:588} INFO - Filling up the DagBag from /home/airflow/.local/lib/python3.12/site-packages/airflow/example_dags/example_branch_operator.py
[2025-02-23T04:57:11.904+0000] {processor.py:925} INFO - DAG(s) 'example_branch_operator' retrieved from /home/airflow/.local/lib/python3.12/site-packages/airflow/example_dags/example_branch_operator.py
[2025-02-23T04:57:11.925+0000] {logging_mixin.py:190} INFO - [2025-02-23T04:57:11.925+0000] {dag.py:3239} INFO - Sync 1 DAGs
[2025-02-23T04:57:11.944+0000] {logging_mixin.py:190} INFO - [2025-02-23T04:57:11.944+0000] {dag.py:4180} INFO - Setting next_dagrun for example_branch_operator to 2025-02-22 00:00:00+00:00, run_after=2025-02-23 00:00:00+00:00
[2025-02-23T04:57:11.957+0000] {processor.py:208} INFO - Processing /home/airflow/.local/lib/python3.12/site-packages/airflow/example_dags/example_branch_operator.py took 0.075 seconds
