[2025-02-23T04:46:43.561+0000] {processor.py:186} INFO - Started process (PID=108) to work on /home/airflow/.local/lib/python3.12/site-packages/airflow/example_dags/example_short_circuit_operator.py
[2025-02-23T04:46:43.562+0000] {processor.py:914} INFO - Processing file /home/airflow/.local/lib/python3.12/site-packages/airflow/example_dags/example_short_circuit_operator.py for tasks to queue
[2025-02-23T04:46:43.564+0000] {logging_mixin.py:190} INFO - [2025-02-23T04:46:43.564+0000] {dagbag.py:588} INFO - Filling up the DagBag from /home/airflow/.local/lib/python3.12/site-packages/airflow/example_dags/example_short_circuit_operator.py
[2025-02-23T04:46:43.572+0000] {processor.py:925} INFO - DAG(s) 'example_short_circuit_operator' retrieved from /home/airflow/.local/lib/python3.12/site-packages/airflow/example_dags/example_short_circuit_operator.py
[2025-02-23T04:46:43.691+0000] {logging_mixin.py:190} INFO - [2025-02-23T04:46:43.691+0000] {override.py:1911} INFO - Created Permission View: can read on DAG:example_short_circuit_operator
[2025-02-23T04:46:43.700+0000] {logging_mixin.py:190} INFO - [2025-02-23T04:46:43.700+0000] {override.py:1911} INFO - Created Permission View: can delete on DAG:example_short_circuit_operator
[2025-02-23T04:46:43.706+0000] {logging_mixin.py:190} INFO - [2025-02-23T04:46:43.705+0000] {override.py:1911} INFO - Created Permission View: can edit on DAG:example_short_circuit_operator
[2025-02-23T04:46:43.711+0000] {logging_mixin.py:190} INFO - [2025-02-23T04:46:43.711+0000] {override.py:1911} INFO - Created Permission View: can read on DAG Run:example_short_circuit_operator
[2025-02-23T04:46:43.717+0000] {logging_mixin.py:190} INFO - [2025-02-23T04:46:43.717+0000] {override.py:1911} INFO - Created Permission View: menu access on DAG Run:example_short_circuit_operator
[2025-02-23T04:46:43.722+0000] {logging_mixin.py:190} INFO - [2025-02-23T04:46:43.722+0000] {override.py:1911} INFO - Created Permission View: can create on DAG Run:example_short_circuit_operator
[2025-02-23T04:46:43.727+0000] {logging_mixin.py:190} INFO - [2025-02-23T04:46:43.727+0000] {override.py:1911} INFO - Created Permission View: can delete on DAG Run:example_short_circuit_operator
[2025-02-23T04:46:43.727+0000] {logging_mixin.py:190} INFO - [2025-02-23T04:46:43.727+0000] {dag.py:3239} INFO - Sync 1 DAGs
[2025-02-23T04:46:43.743+0000] {logging_mixin.py:190} INFO - [2025-02-23T04:46:43.742+0000] {dag.py:3262} INFO - Creating ORM DAG for example_short_circuit_operator
[2025-02-23T04:46:43.743+0000] {logging_mixin.py:190} INFO - [2025-02-23T04:46:43.743+0000] {dag.py:4180} INFO - Setting next_dagrun for example_short_circuit_operator to None, run_after=None
[2025-02-23T04:46:43.757+0000] {processor.py:208} INFO - Processing /home/airflow/.local/lib/python3.12/site-packages/airflow/example_dags/example_short_circuit_operator.py took 0.201 seconds
[2025-02-23T04:47:13.873+0000] {processor.py:186} INFO - Started process (PID=172) to work on /home/airflow/.local/lib/python3.12/site-packages/airflow/example_dags/example_short_circuit_operator.py
[2025-02-23T04:47:13.874+0000] {processor.py:914} INFO - Processing file /home/airflow/.local/lib/python3.12/site-packages/airflow/example_dags/example_short_circuit_operator.py for tasks to queue
[2025-02-23T04:47:13.876+0000] {logging_mixin.py:190} INFO - [2025-02-23T04:47:13.875+0000] {dagbag.py:588} INFO - Filling up the DagBag from /home/airflow/.local/lib/python3.12/site-packages/airflow/example_dags/example_short_circuit_operator.py
[2025-02-23T04:47:13.883+0000] {processor.py:925} INFO - DAG(s) 'example_short_circuit_operator' retrieved from /home/airflow/.local/lib/python3.12/site-packages/airflow/example_dags/example_short_circuit_operator.py
[2025-02-23T04:47:13.903+0000] {logging_mixin.py:190} INFO - [2025-02-23T04:47:13.903+0000] {dag.py:3239} INFO - Sync 1 DAGs
[2025-02-23T04:47:13.915+0000] {logging_mixin.py:190} INFO - [2025-02-23T04:47:13.915+0000] {dag.py:4180} INFO - Setting next_dagrun for example_short_circuit_operator to None, run_after=None
[2025-02-23T04:47:13.927+0000] {processor.py:208} INFO - Processing /home/airflow/.local/lib/python3.12/site-packages/airflow/example_dags/example_short_circuit_operator.py took 0.058 seconds
[2025-02-23T04:47:44.859+0000] {processor.py:186} INFO - Started process (PID=235) to work on /home/airflow/.local/lib/python3.12/site-packages/airflow/example_dags/example_short_circuit_operator.py
[2025-02-23T04:47:44.859+0000] {processor.py:914} INFO - Processing file /home/airflow/.local/lib/python3.12/site-packages/airflow/example_dags/example_short_circuit_operator.py for tasks to queue
[2025-02-23T04:47:44.861+0000] {logging_mixin.py:190} INFO - [2025-02-23T04:47:44.861+0000] {dagbag.py:588} INFO - Filling up the DagBag from /home/airflow/.local/lib/python3.12/site-packages/airflow/example_dags/example_short_circuit_operator.py
[2025-02-23T04:47:44.868+0000] {processor.py:925} INFO - DAG(s) 'example_short_circuit_operator' retrieved from /home/airflow/.local/lib/python3.12/site-packages/airflow/example_dags/example_short_circuit_operator.py
[2025-02-23T04:47:44.885+0000] {logging_mixin.py:190} INFO - [2025-02-23T04:47:44.885+0000] {dag.py:3239} INFO - Sync 1 DAGs
[2025-02-23T04:47:44.896+0000] {logging_mixin.py:190} INFO - [2025-02-23T04:47:44.896+0000] {dag.py:4180} INFO - Setting next_dagrun for example_short_circuit_operator to None, run_after=None
[2025-02-23T04:47:44.909+0000] {processor.py:208} INFO - Processing /home/airflow/.local/lib/python3.12/site-packages/airflow/example_dags/example_short_circuit_operator.py took 0.054 seconds
[2025-02-23T04:48:15.871+0000] {processor.py:186} INFO - Started process (PID=298) to work on /home/airflow/.local/lib/python3.12/site-packages/airflow/example_dags/example_short_circuit_operator.py
[2025-02-23T04:48:15.872+0000] {processor.py:914} INFO - Processing file /home/airflow/.local/lib/python3.12/site-packages/airflow/example_dags/example_short_circuit_operator.py for tasks to queue
[2025-02-23T04:48:15.873+0000] {logging_mixin.py:190} INFO - [2025-02-23T04:48:15.873+0000] {dagbag.py:588} INFO - Filling up the DagBag from /home/airflow/.local/lib/python3.12/site-packages/airflow/example_dags/example_short_circuit_operator.py
[2025-02-23T04:48:15.880+0000] {processor.py:925} INFO - DAG(s) 'example_short_circuit_operator' retrieved from /home/airflow/.local/lib/python3.12/site-packages/airflow/example_dags/example_short_circuit_operator.py
[2025-02-23T04:48:15.898+0000] {logging_mixin.py:190} INFO - [2025-02-23T04:48:15.898+0000] {dag.py:3239} INFO - Sync 1 DAGs
[2025-02-23T04:48:15.909+0000] {logging_mixin.py:190} INFO - [2025-02-23T04:48:15.909+0000] {dag.py:4180} INFO - Setting next_dagrun for example_short_circuit_operator to None, run_after=None
[2025-02-23T04:48:15.923+0000] {processor.py:208} INFO - Processing /home/airflow/.local/lib/python3.12/site-packages/airflow/example_dags/example_short_circuit_operator.py took 0.056 seconds
[2025-02-23T04:48:46.490+0000] {processor.py:186} INFO - Started process (PID=361) to work on /home/airflow/.local/lib/python3.12/site-packages/airflow/example_dags/example_short_circuit_operator.py
[2025-02-23T04:48:46.491+0000] {processor.py:914} INFO - Processing file /home/airflow/.local/lib/python3.12/site-packages/airflow/example_dags/example_short_circuit_operator.py for tasks to queue
[2025-02-23T04:48:46.493+0000] {logging_mixin.py:190} INFO - [2025-02-23T04:48:46.493+0000] {dagbag.py:588} INFO - Filling up the DagBag from /home/airflow/.local/lib/python3.12/site-packages/airflow/example_dags/example_short_circuit_operator.py
[2025-02-23T04:48:46.502+0000] {processor.py:925} INFO - DAG(s) 'example_short_circuit_operator' retrieved from /home/airflow/.local/lib/python3.12/site-packages/airflow/example_dags/example_short_circuit_operator.py
[2025-02-23T04:48:46.521+0000] {logging_mixin.py:190} INFO - [2025-02-23T04:48:46.521+0000] {dag.py:3239} INFO - Sync 1 DAGs
[2025-02-23T04:48:46.534+0000] {logging_mixin.py:190} INFO - [2025-02-23T04:48:46.534+0000] {dag.py:4180} INFO - Setting next_dagrun for example_short_circuit_operator to None, run_after=None
[2025-02-23T04:48:46.548+0000] {processor.py:208} INFO - Processing /home/airflow/.local/lib/python3.12/site-packages/airflow/example_dags/example_short_circuit_operator.py took 0.063 seconds
[2025-02-23T04:49:17.154+0000] {processor.py:186} INFO - Started process (PID=425) to work on /home/airflow/.local/lib/python3.12/site-packages/airflow/example_dags/example_short_circuit_operator.py
[2025-02-23T04:49:17.155+0000] {processor.py:914} INFO - Processing file /home/airflow/.local/lib/python3.12/site-packages/airflow/example_dags/example_short_circuit_operator.py for tasks to queue
[2025-02-23T04:49:17.156+0000] {logging_mixin.py:190} INFO - [2025-02-23T04:49:17.156+0000] {dagbag.py:588} INFO - Filling up the DagBag from /home/airflow/.local/lib/python3.12/site-packages/airflow/example_dags/example_short_circuit_operator.py
[2025-02-23T04:49:17.165+0000] {processor.py:925} INFO - DAG(s) 'example_short_circuit_operator' retrieved from /home/airflow/.local/lib/python3.12/site-packages/airflow/example_dags/example_short_circuit_operator.py
[2025-02-23T04:49:17.185+0000] {logging_mixin.py:190} INFO - [2025-02-23T04:49:17.185+0000] {dag.py:3239} INFO - Sync 1 DAGs
[2025-02-23T04:49:17.200+0000] {logging_mixin.py:190} INFO - [2025-02-23T04:49:17.200+0000] {dag.py:4180} INFO - Setting next_dagrun for example_short_circuit_operator to None, run_after=None
[2025-02-23T04:49:17.213+0000] {processor.py:208} INFO - Processing /home/airflow/.local/lib/python3.12/site-packages/airflow/example_dags/example_short_circuit_operator.py took 0.065 seconds
[2025-02-23T04:49:48.598+0000] {processor.py:186} INFO - Started process (PID=488) to work on /home/airflow/.local/lib/python3.12/site-packages/airflow/example_dags/example_short_circuit_operator.py
[2025-02-23T04:49:48.599+0000] {processor.py:914} INFO - Processing file /home/airflow/.local/lib/python3.12/site-packages/airflow/example_dags/example_short_circuit_operator.py for tasks to queue
[2025-02-23T04:49:48.601+0000] {logging_mixin.py:190} INFO - [2025-02-23T04:49:48.601+0000] {dagbag.py:588} INFO - Filling up the DagBag from /home/airflow/.local/lib/python3.12/site-packages/airflow/example_dags/example_short_circuit_operator.py
[2025-02-23T04:49:48.610+0000] {processor.py:925} INFO - DAG(s) 'example_short_circuit_operator' retrieved from /home/airflow/.local/lib/python3.12/site-packages/airflow/example_dags/example_short_circuit_operator.py
[2025-02-23T04:49:48.633+0000] {logging_mixin.py:190} INFO - [2025-02-23T04:49:48.633+0000] {dag.py:3239} INFO - Sync 1 DAGs
[2025-02-23T04:49:48.649+0000] {logging_mixin.py:190} INFO - [2025-02-23T04:49:48.649+0000] {dag.py:4180} INFO - Setting next_dagrun for example_short_circuit_operator to None, run_after=None
[2025-02-23T04:49:48.667+0000] {processor.py:208} INFO - Processing /home/airflow/.local/lib/python3.12/site-packages/airflow/example_dags/example_short_circuit_operator.py took 0.076 seconds
[2025-02-23T04:50:19.572+0000] {processor.py:186} INFO - Started process (PID=552) to work on /home/airflow/.local/lib/python3.12/site-packages/airflow/example_dags/example_short_circuit_operator.py
[2025-02-23T04:50:19.573+0000] {processor.py:914} INFO - Processing file /home/airflow/.local/lib/python3.12/site-packages/airflow/example_dags/example_short_circuit_operator.py for tasks to queue
[2025-02-23T04:50:19.575+0000] {logging_mixin.py:190} INFO - [2025-02-23T04:50:19.575+0000] {dagbag.py:588} INFO - Filling up the DagBag from /home/airflow/.local/lib/python3.12/site-packages/airflow/example_dags/example_short_circuit_operator.py
[2025-02-23T04:50:19.584+0000] {processor.py:925} INFO - DAG(s) 'example_short_circuit_operator' retrieved from /home/airflow/.local/lib/python3.12/site-packages/airflow/example_dags/example_short_circuit_operator.py
[2025-02-23T04:50:19.610+0000] {logging_mixin.py:190} INFO - [2025-02-23T04:50:19.610+0000] {dag.py:3239} INFO - Sync 1 DAGs
[2025-02-23T04:50:19.627+0000] {logging_mixin.py:190} INFO - [2025-02-23T04:50:19.627+0000] {dag.py:4180} INFO - Setting next_dagrun for example_short_circuit_operator to None, run_after=None
[2025-02-23T04:50:19.645+0000] {processor.py:208} INFO - Processing /home/airflow/.local/lib/python3.12/site-packages/airflow/example_dags/example_short_circuit_operator.py took 0.079 seconds
[2025-02-23T04:50:50.588+0000] {processor.py:186} INFO - Started process (PID=615) to work on /home/airflow/.local/lib/python3.12/site-packages/airflow/example_dags/example_short_circuit_operator.py
[2025-02-23T04:50:50.589+0000] {processor.py:914} INFO - Processing file /home/airflow/.local/lib/python3.12/site-packages/airflow/example_dags/example_short_circuit_operator.py for tasks to queue
[2025-02-23T04:50:50.591+0000] {logging_mixin.py:190} INFO - [2025-02-23T04:50:50.591+0000] {dagbag.py:588} INFO - Filling up the DagBag from /home/airflow/.local/lib/python3.12/site-packages/airflow/example_dags/example_short_circuit_operator.py
[2025-02-23T04:50:50.601+0000] {processor.py:925} INFO - DAG(s) 'example_short_circuit_operator' retrieved from /home/airflow/.local/lib/python3.12/site-packages/airflow/example_dags/example_short_circuit_operator.py
[2025-02-23T04:50:50.626+0000] {logging_mixin.py:190} INFO - [2025-02-23T04:50:50.626+0000] {dag.py:3239} INFO - Sync 1 DAGs
[2025-02-23T04:50:50.643+0000] {logging_mixin.py:190} INFO - [2025-02-23T04:50:50.643+0000] {dag.py:4180} INFO - Setting next_dagrun for example_short_circuit_operator to None, run_after=None
[2025-02-23T04:50:50.660+0000] {processor.py:208} INFO - Processing /home/airflow/.local/lib/python3.12/site-packages/airflow/example_dags/example_short_circuit_operator.py took 0.078 seconds
[2025-02-23T04:51:21.184+0000] {processor.py:186} INFO - Started process (PID=677) to work on /home/airflow/.local/lib/python3.12/site-packages/airflow/example_dags/example_short_circuit_operator.py
[2025-02-23T04:51:21.185+0000] {processor.py:914} INFO - Processing file /home/airflow/.local/lib/python3.12/site-packages/airflow/example_dags/example_short_circuit_operator.py for tasks to queue
[2025-02-23T04:51:21.186+0000] {logging_mixin.py:190} INFO - [2025-02-23T04:51:21.186+0000] {dagbag.py:588} INFO - Filling up the DagBag from /home/airflow/.local/lib/python3.12/site-packages/airflow/example_dags/example_short_circuit_operator.py
[2025-02-23T04:51:21.193+0000] {processor.py:925} INFO - DAG(s) 'example_short_circuit_operator' retrieved from /home/airflow/.local/lib/python3.12/site-packages/airflow/example_dags/example_short_circuit_operator.py
[2025-02-23T04:51:21.215+0000] {logging_mixin.py:190} INFO - [2025-02-23T04:51:21.215+0000] {dag.py:3239} INFO - Sync 1 DAGs
[2025-02-23T04:51:21.230+0000] {logging_mixin.py:190} INFO - [2025-02-23T04:51:21.230+0000] {dag.py:4180} INFO - Setting next_dagrun for example_short_circuit_operator to None, run_after=None
[2025-02-23T04:51:21.246+0000] {processor.py:208} INFO - Processing /home/airflow/.local/lib/python3.12/site-packages/airflow/example_dags/example_short_circuit_operator.py took 0.066 seconds
[2025-02-23T04:51:51.885+0000] {processor.py:186} INFO - Started process (PID=740) to work on /home/airflow/.local/lib/python3.12/site-packages/airflow/example_dags/example_short_circuit_operator.py
[2025-02-23T04:51:51.885+0000] {processor.py:914} INFO - Processing file /home/airflow/.local/lib/python3.12/site-packages/airflow/example_dags/example_short_circuit_operator.py for tasks to queue
[2025-02-23T04:51:51.887+0000] {logging_mixin.py:190} INFO - [2025-02-23T04:51:51.886+0000] {dagbag.py:588} INFO - Filling up the DagBag from /home/airflow/.local/lib/python3.12/site-packages/airflow/example_dags/example_short_circuit_operator.py
[2025-02-23T04:51:51.893+0000] {processor.py:925} INFO - DAG(s) 'example_short_circuit_operator' retrieved from /home/airflow/.local/lib/python3.12/site-packages/airflow/example_dags/example_short_circuit_operator.py
[2025-02-23T04:51:51.911+0000] {logging_mixin.py:190} INFO - [2025-02-23T04:51:51.911+0000] {dag.py:3239} INFO - Sync 1 DAGs
[2025-02-23T04:51:51.922+0000] {logging_mixin.py:190} INFO - [2025-02-23T04:51:51.922+0000] {dag.py:4180} INFO - Setting next_dagrun for example_short_circuit_operator to None, run_after=None
[2025-02-23T04:51:51.935+0000] {processor.py:208} INFO - Processing /home/airflow/.local/lib/python3.12/site-packages/airflow/example_dags/example_short_circuit_operator.py took 0.054 seconds
[2025-02-23T04:52:22.711+0000] {processor.py:186} INFO - Started process (PID=803) to work on /home/airflow/.local/lib/python3.12/site-packages/airflow/example_dags/example_short_circuit_operator.py
[2025-02-23T04:52:22.712+0000] {processor.py:914} INFO - Processing file /home/airflow/.local/lib/python3.12/site-packages/airflow/example_dags/example_short_circuit_operator.py for tasks to queue
[2025-02-23T04:52:22.714+0000] {logging_mixin.py:190} INFO - [2025-02-23T04:52:22.714+0000] {dagbag.py:588} INFO - Filling up the DagBag from /home/airflow/.local/lib/python3.12/site-packages/airflow/example_dags/example_short_circuit_operator.py
[2025-02-23T04:52:22.721+0000] {processor.py:925} INFO - DAG(s) 'example_short_circuit_operator' retrieved from /home/airflow/.local/lib/python3.12/site-packages/airflow/example_dags/example_short_circuit_operator.py
[2025-02-23T04:52:22.738+0000] {logging_mixin.py:190} INFO - [2025-02-23T04:52:22.738+0000] {dag.py:3239} INFO - Sync 1 DAGs
[2025-02-23T04:52:22.750+0000] {logging_mixin.py:190} INFO - [2025-02-23T04:52:22.750+0000] {dag.py:4180} INFO - Setting next_dagrun for example_short_circuit_operator to None, run_after=None
[2025-02-23T04:52:22.762+0000] {processor.py:208} INFO - Processing /home/airflow/.local/lib/python3.12/site-packages/airflow/example_dags/example_short_circuit_operator.py took 0.055 seconds
[2025-02-23T04:52:53.469+0000] {processor.py:186} INFO - Started process (PID=866) to work on /home/airflow/.local/lib/python3.12/site-packages/airflow/example_dags/example_short_circuit_operator.py
[2025-02-23T04:52:53.470+0000] {processor.py:914} INFO - Processing file /home/airflow/.local/lib/python3.12/site-packages/airflow/example_dags/example_short_circuit_operator.py for tasks to queue
[2025-02-23T04:52:53.472+0000] {logging_mixin.py:190} INFO - [2025-02-23T04:52:53.472+0000] {dagbag.py:588} INFO - Filling up the DagBag from /home/airflow/.local/lib/python3.12/site-packages/airflow/example_dags/example_short_circuit_operator.py
[2025-02-23T04:52:53.484+0000] {processor.py:925} INFO - DAG(s) 'example_short_circuit_operator' retrieved from /home/airflow/.local/lib/python3.12/site-packages/airflow/example_dags/example_short_circuit_operator.py
[2025-02-23T04:52:53.523+0000] {logging_mixin.py:190} INFO - [2025-02-23T04:52:53.523+0000] {dag.py:3239} INFO - Sync 1 DAGs
[2025-02-23T04:52:53.541+0000] {logging_mixin.py:190} INFO - [2025-02-23T04:52:53.541+0000] {dag.py:4180} INFO - Setting next_dagrun for example_short_circuit_operator to None, run_after=None
[2025-02-23T04:52:53.567+0000] {processor.py:208} INFO - Processing /home/airflow/.local/lib/python3.12/site-packages/airflow/example_dags/example_short_circuit_operator.py took 0.105 seconds
[2025-02-23T04:53:23.627+0000] {processor.py:186} INFO - Started process (PID=928) to work on /home/airflow/.local/lib/python3.12/site-packages/airflow/example_dags/example_short_circuit_operator.py
[2025-02-23T04:53:23.628+0000] {processor.py:914} INFO - Processing file /home/airflow/.local/lib/python3.12/site-packages/airflow/example_dags/example_short_circuit_operator.py for tasks to queue
[2025-02-23T04:53:23.630+0000] {logging_mixin.py:190} INFO - [2025-02-23T04:53:23.630+0000] {dagbag.py:588} INFO - Filling up the DagBag from /home/airflow/.local/lib/python3.12/site-packages/airflow/example_dags/example_short_circuit_operator.py
[2025-02-23T04:53:23.639+0000] {processor.py:925} INFO - DAG(s) 'example_short_circuit_operator' retrieved from /home/airflow/.local/lib/python3.12/site-packages/airflow/example_dags/example_short_circuit_operator.py
[2025-02-23T04:53:23.657+0000] {logging_mixin.py:190} INFO - [2025-02-23T04:53:23.657+0000] {dag.py:3239} INFO - Sync 1 DAGs
[2025-02-23T04:53:23.668+0000] {logging_mixin.py:190} INFO - [2025-02-23T04:53:23.668+0000] {dag.py:4180} INFO - Setting next_dagrun for example_short_circuit_operator to None, run_after=None
[2025-02-23T04:53:23.681+0000] {processor.py:208} INFO - Processing /home/airflow/.local/lib/python3.12/site-packages/airflow/example_dags/example_short_circuit_operator.py took 0.059 seconds
[2025-02-23T04:53:54.280+0000] {processor.py:186} INFO - Started process (PID=991) to work on /home/airflow/.local/lib/python3.12/site-packages/airflow/example_dags/example_short_circuit_operator.py
[2025-02-23T04:53:54.281+0000] {processor.py:914} INFO - Processing file /home/airflow/.local/lib/python3.12/site-packages/airflow/example_dags/example_short_circuit_operator.py for tasks to queue
[2025-02-23T04:53:54.282+0000] {logging_mixin.py:190} INFO - [2025-02-23T04:53:54.282+0000] {dagbag.py:588} INFO - Filling up the DagBag from /home/airflow/.local/lib/python3.12/site-packages/airflow/example_dags/example_short_circuit_operator.py
[2025-02-23T04:53:54.289+0000] {processor.py:925} INFO - DAG(s) 'example_short_circuit_operator' retrieved from /home/airflow/.local/lib/python3.12/site-packages/airflow/example_dags/example_short_circuit_operator.py
[2025-02-23T04:53:54.312+0000] {logging_mixin.py:190} INFO - [2025-02-23T04:53:54.311+0000] {dag.py:3239} INFO - Sync 1 DAGs
[2025-02-23T04:53:54.327+0000] {logging_mixin.py:190} INFO - [2025-02-23T04:53:54.327+0000] {dag.py:4180} INFO - Setting next_dagrun for example_short_circuit_operator to None, run_after=None
[2025-02-23T04:53:54.343+0000] {processor.py:208} INFO - Processing /home/airflow/.local/lib/python3.12/site-packages/airflow/example_dags/example_short_circuit_operator.py took 0.068 seconds
[2025-02-23T04:54:24.573+0000] {processor.py:186} INFO - Started process (PID=1053) to work on /home/airflow/.local/lib/python3.12/site-packages/airflow/example_dags/example_short_circuit_operator.py
[2025-02-23T04:54:24.574+0000] {processor.py:914} INFO - Processing file /home/airflow/.local/lib/python3.12/site-packages/airflow/example_dags/example_short_circuit_operator.py for tasks to queue
[2025-02-23T04:54:24.575+0000] {logging_mixin.py:190} INFO - [2025-02-23T04:54:24.575+0000] {dagbag.py:588} INFO - Filling up the DagBag from /home/airflow/.local/lib/python3.12/site-packages/airflow/example_dags/example_short_circuit_operator.py
[2025-02-23T04:54:24.582+0000] {processor.py:925} INFO - DAG(s) 'example_short_circuit_operator' retrieved from /home/airflow/.local/lib/python3.12/site-packages/airflow/example_dags/example_short_circuit_operator.py
[2025-02-23T04:54:24.600+0000] {logging_mixin.py:190} INFO - [2025-02-23T04:54:24.600+0000] {dag.py:3239} INFO - Sync 1 DAGs
[2025-02-23T04:54:24.612+0000] {logging_mixin.py:190} INFO - [2025-02-23T04:54:24.612+0000] {dag.py:4180} INFO - Setting next_dagrun for example_short_circuit_operator to None, run_after=None
[2025-02-23T04:54:24.628+0000] {processor.py:208} INFO - Processing /home/airflow/.local/lib/python3.12/site-packages/airflow/example_dags/example_short_circuit_operator.py took 0.059 seconds
[2025-02-23T04:54:55.021+0000] {processor.py:186} INFO - Started process (PID=1116) to work on /home/airflow/.local/lib/python3.12/site-packages/airflow/example_dags/example_short_circuit_operator.py
[2025-02-23T04:54:55.023+0000] {processor.py:914} INFO - Processing file /home/airflow/.local/lib/python3.12/site-packages/airflow/example_dags/example_short_circuit_operator.py for tasks to queue
[2025-02-23T04:54:55.025+0000] {logging_mixin.py:190} INFO - [2025-02-23T04:54:55.025+0000] {dagbag.py:588} INFO - Filling up the DagBag from /home/airflow/.local/lib/python3.12/site-packages/airflow/example_dags/example_short_circuit_operator.py
[2025-02-23T04:54:55.034+0000] {processor.py:925} INFO - DAG(s) 'example_short_circuit_operator' retrieved from /home/airflow/.local/lib/python3.12/site-packages/airflow/example_dags/example_short_circuit_operator.py
[2025-02-23T04:54:55.063+0000] {logging_mixin.py:190} INFO - [2025-02-23T04:54:55.063+0000] {dag.py:3239} INFO - Sync 1 DAGs
[2025-02-23T04:54:55.079+0000] {logging_mixin.py:190} INFO - [2025-02-23T04:54:55.078+0000] {dag.py:4180} INFO - Setting next_dagrun for example_short_circuit_operator to None, run_after=None
[2025-02-23T04:54:55.094+0000] {processor.py:208} INFO - Processing /home/airflow/.local/lib/python3.12/site-packages/airflow/example_dags/example_short_circuit_operator.py took 0.079 seconds
[2025-02-23T04:55:25.212+0000] {processor.py:186} INFO - Started process (PID=1179) to work on /home/airflow/.local/lib/python3.12/site-packages/airflow/example_dags/example_short_circuit_operator.py
[2025-02-23T04:55:25.213+0000] {processor.py:914} INFO - Processing file /home/airflow/.local/lib/python3.12/site-packages/airflow/example_dags/example_short_circuit_operator.py for tasks to queue
[2025-02-23T04:55:25.215+0000] {logging_mixin.py:190} INFO - [2025-02-23T04:55:25.215+0000] {dagbag.py:588} INFO - Filling up the DagBag from /home/airflow/.local/lib/python3.12/site-packages/airflow/example_dags/example_short_circuit_operator.py
[2025-02-23T04:55:25.224+0000] {processor.py:925} INFO - DAG(s) 'example_short_circuit_operator' retrieved from /home/airflow/.local/lib/python3.12/site-packages/airflow/example_dags/example_short_circuit_operator.py
[2025-02-23T04:55:25.247+0000] {logging_mixin.py:190} INFO - [2025-02-23T04:55:25.246+0000] {dag.py:3239} INFO - Sync 1 DAGs
[2025-02-23T04:55:25.259+0000] {logging_mixin.py:190} INFO - [2025-02-23T04:55:25.259+0000] {dag.py:4180} INFO - Setting next_dagrun for example_short_circuit_operator to None, run_after=None
[2025-02-23T04:55:25.275+0000] {processor.py:208} INFO - Processing /home/airflow/.local/lib/python3.12/site-packages/airflow/example_dags/example_short_circuit_operator.py took 0.069 seconds
[2025-02-23T04:55:55.554+0000] {processor.py:186} INFO - Started process (PID=1242) to work on /home/airflow/.local/lib/python3.12/site-packages/airflow/example_dags/example_short_circuit_operator.py
[2025-02-23T04:55:55.554+0000] {processor.py:914} INFO - Processing file /home/airflow/.local/lib/python3.12/site-packages/airflow/example_dags/example_short_circuit_operator.py for tasks to queue
[2025-02-23T04:55:55.556+0000] {logging_mixin.py:190} INFO - [2025-02-23T04:55:55.556+0000] {dagbag.py:588} INFO - Filling up the DagBag from /home/airflow/.local/lib/python3.12/site-packages/airflow/example_dags/example_short_circuit_operator.py
[2025-02-23T04:55:55.563+0000] {processor.py:925} INFO - DAG(s) 'example_short_circuit_operator' retrieved from /home/airflow/.local/lib/python3.12/site-packages/airflow/example_dags/example_short_circuit_operator.py
[2025-02-23T04:55:55.581+0000] {logging_mixin.py:190} INFO - [2025-02-23T04:55:55.581+0000] {dag.py:3239} INFO - Sync 1 DAGs
[2025-02-23T04:55:55.592+0000] {logging_mixin.py:190} INFO - [2025-02-23T04:55:55.592+0000] {dag.py:4180} INFO - Setting next_dagrun for example_short_circuit_operator to None, run_after=None
[2025-02-23T04:55:55.608+0000] {processor.py:208} INFO - Processing /home/airflow/.local/lib/python3.12/site-packages/airflow/example_dags/example_short_circuit_operator.py took 0.058 seconds
[2025-02-23T04:56:25.641+0000] {processor.py:186} INFO - Started process (PID=1305) to work on /home/airflow/.local/lib/python3.12/site-packages/airflow/example_dags/example_short_circuit_operator.py
[2025-02-23T04:56:25.642+0000] {processor.py:914} INFO - Processing file /home/airflow/.local/lib/python3.12/site-packages/airflow/example_dags/example_short_circuit_operator.py for tasks to queue
[2025-02-23T04:56:25.643+0000] {logging_mixin.py:190} INFO - [2025-02-23T04:56:25.643+0000] {dagbag.py:588} INFO - Filling up the DagBag from /home/airflow/.local/lib/python3.12/site-packages/airflow/example_dags/example_short_circuit_operator.py
[2025-02-23T04:56:25.650+0000] {processor.py:925} INFO - DAG(s) 'example_short_circuit_operator' retrieved from /home/airflow/.local/lib/python3.12/site-packages/airflow/example_dags/example_short_circuit_operator.py
[2025-02-23T04:56:25.667+0000] {logging_mixin.py:190} INFO - [2025-02-23T04:56:25.666+0000] {dag.py:3239} INFO - Sync 1 DAGs
[2025-02-23T04:56:25.678+0000] {logging_mixin.py:190} INFO - [2025-02-23T04:56:25.678+0000] {dag.py:4180} INFO - Setting next_dagrun for example_short_circuit_operator to None, run_after=None
[2025-02-23T04:56:25.690+0000] {processor.py:208} INFO - Processing /home/airflow/.local/lib/python3.12/site-packages/airflow/example_dags/example_short_circuit_operator.py took 0.053 seconds
[2025-02-23T04:56:56.369+0000] {processor.py:186} INFO - Started process (PID=1370) to work on /home/airflow/.local/lib/python3.12/site-packages/airflow/example_dags/example_short_circuit_operator.py
[2025-02-23T04:56:56.370+0000] {processor.py:914} INFO - Processing file /home/airflow/.local/lib/python3.12/site-packages/airflow/example_dags/example_short_circuit_operator.py for tasks to queue
[2025-02-23T04:56:56.371+0000] {logging_mixin.py:190} INFO - [2025-02-23T04:56:56.371+0000] {dagbag.py:588} INFO - Filling up the DagBag from /home/airflow/.local/lib/python3.12/site-packages/airflow/example_dags/example_short_circuit_operator.py
[2025-02-23T04:56:56.378+0000] {processor.py:925} INFO - DAG(s) 'example_short_circuit_operator' retrieved from /home/airflow/.local/lib/python3.12/site-packages/airflow/example_dags/example_short_circuit_operator.py
[2025-02-23T04:56:56.397+0000] {logging_mixin.py:190} INFO - [2025-02-23T04:56:56.397+0000] {dag.py:3239} INFO - Sync 1 DAGs
[2025-02-23T04:56:56.408+0000] {logging_mixin.py:190} INFO - [2025-02-23T04:56:56.408+0000] {dag.py:4180} INFO - Setting next_dagrun for example_short_circuit_operator to None, run_after=None
[2025-02-23T04:56:56.423+0000] {processor.py:208} INFO - Processing /home/airflow/.local/lib/python3.12/site-packages/airflow/example_dags/example_short_circuit_operator.py took 0.058 seconds
