[2025-02-23T04:46:40.676+0000] {processor.py:186} INFO - Started process (PID=96) to work on /home/airflow/.local/lib/python3.12/site-packages/airflow/example_dags/example_python_decorator.py
[2025-02-23T04:46:40.677+0000] {processor.py:914} INFO - Processing file /home/airflow/.local/lib/python3.12/site-packages/airflow/example_dags/example_python_decorator.py for tasks to queue
[2025-02-23T04:46:40.679+0000] {logging_mixin.py:190} INFO - [2025-02-23T04:46:40.678+0000] {dagbag.py:588} INFO - Filling up the DagBag from /home/airflow/.local/lib/python3.12/site-packages/airflow/example_dags/example_python_decorator.py
[2025-02-23T04:46:40.698+0000] {processor.py:925} INFO - DAG(s) 'example_python_decorator' retrieved from /home/airflow/.local/lib/python3.12/site-packages/airflow/example_dags/example_python_decorator.py
[2025-02-23T04:46:40.863+0000] {logging_mixin.py:190} INFO - [2025-02-23T04:46:40.862+0000] {override.py:1911} INFO - Created Permission View: can read on DAG:example_python_decorator
[2025-02-23T04:46:40.871+0000] {logging_mixin.py:190} INFO - [2025-02-23T04:46:40.870+0000] {override.py:1911} INFO - Created Permission View: can delete on DAG:example_python_decorator
[2025-02-23T04:46:40.876+0000] {logging_mixin.py:190} INFO - [2025-02-23T04:46:40.876+0000] {override.py:1911} INFO - Created Permission View: can edit on DAG:example_python_decorator
[2025-02-23T04:46:40.882+0000] {logging_mixin.py:190} INFO - [2025-02-23T04:46:40.881+0000] {override.py:1911} INFO - Created Permission View: can read on DAG Run:example_python_decorator
[2025-02-23T04:46:40.919+0000] {logging_mixin.py:190} INFO - [2025-02-23T04:46:40.919+0000] {override.py:1911} INFO - Created Permission View: menu access on DAG Run:example_python_decorator
[2025-02-23T04:46:40.926+0000] {logging_mixin.py:190} INFO - [2025-02-23T04:46:40.925+0000] {override.py:1911} INFO - Created Permission View: can create on DAG Run:example_python_decorator
[2025-02-23T04:46:40.931+0000] {logging_mixin.py:190} INFO - [2025-02-23T04:46:40.931+0000] {override.py:1911} INFO - Created Permission View: can delete on DAG Run:example_python_decorator
[2025-02-23T04:46:40.932+0000] {logging_mixin.py:190} INFO - [2025-02-23T04:46:40.932+0000] {dag.py:3239} INFO - Sync 1 DAGs
[2025-02-23T04:46:40.948+0000] {logging_mixin.py:190} INFO - [2025-02-23T04:46:40.948+0000] {dag.py:3262} INFO - Creating ORM DAG for example_python_decorator
[2025-02-23T04:46:40.949+0000] {logging_mixin.py:190} INFO - [2025-02-23T04:46:40.948+0000] {dag.py:4180} INFO - Setting next_dagrun for example_python_decorator to None, run_after=None
[2025-02-23T04:46:40.964+0000] {processor.py:208} INFO - Processing /home/airflow/.local/lib/python3.12/site-packages/airflow/example_dags/example_python_decorator.py took 0.292 seconds
[2025-02-23T04:47:11.183+0000] {processor.py:186} INFO - Started process (PID=159) to work on /home/airflow/.local/lib/python3.12/site-packages/airflow/example_dags/example_python_decorator.py
[2025-02-23T04:47:11.184+0000] {processor.py:914} INFO - Processing file /home/airflow/.local/lib/python3.12/site-packages/airflow/example_dags/example_python_decorator.py for tasks to queue
[2025-02-23T04:47:11.185+0000] {logging_mixin.py:190} INFO - [2025-02-23T04:47:11.185+0000] {dagbag.py:588} INFO - Filling up the DagBag from /home/airflow/.local/lib/python3.12/site-packages/airflow/example_dags/example_python_decorator.py
[2025-02-23T04:47:11.197+0000] {processor.py:925} INFO - DAG(s) 'example_python_decorator' retrieved from /home/airflow/.local/lib/python3.12/site-packages/airflow/example_dags/example_python_decorator.py
[2025-02-23T04:47:11.213+0000] {logging_mixin.py:190} INFO - [2025-02-23T04:47:11.213+0000] {dag.py:3239} INFO - Sync 1 DAGs
[2025-02-23T04:47:11.224+0000] {logging_mixin.py:190} INFO - [2025-02-23T04:47:11.224+0000] {dag.py:4180} INFO - Setting next_dagrun for example_python_decorator to None, run_after=None
[2025-02-23T04:47:11.238+0000] {processor.py:208} INFO - Processing /home/airflow/.local/lib/python3.12/site-packages/airflow/example_dags/example_python_decorator.py took 0.060 seconds
[2025-02-23T04:47:41.485+0000] {processor.py:186} INFO - Started process (PID=222) to work on /home/airflow/.local/lib/python3.12/site-packages/airflow/example_dags/example_python_decorator.py
[2025-02-23T04:47:41.485+0000] {processor.py:914} INFO - Processing file /home/airflow/.local/lib/python3.12/site-packages/airflow/example_dags/example_python_decorator.py for tasks to queue
[2025-02-23T04:47:41.487+0000] {logging_mixin.py:190} INFO - [2025-02-23T04:47:41.486+0000] {dagbag.py:588} INFO - Filling up the DagBag from /home/airflow/.local/lib/python3.12/site-packages/airflow/example_dags/example_python_decorator.py
[2025-02-23T04:47:41.498+0000] {processor.py:925} INFO - DAG(s) 'example_python_decorator' retrieved from /home/airflow/.local/lib/python3.12/site-packages/airflow/example_dags/example_python_decorator.py
[2025-02-23T04:47:41.518+0000] {logging_mixin.py:190} INFO - [2025-02-23T04:47:41.518+0000] {dag.py:3239} INFO - Sync 1 DAGs
[2025-02-23T04:47:41.529+0000] {logging_mixin.py:190} INFO - [2025-02-23T04:47:41.529+0000] {dag.py:4180} INFO - Setting next_dagrun for example_python_decorator to None, run_after=None
[2025-02-23T04:47:41.542+0000] {processor.py:208} INFO - Processing /home/airflow/.local/lib/python3.12/site-packages/airflow/example_dags/example_python_decorator.py took 0.061 seconds
[2025-02-23T04:48:11.619+0000] {processor.py:186} INFO - Started process (PID=285) to work on /home/airflow/.local/lib/python3.12/site-packages/airflow/example_dags/example_python_decorator.py
[2025-02-23T04:48:11.620+0000] {processor.py:914} INFO - Processing file /home/airflow/.local/lib/python3.12/site-packages/airflow/example_dags/example_python_decorator.py for tasks to queue
[2025-02-23T04:48:11.622+0000] {logging_mixin.py:190} INFO - [2025-02-23T04:48:11.621+0000] {dagbag.py:588} INFO - Filling up the DagBag from /home/airflow/.local/lib/python3.12/site-packages/airflow/example_dags/example_python_decorator.py
[2025-02-23T04:48:11.633+0000] {processor.py:925} INFO - DAG(s) 'example_python_decorator' retrieved from /home/airflow/.local/lib/python3.12/site-packages/airflow/example_dags/example_python_decorator.py
[2025-02-23T04:48:11.649+0000] {logging_mixin.py:190} INFO - [2025-02-23T04:48:11.649+0000] {dag.py:3239} INFO - Sync 1 DAGs
[2025-02-23T04:48:11.660+0000] {logging_mixin.py:190} INFO - [2025-02-23T04:48:11.660+0000] {dag.py:4180} INFO - Setting next_dagrun for example_python_decorator to None, run_after=None
[2025-02-23T04:48:11.673+0000] {processor.py:208} INFO - Processing /home/airflow/.local/lib/python3.12/site-packages/airflow/example_dags/example_python_decorator.py took 0.058 seconds
[2025-02-23T04:48:42.282+0000] {processor.py:186} INFO - Started process (PID=349) to work on /home/airflow/.local/lib/python3.12/site-packages/airflow/example_dags/example_python_decorator.py
[2025-02-23T04:48:42.283+0000] {processor.py:914} INFO - Processing file /home/airflow/.local/lib/python3.12/site-packages/airflow/example_dags/example_python_decorator.py for tasks to queue
[2025-02-23T04:48:42.285+0000] {logging_mixin.py:190} INFO - [2025-02-23T04:48:42.285+0000] {dagbag.py:588} INFO - Filling up the DagBag from /home/airflow/.local/lib/python3.12/site-packages/airflow/example_dags/example_python_decorator.py
[2025-02-23T04:48:42.301+0000] {processor.py:925} INFO - DAG(s) 'example_python_decorator' retrieved from /home/airflow/.local/lib/python3.12/site-packages/airflow/example_dags/example_python_decorator.py
[2025-02-23T04:48:42.326+0000] {logging_mixin.py:190} INFO - [2025-02-23T04:48:42.326+0000] {dag.py:3239} INFO - Sync 1 DAGs
[2025-02-23T04:48:42.342+0000] {logging_mixin.py:190} INFO - [2025-02-23T04:48:42.342+0000] {dag.py:4180} INFO - Setting next_dagrun for example_python_decorator to None, run_after=None
[2025-02-23T04:48:42.373+0000] {processor.py:208} INFO - Processing /home/airflow/.local/lib/python3.12/site-packages/airflow/example_dags/example_python_decorator.py took 0.097 seconds
[2025-02-23T04:49:12.430+0000] {processor.py:186} INFO - Started process (PID=412) to work on /home/airflow/.local/lib/python3.12/site-packages/airflow/example_dags/example_python_decorator.py
[2025-02-23T04:49:12.431+0000] {processor.py:914} INFO - Processing file /home/airflow/.local/lib/python3.12/site-packages/airflow/example_dags/example_python_decorator.py for tasks to queue
[2025-02-23T04:49:12.433+0000] {logging_mixin.py:190} INFO - [2025-02-23T04:49:12.432+0000] {dagbag.py:588} INFO - Filling up the DagBag from /home/airflow/.local/lib/python3.12/site-packages/airflow/example_dags/example_python_decorator.py
[2025-02-23T04:49:12.444+0000] {processor.py:925} INFO - DAG(s) 'example_python_decorator' retrieved from /home/airflow/.local/lib/python3.12/site-packages/airflow/example_dags/example_python_decorator.py
[2025-02-23T04:49:12.461+0000] {logging_mixin.py:190} INFO - [2025-02-23T04:49:12.461+0000] {dag.py:3239} INFO - Sync 1 DAGs
[2025-02-23T04:49:12.474+0000] {logging_mixin.py:190} INFO - [2025-02-23T04:49:12.474+0000] {dag.py:4180} INFO - Setting next_dagrun for example_python_decorator to None, run_after=None
[2025-02-23T04:49:12.487+0000] {processor.py:208} INFO - Processing /home/airflow/.local/lib/python3.12/site-packages/airflow/example_dags/example_python_decorator.py took 0.061 seconds
[2025-02-23T04:49:42.617+0000] {processor.py:186} INFO - Started process (PID=475) to work on /home/airflow/.local/lib/python3.12/site-packages/airflow/example_dags/example_python_decorator.py
[2025-02-23T04:49:42.618+0000] {processor.py:914} INFO - Processing file /home/airflow/.local/lib/python3.12/site-packages/airflow/example_dags/example_python_decorator.py for tasks to queue
[2025-02-23T04:49:42.619+0000] {logging_mixin.py:190} INFO - [2025-02-23T04:49:42.619+0000] {dagbag.py:588} INFO - Filling up the DagBag from /home/airflow/.local/lib/python3.12/site-packages/airflow/example_dags/example_python_decorator.py
[2025-02-23T04:49:42.630+0000] {processor.py:925} INFO - DAG(s) 'example_python_decorator' retrieved from /home/airflow/.local/lib/python3.12/site-packages/airflow/example_dags/example_python_decorator.py
[2025-02-23T04:49:42.648+0000] {logging_mixin.py:190} INFO - [2025-02-23T04:49:42.648+0000] {dag.py:3239} INFO - Sync 1 DAGs
[2025-02-23T04:49:42.658+0000] {logging_mixin.py:190} INFO - [2025-02-23T04:49:42.658+0000] {dag.py:4180} INFO - Setting next_dagrun for example_python_decorator to None, run_after=None
[2025-02-23T04:49:42.672+0000] {processor.py:208} INFO - Processing /home/airflow/.local/lib/python3.12/site-packages/airflow/example_dags/example_python_decorator.py took 0.059 seconds
[2025-02-23T04:50:12.812+0000] {processor.py:186} INFO - Started process (PID=538) to work on /home/airflow/.local/lib/python3.12/site-packages/airflow/example_dags/example_python_decorator.py
[2025-02-23T04:50:12.813+0000] {processor.py:914} INFO - Processing file /home/airflow/.local/lib/python3.12/site-packages/airflow/example_dags/example_python_decorator.py for tasks to queue
[2025-02-23T04:50:12.814+0000] {logging_mixin.py:190} INFO - [2025-02-23T04:50:12.814+0000] {dagbag.py:588} INFO - Filling up the DagBag from /home/airflow/.local/lib/python3.12/site-packages/airflow/example_dags/example_python_decorator.py
[2025-02-23T04:50:12.826+0000] {processor.py:925} INFO - DAG(s) 'example_python_decorator' retrieved from /home/airflow/.local/lib/python3.12/site-packages/airflow/example_dags/example_python_decorator.py
[2025-02-23T04:50:12.846+0000] {logging_mixin.py:190} INFO - [2025-02-23T04:50:12.846+0000] {dag.py:3239} INFO - Sync 1 DAGs
[2025-02-23T04:50:12.859+0000] {logging_mixin.py:190} INFO - [2025-02-23T04:50:12.859+0000] {dag.py:4180} INFO - Setting next_dagrun for example_python_decorator to None, run_after=None
[2025-02-23T04:50:12.874+0000] {processor.py:208} INFO - Processing /home/airflow/.local/lib/python3.12/site-packages/airflow/example_dags/example_python_decorator.py took 0.065 seconds
[2025-02-23T04:50:43.464+0000] {processor.py:186} INFO - Started process (PID=601) to work on /home/airflow/.local/lib/python3.12/site-packages/airflow/example_dags/example_python_decorator.py
[2025-02-23T04:50:43.465+0000] {processor.py:914} INFO - Processing file /home/airflow/.local/lib/python3.12/site-packages/airflow/example_dags/example_python_decorator.py for tasks to queue
[2025-02-23T04:50:43.467+0000] {logging_mixin.py:190} INFO - [2025-02-23T04:50:43.466+0000] {dagbag.py:588} INFO - Filling up the DagBag from /home/airflow/.local/lib/python3.12/site-packages/airflow/example_dags/example_python_decorator.py
[2025-02-23T04:50:43.478+0000] {processor.py:925} INFO - DAG(s) 'example_python_decorator' retrieved from /home/airflow/.local/lib/python3.12/site-packages/airflow/example_dags/example_python_decorator.py
[2025-02-23T04:50:43.496+0000] {logging_mixin.py:190} INFO - [2025-02-23T04:50:43.496+0000] {dag.py:3239} INFO - Sync 1 DAGs
[2025-02-23T04:50:43.508+0000] {logging_mixin.py:190} INFO - [2025-02-23T04:50:43.508+0000] {dag.py:4180} INFO - Setting next_dagrun for example_python_decorator to None, run_after=None
[2025-02-23T04:50:43.521+0000] {processor.py:208} INFO - Processing /home/airflow/.local/lib/python3.12/site-packages/airflow/example_dags/example_python_decorator.py took 0.061 seconds
[2025-02-23T04:51:13.891+0000] {processor.py:186} INFO - Started process (PID=664) to work on /home/airflow/.local/lib/python3.12/site-packages/airflow/example_dags/example_python_decorator.py
[2025-02-23T04:51:13.892+0000] {processor.py:914} INFO - Processing file /home/airflow/.local/lib/python3.12/site-packages/airflow/example_dags/example_python_decorator.py for tasks to queue
[2025-02-23T04:51:13.894+0000] {logging_mixin.py:190} INFO - [2025-02-23T04:51:13.893+0000] {dagbag.py:588} INFO - Filling up the DagBag from /home/airflow/.local/lib/python3.12/site-packages/airflow/example_dags/example_python_decorator.py
[2025-02-23T04:51:13.905+0000] {processor.py:925} INFO - DAG(s) 'example_python_decorator' retrieved from /home/airflow/.local/lib/python3.12/site-packages/airflow/example_dags/example_python_decorator.py
[2025-02-23T04:51:13.921+0000] {logging_mixin.py:190} INFO - [2025-02-23T04:51:13.921+0000] {dag.py:3239} INFO - Sync 1 DAGs
[2025-02-23T04:51:13.932+0000] {logging_mixin.py:190} INFO - [2025-02-23T04:51:13.932+0000] {dag.py:4180} INFO - Setting next_dagrun for example_python_decorator to None, run_after=None
[2025-02-23T04:51:13.944+0000] {processor.py:208} INFO - Processing /home/airflow/.local/lib/python3.12/site-packages/airflow/example_dags/example_python_decorator.py took 0.057 seconds
[2025-02-23T04:51:44.177+0000] {processor.py:186} INFO - Started process (PID=728) to work on /home/airflow/.local/lib/python3.12/site-packages/airflow/example_dags/example_python_decorator.py
[2025-02-23T04:51:44.177+0000] {processor.py:914} INFO - Processing file /home/airflow/.local/lib/python3.12/site-packages/airflow/example_dags/example_python_decorator.py for tasks to queue
[2025-02-23T04:51:44.179+0000] {logging_mixin.py:190} INFO - [2025-02-23T04:51:44.179+0000] {dagbag.py:588} INFO - Filling up the DagBag from /home/airflow/.local/lib/python3.12/site-packages/airflow/example_dags/example_python_decorator.py
[2025-02-23T04:51:44.193+0000] {processor.py:925} INFO - DAG(s) 'example_python_decorator' retrieved from /home/airflow/.local/lib/python3.12/site-packages/airflow/example_dags/example_python_decorator.py
[2025-02-23T04:51:44.213+0000] {logging_mixin.py:190} INFO - [2025-02-23T04:51:44.213+0000] {dag.py:3239} INFO - Sync 1 DAGs
[2025-02-23T04:51:44.227+0000] {logging_mixin.py:190} INFO - [2025-02-23T04:51:44.227+0000] {dag.py:4180} INFO - Setting next_dagrun for example_python_decorator to None, run_after=None
[2025-02-23T04:51:44.241+0000] {processor.py:208} INFO - Processing /home/airflow/.local/lib/python3.12/site-packages/airflow/example_dags/example_python_decorator.py took 0.070 seconds
[2025-02-23T04:52:14.602+0000] {processor.py:186} INFO - Started process (PID=791) to work on /home/airflow/.local/lib/python3.12/site-packages/airflow/example_dags/example_python_decorator.py
[2025-02-23T04:52:14.602+0000] {processor.py:914} INFO - Processing file /home/airflow/.local/lib/python3.12/site-packages/airflow/example_dags/example_python_decorator.py for tasks to queue
[2025-02-23T04:52:14.604+0000] {logging_mixin.py:190} INFO - [2025-02-23T04:52:14.604+0000] {dagbag.py:588} INFO - Filling up the DagBag from /home/airflow/.local/lib/python3.12/site-packages/airflow/example_dags/example_python_decorator.py
[2025-02-23T04:52:14.618+0000] {processor.py:925} INFO - DAG(s) 'example_python_decorator' retrieved from /home/airflow/.local/lib/python3.12/site-packages/airflow/example_dags/example_python_decorator.py
[2025-02-23T04:52:14.641+0000] {logging_mixin.py:190} INFO - [2025-02-23T04:52:14.641+0000] {dag.py:3239} INFO - Sync 1 DAGs
[2025-02-23T04:52:14.656+0000] {logging_mixin.py:190} INFO - [2025-02-23T04:52:14.656+0000] {dag.py:4180} INFO - Setting next_dagrun for example_python_decorator to None, run_after=None
[2025-02-23T04:52:14.669+0000] {processor.py:208} INFO - Processing /home/airflow/.local/lib/python3.12/site-packages/airflow/example_dags/example_python_decorator.py took 0.073 seconds
[2025-02-23T04:52:44.818+0000] {processor.py:186} INFO - Started process (PID=854) to work on /home/airflow/.local/lib/python3.12/site-packages/airflow/example_dags/example_python_decorator.py
[2025-02-23T04:52:44.818+0000] {processor.py:914} INFO - Processing file /home/airflow/.local/lib/python3.12/site-packages/airflow/example_dags/example_python_decorator.py for tasks to queue
[2025-02-23T04:52:44.820+0000] {logging_mixin.py:190} INFO - [2025-02-23T04:52:44.820+0000] {dagbag.py:588} INFO - Filling up the DagBag from /home/airflow/.local/lib/python3.12/site-packages/airflow/example_dags/example_python_decorator.py
[2025-02-23T04:52:44.831+0000] {processor.py:925} INFO - DAG(s) 'example_python_decorator' retrieved from /home/airflow/.local/lib/python3.12/site-packages/airflow/example_dags/example_python_decorator.py
[2025-02-23T04:52:44.848+0000] {logging_mixin.py:190} INFO - [2025-02-23T04:52:44.848+0000] {dag.py:3239} INFO - Sync 1 DAGs
[2025-02-23T04:52:44.858+0000] {logging_mixin.py:190} INFO - [2025-02-23T04:52:44.858+0000] {dag.py:4180} INFO - Setting next_dagrun for example_python_decorator to None, run_after=None
[2025-02-23T04:52:44.871+0000] {processor.py:208} INFO - Processing /home/airflow/.local/lib/python3.12/site-packages/airflow/example_dags/example_python_decorator.py took 0.058 seconds
[2025-02-23T04:53:15.171+0000] {processor.py:186} INFO - Started process (PID=917) to work on /home/airflow/.local/lib/python3.12/site-packages/airflow/example_dags/example_python_decorator.py
[2025-02-23T04:53:15.172+0000] {processor.py:914} INFO - Processing file /home/airflow/.local/lib/python3.12/site-packages/airflow/example_dags/example_python_decorator.py for tasks to queue
[2025-02-23T04:53:15.174+0000] {logging_mixin.py:190} INFO - [2025-02-23T04:53:15.173+0000] {dagbag.py:588} INFO - Filling up the DagBag from /home/airflow/.local/lib/python3.12/site-packages/airflow/example_dags/example_python_decorator.py
[2025-02-23T04:53:15.185+0000] {processor.py:925} INFO - DAG(s) 'example_python_decorator' retrieved from /home/airflow/.local/lib/python3.12/site-packages/airflow/example_dags/example_python_decorator.py
[2025-02-23T04:53:15.205+0000] {logging_mixin.py:190} INFO - [2025-02-23T04:53:15.205+0000] {dag.py:3239} INFO - Sync 1 DAGs
[2025-02-23T04:53:15.218+0000] {logging_mixin.py:190} INFO - [2025-02-23T04:53:15.218+0000] {dag.py:4180} INFO - Setting next_dagrun for example_python_decorator to None, run_after=None
[2025-02-23T04:53:15.230+0000] {processor.py:208} INFO - Processing /home/airflow/.local/lib/python3.12/site-packages/airflow/example_dags/example_python_decorator.py took 0.063 seconds
[2025-02-23T04:53:45.804+0000] {processor.py:186} INFO - Started process (PID=980) to work on /home/airflow/.local/lib/python3.12/site-packages/airflow/example_dags/example_python_decorator.py
[2025-02-23T04:53:45.805+0000] {processor.py:914} INFO - Processing file /home/airflow/.local/lib/python3.12/site-packages/airflow/example_dags/example_python_decorator.py for tasks to queue
[2025-02-23T04:53:45.806+0000] {logging_mixin.py:190} INFO - [2025-02-23T04:53:45.806+0000] {dagbag.py:588} INFO - Filling up the DagBag from /home/airflow/.local/lib/python3.12/site-packages/airflow/example_dags/example_python_decorator.py
[2025-02-23T04:53:45.818+0000] {processor.py:925} INFO - DAG(s) 'example_python_decorator' retrieved from /home/airflow/.local/lib/python3.12/site-packages/airflow/example_dags/example_python_decorator.py
[2025-02-23T04:53:45.837+0000] {logging_mixin.py:190} INFO - [2025-02-23T04:53:45.837+0000] {dag.py:3239} INFO - Sync 1 DAGs
[2025-02-23T04:53:45.849+0000] {logging_mixin.py:190} INFO - [2025-02-23T04:53:45.849+0000] {dag.py:4180} INFO - Setting next_dagrun for example_python_decorator to None, run_after=None
[2025-02-23T04:53:45.864+0000] {processor.py:208} INFO - Processing /home/airflow/.local/lib/python3.12/site-packages/airflow/example_dags/example_python_decorator.py took 0.064 seconds
[2025-02-23T04:54:16.118+0000] {processor.py:186} INFO - Started process (PID=1043) to work on /home/airflow/.local/lib/python3.12/site-packages/airflow/example_dags/example_python_decorator.py
[2025-02-23T04:54:16.119+0000] {processor.py:914} INFO - Processing file /home/airflow/.local/lib/python3.12/site-packages/airflow/example_dags/example_python_decorator.py for tasks to queue
[2025-02-23T04:54:16.120+0000] {logging_mixin.py:190} INFO - [2025-02-23T04:54:16.120+0000] {dagbag.py:588} INFO - Filling up the DagBag from /home/airflow/.local/lib/python3.12/site-packages/airflow/example_dags/example_python_decorator.py
[2025-02-23T04:54:16.131+0000] {processor.py:925} INFO - DAG(s) 'example_python_decorator' retrieved from /home/airflow/.local/lib/python3.12/site-packages/airflow/example_dags/example_python_decorator.py
[2025-02-23T04:54:16.152+0000] {logging_mixin.py:190} INFO - [2025-02-23T04:54:16.151+0000] {dag.py:3239} INFO - Sync 1 DAGs
[2025-02-23T04:54:16.166+0000] {logging_mixin.py:190} INFO - [2025-02-23T04:54:16.166+0000] {dag.py:4180} INFO - Setting next_dagrun for example_python_decorator to None, run_after=None
[2025-02-23T04:54:16.181+0000] {processor.py:208} INFO - Processing /home/airflow/.local/lib/python3.12/site-packages/airflow/example_dags/example_python_decorator.py took 0.068 seconds
[2025-02-23T04:54:46.565+0000] {processor.py:186} INFO - Started process (PID=1106) to work on /home/airflow/.local/lib/python3.12/site-packages/airflow/example_dags/example_python_decorator.py
[2025-02-23T04:54:46.566+0000] {processor.py:914} INFO - Processing file /home/airflow/.local/lib/python3.12/site-packages/airflow/example_dags/example_python_decorator.py for tasks to queue
[2025-02-23T04:54:46.567+0000] {logging_mixin.py:190} INFO - [2025-02-23T04:54:46.567+0000] {dagbag.py:588} INFO - Filling up the DagBag from /home/airflow/.local/lib/python3.12/site-packages/airflow/example_dags/example_python_decorator.py
[2025-02-23T04:54:46.579+0000] {processor.py:925} INFO - DAG(s) 'example_python_decorator' retrieved from /home/airflow/.local/lib/python3.12/site-packages/airflow/example_dags/example_python_decorator.py
[2025-02-23T04:54:46.601+0000] {logging_mixin.py:190} INFO - [2025-02-23T04:54:46.600+0000] {dag.py:3239} INFO - Sync 1 DAGs
[2025-02-23T04:54:46.615+0000] {logging_mixin.py:190} INFO - [2025-02-23T04:54:46.615+0000] {dag.py:4180} INFO - Setting next_dagrun for example_python_decorator to None, run_after=None
[2025-02-23T04:54:46.630+0000] {processor.py:208} INFO - Processing /home/airflow/.local/lib/python3.12/site-packages/airflow/example_dags/example_python_decorator.py took 0.069 seconds
[2025-02-23T04:55:16.793+0000] {processor.py:186} INFO - Started process (PID=1169) to work on /home/airflow/.local/lib/python3.12/site-packages/airflow/example_dags/example_python_decorator.py
[2025-02-23T04:55:16.794+0000] {processor.py:914} INFO - Processing file /home/airflow/.local/lib/python3.12/site-packages/airflow/example_dags/example_python_decorator.py for tasks to queue
[2025-02-23T04:55:16.796+0000] {logging_mixin.py:190} INFO - [2025-02-23T04:55:16.795+0000] {dagbag.py:588} INFO - Filling up the DagBag from /home/airflow/.local/lib/python3.12/site-packages/airflow/example_dags/example_python_decorator.py
[2025-02-23T04:55:16.807+0000] {processor.py:925} INFO - DAG(s) 'example_python_decorator' retrieved from /home/airflow/.local/lib/python3.12/site-packages/airflow/example_dags/example_python_decorator.py
[2025-02-23T04:55:16.829+0000] {logging_mixin.py:190} INFO - [2025-02-23T04:55:16.829+0000] {dag.py:3239} INFO - Sync 1 DAGs
[2025-02-23T04:55:16.840+0000] {logging_mixin.py:190} INFO - [2025-02-23T04:55:16.840+0000] {dag.py:4180} INFO - Setting next_dagrun for example_python_decorator to None, run_after=None
[2025-02-23T04:55:16.853+0000] {processor.py:208} INFO - Processing /home/airflow/.local/lib/python3.12/site-packages/airflow/example_dags/example_python_decorator.py took 0.065 seconds
[2025-02-23T04:55:47.107+0000] {processor.py:186} INFO - Started process (PID=1232) to work on /home/airflow/.local/lib/python3.12/site-packages/airflow/example_dags/example_python_decorator.py
[2025-02-23T04:55:47.109+0000] {processor.py:914} INFO - Processing file /home/airflow/.local/lib/python3.12/site-packages/airflow/example_dags/example_python_decorator.py for tasks to queue
[2025-02-23T04:55:47.112+0000] {logging_mixin.py:190} INFO - [2025-02-23T04:55:47.111+0000] {dagbag.py:588} INFO - Filling up the DagBag from /home/airflow/.local/lib/python3.12/site-packages/airflow/example_dags/example_python_decorator.py
[2025-02-23T04:55:47.129+0000] {processor.py:925} INFO - DAG(s) 'example_python_decorator' retrieved from /home/airflow/.local/lib/python3.12/site-packages/airflow/example_dags/example_python_decorator.py
[2025-02-23T04:55:47.154+0000] {logging_mixin.py:190} INFO - [2025-02-23T04:55:47.154+0000] {dag.py:3239} INFO - Sync 1 DAGs
[2025-02-23T04:55:47.171+0000] {logging_mixin.py:190} INFO - [2025-02-23T04:55:47.171+0000] {dag.py:4180} INFO - Setting next_dagrun for example_python_decorator to None, run_after=None
[2025-02-23T04:55:47.189+0000] {processor.py:208} INFO - Processing /home/airflow/.local/lib/python3.12/site-packages/airflow/example_dags/example_python_decorator.py took 0.089 seconds
[2025-02-23T04:56:18.115+0000] {processor.py:186} INFO - Started process (PID=1295) to work on /home/airflow/.local/lib/python3.12/site-packages/airflow/example_dags/example_python_decorator.py
[2025-02-23T04:56:18.116+0000] {processor.py:914} INFO - Processing file /home/airflow/.local/lib/python3.12/site-packages/airflow/example_dags/example_python_decorator.py for tasks to queue
[2025-02-23T04:56:18.118+0000] {logging_mixin.py:190} INFO - [2025-02-23T04:56:18.118+0000] {dagbag.py:588} INFO - Filling up the DagBag from /home/airflow/.local/lib/python3.12/site-packages/airflow/example_dags/example_python_decorator.py
[2025-02-23T04:56:18.134+0000] {processor.py:925} INFO - DAG(s) 'example_python_decorator' retrieved from /home/airflow/.local/lib/python3.12/site-packages/airflow/example_dags/example_python_decorator.py
[2025-02-23T04:56:18.157+0000] {logging_mixin.py:190} INFO - [2025-02-23T04:56:18.157+0000] {dag.py:3239} INFO - Sync 1 DAGs
[2025-02-23T04:56:18.172+0000] {logging_mixin.py:190} INFO - [2025-02-23T04:56:18.172+0000] {dag.py:4180} INFO - Setting next_dagrun for example_python_decorator to None, run_after=None
[2025-02-23T04:56:18.188+0000] {processor.py:208} INFO - Processing /home/airflow/.local/lib/python3.12/site-packages/airflow/example_dags/example_python_decorator.py took 0.079 seconds
[2025-02-23T04:56:48.784+0000] {processor.py:186} INFO - Started process (PID=1359) to work on /home/airflow/.local/lib/python3.12/site-packages/airflow/example_dags/example_python_decorator.py
[2025-02-23T04:56:48.784+0000] {processor.py:914} INFO - Processing file /home/airflow/.local/lib/python3.12/site-packages/airflow/example_dags/example_python_decorator.py for tasks to queue
[2025-02-23T04:56:48.786+0000] {logging_mixin.py:190} INFO - [2025-02-23T04:56:48.786+0000] {dagbag.py:588} INFO - Filling up the DagBag from /home/airflow/.local/lib/python3.12/site-packages/airflow/example_dags/example_python_decorator.py
[2025-02-23T04:56:48.798+0000] {processor.py:925} INFO - DAG(s) 'example_python_decorator' retrieved from /home/airflow/.local/lib/python3.12/site-packages/airflow/example_dags/example_python_decorator.py
[2025-02-23T04:56:48.814+0000] {logging_mixin.py:190} INFO - [2025-02-23T04:56:48.814+0000] {dag.py:3239} INFO - Sync 1 DAGs
[2025-02-23T04:56:48.825+0000] {logging_mixin.py:190} INFO - [2025-02-23T04:56:48.825+0000] {dag.py:4180} INFO - Setting next_dagrun for example_python_decorator to None, run_after=None
[2025-02-23T04:56:48.838+0000] {processor.py:208} INFO - Processing /home/airflow/.local/lib/python3.12/site-packages/airflow/example_dags/example_python_decorator.py took 0.059 seconds
