[2025-02-23T04:46:35.095+0000] {processor.py:186} INFO - Started process (PID=73) to work on /home/airflow/.local/lib/python3.12/site-packages/airflow/example_dags/example_subdag_operator.py
[2025-02-23T04:46:35.095+0000] {processor.py:914} INFO - Processing file /home/airflow/.local/lib/python3.12/site-packages/airflow/example_dags/example_subdag_operator.py for tasks to queue
[2025-02-23T04:46:35.097+0000] {logging_mixin.py:190} INFO - [2025-02-23T04:46:35.097+0000] {dagbag.py:588} INFO - Filling up the DagBag from /home/airflow/.local/lib/python3.12/site-packages/airflow/example_dags/example_subdag_operator.py
[2025-02-23T04:46:35.127+0000] {processor.py:925} INFO - DAG(s) 'example_subdag_operator.section-1', 'example_subdag_operator.section-2', 'example_subdag_operator' retrieved from /home/airflow/.local/lib/python3.12/site-packages/airflow/example_dags/example_subdag_operator.py
[2025-02-23T04:46:35.250+0000] {logging_mixin.py:190} INFO - [2025-02-23T04:46:35.249+0000] {override.py:1911} INFO - Created Permission View: can read on DAG:example_subdag_operator
[2025-02-23T04:46:35.259+0000] {logging_mixin.py:190} INFO - [2025-02-23T04:46:35.259+0000] {override.py:1911} INFO - Created Permission View: can delete on DAG:example_subdag_operator
[2025-02-23T04:46:35.265+0000] {logging_mixin.py:190} INFO - [2025-02-23T04:46:35.265+0000] {override.py:1911} INFO - Created Permission View: can edit on DAG:example_subdag_operator
[2025-02-23T04:46:35.270+0000] {logging_mixin.py:190} INFO - [2025-02-23T04:46:35.270+0000] {override.py:1911} INFO - Created Permission View: can read on DAG Run:example_subdag_operator
[2025-02-23T04:46:35.276+0000] {logging_mixin.py:190} INFO - [2025-02-23T04:46:35.275+0000] {override.py:1911} INFO - Created Permission View: menu access on DAG Run:example_subdag_operator
[2025-02-23T04:46:35.281+0000] {logging_mixin.py:190} INFO - [2025-02-23T04:46:35.281+0000] {override.py:1911} INFO - Created Permission View: can create on DAG Run:example_subdag_operator
[2025-02-23T04:46:35.286+0000] {logging_mixin.py:190} INFO - [2025-02-23T04:46:35.286+0000] {override.py:1911} INFO - Created Permission View: can delete on DAG Run:example_subdag_operator
[2025-02-23T04:46:35.287+0000] {logging_mixin.py:190} INFO - [2025-02-23T04:46:35.287+0000] {dag.py:3239} INFO - Sync 3 DAGs
[2025-02-23T04:46:35.301+0000] {logging_mixin.py:190} INFO - [2025-02-23T04:46:35.300+0000] {dag.py:3262} INFO - Creating ORM DAG for example_subdag_operator
[2025-02-23T04:46:35.301+0000] {logging_mixin.py:190} INFO - [2025-02-23T04:46:35.301+0000] {dag.py:3262} INFO - Creating ORM DAG for example_subdag_operator.section-1
[2025-02-23T04:46:35.302+0000] {logging_mixin.py:190} INFO - [2025-02-23T04:46:35.302+0000] {dag.py:3262} INFO - Creating ORM DAG for example_subdag_operator.section-2
[2025-02-23T04:46:35.311+0000] {logging_mixin.py:190} INFO - [2025-02-23T04:46:35.311+0000] {dag.py:4180} INFO - Setting next_dagrun for example_subdag_operator to 2022-01-01 00:00:00+00:00, run_after=2022-01-01 00:00:00+00:00
[2025-02-23T04:46:35.312+0000] {logging_mixin.py:190} INFO - [2025-02-23T04:46:35.312+0000] {dag.py:4180} INFO - Setting next_dagrun for example_subdag_operator.section-1 to None, run_after=None
[2025-02-23T04:46:35.312+0000] {logging_mixin.py:190} INFO - [2025-02-23T04:46:35.312+0000] {dag.py:4180} INFO - Setting next_dagrun for example_subdag_operator.section-2 to None, run_after=None
[2025-02-23T04:46:35.320+0000] {logging_mixin.py:190} INFO - [2025-02-23T04:46:35.320+0000] {dag.py:3239} INFO - Sync 2 DAGs
[2025-02-23T04:46:35.326+0000] {logging_mixin.py:190} INFO - [2025-02-23T04:46:35.326+0000] {dag.py:4180} INFO - Setting next_dagrun for example_subdag_operator.section-1 to None, run_after=None
[2025-02-23T04:46:35.328+0000] {logging_mixin.py:190} INFO - [2025-02-23T04:46:35.328+0000] {dag.py:4180} INFO - Setting next_dagrun for example_subdag_operator.section-2 to None, run_after=None
[2025-02-23T04:46:35.339+0000] {processor.py:208} INFO - Processing /home/airflow/.local/lib/python3.12/site-packages/airflow/example_dags/example_subdag_operator.py took 0.250 seconds
[2025-02-23T04:47:05.913+0000] {processor.py:186} INFO - Started process (PID=137) to work on /home/airflow/.local/lib/python3.12/site-packages/airflow/example_dags/example_subdag_operator.py
[2025-02-23T04:47:05.914+0000] {processor.py:914} INFO - Processing file /home/airflow/.local/lib/python3.12/site-packages/airflow/example_dags/example_subdag_operator.py for tasks to queue
[2025-02-23T04:47:05.916+0000] {logging_mixin.py:190} INFO - [2025-02-23T04:47:05.915+0000] {dagbag.py:588} INFO - Filling up the DagBag from /home/airflow/.local/lib/python3.12/site-packages/airflow/example_dags/example_subdag_operator.py
[2025-02-23T04:47:05.938+0000] {processor.py:925} INFO - DAG(s) 'example_subdag_operator.section-1', 'example_subdag_operator.section-2', 'example_subdag_operator' retrieved from /home/airflow/.local/lib/python3.12/site-packages/airflow/example_dags/example_subdag_operator.py
[2025-02-23T04:47:05.950+0000] {logging_mixin.py:190} INFO - [2025-02-23T04:47:05.950+0000] {dag.py:3239} INFO - Sync 3 DAGs
[2025-02-23T04:47:05.969+0000] {logging_mixin.py:190} INFO - [2025-02-23T04:47:05.969+0000] {dag.py:4180} INFO - Setting next_dagrun for example_subdag_operator to 2022-01-01 00:00:00+00:00, run_after=2022-01-01 00:00:00+00:00
[2025-02-23T04:47:05.971+0000] {logging_mixin.py:190} INFO - [2025-02-23T04:47:05.971+0000] {dag.py:4180} INFO - Setting next_dagrun for example_subdag_operator.section-1 to None, run_after=None
[2025-02-23T04:47:05.972+0000] {logging_mixin.py:190} INFO - [2025-02-23T04:47:05.972+0000] {dag.py:4180} INFO - Setting next_dagrun for example_subdag_operator.section-2 to None, run_after=None
[2025-02-23T04:47:05.977+0000] {logging_mixin.py:190} INFO - [2025-02-23T04:47:05.977+0000] {dag.py:3239} INFO - Sync 2 DAGs
[2025-02-23T04:47:05.981+0000] {logging_mixin.py:190} INFO - [2025-02-23T04:47:05.981+0000] {dag.py:4180} INFO - Setting next_dagrun for example_subdag_operator.section-1 to None, run_after=None
[2025-02-23T04:47:05.981+0000] {logging_mixin.py:190} INFO - [2025-02-23T04:47:05.981+0000] {dag.py:4180} INFO - Setting next_dagrun for example_subdag_operator.section-2 to None, run_after=None
[2025-02-23T04:47:05.989+0000] {processor.py:208} INFO - Processing /home/airflow/.local/lib/python3.12/site-packages/airflow/example_dags/example_subdag_operator.py took 0.080 seconds
[2025-02-23T04:47:36.403+0000] {processor.py:186} INFO - Started process (PID=200) to work on /home/airflow/.local/lib/python3.12/site-packages/airflow/example_dags/example_subdag_operator.py
[2025-02-23T04:47:36.403+0000] {processor.py:914} INFO - Processing file /home/airflow/.local/lib/python3.12/site-packages/airflow/example_dags/example_subdag_operator.py for tasks to queue
[2025-02-23T04:47:36.405+0000] {logging_mixin.py:190} INFO - [2025-02-23T04:47:36.405+0000] {dagbag.py:588} INFO - Filling up the DagBag from /home/airflow/.local/lib/python3.12/site-packages/airflow/example_dags/example_subdag_operator.py
[2025-02-23T04:47:36.433+0000] {processor.py:925} INFO - DAG(s) 'example_subdag_operator.section-1', 'example_subdag_operator.section-2', 'example_subdag_operator' retrieved from /home/airflow/.local/lib/python3.12/site-packages/airflow/example_dags/example_subdag_operator.py
[2025-02-23T04:47:36.448+0000] {logging_mixin.py:190} INFO - [2025-02-23T04:47:36.448+0000] {dag.py:3239} INFO - Sync 3 DAGs
[2025-02-23T04:47:36.468+0000] {logging_mixin.py:190} INFO - [2025-02-23T04:47:36.468+0000] {dag.py:4180} INFO - Setting next_dagrun for example_subdag_operator to 2022-01-01 00:00:00+00:00, run_after=2022-01-01 00:00:00+00:00
[2025-02-23T04:47:36.471+0000] {logging_mixin.py:190} INFO - [2025-02-23T04:47:36.471+0000] {dag.py:4180} INFO - Setting next_dagrun for example_subdag_operator.section-1 to None, run_after=None
[2025-02-23T04:47:36.472+0000] {logging_mixin.py:190} INFO - [2025-02-23T04:47:36.472+0000] {dag.py:4180} INFO - Setting next_dagrun for example_subdag_operator.section-2 to None, run_after=None
[2025-02-23T04:47:36.480+0000] {logging_mixin.py:190} INFO - [2025-02-23T04:47:36.479+0000] {dag.py:3239} INFO - Sync 2 DAGs
[2025-02-23T04:47:36.485+0000] {logging_mixin.py:190} INFO - [2025-02-23T04:47:36.485+0000] {dag.py:4180} INFO - Setting next_dagrun for example_subdag_operator.section-1 to None, run_after=None
[2025-02-23T04:47:36.485+0000] {logging_mixin.py:190} INFO - [2025-02-23T04:47:36.485+0000] {dag.py:4180} INFO - Setting next_dagrun for example_subdag_operator.section-2 to None, run_after=None
[2025-02-23T04:47:36.495+0000] {processor.py:208} INFO - Processing /home/airflow/.local/lib/python3.12/site-packages/airflow/example_dags/example_subdag_operator.py took 0.097 seconds
[2025-02-23T04:48:07.007+0000] {processor.py:186} INFO - Started process (PID=263) to work on /home/airflow/.local/lib/python3.12/site-packages/airflow/example_dags/example_subdag_operator.py
[2025-02-23T04:48:07.008+0000] {processor.py:914} INFO - Processing file /home/airflow/.local/lib/python3.12/site-packages/airflow/example_dags/example_subdag_operator.py for tasks to queue
[2025-02-23T04:48:07.010+0000] {logging_mixin.py:190} INFO - [2025-02-23T04:48:07.009+0000] {dagbag.py:588} INFO - Filling up the DagBag from /home/airflow/.local/lib/python3.12/site-packages/airflow/example_dags/example_subdag_operator.py
[2025-02-23T04:48:07.033+0000] {processor.py:925} INFO - DAG(s) 'example_subdag_operator.section-1', 'example_subdag_operator.section-2', 'example_subdag_operator' retrieved from /home/airflow/.local/lib/python3.12/site-packages/airflow/example_dags/example_subdag_operator.py
[2025-02-23T04:48:07.048+0000] {logging_mixin.py:190} INFO - [2025-02-23T04:48:07.048+0000] {dag.py:3239} INFO - Sync 3 DAGs
[2025-02-23T04:48:07.071+0000] {logging_mixin.py:190} INFO - [2025-02-23T04:48:07.071+0000] {dag.py:4180} INFO - Setting next_dagrun for example_subdag_operator to 2022-01-01 00:00:00+00:00, run_after=2022-01-01 00:00:00+00:00
[2025-02-23T04:48:07.074+0000] {logging_mixin.py:190} INFO - [2025-02-23T04:48:07.074+0000] {dag.py:4180} INFO - Setting next_dagrun for example_subdag_operator.section-1 to None, run_after=None
[2025-02-23T04:48:07.076+0000] {logging_mixin.py:190} INFO - [2025-02-23T04:48:07.075+0000] {dag.py:4180} INFO - Setting next_dagrun for example_subdag_operator.section-2 to None, run_after=None
[2025-02-23T04:48:07.081+0000] {logging_mixin.py:190} INFO - [2025-02-23T04:48:07.081+0000] {dag.py:3239} INFO - Sync 2 DAGs
[2025-02-23T04:48:07.085+0000] {logging_mixin.py:190} INFO - [2025-02-23T04:48:07.085+0000] {dag.py:4180} INFO - Setting next_dagrun for example_subdag_operator.section-1 to None, run_after=None
[2025-02-23T04:48:07.085+0000] {logging_mixin.py:190} INFO - [2025-02-23T04:48:07.085+0000] {dag.py:4180} INFO - Setting next_dagrun for example_subdag_operator.section-2 to None, run_after=None
[2025-02-23T04:48:07.093+0000] {processor.py:208} INFO - Processing /home/airflow/.local/lib/python3.12/site-packages/airflow/example_dags/example_subdag_operator.py took 0.091 seconds
[2025-02-23T04:48:37.186+0000] {processor.py:186} INFO - Started process (PID=328) to work on /home/airflow/.local/lib/python3.12/site-packages/airflow/example_dags/example_subdag_operator.py
[2025-02-23T04:48:37.187+0000] {processor.py:914} INFO - Processing file /home/airflow/.local/lib/python3.12/site-packages/airflow/example_dags/example_subdag_operator.py for tasks to queue
[2025-02-23T04:48:37.189+0000] {logging_mixin.py:190} INFO - [2025-02-23T04:48:37.188+0000] {dagbag.py:588} INFO - Filling up the DagBag from /home/airflow/.local/lib/python3.12/site-packages/airflow/example_dags/example_subdag_operator.py
[2025-02-23T04:48:37.208+0000] {processor.py:925} INFO - DAG(s) 'example_subdag_operator.section-1', 'example_subdag_operator.section-2', 'example_subdag_operator' retrieved from /home/airflow/.local/lib/python3.12/site-packages/airflow/example_dags/example_subdag_operator.py
[2025-02-23T04:48:37.225+0000] {logging_mixin.py:190} INFO - [2025-02-23T04:48:37.224+0000] {dag.py:3239} INFO - Sync 3 DAGs
[2025-02-23T04:48:37.251+0000] {logging_mixin.py:190} INFO - [2025-02-23T04:48:37.251+0000] {dag.py:4180} INFO - Setting next_dagrun for example_subdag_operator to 2022-01-01 00:00:00+00:00, run_after=2022-01-01 00:00:00+00:00
[2025-02-23T04:48:37.256+0000] {logging_mixin.py:190} INFO - [2025-02-23T04:48:37.256+0000] {dag.py:4180} INFO - Setting next_dagrun for example_subdag_operator.section-1 to None, run_after=None
[2025-02-23T04:48:37.257+0000] {logging_mixin.py:190} INFO - [2025-02-23T04:48:37.257+0000] {dag.py:4180} INFO - Setting next_dagrun for example_subdag_operator.section-2 to None, run_after=None
[2025-02-23T04:48:37.263+0000] {logging_mixin.py:190} INFO - [2025-02-23T04:48:37.263+0000] {dag.py:3239} INFO - Sync 2 DAGs
[2025-02-23T04:48:37.269+0000] {logging_mixin.py:190} INFO - [2025-02-23T04:48:37.269+0000] {dag.py:4180} INFO - Setting next_dagrun for example_subdag_operator.section-1 to None, run_after=None
[2025-02-23T04:48:37.270+0000] {logging_mixin.py:190} INFO - [2025-02-23T04:48:37.269+0000] {dag.py:4180} INFO - Setting next_dagrun for example_subdag_operator.section-2 to None, run_after=None
[2025-02-23T04:48:37.278+0000] {processor.py:208} INFO - Processing /home/airflow/.local/lib/python3.12/site-packages/airflow/example_dags/example_subdag_operator.py took 0.097 seconds
[2025-02-23T04:49:07.309+0000] {processor.py:186} INFO - Started process (PID=392) to work on /home/airflow/.local/lib/python3.12/site-packages/airflow/example_dags/example_subdag_operator.py
[2025-02-23T04:49:07.309+0000] {processor.py:914} INFO - Processing file /home/airflow/.local/lib/python3.12/site-packages/airflow/example_dags/example_subdag_operator.py for tasks to queue
[2025-02-23T04:49:07.312+0000] {logging_mixin.py:190} INFO - [2025-02-23T04:49:07.311+0000] {dagbag.py:588} INFO - Filling up the DagBag from /home/airflow/.local/lib/python3.12/site-packages/airflow/example_dags/example_subdag_operator.py
[2025-02-23T04:49:07.333+0000] {processor.py:925} INFO - DAG(s) 'example_subdag_operator.section-1', 'example_subdag_operator.section-2', 'example_subdag_operator' retrieved from /home/airflow/.local/lib/python3.12/site-packages/airflow/example_dags/example_subdag_operator.py
[2025-02-23T04:49:07.346+0000] {logging_mixin.py:190} INFO - [2025-02-23T04:49:07.346+0000] {dag.py:3239} INFO - Sync 3 DAGs
[2025-02-23T04:49:07.364+0000] {logging_mixin.py:190} INFO - [2025-02-23T04:49:07.364+0000] {dag.py:4180} INFO - Setting next_dagrun for example_subdag_operator to 2022-01-01 00:00:00+00:00, run_after=2022-01-01 00:00:00+00:00
[2025-02-23T04:49:07.367+0000] {logging_mixin.py:190} INFO - [2025-02-23T04:49:07.367+0000] {dag.py:4180} INFO - Setting next_dagrun for example_subdag_operator.section-1 to None, run_after=None
[2025-02-23T04:49:07.368+0000] {logging_mixin.py:190} INFO - [2025-02-23T04:49:07.368+0000] {dag.py:4180} INFO - Setting next_dagrun for example_subdag_operator.section-2 to None, run_after=None
[2025-02-23T04:49:07.374+0000] {logging_mixin.py:190} INFO - [2025-02-23T04:49:07.374+0000] {dag.py:3239} INFO - Sync 2 DAGs
[2025-02-23T04:49:07.379+0000] {logging_mixin.py:190} INFO - [2025-02-23T04:49:07.379+0000] {dag.py:4180} INFO - Setting next_dagrun for example_subdag_operator.section-1 to None, run_after=None
[2025-02-23T04:49:07.379+0000] {logging_mixin.py:190} INFO - [2025-02-23T04:49:07.379+0000] {dag.py:4180} INFO - Setting next_dagrun for example_subdag_operator.section-2 to None, run_after=None
[2025-02-23T04:49:07.387+0000] {processor.py:208} INFO - Processing /home/airflow/.local/lib/python3.12/site-packages/airflow/example_dags/example_subdag_operator.py took 0.082 seconds
[2025-02-23T04:49:37.514+0000] {processor.py:186} INFO - Started process (PID=455) to work on /home/airflow/.local/lib/python3.12/site-packages/airflow/example_dags/example_subdag_operator.py
[2025-02-23T04:49:37.514+0000] {processor.py:914} INFO - Processing file /home/airflow/.local/lib/python3.12/site-packages/airflow/example_dags/example_subdag_operator.py for tasks to queue
[2025-02-23T04:49:37.516+0000] {logging_mixin.py:190} INFO - [2025-02-23T04:49:37.516+0000] {dagbag.py:588} INFO - Filling up the DagBag from /home/airflow/.local/lib/python3.12/site-packages/airflow/example_dags/example_subdag_operator.py
[2025-02-23T04:49:37.536+0000] {processor.py:925} INFO - DAG(s) 'example_subdag_operator.section-1', 'example_subdag_operator.section-2', 'example_subdag_operator' retrieved from /home/airflow/.local/lib/python3.12/site-packages/airflow/example_dags/example_subdag_operator.py
[2025-02-23T04:49:37.546+0000] {logging_mixin.py:190} INFO - [2025-02-23T04:49:37.546+0000] {dag.py:3239} INFO - Sync 3 DAGs
[2025-02-23T04:49:37.563+0000] {logging_mixin.py:190} INFO - [2025-02-23T04:49:37.563+0000] {dag.py:4180} INFO - Setting next_dagrun for example_subdag_operator to 2022-01-01 00:00:00+00:00, run_after=2022-01-01 00:00:00+00:00
[2025-02-23T04:49:37.566+0000] {logging_mixin.py:190} INFO - [2025-02-23T04:49:37.566+0000] {dag.py:4180} INFO - Setting next_dagrun for example_subdag_operator.section-1 to None, run_after=None
[2025-02-23T04:49:37.567+0000] {logging_mixin.py:190} INFO - [2025-02-23T04:49:37.567+0000] {dag.py:4180} INFO - Setting next_dagrun for example_subdag_operator.section-2 to None, run_after=None
[2025-02-23T04:49:37.572+0000] {logging_mixin.py:190} INFO - [2025-02-23T04:49:37.571+0000] {dag.py:3239} INFO - Sync 2 DAGs
[2025-02-23T04:49:37.576+0000] {logging_mixin.py:190} INFO - [2025-02-23T04:49:37.576+0000] {dag.py:4180} INFO - Setting next_dagrun for example_subdag_operator.section-1 to None, run_after=None
[2025-02-23T04:49:37.576+0000] {logging_mixin.py:190} INFO - [2025-02-23T04:49:37.576+0000] {dag.py:4180} INFO - Setting next_dagrun for example_subdag_operator.section-2 to None, run_after=None
[2025-02-23T04:49:37.584+0000] {processor.py:208} INFO - Processing /home/airflow/.local/lib/python3.12/site-packages/airflow/example_dags/example_subdag_operator.py took 0.074 seconds
[2025-02-23T04:50:07.859+0000] {processor.py:186} INFO - Started process (PID=517) to work on /home/airflow/.local/lib/python3.12/site-packages/airflow/example_dags/example_subdag_operator.py
[2025-02-23T04:50:07.860+0000] {processor.py:914} INFO - Processing file /home/airflow/.local/lib/python3.12/site-packages/airflow/example_dags/example_subdag_operator.py for tasks to queue
[2025-02-23T04:50:07.861+0000] {logging_mixin.py:190} INFO - [2025-02-23T04:50:07.861+0000] {dagbag.py:588} INFO - Filling up the DagBag from /home/airflow/.local/lib/python3.12/site-packages/airflow/example_dags/example_subdag_operator.py
[2025-02-23T04:50:07.884+0000] {processor.py:925} INFO - DAG(s) 'example_subdag_operator.section-1', 'example_subdag_operator.section-2', 'example_subdag_operator' retrieved from /home/airflow/.local/lib/python3.12/site-packages/airflow/example_dags/example_subdag_operator.py
[2025-02-23T04:50:07.900+0000] {logging_mixin.py:190} INFO - [2025-02-23T04:50:07.899+0000] {dag.py:3239} INFO - Sync 3 DAGs
[2025-02-23T04:50:07.921+0000] {logging_mixin.py:190} INFO - [2025-02-23T04:50:07.920+0000] {dag.py:4180} INFO - Setting next_dagrun for example_subdag_operator to 2022-01-01 00:00:00+00:00, run_after=2022-01-01 00:00:00+00:00
[2025-02-23T04:50:07.923+0000] {logging_mixin.py:190} INFO - [2025-02-23T04:50:07.923+0000] {dag.py:4180} INFO - Setting next_dagrun for example_subdag_operator.section-1 to None, run_after=None
[2025-02-23T04:50:07.924+0000] {logging_mixin.py:190} INFO - [2025-02-23T04:50:07.924+0000] {dag.py:4180} INFO - Setting next_dagrun for example_subdag_operator.section-2 to None, run_after=None
[2025-02-23T04:50:07.930+0000] {logging_mixin.py:190} INFO - [2025-02-23T04:50:07.930+0000] {dag.py:3239} INFO - Sync 2 DAGs
[2025-02-23T04:50:07.935+0000] {logging_mixin.py:190} INFO - [2025-02-23T04:50:07.935+0000] {dag.py:4180} INFO - Setting next_dagrun for example_subdag_operator.section-1 to None, run_after=None
[2025-02-23T04:50:07.936+0000] {logging_mixin.py:190} INFO - [2025-02-23T04:50:07.935+0000] {dag.py:4180} INFO - Setting next_dagrun for example_subdag_operator.section-2 to None, run_after=None
[2025-02-23T04:50:07.944+0000] {processor.py:208} INFO - Processing /home/airflow/.local/lib/python3.12/site-packages/airflow/example_dags/example_subdag_operator.py took 0.089 seconds
[2025-02-23T04:50:38.494+0000] {processor.py:186} INFO - Started process (PID=580) to work on /home/airflow/.local/lib/python3.12/site-packages/airflow/example_dags/example_subdag_operator.py
[2025-02-23T04:50:38.495+0000] {processor.py:914} INFO - Processing file /home/airflow/.local/lib/python3.12/site-packages/airflow/example_dags/example_subdag_operator.py for tasks to queue
[2025-02-23T04:50:38.496+0000] {logging_mixin.py:190} INFO - [2025-02-23T04:50:38.496+0000] {dagbag.py:588} INFO - Filling up the DagBag from /home/airflow/.local/lib/python3.12/site-packages/airflow/example_dags/example_subdag_operator.py
[2025-02-23T04:50:38.517+0000] {processor.py:925} INFO - DAG(s) 'example_subdag_operator.section-1', 'example_subdag_operator.section-2', 'example_subdag_operator' retrieved from /home/airflow/.local/lib/python3.12/site-packages/airflow/example_dags/example_subdag_operator.py
[2025-02-23T04:50:38.528+0000] {logging_mixin.py:190} INFO - [2025-02-23T04:50:38.528+0000] {dag.py:3239} INFO - Sync 3 DAGs
[2025-02-23T04:50:38.549+0000] {logging_mixin.py:190} INFO - [2025-02-23T04:50:38.548+0000] {dag.py:4180} INFO - Setting next_dagrun for example_subdag_operator to 2022-01-01 00:00:00+00:00, run_after=2022-01-01 00:00:00+00:00
[2025-02-23T04:50:38.551+0000] {logging_mixin.py:190} INFO - [2025-02-23T04:50:38.551+0000] {dag.py:4180} INFO - Setting next_dagrun for example_subdag_operator.section-1 to None, run_after=None
[2025-02-23T04:50:38.552+0000] {logging_mixin.py:190} INFO - [2025-02-23T04:50:38.552+0000] {dag.py:4180} INFO - Setting next_dagrun for example_subdag_operator.section-2 to None, run_after=None
[2025-02-23T04:50:38.558+0000] {logging_mixin.py:190} INFO - [2025-02-23T04:50:38.558+0000] {dag.py:3239} INFO - Sync 2 DAGs
[2025-02-23T04:50:38.562+0000] {logging_mixin.py:190} INFO - [2025-02-23T04:50:38.562+0000] {dag.py:4180} INFO - Setting next_dagrun for example_subdag_operator.section-1 to None, run_after=None
[2025-02-23T04:50:38.563+0000] {logging_mixin.py:190} INFO - [2025-02-23T04:50:38.563+0000] {dag.py:4180} INFO - Setting next_dagrun for example_subdag_operator.section-2 to None, run_after=None
[2025-02-23T04:50:38.571+0000] {processor.py:208} INFO - Processing /home/airflow/.local/lib/python3.12/site-packages/airflow/example_dags/example_subdag_operator.py took 0.081 seconds
[2025-02-23T04:51:08.952+0000] {processor.py:186} INFO - Started process (PID=643) to work on /home/airflow/.local/lib/python3.12/site-packages/airflow/example_dags/example_subdag_operator.py
[2025-02-23T04:51:08.952+0000] {processor.py:914} INFO - Processing file /home/airflow/.local/lib/python3.12/site-packages/airflow/example_dags/example_subdag_operator.py for tasks to queue
[2025-02-23T04:51:08.954+0000] {logging_mixin.py:190} INFO - [2025-02-23T04:51:08.954+0000] {dagbag.py:588} INFO - Filling up the DagBag from /home/airflow/.local/lib/python3.12/site-packages/airflow/example_dags/example_subdag_operator.py
[2025-02-23T04:51:08.977+0000] {processor.py:925} INFO - DAG(s) 'example_subdag_operator.section-1', 'example_subdag_operator.section-2', 'example_subdag_operator' retrieved from /home/airflow/.local/lib/python3.12/site-packages/airflow/example_dags/example_subdag_operator.py
[2025-02-23T04:51:08.993+0000] {logging_mixin.py:190} INFO - [2025-02-23T04:51:08.992+0000] {dag.py:3239} INFO - Sync 3 DAGs
[2025-02-23T04:51:09.013+0000] {logging_mixin.py:190} INFO - [2025-02-23T04:51:09.013+0000] {dag.py:4180} INFO - Setting next_dagrun for example_subdag_operator to 2022-01-01 00:00:00+00:00, run_after=2022-01-01 00:00:00+00:00
[2025-02-23T04:51:09.016+0000] {logging_mixin.py:190} INFO - [2025-02-23T04:51:09.016+0000] {dag.py:4180} INFO - Setting next_dagrun for example_subdag_operator.section-1 to None, run_after=None
[2025-02-23T04:51:09.017+0000] {logging_mixin.py:190} INFO - [2025-02-23T04:51:09.017+0000] {dag.py:4180} INFO - Setting next_dagrun for example_subdag_operator.section-2 to None, run_after=None
[2025-02-23T04:51:09.022+0000] {logging_mixin.py:190} INFO - [2025-02-23T04:51:09.021+0000] {dag.py:3239} INFO - Sync 2 DAGs
[2025-02-23T04:51:09.026+0000] {logging_mixin.py:190} INFO - [2025-02-23T04:51:09.025+0000] {dag.py:4180} INFO - Setting next_dagrun for example_subdag_operator.section-1 to None, run_after=None
[2025-02-23T04:51:09.026+0000] {logging_mixin.py:190} INFO - [2025-02-23T04:51:09.026+0000] {dag.py:4180} INFO - Setting next_dagrun for example_subdag_operator.section-2 to None, run_after=None
[2025-02-23T04:51:09.033+0000] {processor.py:208} INFO - Processing /home/airflow/.local/lib/python3.12/site-packages/airflow/example_dags/example_subdag_operator.py took 0.086 seconds
[2025-02-23T04:51:39.230+0000] {processor.py:186} INFO - Started process (PID=707) to work on /home/airflow/.local/lib/python3.12/site-packages/airflow/example_dags/example_subdag_operator.py
[2025-02-23T04:51:39.230+0000] {processor.py:914} INFO - Processing file /home/airflow/.local/lib/python3.12/site-packages/airflow/example_dags/example_subdag_operator.py for tasks to queue
[2025-02-23T04:51:39.232+0000] {logging_mixin.py:190} INFO - [2025-02-23T04:51:39.232+0000] {dagbag.py:588} INFO - Filling up the DagBag from /home/airflow/.local/lib/python3.12/site-packages/airflow/example_dags/example_subdag_operator.py
[2025-02-23T04:51:39.257+0000] {processor.py:925} INFO - DAG(s) 'example_subdag_operator.section-1', 'example_subdag_operator.section-2', 'example_subdag_operator' retrieved from /home/airflow/.local/lib/python3.12/site-packages/airflow/example_dags/example_subdag_operator.py
[2025-02-23T04:51:39.273+0000] {logging_mixin.py:190} INFO - [2025-02-23T04:51:39.273+0000] {dag.py:3239} INFO - Sync 3 DAGs
[2025-02-23T04:51:39.296+0000] {logging_mixin.py:190} INFO - [2025-02-23T04:51:39.296+0000] {dag.py:4180} INFO - Setting next_dagrun for example_subdag_operator to 2022-01-01 00:00:00+00:00, run_after=2022-01-01 00:00:00+00:00
[2025-02-23T04:51:39.299+0000] {logging_mixin.py:190} INFO - [2025-02-23T04:51:39.298+0000] {dag.py:4180} INFO - Setting next_dagrun for example_subdag_operator.section-1 to None, run_after=None
[2025-02-23T04:51:39.300+0000] {logging_mixin.py:190} INFO - [2025-02-23T04:51:39.299+0000] {dag.py:4180} INFO - Setting next_dagrun for example_subdag_operator.section-2 to None, run_after=None
[2025-02-23T04:51:39.305+0000] {logging_mixin.py:190} INFO - [2025-02-23T04:51:39.305+0000] {dag.py:3239} INFO - Sync 2 DAGs
[2025-02-23T04:51:39.309+0000] {logging_mixin.py:190} INFO - [2025-02-23T04:51:39.309+0000] {dag.py:4180} INFO - Setting next_dagrun for example_subdag_operator.section-1 to None, run_after=None
[2025-02-23T04:51:39.309+0000] {logging_mixin.py:190} INFO - [2025-02-23T04:51:39.309+0000] {dag.py:4180} INFO - Setting next_dagrun for example_subdag_operator.section-2 to None, run_after=None
[2025-02-23T04:51:39.317+0000] {processor.py:208} INFO - Processing /home/airflow/.local/lib/python3.12/site-packages/airflow/example_dags/example_subdag_operator.py took 0.092 seconds
[2025-02-23T04:52:09.654+0000] {processor.py:186} INFO - Started process (PID=770) to work on /home/airflow/.local/lib/python3.12/site-packages/airflow/example_dags/example_subdag_operator.py
[2025-02-23T04:52:09.655+0000] {processor.py:914} INFO - Processing file /home/airflow/.local/lib/python3.12/site-packages/airflow/example_dags/example_subdag_operator.py for tasks to queue
[2025-02-23T04:52:09.657+0000] {logging_mixin.py:190} INFO - [2025-02-23T04:52:09.656+0000] {dagbag.py:588} INFO - Filling up the DagBag from /home/airflow/.local/lib/python3.12/site-packages/airflow/example_dags/example_subdag_operator.py
[2025-02-23T04:52:09.677+0000] {processor.py:925} INFO - DAG(s) 'example_subdag_operator.section-1', 'example_subdag_operator.section-2', 'example_subdag_operator' retrieved from /home/airflow/.local/lib/python3.12/site-packages/airflow/example_dags/example_subdag_operator.py
[2025-02-23T04:52:09.688+0000] {logging_mixin.py:190} INFO - [2025-02-23T04:52:09.688+0000] {dag.py:3239} INFO - Sync 3 DAGs
[2025-02-23T04:52:09.708+0000] {logging_mixin.py:190} INFO - [2025-02-23T04:52:09.708+0000] {dag.py:4180} INFO - Setting next_dagrun for example_subdag_operator to 2022-01-01 00:00:00+00:00, run_after=2022-01-01 00:00:00+00:00
[2025-02-23T04:52:09.712+0000] {logging_mixin.py:190} INFO - [2025-02-23T04:52:09.712+0000] {dag.py:4180} INFO - Setting next_dagrun for example_subdag_operator.section-1 to None, run_after=None
[2025-02-23T04:52:09.713+0000] {logging_mixin.py:190} INFO - [2025-02-23T04:52:09.713+0000] {dag.py:4180} INFO - Setting next_dagrun for example_subdag_operator.section-2 to None, run_after=None
[2025-02-23T04:52:09.718+0000] {logging_mixin.py:190} INFO - [2025-02-23T04:52:09.718+0000] {dag.py:3239} INFO - Sync 2 DAGs
[2025-02-23T04:52:09.723+0000] {logging_mixin.py:190} INFO - [2025-02-23T04:52:09.723+0000] {dag.py:4180} INFO - Setting next_dagrun for example_subdag_operator.section-1 to None, run_after=None
[2025-02-23T04:52:09.723+0000] {logging_mixin.py:190} INFO - [2025-02-23T04:52:09.723+0000] {dag.py:4180} INFO - Setting next_dagrun for example_subdag_operator.section-2 to None, run_after=None
[2025-02-23T04:52:09.732+0000] {processor.py:208} INFO - Processing /home/airflow/.local/lib/python3.12/site-packages/airflow/example_dags/example_subdag_operator.py took 0.082 seconds
[2025-02-23T04:52:39.851+0000] {processor.py:186} INFO - Started process (PID=833) to work on /home/airflow/.local/lib/python3.12/site-packages/airflow/example_dags/example_subdag_operator.py
[2025-02-23T04:52:39.851+0000] {processor.py:914} INFO - Processing file /home/airflow/.local/lib/python3.12/site-packages/airflow/example_dags/example_subdag_operator.py for tasks to queue
[2025-02-23T04:52:39.853+0000] {logging_mixin.py:190} INFO - [2025-02-23T04:52:39.853+0000] {dagbag.py:588} INFO - Filling up the DagBag from /home/airflow/.local/lib/python3.12/site-packages/airflow/example_dags/example_subdag_operator.py
[2025-02-23T04:52:39.873+0000] {processor.py:925} INFO - DAG(s) 'example_subdag_operator.section-1', 'example_subdag_operator.section-2', 'example_subdag_operator' retrieved from /home/airflow/.local/lib/python3.12/site-packages/airflow/example_dags/example_subdag_operator.py
[2025-02-23T04:52:39.889+0000] {logging_mixin.py:190} INFO - [2025-02-23T04:52:39.889+0000] {dag.py:3239} INFO - Sync 3 DAGs
[2025-02-23T04:52:39.908+0000] {logging_mixin.py:190} INFO - [2025-02-23T04:52:39.908+0000] {dag.py:4180} INFO - Setting next_dagrun for example_subdag_operator to 2022-01-01 00:00:00+00:00, run_after=2022-01-01 00:00:00+00:00
[2025-02-23T04:52:39.911+0000] {logging_mixin.py:190} INFO - [2025-02-23T04:52:39.911+0000] {dag.py:4180} INFO - Setting next_dagrun for example_subdag_operator.section-1 to None, run_after=None
[2025-02-23T04:52:39.912+0000] {logging_mixin.py:190} INFO - [2025-02-23T04:52:39.911+0000] {dag.py:4180} INFO - Setting next_dagrun for example_subdag_operator.section-2 to None, run_after=None
[2025-02-23T04:52:39.917+0000] {logging_mixin.py:190} INFO - [2025-02-23T04:52:39.916+0000] {dag.py:3239} INFO - Sync 2 DAGs
[2025-02-23T04:52:39.920+0000] {logging_mixin.py:190} INFO - [2025-02-23T04:52:39.920+0000] {dag.py:4180} INFO - Setting next_dagrun for example_subdag_operator.section-1 to None, run_after=None
[2025-02-23T04:52:39.921+0000] {logging_mixin.py:190} INFO - [2025-02-23T04:52:39.921+0000] {dag.py:4180} INFO - Setting next_dagrun for example_subdag_operator.section-2 to None, run_after=None
[2025-02-23T04:52:39.928+0000] {processor.py:208} INFO - Processing /home/airflow/.local/lib/python3.12/site-packages/airflow/example_dags/example_subdag_operator.py took 0.082 seconds
[2025-02-23T04:53:10.227+0000] {processor.py:186} INFO - Started process (PID=896) to work on /home/airflow/.local/lib/python3.12/site-packages/airflow/example_dags/example_subdag_operator.py
[2025-02-23T04:53:10.228+0000] {processor.py:914} INFO - Processing file /home/airflow/.local/lib/python3.12/site-packages/airflow/example_dags/example_subdag_operator.py for tasks to queue
[2025-02-23T04:53:10.229+0000] {logging_mixin.py:190} INFO - [2025-02-23T04:53:10.229+0000] {dagbag.py:588} INFO - Filling up the DagBag from /home/airflow/.local/lib/python3.12/site-packages/airflow/example_dags/example_subdag_operator.py
[2025-02-23T04:53:10.251+0000] {processor.py:925} INFO - DAG(s) 'example_subdag_operator.section-1', 'example_subdag_operator.section-2', 'example_subdag_operator' retrieved from /home/airflow/.local/lib/python3.12/site-packages/airflow/example_dags/example_subdag_operator.py
[2025-02-23T04:53:10.267+0000] {logging_mixin.py:190} INFO - [2025-02-23T04:53:10.267+0000] {dag.py:3239} INFO - Sync 3 DAGs
[2025-02-23T04:53:10.288+0000] {logging_mixin.py:190} INFO - [2025-02-23T04:53:10.287+0000] {dag.py:4180} INFO - Setting next_dagrun for example_subdag_operator to 2022-01-01 00:00:00+00:00, run_after=2022-01-01 00:00:00+00:00
[2025-02-23T04:53:10.290+0000] {logging_mixin.py:190} INFO - [2025-02-23T04:53:10.290+0000] {dag.py:4180} INFO - Setting next_dagrun for example_subdag_operator.section-1 to None, run_after=None
[2025-02-23T04:53:10.291+0000] {logging_mixin.py:190} INFO - [2025-02-23T04:53:10.291+0000] {dag.py:4180} INFO - Setting next_dagrun for example_subdag_operator.section-2 to None, run_after=None
[2025-02-23T04:53:10.297+0000] {logging_mixin.py:190} INFO - [2025-02-23T04:53:10.297+0000] {dag.py:3239} INFO - Sync 2 DAGs
[2025-02-23T04:53:10.302+0000] {logging_mixin.py:190} INFO - [2025-02-23T04:53:10.302+0000] {dag.py:4180} INFO - Setting next_dagrun for example_subdag_operator.section-1 to None, run_after=None
[2025-02-23T04:53:10.302+0000] {logging_mixin.py:190} INFO - [2025-02-23T04:53:10.302+0000] {dag.py:4180} INFO - Setting next_dagrun for example_subdag_operator.section-2 to None, run_after=None
[2025-02-23T04:53:10.312+0000] {processor.py:208} INFO - Processing /home/airflow/.local/lib/python3.12/site-packages/airflow/example_dags/example_subdag_operator.py took 0.090 seconds
[2025-02-23T04:53:40.865+0000] {processor.py:186} INFO - Started process (PID=959) to work on /home/airflow/.local/lib/python3.12/site-packages/airflow/example_dags/example_subdag_operator.py
[2025-02-23T04:53:40.865+0000] {processor.py:914} INFO - Processing file /home/airflow/.local/lib/python3.12/site-packages/airflow/example_dags/example_subdag_operator.py for tasks to queue
[2025-02-23T04:53:40.867+0000] {logging_mixin.py:190} INFO - [2025-02-23T04:53:40.867+0000] {dagbag.py:588} INFO - Filling up the DagBag from /home/airflow/.local/lib/python3.12/site-packages/airflow/example_dags/example_subdag_operator.py
[2025-02-23T04:53:40.888+0000] {processor.py:925} INFO - DAG(s) 'example_subdag_operator.section-1', 'example_subdag_operator.section-2', 'example_subdag_operator' retrieved from /home/airflow/.local/lib/python3.12/site-packages/airflow/example_dags/example_subdag_operator.py
[2025-02-23T04:53:40.901+0000] {logging_mixin.py:190} INFO - [2025-02-23T04:53:40.901+0000] {dag.py:3239} INFO - Sync 3 DAGs
[2025-02-23T04:53:40.923+0000] {logging_mixin.py:190} INFO - [2025-02-23T04:53:40.923+0000] {dag.py:4180} INFO - Setting next_dagrun for example_subdag_operator to 2022-01-01 00:00:00+00:00, run_after=2022-01-01 00:00:00+00:00
[2025-02-23T04:53:40.926+0000] {logging_mixin.py:190} INFO - [2025-02-23T04:53:40.926+0000] {dag.py:4180} INFO - Setting next_dagrun for example_subdag_operator.section-1 to None, run_after=None
[2025-02-23T04:53:40.927+0000] {logging_mixin.py:190} INFO - [2025-02-23T04:53:40.927+0000] {dag.py:4180} INFO - Setting next_dagrun for example_subdag_operator.section-2 to None, run_after=None
[2025-02-23T04:53:40.932+0000] {logging_mixin.py:190} INFO - [2025-02-23T04:53:40.932+0000] {dag.py:3239} INFO - Sync 2 DAGs
[2025-02-23T04:53:40.936+0000] {logging_mixin.py:190} INFO - [2025-02-23T04:53:40.936+0000] {dag.py:4180} INFO - Setting next_dagrun for example_subdag_operator.section-1 to None, run_after=None
[2025-02-23T04:53:40.937+0000] {logging_mixin.py:190} INFO - [2025-02-23T04:53:40.937+0000] {dag.py:4180} INFO - Setting next_dagrun for example_subdag_operator.section-2 to None, run_after=None
[2025-02-23T04:53:40.945+0000] {processor.py:208} INFO - Processing /home/airflow/.local/lib/python3.12/site-packages/airflow/example_dags/example_subdag_operator.py took 0.084 seconds
[2025-02-23T04:54:11.170+0000] {processor.py:186} INFO - Started process (PID=1022) to work on /home/airflow/.local/lib/python3.12/site-packages/airflow/example_dags/example_subdag_operator.py
[2025-02-23T04:54:11.171+0000] {processor.py:914} INFO - Processing file /home/airflow/.local/lib/python3.12/site-packages/airflow/example_dags/example_subdag_operator.py for tasks to queue
[2025-02-23T04:54:11.172+0000] {logging_mixin.py:190} INFO - [2025-02-23T04:54:11.172+0000] {dagbag.py:588} INFO - Filling up the DagBag from /home/airflow/.local/lib/python3.12/site-packages/airflow/example_dags/example_subdag_operator.py
[2025-02-23T04:54:11.191+0000] {processor.py:925} INFO - DAG(s) 'example_subdag_operator.section-1', 'example_subdag_operator.section-2', 'example_subdag_operator' retrieved from /home/airflow/.local/lib/python3.12/site-packages/airflow/example_dags/example_subdag_operator.py
[2025-02-23T04:54:11.203+0000] {logging_mixin.py:190} INFO - [2025-02-23T04:54:11.202+0000] {dag.py:3239} INFO - Sync 3 DAGs
[2025-02-23T04:54:11.221+0000] {logging_mixin.py:190} INFO - [2025-02-23T04:54:11.220+0000] {dag.py:4180} INFO - Setting next_dagrun for example_subdag_operator to 2022-01-01 00:00:00+00:00, run_after=2022-01-01 00:00:00+00:00
[2025-02-23T04:54:11.223+0000] {logging_mixin.py:190} INFO - [2025-02-23T04:54:11.223+0000] {dag.py:4180} INFO - Setting next_dagrun for example_subdag_operator.section-1 to None, run_after=None
[2025-02-23T04:54:11.224+0000] {logging_mixin.py:190} INFO - [2025-02-23T04:54:11.224+0000] {dag.py:4180} INFO - Setting next_dagrun for example_subdag_operator.section-2 to None, run_after=None
[2025-02-23T04:54:11.229+0000] {logging_mixin.py:190} INFO - [2025-02-23T04:54:11.229+0000] {dag.py:3239} INFO - Sync 2 DAGs
[2025-02-23T04:54:11.233+0000] {logging_mixin.py:190} INFO - [2025-02-23T04:54:11.233+0000] {dag.py:4180} INFO - Setting next_dagrun for example_subdag_operator.section-1 to None, run_after=None
[2025-02-23T04:54:11.233+0000] {logging_mixin.py:190} INFO - [2025-02-23T04:54:11.233+0000] {dag.py:4180} INFO - Setting next_dagrun for example_subdag_operator.section-2 to None, run_after=None
[2025-02-23T04:54:11.241+0000] {processor.py:208} INFO - Processing /home/airflow/.local/lib/python3.12/site-packages/airflow/example_dags/example_subdag_operator.py took 0.075 seconds
[2025-02-23T04:54:41.562+0000] {processor.py:186} INFO - Started process (PID=1085) to work on /home/airflow/.local/lib/python3.12/site-packages/airflow/example_dags/example_subdag_operator.py
[2025-02-23T04:54:41.562+0000] {processor.py:914} INFO - Processing file /home/airflow/.local/lib/python3.12/site-packages/airflow/example_dags/example_subdag_operator.py for tasks to queue
[2025-02-23T04:54:41.565+0000] {logging_mixin.py:190} INFO - [2025-02-23T04:54:41.564+0000] {dagbag.py:588} INFO - Filling up the DagBag from /home/airflow/.local/lib/python3.12/site-packages/airflow/example_dags/example_subdag_operator.py
[2025-02-23T04:54:41.597+0000] {processor.py:925} INFO - DAG(s) 'example_subdag_operator.section-1', 'example_subdag_operator.section-2', 'example_subdag_operator' retrieved from /home/airflow/.local/lib/python3.12/site-packages/airflow/example_dags/example_subdag_operator.py
[2025-02-23T04:54:41.614+0000] {logging_mixin.py:190} INFO - [2025-02-23T04:54:41.614+0000] {dag.py:3239} INFO - Sync 3 DAGs
[2025-02-23T04:54:41.639+0000] {logging_mixin.py:190} INFO - [2025-02-23T04:54:41.639+0000] {dag.py:4180} INFO - Setting next_dagrun for example_subdag_operator to 2022-01-01 00:00:00+00:00, run_after=2022-01-01 00:00:00+00:00
[2025-02-23T04:54:41.643+0000] {logging_mixin.py:190} INFO - [2025-02-23T04:54:41.643+0000] {dag.py:4180} INFO - Setting next_dagrun for example_subdag_operator.section-1 to None, run_after=None
[2025-02-23T04:54:41.644+0000] {logging_mixin.py:190} INFO - [2025-02-23T04:54:41.644+0000] {dag.py:4180} INFO - Setting next_dagrun for example_subdag_operator.section-2 to None, run_after=None
[2025-02-23T04:54:41.651+0000] {logging_mixin.py:190} INFO - [2025-02-23T04:54:41.651+0000] {dag.py:3239} INFO - Sync 2 DAGs
[2025-02-23T04:54:41.657+0000] {logging_mixin.py:190} INFO - [2025-02-23T04:54:41.656+0000] {dag.py:4180} INFO - Setting next_dagrun for example_subdag_operator.section-1 to None, run_after=None
[2025-02-23T04:54:41.657+0000] {logging_mixin.py:190} INFO - [2025-02-23T04:54:41.657+0000] {dag.py:4180} INFO - Setting next_dagrun for example_subdag_operator.section-2 to None, run_after=None
[2025-02-23T04:54:41.665+0000] {processor.py:208} INFO - Processing /home/airflow/.local/lib/python3.12/site-packages/airflow/example_dags/example_subdag_operator.py took 0.110 seconds
[2025-02-23T04:55:11.757+0000] {processor.py:186} INFO - Started process (PID=1148) to work on /home/airflow/.local/lib/python3.12/site-packages/airflow/example_dags/example_subdag_operator.py
[2025-02-23T04:55:11.758+0000] {processor.py:914} INFO - Processing file /home/airflow/.local/lib/python3.12/site-packages/airflow/example_dags/example_subdag_operator.py for tasks to queue
[2025-02-23T04:55:11.760+0000] {logging_mixin.py:190} INFO - [2025-02-23T04:55:11.760+0000] {dagbag.py:588} INFO - Filling up the DagBag from /home/airflow/.local/lib/python3.12/site-packages/airflow/example_dags/example_subdag_operator.py
[2025-02-23T04:55:11.783+0000] {processor.py:925} INFO - DAG(s) 'example_subdag_operator.section-1', 'example_subdag_operator.section-2', 'example_subdag_operator' retrieved from /home/airflow/.local/lib/python3.12/site-packages/airflow/example_dags/example_subdag_operator.py
[2025-02-23T04:55:11.798+0000] {logging_mixin.py:190} INFO - [2025-02-23T04:55:11.798+0000] {dag.py:3239} INFO - Sync 3 DAGs
[2025-02-23T04:55:11.833+0000] {logging_mixin.py:190} INFO - [2025-02-23T04:55:11.832+0000] {dag.py:4180} INFO - Setting next_dagrun for example_subdag_operator to 2022-01-01 00:00:00+00:00, run_after=2022-01-01 00:00:00+00:00
[2025-02-23T04:55:11.836+0000] {logging_mixin.py:190} INFO - [2025-02-23T04:55:11.836+0000] {dag.py:4180} INFO - Setting next_dagrun for example_subdag_operator.section-1 to None, run_after=None
[2025-02-23T04:55:11.837+0000] {logging_mixin.py:190} INFO - [2025-02-23T04:55:11.837+0000] {dag.py:4180} INFO - Setting next_dagrun for example_subdag_operator.section-2 to None, run_after=None
[2025-02-23T04:55:11.844+0000] {logging_mixin.py:190} INFO - [2025-02-23T04:55:11.844+0000] {dag.py:3239} INFO - Sync 2 DAGs
[2025-02-23T04:55:11.850+0000] {logging_mixin.py:190} INFO - [2025-02-23T04:55:11.850+0000] {dag.py:4180} INFO - Setting next_dagrun for example_subdag_operator.section-1 to None, run_after=None
[2025-02-23T04:55:11.851+0000] {logging_mixin.py:190} INFO - [2025-02-23T04:55:11.850+0000] {dag.py:4180} INFO - Setting next_dagrun for example_subdag_operator.section-2 to None, run_after=None
[2025-02-23T04:55:11.860+0000] {processor.py:208} INFO - Processing /home/airflow/.local/lib/python3.12/site-packages/airflow/example_dags/example_subdag_operator.py took 0.107 seconds
[2025-02-23T04:55:41.955+0000] {processor.py:186} INFO - Started process (PID=1211) to work on /home/airflow/.local/lib/python3.12/site-packages/airflow/example_dags/example_subdag_operator.py
[2025-02-23T04:55:41.955+0000] {processor.py:914} INFO - Processing file /home/airflow/.local/lib/python3.12/site-packages/airflow/example_dags/example_subdag_operator.py for tasks to queue
[2025-02-23T04:55:41.957+0000] {logging_mixin.py:190} INFO - [2025-02-23T04:55:41.957+0000] {dagbag.py:588} INFO - Filling up the DagBag from /home/airflow/.local/lib/python3.12/site-packages/airflow/example_dags/example_subdag_operator.py
[2025-02-23T04:55:41.984+0000] {processor.py:925} INFO - DAG(s) 'example_subdag_operator.section-1', 'example_subdag_operator.section-2', 'example_subdag_operator' retrieved from /home/airflow/.local/lib/python3.12/site-packages/airflow/example_dags/example_subdag_operator.py
[2025-02-23T04:55:41.997+0000] {logging_mixin.py:190} INFO - [2025-02-23T04:55:41.997+0000] {dag.py:3239} INFO - Sync 3 DAGs
[2025-02-23T04:55:42.018+0000] {logging_mixin.py:190} INFO - [2025-02-23T04:55:42.018+0000] {dag.py:4180} INFO - Setting next_dagrun for example_subdag_operator to 2022-01-01 00:00:00+00:00, run_after=2022-01-01 00:00:00+00:00
[2025-02-23T04:55:42.021+0000] {logging_mixin.py:190} INFO - [2025-02-23T04:55:42.021+0000] {dag.py:4180} INFO - Setting next_dagrun for example_subdag_operator.section-1 to None, run_after=None
[2025-02-23T04:55:42.022+0000] {logging_mixin.py:190} INFO - [2025-02-23T04:55:42.022+0000] {dag.py:4180} INFO - Setting next_dagrun for example_subdag_operator.section-2 to None, run_after=None
[2025-02-23T04:55:42.027+0000] {logging_mixin.py:190} INFO - [2025-02-23T04:55:42.027+0000] {dag.py:3239} INFO - Sync 2 DAGs
[2025-02-23T04:55:42.031+0000] {logging_mixin.py:190} INFO - [2025-02-23T04:55:42.031+0000] {dag.py:4180} INFO - Setting next_dagrun for example_subdag_operator.section-1 to None, run_after=None
[2025-02-23T04:55:42.032+0000] {logging_mixin.py:190} INFO - [2025-02-23T04:55:42.032+0000] {dag.py:4180} INFO - Setting next_dagrun for example_subdag_operator.section-2 to None, run_after=None
[2025-02-23T04:55:42.039+0000] {processor.py:208} INFO - Processing /home/airflow/.local/lib/python3.12/site-packages/airflow/example_dags/example_subdag_operator.py took 0.091 seconds
[2025-02-23T04:56:12.141+0000] {processor.py:186} INFO - Started process (PID=1274) to work on /home/airflow/.local/lib/python3.12/site-packages/airflow/example_dags/example_subdag_operator.py
[2025-02-23T04:56:12.141+0000] {processor.py:914} INFO - Processing file /home/airflow/.local/lib/python3.12/site-packages/airflow/example_dags/example_subdag_operator.py for tasks to queue
[2025-02-23T04:56:12.143+0000] {logging_mixin.py:190} INFO - [2025-02-23T04:56:12.143+0000] {dagbag.py:588} INFO - Filling up the DagBag from /home/airflow/.local/lib/python3.12/site-packages/airflow/example_dags/example_subdag_operator.py
[2025-02-23T04:56:12.165+0000] {processor.py:925} INFO - DAG(s) 'example_subdag_operator.section-1', 'example_subdag_operator.section-2', 'example_subdag_operator' retrieved from /home/airflow/.local/lib/python3.12/site-packages/airflow/example_dags/example_subdag_operator.py
[2025-02-23T04:56:12.177+0000] {logging_mixin.py:190} INFO - [2025-02-23T04:56:12.177+0000] {dag.py:3239} INFO - Sync 3 DAGs
[2025-02-23T04:56:12.198+0000] {logging_mixin.py:190} INFO - [2025-02-23T04:56:12.197+0000] {dag.py:4180} INFO - Setting next_dagrun for example_subdag_operator to 2022-01-01 00:00:00+00:00, run_after=2022-01-01 00:00:00+00:00
[2025-02-23T04:56:12.200+0000] {logging_mixin.py:190} INFO - [2025-02-23T04:56:12.200+0000] {dag.py:4180} INFO - Setting next_dagrun for example_subdag_operator.section-1 to None, run_after=None
[2025-02-23T04:56:12.201+0000] {logging_mixin.py:190} INFO - [2025-02-23T04:56:12.201+0000] {dag.py:4180} INFO - Setting next_dagrun for example_subdag_operator.section-2 to None, run_after=None
[2025-02-23T04:56:12.206+0000] {logging_mixin.py:190} INFO - [2025-02-23T04:56:12.206+0000] {dag.py:3239} INFO - Sync 2 DAGs
[2025-02-23T04:56:12.210+0000] {logging_mixin.py:190} INFO - [2025-02-23T04:56:12.210+0000] {dag.py:4180} INFO - Setting next_dagrun for example_subdag_operator.section-1 to None, run_after=None
[2025-02-23T04:56:12.210+0000] {logging_mixin.py:190} INFO - [2025-02-23T04:56:12.210+0000] {dag.py:4180} INFO - Setting next_dagrun for example_subdag_operator.section-2 to None, run_after=None
[2025-02-23T04:56:12.218+0000] {processor.py:208} INFO - Processing /home/airflow/.local/lib/python3.12/site-packages/airflow/example_dags/example_subdag_operator.py took 0.081 seconds
