[2025-02-23T04:46:42.143+0000] {processor.py:186} INFO - Started process (PID=101) to work on /home/airflow/.local/lib/python3.12/site-packages/airflow/example_dags/example_inlet_event_extra.py
[2025-02-23T04:46:42.143+0000] {processor.py:914} INFO - Processing file /home/airflow/.local/lib/python3.12/site-packages/airflow/example_dags/example_inlet_event_extra.py for tasks to queue
[2025-02-23T04:46:42.145+0000] {logging_mixin.py:190} INFO - [2025-02-23T04:46:42.144+0000] {dagbag.py:588} INFO - Filling up the DagBag from /home/airflow/.local/lib/python3.12/site-packages/airflow/example_dags/example_inlet_event_extra.py
[2025-02-23T04:46:42.840+0000] {processor.py:925} INFO - DAG(s) 'read_dataset_event_from_classic', 'read_dataset_event' retrieved from /home/airflow/.local/lib/python3.12/site-packages/airflow/example_dags/example_inlet_event_extra.py
[2025-02-23T04:46:42.938+0000] {logging_mixin.py:190} INFO - [2025-02-23T04:46:42.938+0000] {override.py:1911} INFO - Created Permission View: can read on DAG:read_dataset_event_from_classic
[2025-02-23T04:46:42.946+0000] {logging_mixin.py:190} INFO - [2025-02-23T04:46:42.946+0000] {override.py:1911} INFO - Created Permission View: can delete on DAG:read_dataset_event_from_classic
[2025-02-23T04:46:42.950+0000] {logging_mixin.py:190} INFO - [2025-02-23T04:46:42.950+0000] {override.py:1911} INFO - Created Permission View: can edit on DAG:read_dataset_event_from_classic
[2025-02-23T04:46:42.955+0000] {logging_mixin.py:190} INFO - [2025-02-23T04:46:42.955+0000] {override.py:1911} INFO - Created Permission View: can read on DAG Run:read_dataset_event_from_classic
[2025-02-23T04:46:42.959+0000] {logging_mixin.py:190} INFO - [2025-02-23T04:46:42.959+0000] {override.py:1911} INFO - Created Permission View: menu access on DAG Run:read_dataset_event_from_classic
[2025-02-23T04:46:42.964+0000] {logging_mixin.py:190} INFO - [2025-02-23T04:46:42.964+0000] {override.py:1911} INFO - Created Permission View: can create on DAG Run:read_dataset_event_from_classic
[2025-02-23T04:46:42.969+0000] {logging_mixin.py:190} INFO - [2025-02-23T04:46:42.968+0000] {override.py:1911} INFO - Created Permission View: can delete on DAG Run:read_dataset_event_from_classic
[2025-02-23T04:46:42.977+0000] {logging_mixin.py:190} INFO - [2025-02-23T04:46:42.977+0000] {override.py:1911} INFO - Created Permission View: can read on DAG:read_dataset_event
[2025-02-23T04:46:42.981+0000] {logging_mixin.py:190} INFO - [2025-02-23T04:46:42.981+0000] {override.py:1911} INFO - Created Permission View: can delete on DAG:read_dataset_event
[2025-02-23T04:46:42.986+0000] {logging_mixin.py:190} INFO - [2025-02-23T04:46:42.986+0000] {override.py:1911} INFO - Created Permission View: can edit on DAG:read_dataset_event
[2025-02-23T04:46:42.990+0000] {logging_mixin.py:190} INFO - [2025-02-23T04:46:42.990+0000] {override.py:1911} INFO - Created Permission View: can read on DAG Run:read_dataset_event
[2025-02-23T04:46:42.995+0000] {logging_mixin.py:190} INFO - [2025-02-23T04:46:42.995+0000] {override.py:1911} INFO - Created Permission View: menu access on DAG Run:read_dataset_event
[2025-02-23T04:46:43.000+0000] {logging_mixin.py:190} INFO - [2025-02-23T04:46:43.000+0000] {override.py:1911} INFO - Created Permission View: can create on DAG Run:read_dataset_event
[2025-02-23T04:46:43.004+0000] {logging_mixin.py:190} INFO - [2025-02-23T04:46:43.004+0000] {override.py:1911} INFO - Created Permission View: can delete on DAG Run:read_dataset_event
[2025-02-23T04:46:43.005+0000] {logging_mixin.py:190} INFO - [2025-02-23T04:46:43.004+0000] {dag.py:3239} INFO - Sync 2 DAGs
[2025-02-23T04:46:43.017+0000] {logging_mixin.py:190} INFO - [2025-02-23T04:46:43.017+0000] {dag.py:3262} INFO - Creating ORM DAG for read_dataset_event_from_classic
[2025-02-23T04:46:43.018+0000] {logging_mixin.py:190} INFO - [2025-02-23T04:46:43.018+0000] {dag.py:3262} INFO - Creating ORM DAG for read_dataset_event
[2025-02-23T04:46:43.026+0000] {logging_mixin.py:190} INFO - [2025-02-23T04:46:43.026+0000] {dag.py:4180} INFO - Setting next_dagrun for read_dataset_event to 2025-02-22 00:00:00+00:00, run_after=2025-02-23 00:00:00+00:00
[2025-02-23T04:46:43.028+0000] {logging_mixin.py:190} INFO - [2025-02-23T04:46:43.027+0000] {dag.py:4180} INFO - Setting next_dagrun for read_dataset_event_from_classic to 2025-02-22 00:00:00+00:00, run_after=2025-02-23 00:00:00+00:00
[2025-02-23T04:46:43.039+0000] {processor.py:208} INFO - Processing /home/airflow/.local/lib/python3.12/site-packages/airflow/example_dags/example_inlet_event_extra.py took 0.901 seconds
[2025-02-23T04:47:13.072+0000] {processor.py:186} INFO - Started process (PID=166) to work on /home/airflow/.local/lib/python3.12/site-packages/airflow/example_dags/example_inlet_event_extra.py
[2025-02-23T04:47:13.072+0000] {processor.py:914} INFO - Processing file /home/airflow/.local/lib/python3.12/site-packages/airflow/example_dags/example_inlet_event_extra.py for tasks to queue
[2025-02-23T04:47:13.074+0000] {logging_mixin.py:190} INFO - [2025-02-23T04:47:13.073+0000] {dagbag.py:588} INFO - Filling up the DagBag from /home/airflow/.local/lib/python3.12/site-packages/airflow/example_dags/example_inlet_event_extra.py
[2025-02-23T04:47:13.602+0000] {processor.py:925} INFO - DAG(s) 'read_dataset_event', 'read_dataset_event_from_classic' retrieved from /home/airflow/.local/lib/python3.12/site-packages/airflow/example_dags/example_inlet_event_extra.py
[2025-02-23T04:47:13.620+0000] {logging_mixin.py:190} INFO - [2025-02-23T04:47:13.619+0000] {dag.py:3239} INFO - Sync 2 DAGs
[2025-02-23T04:47:13.643+0000] {logging_mixin.py:190} INFO - [2025-02-23T04:47:13.642+0000] {dag.py:4180} INFO - Setting next_dagrun for read_dataset_event to 2025-02-22 00:00:00+00:00, run_after=2025-02-23 00:00:00+00:00
[2025-02-23T04:47:13.647+0000] {logging_mixin.py:190} INFO - [2025-02-23T04:47:13.647+0000] {dag.py:4180} INFO - Setting next_dagrun for read_dataset_event_from_classic to 2025-02-22 00:00:00+00:00, run_after=2025-02-23 00:00:00+00:00
[2025-02-23T04:47:13.658+0000] {processor.py:208} INFO - Processing /home/airflow/.local/lib/python3.12/site-packages/airflow/example_dags/example_inlet_event_extra.py took 0.591 seconds
[2025-02-23T04:47:44.359+0000] {processor.py:186} INFO - Started process (PID=229) to work on /home/airflow/.local/lib/python3.12/site-packages/airflow/example_dags/example_inlet_event_extra.py
[2025-02-23T04:47:44.360+0000] {processor.py:914} INFO - Processing file /home/airflow/.local/lib/python3.12/site-packages/airflow/example_dags/example_inlet_event_extra.py for tasks to queue
[2025-02-23T04:47:44.362+0000] {logging_mixin.py:190} INFO - [2025-02-23T04:47:44.362+0000] {dagbag.py:588} INFO - Filling up the DagBag from /home/airflow/.local/lib/python3.12/site-packages/airflow/example_dags/example_inlet_event_extra.py
[2025-02-23T04:47:44.944+0000] {processor.py:925} INFO - DAG(s) 'read_dataset_event_from_classic', 'read_dataset_event' retrieved from /home/airflow/.local/lib/python3.12/site-packages/airflow/example_dags/example_inlet_event_extra.py
[2025-02-23T04:47:44.965+0000] {logging_mixin.py:190} INFO - [2025-02-23T04:47:44.964+0000] {dag.py:3239} INFO - Sync 2 DAGs
[2025-02-23T04:47:44.989+0000] {logging_mixin.py:190} INFO - [2025-02-23T04:47:44.989+0000] {dag.py:4180} INFO - Setting next_dagrun for read_dataset_event to 2025-02-22 00:00:00+00:00, run_after=2025-02-23 00:00:00+00:00
[2025-02-23T04:47:44.993+0000] {logging_mixin.py:190} INFO - [2025-02-23T04:47:44.993+0000] {dag.py:4180} INFO - Setting next_dagrun for read_dataset_event_from_classic to 2025-02-22 00:00:00+00:00, run_after=2025-02-23 00:00:00+00:00
[2025-02-23T04:47:45.004+0000] {processor.py:208} INFO - Processing /home/airflow/.local/lib/python3.12/site-packages/airflow/example_dags/example_inlet_event_extra.py took 0.649 seconds
[2025-02-23T04:48:15.819+0000] {processor.py:186} INFO - Started process (PID=297) to work on /home/airflow/.local/lib/python3.12/site-packages/airflow/example_dags/example_inlet_event_extra.py
[2025-02-23T04:48:15.820+0000] {processor.py:914} INFO - Processing file /home/airflow/.local/lib/python3.12/site-packages/airflow/example_dags/example_inlet_event_extra.py for tasks to queue
[2025-02-23T04:48:15.821+0000] {logging_mixin.py:190} INFO - [2025-02-23T04:48:15.821+0000] {dagbag.py:588} INFO - Filling up the DagBag from /home/airflow/.local/lib/python3.12/site-packages/airflow/example_dags/example_inlet_event_extra.py
[2025-02-23T04:48:16.393+0000] {processor.py:925} INFO - DAG(s) 'read_dataset_event_from_classic', 'read_dataset_event' retrieved from /home/airflow/.local/lib/python3.12/site-packages/airflow/example_dags/example_inlet_event_extra.py
[2025-02-23T04:48:16.413+0000] {logging_mixin.py:190} INFO - [2025-02-23T04:48:16.413+0000] {dag.py:3239} INFO - Sync 2 DAGs
[2025-02-23T04:48:16.435+0000] {logging_mixin.py:190} INFO - [2025-02-23T04:48:16.435+0000] {dag.py:4180} INFO - Setting next_dagrun for read_dataset_event to 2025-02-22 00:00:00+00:00, run_after=2025-02-23 00:00:00+00:00
[2025-02-23T04:48:16.439+0000] {logging_mixin.py:190} INFO - [2025-02-23T04:48:16.439+0000] {dag.py:4180} INFO - Setting next_dagrun for read_dataset_event_from_classic to 2025-02-22 00:00:00+00:00, run_after=2025-02-23 00:00:00+00:00
[2025-02-23T04:48:16.451+0000] {processor.py:208} INFO - Processing /home/airflow/.local/lib/python3.12/site-packages/airflow/example_dags/example_inlet_event_extra.py took 0.636 seconds
[2025-02-23T04:48:46.677+0000] {processor.py:186} INFO - Started process (PID=365) to work on /home/airflow/.local/lib/python3.12/site-packages/airflow/example_dags/example_inlet_event_extra.py
[2025-02-23T04:48:46.677+0000] {processor.py:914} INFO - Processing file /home/airflow/.local/lib/python3.12/site-packages/airflow/example_dags/example_inlet_event_extra.py for tasks to queue
[2025-02-23T04:48:46.679+0000] {logging_mixin.py:190} INFO - [2025-02-23T04:48:46.679+0000] {dagbag.py:588} INFO - Filling up the DagBag from /home/airflow/.local/lib/python3.12/site-packages/airflow/example_dags/example_inlet_event_extra.py
[2025-02-23T04:48:47.267+0000] {processor.py:925} INFO - DAG(s) 'read_dataset_event', 'read_dataset_event_from_classic' retrieved from /home/airflow/.local/lib/python3.12/site-packages/airflow/example_dags/example_inlet_event_extra.py
[2025-02-23T04:48:47.285+0000] {logging_mixin.py:190} INFO - [2025-02-23T04:48:47.285+0000] {dag.py:3239} INFO - Sync 2 DAGs
[2025-02-23T04:48:47.311+0000] {logging_mixin.py:190} INFO - [2025-02-23T04:48:47.310+0000] {dag.py:4180} INFO - Setting next_dagrun for read_dataset_event to 2025-02-22 00:00:00+00:00, run_after=2025-02-23 00:00:00+00:00
[2025-02-23T04:48:47.317+0000] {logging_mixin.py:190} INFO - [2025-02-23T04:48:47.316+0000] {dag.py:4180} INFO - Setting next_dagrun for read_dataset_event_from_classic to 2025-02-22 00:00:00+00:00, run_after=2025-02-23 00:00:00+00:00
[2025-02-23T04:48:47.330+0000] {processor.py:208} INFO - Processing /home/airflow/.local/lib/python3.12/site-packages/airflow/example_dags/example_inlet_event_extra.py took 0.657 seconds
[2025-02-23T04:49:17.386+0000] {processor.py:186} INFO - Started process (PID=429) to work on /home/airflow/.local/lib/python3.12/site-packages/airflow/example_dags/example_inlet_event_extra.py
[2025-02-23T04:49:17.386+0000] {processor.py:914} INFO - Processing file /home/airflow/.local/lib/python3.12/site-packages/airflow/example_dags/example_inlet_event_extra.py for tasks to queue
[2025-02-23T04:49:17.388+0000] {logging_mixin.py:190} INFO - [2025-02-23T04:49:17.388+0000] {dagbag.py:588} INFO - Filling up the DagBag from /home/airflow/.local/lib/python3.12/site-packages/airflow/example_dags/example_inlet_event_extra.py
[2025-02-23T04:49:17.985+0000] {processor.py:925} INFO - DAG(s) 'read_dataset_event', 'read_dataset_event_from_classic' retrieved from /home/airflow/.local/lib/python3.12/site-packages/airflow/example_dags/example_inlet_event_extra.py
[2025-02-23T04:49:18.004+0000] {logging_mixin.py:190} INFO - [2025-02-23T04:49:18.004+0000] {dag.py:3239} INFO - Sync 2 DAGs
[2025-02-23T04:49:18.028+0000] {logging_mixin.py:190} INFO - [2025-02-23T04:49:18.028+0000] {dag.py:4180} INFO - Setting next_dagrun for read_dataset_event to 2025-02-22 00:00:00+00:00, run_after=2025-02-23 00:00:00+00:00
[2025-02-23T04:49:18.032+0000] {logging_mixin.py:190} INFO - [2025-02-23T04:49:18.032+0000] {dag.py:4180} INFO - Setting next_dagrun for read_dataset_event_from_classic to 2025-02-22 00:00:00+00:00, run_after=2025-02-23 00:00:00+00:00
[2025-02-23T04:49:18.043+0000] {processor.py:208} INFO - Processing /home/airflow/.local/lib/python3.12/site-packages/airflow/example_dags/example_inlet_event_extra.py took 0.662 seconds
[2025-02-23T04:49:48.797+0000] {processor.py:186} INFO - Started process (PID=492) to work on /home/airflow/.local/lib/python3.12/site-packages/airflow/example_dags/example_inlet_event_extra.py
[2025-02-23T04:49:48.797+0000] {processor.py:914} INFO - Processing file /home/airflow/.local/lib/python3.12/site-packages/airflow/example_dags/example_inlet_event_extra.py for tasks to queue
[2025-02-23T04:49:48.799+0000] {logging_mixin.py:190} INFO - [2025-02-23T04:49:48.799+0000] {dagbag.py:588} INFO - Filling up the DagBag from /home/airflow/.local/lib/python3.12/site-packages/airflow/example_dags/example_inlet_event_extra.py
[2025-02-23T04:49:49.415+0000] {processor.py:925} INFO - DAG(s) 'read_dataset_event_from_classic', 'read_dataset_event' retrieved from /home/airflow/.local/lib/python3.12/site-packages/airflow/example_dags/example_inlet_event_extra.py
[2025-02-23T04:49:49.434+0000] {logging_mixin.py:190} INFO - [2025-02-23T04:49:49.433+0000] {dag.py:3239} INFO - Sync 2 DAGs
[2025-02-23T04:49:49.459+0000] {logging_mixin.py:190} INFO - [2025-02-23T04:49:49.459+0000] {dag.py:4180} INFO - Setting next_dagrun for read_dataset_event to 2025-02-22 00:00:00+00:00, run_after=2025-02-23 00:00:00+00:00
[2025-02-23T04:49:49.465+0000] {logging_mixin.py:190} INFO - [2025-02-23T04:49:49.465+0000] {dag.py:4180} INFO - Setting next_dagrun for read_dataset_event_from_classic to 2025-02-22 00:00:00+00:00, run_after=2025-02-23 00:00:00+00:00
[2025-02-23T04:49:49.476+0000] {processor.py:208} INFO - Processing /home/airflow/.local/lib/python3.12/site-packages/airflow/example_dags/example_inlet_event_extra.py took 0.684 seconds
[2025-02-23T04:50:19.541+0000] {processor.py:186} INFO - Started process (PID=551) to work on /home/airflow/.local/lib/python3.12/site-packages/airflow/example_dags/example_inlet_event_extra.py
[2025-02-23T04:50:19.541+0000] {processor.py:914} INFO - Processing file /home/airflow/.local/lib/python3.12/site-packages/airflow/example_dags/example_inlet_event_extra.py for tasks to queue
[2025-02-23T04:50:19.543+0000] {logging_mixin.py:190} INFO - [2025-02-23T04:50:19.543+0000] {dagbag.py:588} INFO - Filling up the DagBag from /home/airflow/.local/lib/python3.12/site-packages/airflow/example_dags/example_inlet_event_extra.py
[2025-02-23T04:50:20.215+0000] {processor.py:925} INFO - DAG(s) 'read_dataset_event_from_classic', 'read_dataset_event' retrieved from /home/airflow/.local/lib/python3.12/site-packages/airflow/example_dags/example_inlet_event_extra.py
[2025-02-23T04:50:20.239+0000] {logging_mixin.py:190} INFO - [2025-02-23T04:50:20.239+0000] {dag.py:3239} INFO - Sync 2 DAGs
[2025-02-23T04:50:20.269+0000] {logging_mixin.py:190} INFO - [2025-02-23T04:50:20.268+0000] {dag.py:4180} INFO - Setting next_dagrun for read_dataset_event to 2025-02-22 00:00:00+00:00, run_after=2025-02-23 00:00:00+00:00
[2025-02-23T04:50:20.275+0000] {logging_mixin.py:190} INFO - [2025-02-23T04:50:20.274+0000] {dag.py:4180} INFO - Setting next_dagrun for read_dataset_event_from_classic to 2025-02-22 00:00:00+00:00, run_after=2025-02-23 00:00:00+00:00
[2025-02-23T04:50:20.292+0000] {processor.py:208} INFO - Processing /home/airflow/.local/lib/python3.12/site-packages/airflow/example_dags/example_inlet_event_extra.py took 0.758 seconds
[2025-02-23T04:50:50.532+0000] {processor.py:186} INFO - Started process (PID=614) to work on /home/airflow/.local/lib/python3.12/site-packages/airflow/example_dags/example_inlet_event_extra.py
[2025-02-23T04:50:50.532+0000] {processor.py:914} INFO - Processing file /home/airflow/.local/lib/python3.12/site-packages/airflow/example_dags/example_inlet_event_extra.py for tasks to queue
[2025-02-23T04:50:50.534+0000] {logging_mixin.py:190} INFO - [2025-02-23T04:50:50.534+0000] {dagbag.py:588} INFO - Filling up the DagBag from /home/airflow/.local/lib/python3.12/site-packages/airflow/example_dags/example_inlet_event_extra.py
[2025-02-23T04:50:51.097+0000] {processor.py:925} INFO - DAG(s) 'read_dataset_event_from_classic', 'read_dataset_event' retrieved from /home/airflow/.local/lib/python3.12/site-packages/airflow/example_dags/example_inlet_event_extra.py
[2025-02-23T04:50:51.119+0000] {logging_mixin.py:190} INFO - [2025-02-23T04:50:51.119+0000] {dag.py:3239} INFO - Sync 2 DAGs
[2025-02-23T04:50:51.145+0000] {logging_mixin.py:190} INFO - [2025-02-23T04:50:51.145+0000] {dag.py:4180} INFO - Setting next_dagrun for read_dataset_event to 2025-02-22 00:00:00+00:00, run_after=2025-02-23 00:00:00+00:00
[2025-02-23T04:50:51.149+0000] {logging_mixin.py:190} INFO - [2025-02-23T04:50:51.149+0000] {dag.py:4180} INFO - Setting next_dagrun for read_dataset_event_from_classic to 2025-02-22 00:00:00+00:00, run_after=2025-02-23 00:00:00+00:00
[2025-02-23T04:50:51.162+0000] {processor.py:208} INFO - Processing /home/airflow/.local/lib/python3.12/site-packages/airflow/example_dags/example_inlet_event_extra.py took 0.637 seconds
[2025-02-23T04:51:21.273+0000] {processor.py:186} INFO - Started process (PID=678) to work on /home/airflow/.local/lib/python3.12/site-packages/airflow/example_dags/example_inlet_event_extra.py
[2025-02-23T04:51:21.274+0000] {processor.py:914} INFO - Processing file /home/airflow/.local/lib/python3.12/site-packages/airflow/example_dags/example_inlet_event_extra.py for tasks to queue
[2025-02-23T04:51:21.275+0000] {logging_mixin.py:190} INFO - [2025-02-23T04:51:21.275+0000] {dagbag.py:588} INFO - Filling up the DagBag from /home/airflow/.local/lib/python3.12/site-packages/airflow/example_dags/example_inlet_event_extra.py
[2025-02-23T04:51:21.869+0000] {processor.py:925} INFO - DAG(s) 'read_dataset_event', 'read_dataset_event_from_classic' retrieved from /home/airflow/.local/lib/python3.12/site-packages/airflow/example_dags/example_inlet_event_extra.py
[2025-02-23T04:51:21.893+0000] {logging_mixin.py:190} INFO - [2025-02-23T04:51:21.892+0000] {dag.py:3239} INFO - Sync 2 DAGs
[2025-02-23T04:51:21.924+0000] {logging_mixin.py:190} INFO - [2025-02-23T04:51:21.924+0000] {dag.py:4180} INFO - Setting next_dagrun for read_dataset_event to 2025-02-22 00:00:00+00:00, run_after=2025-02-23 00:00:00+00:00
[2025-02-23T04:51:21.930+0000] {logging_mixin.py:190} INFO - [2025-02-23T04:51:21.930+0000] {dag.py:4180} INFO - Setting next_dagrun for read_dataset_event_from_classic to 2025-02-22 00:00:00+00:00, run_after=2025-02-23 00:00:00+00:00
[2025-02-23T04:51:21.945+0000] {processor.py:208} INFO - Processing /home/airflow/.local/lib/python3.12/site-packages/airflow/example_dags/example_inlet_event_extra.py took 0.676 seconds
[2025-02-23T04:51:52.418+0000] {processor.py:186} INFO - Started process (PID=745) to work on /home/airflow/.local/lib/python3.12/site-packages/airflow/example_dags/example_inlet_event_extra.py
[2025-02-23T04:51:52.418+0000] {processor.py:914} INFO - Processing file /home/airflow/.local/lib/python3.12/site-packages/airflow/example_dags/example_inlet_event_extra.py for tasks to queue
[2025-02-23T04:51:52.420+0000] {logging_mixin.py:190} INFO - [2025-02-23T04:51:52.420+0000] {dagbag.py:588} INFO - Filling up the DagBag from /home/airflow/.local/lib/python3.12/site-packages/airflow/example_dags/example_inlet_event_extra.py
[2025-02-23T04:51:53.061+0000] {processor.py:925} INFO - DAG(s) 'read_dataset_event', 'read_dataset_event_from_classic' retrieved from /home/airflow/.local/lib/python3.12/site-packages/airflow/example_dags/example_inlet_event_extra.py
[2025-02-23T04:51:53.077+0000] {logging_mixin.py:190} INFO - [2025-02-23T04:51:53.077+0000] {dag.py:3239} INFO - Sync 2 DAGs
[2025-02-23T04:51:53.100+0000] {logging_mixin.py:190} INFO - [2025-02-23T04:51:53.100+0000] {dag.py:4180} INFO - Setting next_dagrun for read_dataset_event to 2025-02-22 00:00:00+00:00, run_after=2025-02-23 00:00:00+00:00
[2025-02-23T04:51:53.104+0000] {logging_mixin.py:190} INFO - [2025-02-23T04:51:53.104+0000] {dag.py:4180} INFO - Setting next_dagrun for read_dataset_event_from_classic to 2025-02-22 00:00:00+00:00, run_after=2025-02-23 00:00:00+00:00
[2025-02-23T04:51:53.116+0000] {processor.py:208} INFO - Processing /home/airflow/.local/lib/python3.12/site-packages/airflow/example_dags/example_inlet_event_extra.py took 0.702 seconds
[2025-02-23T04:52:23.393+0000] {processor.py:186} INFO - Started process (PID=811) to work on /home/airflow/.local/lib/python3.12/site-packages/airflow/example_dags/example_inlet_event_extra.py
[2025-02-23T04:52:23.393+0000] {processor.py:914} INFO - Processing file /home/airflow/.local/lib/python3.12/site-packages/airflow/example_dags/example_inlet_event_extra.py for tasks to queue
[2025-02-23T04:52:23.395+0000] {logging_mixin.py:190} INFO - [2025-02-23T04:52:23.395+0000] {dagbag.py:588} INFO - Filling up the DagBag from /home/airflow/.local/lib/python3.12/site-packages/airflow/example_dags/example_inlet_event_extra.py
[2025-02-23T04:52:23.931+0000] {processor.py:925} INFO - DAG(s) 'read_dataset_event', 'read_dataset_event_from_classic' retrieved from /home/airflow/.local/lib/python3.12/site-packages/airflow/example_dags/example_inlet_event_extra.py
[2025-02-23T04:52:23.946+0000] {logging_mixin.py:190} INFO - [2025-02-23T04:52:23.946+0000] {dag.py:3239} INFO - Sync 2 DAGs
[2025-02-23T04:52:23.965+0000] {logging_mixin.py:190} INFO - [2025-02-23T04:52:23.965+0000] {dag.py:4180} INFO - Setting next_dagrun for read_dataset_event to 2025-02-22 00:00:00+00:00, run_after=2025-02-23 00:00:00+00:00
[2025-02-23T04:52:23.969+0000] {logging_mixin.py:190} INFO - [2025-02-23T04:52:23.969+0000] {dag.py:4180} INFO - Setting next_dagrun for read_dataset_event_from_classic to 2025-02-22 00:00:00+00:00, run_after=2025-02-23 00:00:00+00:00
[2025-02-23T04:52:23.980+0000] {processor.py:208} INFO - Processing /home/airflow/.local/lib/python3.12/site-packages/airflow/example_dags/example_inlet_event_extra.py took 0.591 seconds
[2025-02-23T04:52:55.166+0000] {processor.py:186} INFO - Started process (PID=874) to work on /home/airflow/.local/lib/python3.12/site-packages/airflow/example_dags/example_inlet_event_extra.py
[2025-02-23T04:52:55.167+0000] {processor.py:914} INFO - Processing file /home/airflow/.local/lib/python3.12/site-packages/airflow/example_dags/example_inlet_event_extra.py for tasks to queue
[2025-02-23T04:52:55.168+0000] {logging_mixin.py:190} INFO - [2025-02-23T04:52:55.168+0000] {dagbag.py:588} INFO - Filling up the DagBag from /home/airflow/.local/lib/python3.12/site-packages/airflow/example_dags/example_inlet_event_extra.py
[2025-02-23T04:52:55.763+0000] {processor.py:925} INFO - DAG(s) 'read_dataset_event', 'read_dataset_event_from_classic' retrieved from /home/airflow/.local/lib/python3.12/site-packages/airflow/example_dags/example_inlet_event_extra.py
[2025-02-23T04:52:55.785+0000] {logging_mixin.py:190} INFO - [2025-02-23T04:52:55.784+0000] {dag.py:3239} INFO - Sync 2 DAGs
[2025-02-23T04:52:55.819+0000] {logging_mixin.py:190} INFO - [2025-02-23T04:52:55.819+0000] {dag.py:4180} INFO - Setting next_dagrun for read_dataset_event to 2025-02-22 00:00:00+00:00, run_after=2025-02-23 00:00:00+00:00
[2025-02-23T04:52:55.825+0000] {logging_mixin.py:190} INFO - [2025-02-23T04:52:55.825+0000] {dag.py:4180} INFO - Setting next_dagrun for read_dataset_event_from_classic to 2025-02-22 00:00:00+00:00, run_after=2025-02-23 00:00:00+00:00
[2025-02-23T04:52:55.841+0000] {processor.py:208} INFO - Processing /home/airflow/.local/lib/python3.12/site-packages/airflow/example_dags/example_inlet_event_extra.py took 0.680 seconds
[2025-02-23T04:53:26.073+0000] {processor.py:186} INFO - Started process (PID=937) to work on /home/airflow/.local/lib/python3.12/site-packages/airflow/example_dags/example_inlet_event_extra.py
[2025-02-23T04:53:26.074+0000] {processor.py:914} INFO - Processing file /home/airflow/.local/lib/python3.12/site-packages/airflow/example_dags/example_inlet_event_extra.py for tasks to queue
[2025-02-23T04:53:26.075+0000] {logging_mixin.py:190} INFO - [2025-02-23T04:53:26.075+0000] {dagbag.py:588} INFO - Filling up the DagBag from /home/airflow/.local/lib/python3.12/site-packages/airflow/example_dags/example_inlet_event_extra.py
[2025-02-23T04:53:26.584+0000] {processor.py:925} INFO - DAG(s) 'read_dataset_event', 'read_dataset_event_from_classic' retrieved from /home/airflow/.local/lib/python3.12/site-packages/airflow/example_dags/example_inlet_event_extra.py
[2025-02-23T04:53:26.601+0000] {logging_mixin.py:190} INFO - [2025-02-23T04:53:26.601+0000] {dag.py:3239} INFO - Sync 2 DAGs
[2025-02-23T04:53:26.627+0000] {logging_mixin.py:190} INFO - [2025-02-23T04:53:26.627+0000] {dag.py:4180} INFO - Setting next_dagrun for read_dataset_event to 2025-02-22 00:00:00+00:00, run_after=2025-02-23 00:00:00+00:00
[2025-02-23T04:53:26.633+0000] {logging_mixin.py:190} INFO - [2025-02-23T04:53:26.633+0000] {dag.py:4180} INFO - Setting next_dagrun for read_dataset_event_from_classic to 2025-02-22 00:00:00+00:00, run_after=2025-02-23 00:00:00+00:00
[2025-02-23T04:53:26.646+0000] {processor.py:208} INFO - Processing /home/airflow/.local/lib/python3.12/site-packages/airflow/example_dags/example_inlet_event_extra.py took 0.577 seconds
[2025-02-23T04:53:56.963+0000] {processor.py:186} INFO - Started process (PID=1000) to work on /home/airflow/.local/lib/python3.12/site-packages/airflow/example_dags/example_inlet_event_extra.py
[2025-02-23T04:53:56.963+0000] {processor.py:914} INFO - Processing file /home/airflow/.local/lib/python3.12/site-packages/airflow/example_dags/example_inlet_event_extra.py for tasks to queue
[2025-02-23T04:53:56.965+0000] {logging_mixin.py:190} INFO - [2025-02-23T04:53:56.964+0000] {dagbag.py:588} INFO - Filling up the DagBag from /home/airflow/.local/lib/python3.12/site-packages/airflow/example_dags/example_inlet_event_extra.py
[2025-02-23T04:53:57.490+0000] {processor.py:925} INFO - DAG(s) 'read_dataset_event_from_classic', 'read_dataset_event' retrieved from /home/airflow/.local/lib/python3.12/site-packages/airflow/example_dags/example_inlet_event_extra.py
[2025-02-23T04:53:57.508+0000] {logging_mixin.py:190} INFO - [2025-02-23T04:53:57.507+0000] {dag.py:3239} INFO - Sync 2 DAGs
[2025-02-23T04:53:57.530+0000] {logging_mixin.py:190} INFO - [2025-02-23T04:53:57.530+0000] {dag.py:4180} INFO - Setting next_dagrun for read_dataset_event to 2025-02-22 00:00:00+00:00, run_after=2025-02-23 00:00:00+00:00
[2025-02-23T04:53:57.534+0000] {logging_mixin.py:190} INFO - [2025-02-23T04:53:57.534+0000] {dag.py:4180} INFO - Setting next_dagrun for read_dataset_event_from_classic to 2025-02-22 00:00:00+00:00, run_after=2025-02-23 00:00:00+00:00
[2025-02-23T04:53:57.545+0000] {processor.py:208} INFO - Processing /home/airflow/.local/lib/python3.12/site-packages/airflow/example_dags/example_inlet_event_extra.py took 0.587 seconds
[2025-02-23T04:54:27.697+0000] {processor.py:186} INFO - Started process (PID=1063) to work on /home/airflow/.local/lib/python3.12/site-packages/airflow/example_dags/example_inlet_event_extra.py
[2025-02-23T04:54:27.698+0000] {processor.py:914} INFO - Processing file /home/airflow/.local/lib/python3.12/site-packages/airflow/example_dags/example_inlet_event_extra.py for tasks to queue
[2025-02-23T04:54:27.699+0000] {logging_mixin.py:190} INFO - [2025-02-23T04:54:27.699+0000] {dagbag.py:588} INFO - Filling up the DagBag from /home/airflow/.local/lib/python3.12/site-packages/airflow/example_dags/example_inlet_event_extra.py
[2025-02-23T04:54:28.213+0000] {processor.py:925} INFO - DAG(s) 'read_dataset_event', 'read_dataset_event_from_classic' retrieved from /home/airflow/.local/lib/python3.12/site-packages/airflow/example_dags/example_inlet_event_extra.py
[2025-02-23T04:54:28.228+0000] {logging_mixin.py:190} INFO - [2025-02-23T04:54:28.228+0000] {dag.py:3239} INFO - Sync 2 DAGs
[2025-02-23T04:54:28.247+0000] {logging_mixin.py:190} INFO - [2025-02-23T04:54:28.247+0000] {dag.py:4180} INFO - Setting next_dagrun for read_dataset_event to 2025-02-22 00:00:00+00:00, run_after=2025-02-23 00:00:00+00:00
[2025-02-23T04:54:28.251+0000] {logging_mixin.py:190} INFO - [2025-02-23T04:54:28.250+0000] {dag.py:4180} INFO - Setting next_dagrun for read_dataset_event_from_classic to 2025-02-22 00:00:00+00:00, run_after=2025-02-23 00:00:00+00:00
[2025-02-23T04:54:28.261+0000] {processor.py:208} INFO - Processing /home/airflow/.local/lib/python3.12/site-packages/airflow/example_dags/example_inlet_event_extra.py took 0.568 seconds
[2025-02-23T04:54:58.526+0000] {processor.py:186} INFO - Started process (PID=1126) to work on /home/airflow/.local/lib/python3.12/site-packages/airflow/example_dags/example_inlet_event_extra.py
[2025-02-23T04:54:58.527+0000] {processor.py:914} INFO - Processing file /home/airflow/.local/lib/python3.12/site-packages/airflow/example_dags/example_inlet_event_extra.py for tasks to queue
[2025-02-23T04:54:58.528+0000] {logging_mixin.py:190} INFO - [2025-02-23T04:54:58.528+0000] {dagbag.py:588} INFO - Filling up the DagBag from /home/airflow/.local/lib/python3.12/site-packages/airflow/example_dags/example_inlet_event_extra.py
[2025-02-23T04:54:59.037+0000] {processor.py:925} INFO - DAG(s) 'read_dataset_event_from_classic', 'read_dataset_event' retrieved from /home/airflow/.local/lib/python3.12/site-packages/airflow/example_dags/example_inlet_event_extra.py
[2025-02-23T04:54:59.054+0000] {logging_mixin.py:190} INFO - [2025-02-23T04:54:59.054+0000] {dag.py:3239} INFO - Sync 2 DAGs
[2025-02-23T04:54:59.079+0000] {logging_mixin.py:190} INFO - [2025-02-23T04:54:59.079+0000] {dag.py:4180} INFO - Setting next_dagrun for read_dataset_event to 2025-02-22 00:00:00+00:00, run_after=2025-02-23 00:00:00+00:00
[2025-02-23T04:54:59.084+0000] {logging_mixin.py:190} INFO - [2025-02-23T04:54:59.084+0000] {dag.py:4180} INFO - Setting next_dagrun for read_dataset_event_from_classic to 2025-02-22 00:00:00+00:00, run_after=2025-02-23 00:00:00+00:00
[2025-02-23T04:54:59.096+0000] {processor.py:208} INFO - Processing /home/airflow/.local/lib/python3.12/site-packages/airflow/example_dags/example_inlet_event_extra.py took 0.574 seconds
[2025-02-23T04:55:29.258+0000] {processor.py:186} INFO - Started process (PID=1189) to work on /home/airflow/.local/lib/python3.12/site-packages/airflow/example_dags/example_inlet_event_extra.py
[2025-02-23T04:55:29.259+0000] {processor.py:914} INFO - Processing file /home/airflow/.local/lib/python3.12/site-packages/airflow/example_dags/example_inlet_event_extra.py for tasks to queue
[2025-02-23T04:55:29.260+0000] {logging_mixin.py:190} INFO - [2025-02-23T04:55:29.260+0000] {dagbag.py:588} INFO - Filling up the DagBag from /home/airflow/.local/lib/python3.12/site-packages/airflow/example_dags/example_inlet_event_extra.py
[2025-02-23T04:55:29.801+0000] {processor.py:925} INFO - DAG(s) 'read_dataset_event_from_classic', 'read_dataset_event' retrieved from /home/airflow/.local/lib/python3.12/site-packages/airflow/example_dags/example_inlet_event_extra.py
[2025-02-23T04:55:29.818+0000] {logging_mixin.py:190} INFO - [2025-02-23T04:55:29.817+0000] {dag.py:3239} INFO - Sync 2 DAGs
[2025-02-23T04:55:29.839+0000] {logging_mixin.py:190} INFO - [2025-02-23T04:55:29.838+0000] {dag.py:4180} INFO - Setting next_dagrun for read_dataset_event to 2025-02-22 00:00:00+00:00, run_after=2025-02-23 00:00:00+00:00
[2025-02-23T04:55:29.842+0000] {logging_mixin.py:190} INFO - [2025-02-23T04:55:29.842+0000] {dag.py:4180} INFO - Setting next_dagrun for read_dataset_event_from_classic to 2025-02-22 00:00:00+00:00, run_after=2025-02-23 00:00:00+00:00
[2025-02-23T04:55:29.855+0000] {processor.py:208} INFO - Processing /home/airflow/.local/lib/python3.12/site-packages/airflow/example_dags/example_inlet_event_extra.py took 0.601 seconds
[2025-02-23T04:55:59.921+0000] {processor.py:186} INFO - Started process (PID=1251) to work on /home/airflow/.local/lib/python3.12/site-packages/airflow/example_dags/example_inlet_event_extra.py
[2025-02-23T04:55:59.921+0000] {processor.py:914} INFO - Processing file /home/airflow/.local/lib/python3.12/site-packages/airflow/example_dags/example_inlet_event_extra.py for tasks to queue
[2025-02-23T04:55:59.923+0000] {logging_mixin.py:190} INFO - [2025-02-23T04:55:59.923+0000] {dagbag.py:588} INFO - Filling up the DagBag from /home/airflow/.local/lib/python3.12/site-packages/airflow/example_dags/example_inlet_event_extra.py
[2025-02-23T04:56:00.464+0000] {processor.py:925} INFO - DAG(s) 'read_dataset_event_from_classic', 'read_dataset_event' retrieved from /home/airflow/.local/lib/python3.12/site-packages/airflow/example_dags/example_inlet_event_extra.py
[2025-02-23T04:56:00.486+0000] {logging_mixin.py:190} INFO - [2025-02-23T04:56:00.486+0000] {dag.py:3239} INFO - Sync 2 DAGs
[2025-02-23T04:56:00.514+0000] {logging_mixin.py:190} INFO - [2025-02-23T04:56:00.514+0000] {dag.py:4180} INFO - Setting next_dagrun for read_dataset_event to 2025-02-22 00:00:00+00:00, run_after=2025-02-23 00:00:00+00:00
[2025-02-23T04:56:00.519+0000] {logging_mixin.py:190} INFO - [2025-02-23T04:56:00.519+0000] {dag.py:4180} INFO - Setting next_dagrun for read_dataset_event_from_classic to 2025-02-22 00:00:00+00:00, run_after=2025-02-23 00:00:00+00:00
[2025-02-23T04:56:00.533+0000] {processor.py:208} INFO - Processing /home/airflow/.local/lib/python3.12/site-packages/airflow/example_dags/example_inlet_event_extra.py took 0.617 seconds
[2025-02-23T04:56:30.655+0000] {processor.py:186} INFO - Started process (PID=1314) to work on /home/airflow/.local/lib/python3.12/site-packages/airflow/example_dags/example_inlet_event_extra.py
[2025-02-23T04:56:30.657+0000] {processor.py:914} INFO - Processing file /home/airflow/.local/lib/python3.12/site-packages/airflow/example_dags/example_inlet_event_extra.py for tasks to queue
[2025-02-23T04:56:30.659+0000] {logging_mixin.py:190} INFO - [2025-02-23T04:56:30.659+0000] {dagbag.py:588} INFO - Filling up the DagBag from /home/airflow/.local/lib/python3.12/site-packages/airflow/example_dags/example_inlet_event_extra.py
[2025-02-23T04:56:31.207+0000] {processor.py:925} INFO - DAG(s) 'read_dataset_event_from_classic', 'read_dataset_event' retrieved from /home/airflow/.local/lib/python3.12/site-packages/airflow/example_dags/example_inlet_event_extra.py
[2025-02-23T04:56:31.222+0000] {logging_mixin.py:190} INFO - [2025-02-23T04:56:31.222+0000] {dag.py:3239} INFO - Sync 2 DAGs
[2025-02-23T04:56:31.242+0000] {logging_mixin.py:190} INFO - [2025-02-23T04:56:31.242+0000] {dag.py:4180} INFO - Setting next_dagrun for read_dataset_event to 2025-02-22 00:00:00+00:00, run_after=2025-02-23 00:00:00+00:00
[2025-02-23T04:56:31.246+0000] {logging_mixin.py:190} INFO - [2025-02-23T04:56:31.246+0000] {dag.py:4180} INFO - Setting next_dagrun for read_dataset_event_from_classic to 2025-02-22 00:00:00+00:00, run_after=2025-02-23 00:00:00+00:00
[2025-02-23T04:56:31.257+0000] {processor.py:208} INFO - Processing /home/airflow/.local/lib/python3.12/site-packages/airflow/example_dags/example_inlet_event_extra.py took 0.607 seconds
[2025-02-23T04:57:01.435+0000] {processor.py:186} INFO - Started process (PID=1382) to work on /home/airflow/.local/lib/python3.12/site-packages/airflow/example_dags/example_inlet_event_extra.py
[2025-02-23T04:57:01.436+0000] {processor.py:914} INFO - Processing file /home/airflow/.local/lib/python3.12/site-packages/airflow/example_dags/example_inlet_event_extra.py for tasks to queue
[2025-02-23T04:57:01.437+0000] {logging_mixin.py:190} INFO - [2025-02-23T04:57:01.437+0000] {dagbag.py:588} INFO - Filling up the DagBag from /home/airflow/.local/lib/python3.12/site-packages/airflow/example_dags/example_inlet_event_extra.py
[2025-02-23T04:57:01.958+0000] {processor.py:925} INFO - DAG(s) 'read_dataset_event_from_classic', 'read_dataset_event' retrieved from /home/airflow/.local/lib/python3.12/site-packages/airflow/example_dags/example_inlet_event_extra.py
[2025-02-23T04:57:01.979+0000] {logging_mixin.py:190} INFO - [2025-02-23T04:57:01.979+0000] {dag.py:3239} INFO - Sync 2 DAGs
[2025-02-23T04:57:02.003+0000] {logging_mixin.py:190} INFO - [2025-02-23T04:57:02.002+0000] {dag.py:4180} INFO - Setting next_dagrun for read_dataset_event to 2025-02-22 00:00:00+00:00, run_after=2025-02-23 00:00:00+00:00
[2025-02-23T04:57:02.007+0000] {logging_mixin.py:190} INFO - [2025-02-23T04:57:02.007+0000] {dag.py:4180} INFO - Setting next_dagrun for read_dataset_event_from_classic to 2025-02-22 00:00:00+00:00, run_after=2025-02-23 00:00:00+00:00
[2025-02-23T04:57:02.018+0000] {processor.py:208} INFO - Processing /home/airflow/.local/lib/python3.12/site-packages/airflow/example_dags/example_inlet_event_extra.py took 0.588 seconds
