[2025-02-23T04:46:42.514+0000] {processor.py:186} INFO - Started process (PID=102) to work on /home/airflow/.local/lib/python3.12/site-packages/airflow/example_dags/example_trigger_target_dag.py
[2025-02-23T04:46:42.515+0000] {processor.py:914} INFO - Processing file /home/airflow/.local/lib/python3.12/site-packages/airflow/example_dags/example_trigger_target_dag.py for tasks to queue
[2025-02-23T04:46:42.517+0000] {logging_mixin.py:190} INFO - [2025-02-23T04:46:42.517+0000] {dagbag.py:588} INFO - Filling up the DagBag from /home/airflow/.local/lib/python3.12/site-packages/airflow/example_dags/example_trigger_target_dag.py
[2025-02-23T04:46:42.526+0000] {processor.py:925} INFO - DAG(s) 'example_trigger_target_dag' retrieved from /home/airflow/.local/lib/python3.12/site-packages/airflow/example_dags/example_trigger_target_dag.py
[2025-02-23T04:46:42.668+0000] {logging_mixin.py:190} INFO - [2025-02-23T04:46:42.668+0000] {override.py:1911} INFO - Created Permission View: can read on DAG:example_trigger_target_dag
[2025-02-23T04:46:42.677+0000] {logging_mixin.py:190} INFO - [2025-02-23T04:46:42.676+0000] {override.py:1911} INFO - Created Permission View: can delete on DAG:example_trigger_target_dag
[2025-02-23T04:46:42.681+0000] {logging_mixin.py:190} INFO - [2025-02-23T04:46:42.681+0000] {override.py:1911} INFO - Created Permission View: can edit on DAG:example_trigger_target_dag
[2025-02-23T04:46:42.686+0000] {logging_mixin.py:190} INFO - [2025-02-23T04:46:42.686+0000] {override.py:1911} INFO - Created Permission View: can read on DAG Run:example_trigger_target_dag
[2025-02-23T04:46:42.691+0000] {logging_mixin.py:190} INFO - [2025-02-23T04:46:42.691+0000] {override.py:1911} INFO - Created Permission View: menu access on DAG Run:example_trigger_target_dag
[2025-02-23T04:46:42.696+0000] {logging_mixin.py:190} INFO - [2025-02-23T04:46:42.695+0000] {override.py:1911} INFO - Created Permission View: can create on DAG Run:example_trigger_target_dag
[2025-02-23T04:46:42.700+0000] {logging_mixin.py:190} INFO - [2025-02-23T04:46:42.700+0000] {override.py:1911} INFO - Created Permission View: can delete on DAG Run:example_trigger_target_dag
[2025-02-23T04:46:42.701+0000] {logging_mixin.py:190} INFO - [2025-02-23T04:46:42.701+0000] {dag.py:3239} INFO - Sync 1 DAGs
[2025-02-23T04:46:42.715+0000] {logging_mixin.py:190} INFO - [2025-02-23T04:46:42.715+0000] {dag.py:3262} INFO - Creating ORM DAG for example_trigger_target_dag
[2025-02-23T04:46:42.716+0000] {logging_mixin.py:190} INFO - [2025-02-23T04:46:42.715+0000] {dag.py:4180} INFO - Setting next_dagrun for example_trigger_target_dag to None, run_after=None
[2025-02-23T04:46:42.729+0000] {processor.py:208} INFO - Processing /home/airflow/.local/lib/python3.12/site-packages/airflow/example_dags/example_trigger_target_dag.py took 0.221 seconds
[2025-02-23T04:47:12.987+0000] {processor.py:186} INFO - Started process (PID=165) to work on /home/airflow/.local/lib/python3.12/site-packages/airflow/example_dags/example_trigger_target_dag.py
[2025-02-23T04:47:12.987+0000] {processor.py:914} INFO - Processing file /home/airflow/.local/lib/python3.12/site-packages/airflow/example_dags/example_trigger_target_dag.py for tasks to queue
[2025-02-23T04:47:12.989+0000] {logging_mixin.py:190} INFO - [2025-02-23T04:47:12.989+0000] {dagbag.py:588} INFO - Filling up the DagBag from /home/airflow/.local/lib/python3.12/site-packages/airflow/example_dags/example_trigger_target_dag.py
[2025-02-23T04:47:12.995+0000] {processor.py:925} INFO - DAG(s) 'example_trigger_target_dag' retrieved from /home/airflow/.local/lib/python3.12/site-packages/airflow/example_dags/example_trigger_target_dag.py
[2025-02-23T04:47:13.012+0000] {logging_mixin.py:190} INFO - [2025-02-23T04:47:13.012+0000] {dag.py:3239} INFO - Sync 1 DAGs
[2025-02-23T04:47:13.028+0000] {logging_mixin.py:190} INFO - [2025-02-23T04:47:13.027+0000] {dag.py:4180} INFO - Setting next_dagrun for example_trigger_target_dag to None, run_after=None
[2025-02-23T04:47:13.044+0000] {processor.py:208} INFO - Processing /home/airflow/.local/lib/python3.12/site-packages/airflow/example_dags/example_trigger_target_dag.py took 0.062 seconds
[2025-02-23T04:47:44.337+0000] {processor.py:186} INFO - Started process (PID=228) to work on /home/airflow/.local/lib/python3.12/site-packages/airflow/example_dags/example_trigger_target_dag.py
[2025-02-23T04:47:44.338+0000] {processor.py:914} INFO - Processing file /home/airflow/.local/lib/python3.12/site-packages/airflow/example_dags/example_trigger_target_dag.py for tasks to queue
[2025-02-23T04:47:44.340+0000] {logging_mixin.py:190} INFO - [2025-02-23T04:47:44.340+0000] {dagbag.py:588} INFO - Filling up the DagBag from /home/airflow/.local/lib/python3.12/site-packages/airflow/example_dags/example_trigger_target_dag.py
[2025-02-23T04:47:44.346+0000] {processor.py:925} INFO - DAG(s) 'example_trigger_target_dag' retrieved from /home/airflow/.local/lib/python3.12/site-packages/airflow/example_dags/example_trigger_target_dag.py
[2025-02-23T04:47:44.361+0000] {logging_mixin.py:190} INFO - [2025-02-23T04:47:44.361+0000] {dag.py:3239} INFO - Sync 1 DAGs
[2025-02-23T04:47:44.373+0000] {logging_mixin.py:190} INFO - [2025-02-23T04:47:44.373+0000] {dag.py:4180} INFO - Setting next_dagrun for example_trigger_target_dag to None, run_after=None
[2025-02-23T04:47:44.389+0000] {processor.py:208} INFO - Processing /home/airflow/.local/lib/python3.12/site-packages/airflow/example_dags/example_trigger_target_dag.py took 0.056 seconds
[2025-02-23T04:48:15.549+0000] {processor.py:186} INFO - Started process (PID=291) to work on /home/airflow/.local/lib/python3.12/site-packages/airflow/example_dags/example_trigger_target_dag.py
[2025-02-23T04:48:15.549+0000] {processor.py:914} INFO - Processing file /home/airflow/.local/lib/python3.12/site-packages/airflow/example_dags/example_trigger_target_dag.py for tasks to queue
[2025-02-23T04:48:15.551+0000] {logging_mixin.py:190} INFO - [2025-02-23T04:48:15.551+0000] {dagbag.py:588} INFO - Filling up the DagBag from /home/airflow/.local/lib/python3.12/site-packages/airflow/example_dags/example_trigger_target_dag.py
[2025-02-23T04:48:15.559+0000] {processor.py:925} INFO - DAG(s) 'example_trigger_target_dag' retrieved from /home/airflow/.local/lib/python3.12/site-packages/airflow/example_dags/example_trigger_target_dag.py
[2025-02-23T04:48:15.574+0000] {logging_mixin.py:190} INFO - [2025-02-23T04:48:15.574+0000] {dag.py:3239} INFO - Sync 1 DAGs
[2025-02-23T04:48:15.587+0000] {logging_mixin.py:190} INFO - [2025-02-23T04:48:15.587+0000] {dag.py:4180} INFO - Setting next_dagrun for example_trigger_target_dag to None, run_after=None
[2025-02-23T04:48:15.601+0000] {processor.py:208} INFO - Processing /home/airflow/.local/lib/python3.12/site-packages/airflow/example_dags/example_trigger_target_dag.py took 0.058 seconds
[2025-02-23T04:48:46.247+0000] {processor.py:186} INFO - Started process (PID=355) to work on /home/airflow/.local/lib/python3.12/site-packages/airflow/example_dags/example_trigger_target_dag.py
[2025-02-23T04:48:46.248+0000] {processor.py:914} INFO - Processing file /home/airflow/.local/lib/python3.12/site-packages/airflow/example_dags/example_trigger_target_dag.py for tasks to queue
[2025-02-23T04:48:46.250+0000] {logging_mixin.py:190} INFO - [2025-02-23T04:48:46.249+0000] {dagbag.py:588} INFO - Filling up the DagBag from /home/airflow/.local/lib/python3.12/site-packages/airflow/example_dags/example_trigger_target_dag.py
[2025-02-23T04:48:46.256+0000] {processor.py:925} INFO - DAG(s) 'example_trigger_target_dag' retrieved from /home/airflow/.local/lib/python3.12/site-packages/airflow/example_dags/example_trigger_target_dag.py
[2025-02-23T04:48:46.270+0000] {logging_mixin.py:190} INFO - [2025-02-23T04:48:46.270+0000] {dag.py:3239} INFO - Sync 1 DAGs
[2025-02-23T04:48:46.282+0000] {logging_mixin.py:190} INFO - [2025-02-23T04:48:46.282+0000] {dag.py:4180} INFO - Setting next_dagrun for example_trigger_target_dag to None, run_after=None
[2025-02-23T04:48:46.295+0000] {processor.py:208} INFO - Processing /home/airflow/.local/lib/python3.12/site-packages/airflow/example_dags/example_trigger_target_dag.py took 0.052 seconds
[2025-02-23T04:49:16.909+0000] {processor.py:186} INFO - Started process (PID=419) to work on /home/airflow/.local/lib/python3.12/site-packages/airflow/example_dags/example_trigger_target_dag.py
[2025-02-23T04:49:16.910+0000] {processor.py:914} INFO - Processing file /home/airflow/.local/lib/python3.12/site-packages/airflow/example_dags/example_trigger_target_dag.py for tasks to queue
[2025-02-23T04:49:16.912+0000] {logging_mixin.py:190} INFO - [2025-02-23T04:49:16.912+0000] {dagbag.py:588} INFO - Filling up the DagBag from /home/airflow/.local/lib/python3.12/site-packages/airflow/example_dags/example_trigger_target_dag.py
[2025-02-23T04:49:16.918+0000] {processor.py:925} INFO - DAG(s) 'example_trigger_target_dag' retrieved from /home/airflow/.local/lib/python3.12/site-packages/airflow/example_dags/example_trigger_target_dag.py
[2025-02-23T04:49:16.933+0000] {logging_mixin.py:190} INFO - [2025-02-23T04:49:16.933+0000] {dag.py:3239} INFO - Sync 1 DAGs
[2025-02-23T04:49:16.945+0000] {logging_mixin.py:190} INFO - [2025-02-23T04:49:16.945+0000] {dag.py:4180} INFO - Setting next_dagrun for example_trigger_target_dag to None, run_after=None
[2025-02-23T04:49:16.958+0000] {processor.py:208} INFO - Processing /home/airflow/.local/lib/python3.12/site-packages/airflow/example_dags/example_trigger_target_dag.py took 0.054 seconds
[2025-02-23T04:49:48.264+0000] {processor.py:186} INFO - Started process (PID=482) to work on /home/airflow/.local/lib/python3.12/site-packages/airflow/example_dags/example_trigger_target_dag.py
[2025-02-23T04:49:48.264+0000] {processor.py:914} INFO - Processing file /home/airflow/.local/lib/python3.12/site-packages/airflow/example_dags/example_trigger_target_dag.py for tasks to queue
[2025-02-23T04:49:48.266+0000] {logging_mixin.py:190} INFO - [2025-02-23T04:49:48.265+0000] {dagbag.py:588} INFO - Filling up the DagBag from /home/airflow/.local/lib/python3.12/site-packages/airflow/example_dags/example_trigger_target_dag.py
[2025-02-23T04:49:48.272+0000] {processor.py:925} INFO - DAG(s) 'example_trigger_target_dag' retrieved from /home/airflow/.local/lib/python3.12/site-packages/airflow/example_dags/example_trigger_target_dag.py
[2025-02-23T04:49:48.286+0000] {logging_mixin.py:190} INFO - [2025-02-23T04:49:48.286+0000] {dag.py:3239} INFO - Sync 1 DAGs
[2025-02-23T04:49:48.298+0000] {logging_mixin.py:190} INFO - [2025-02-23T04:49:48.298+0000] {dag.py:4180} INFO - Setting next_dagrun for example_trigger_target_dag to None, run_after=None
[2025-02-23T04:49:48.312+0000] {processor.py:208} INFO - Processing /home/airflow/.local/lib/python3.12/site-packages/airflow/example_dags/example_trigger_target_dag.py took 0.053 seconds
[2025-02-23T04:50:19.249+0000] {processor.py:186} INFO - Started process (PID=545) to work on /home/airflow/.local/lib/python3.12/site-packages/airflow/example_dags/example_trigger_target_dag.py
[2025-02-23T04:50:19.249+0000] {processor.py:914} INFO - Processing file /home/airflow/.local/lib/python3.12/site-packages/airflow/example_dags/example_trigger_target_dag.py for tasks to queue
[2025-02-23T04:50:19.251+0000] {logging_mixin.py:190} INFO - [2025-02-23T04:50:19.251+0000] {dagbag.py:588} INFO - Filling up the DagBag from /home/airflow/.local/lib/python3.12/site-packages/airflow/example_dags/example_trigger_target_dag.py
[2025-02-23T04:50:19.257+0000] {processor.py:925} INFO - DAG(s) 'example_trigger_target_dag' retrieved from /home/airflow/.local/lib/python3.12/site-packages/airflow/example_dags/example_trigger_target_dag.py
[2025-02-23T04:50:19.275+0000] {logging_mixin.py:190} INFO - [2025-02-23T04:50:19.275+0000] {dag.py:3239} INFO - Sync 1 DAGs
[2025-02-23T04:50:19.286+0000] {logging_mixin.py:190} INFO - [2025-02-23T04:50:19.286+0000] {dag.py:4180} INFO - Setting next_dagrun for example_trigger_target_dag to None, run_after=None
[2025-02-23T04:50:19.300+0000] {processor.py:208} INFO - Processing /home/airflow/.local/lib/python3.12/site-packages/airflow/example_dags/example_trigger_target_dag.py took 0.055 seconds
[2025-02-23T04:50:49.974+0000] {processor.py:186} INFO - Started process (PID=608) to work on /home/airflow/.local/lib/python3.12/site-packages/airflow/example_dags/example_trigger_target_dag.py
[2025-02-23T04:50:49.975+0000] {processor.py:914} INFO - Processing file /home/airflow/.local/lib/python3.12/site-packages/airflow/example_dags/example_trigger_target_dag.py for tasks to queue
[2025-02-23T04:50:49.977+0000] {logging_mixin.py:190} INFO - [2025-02-23T04:50:49.976+0000] {dagbag.py:588} INFO - Filling up the DagBag from /home/airflow/.local/lib/python3.12/site-packages/airflow/example_dags/example_trigger_target_dag.py
[2025-02-23T04:50:49.984+0000] {processor.py:925} INFO - DAG(s) 'example_trigger_target_dag' retrieved from /home/airflow/.local/lib/python3.12/site-packages/airflow/example_dags/example_trigger_target_dag.py
[2025-02-23T04:50:50.004+0000] {logging_mixin.py:190} INFO - [2025-02-23T04:50:50.004+0000] {dag.py:3239} INFO - Sync 1 DAGs
[2025-02-23T04:50:50.020+0000] {logging_mixin.py:190} INFO - [2025-02-23T04:50:50.020+0000] {dag.py:4180} INFO - Setting next_dagrun for example_trigger_target_dag to None, run_after=None
[2025-02-23T04:50:50.037+0000] {processor.py:208} INFO - Processing /home/airflow/.local/lib/python3.12/site-packages/airflow/example_dags/example_trigger_target_dag.py took 0.069 seconds
[2025-02-23T04:51:20.098+0000] {processor.py:186} INFO - Started process (PID=670) to work on /home/airflow/.local/lib/python3.12/site-packages/airflow/example_dags/example_trigger_target_dag.py
[2025-02-23T04:51:20.099+0000] {processor.py:914} INFO - Processing file /home/airflow/.local/lib/python3.12/site-packages/airflow/example_dags/example_trigger_target_dag.py for tasks to queue
[2025-02-23T04:51:20.101+0000] {logging_mixin.py:190} INFO - [2025-02-23T04:51:20.100+0000] {dagbag.py:588} INFO - Filling up the DagBag from /home/airflow/.local/lib/python3.12/site-packages/airflow/example_dags/example_trigger_target_dag.py
[2025-02-23T04:51:20.107+0000] {processor.py:925} INFO - DAG(s) 'example_trigger_target_dag' retrieved from /home/airflow/.local/lib/python3.12/site-packages/airflow/example_dags/example_trigger_target_dag.py
[2025-02-23T04:51:20.125+0000] {logging_mixin.py:190} INFO - [2025-02-23T04:51:20.125+0000] {dag.py:3239} INFO - Sync 1 DAGs
[2025-02-23T04:51:20.141+0000] {logging_mixin.py:190} INFO - [2025-02-23T04:51:20.141+0000] {dag.py:4180} INFO - Setting next_dagrun for example_trigger_target_dag to None, run_after=None
[2025-02-23T04:51:20.157+0000] {processor.py:208} INFO - Processing /home/airflow/.local/lib/python3.12/site-packages/airflow/example_dags/example_trigger_target_dag.py took 0.063 seconds
[2025-02-23T04:51:50.389+0000] {processor.py:186} INFO - Started process (PID=733) to work on /home/airflow/.local/lib/python3.12/site-packages/airflow/example_dags/example_trigger_target_dag.py
[2025-02-23T04:51:50.390+0000] {processor.py:914} INFO - Processing file /home/airflow/.local/lib/python3.12/site-packages/airflow/example_dags/example_trigger_target_dag.py for tasks to queue
[2025-02-23T04:51:50.392+0000] {logging_mixin.py:190} INFO - [2025-02-23T04:51:50.391+0000] {dagbag.py:588} INFO - Filling up the DagBag from /home/airflow/.local/lib/python3.12/site-packages/airflow/example_dags/example_trigger_target_dag.py
[2025-02-23T04:51:50.397+0000] {processor.py:925} INFO - DAG(s) 'example_trigger_target_dag' retrieved from /home/airflow/.local/lib/python3.12/site-packages/airflow/example_dags/example_trigger_target_dag.py
[2025-02-23T04:51:50.411+0000] {logging_mixin.py:190} INFO - [2025-02-23T04:51:50.411+0000] {dag.py:3239} INFO - Sync 1 DAGs
[2025-02-23T04:51:50.423+0000] {logging_mixin.py:190} INFO - [2025-02-23T04:51:50.422+0000] {dag.py:4180} INFO - Setting next_dagrun for example_trigger_target_dag to None, run_after=None
[2025-02-23T04:51:50.435+0000] {processor.py:208} INFO - Processing /home/airflow/.local/lib/python3.12/site-packages/airflow/example_dags/example_trigger_target_dag.py took 0.050 seconds
[2025-02-23T04:52:20.812+0000] {processor.py:186} INFO - Started process (PID=796) to work on /home/airflow/.local/lib/python3.12/site-packages/airflow/example_dags/example_trigger_target_dag.py
[2025-02-23T04:52:20.813+0000] {processor.py:914} INFO - Processing file /home/airflow/.local/lib/python3.12/site-packages/airflow/example_dags/example_trigger_target_dag.py for tasks to queue
[2025-02-23T04:52:20.815+0000] {logging_mixin.py:190} INFO - [2025-02-23T04:52:20.815+0000] {dagbag.py:588} INFO - Filling up the DagBag from /home/airflow/.local/lib/python3.12/site-packages/airflow/example_dags/example_trigger_target_dag.py
[2025-02-23T04:52:20.821+0000] {processor.py:925} INFO - DAG(s) 'example_trigger_target_dag' retrieved from /home/airflow/.local/lib/python3.12/site-packages/airflow/example_dags/example_trigger_target_dag.py
[2025-02-23T04:52:20.836+0000] {logging_mixin.py:190} INFO - [2025-02-23T04:52:20.836+0000] {dag.py:3239} INFO - Sync 1 DAGs
[2025-02-23T04:52:20.847+0000] {logging_mixin.py:190} INFO - [2025-02-23T04:52:20.847+0000] {dag.py:4180} INFO - Setting next_dagrun for example_trigger_target_dag to None, run_after=None
[2025-02-23T04:52:20.860+0000] {processor.py:208} INFO - Processing /home/airflow/.local/lib/python3.12/site-packages/airflow/example_dags/example_trigger_target_dag.py took 0.054 seconds
[2025-02-23T04:52:50.998+0000] {processor.py:186} INFO - Started process (PID=858) to work on /home/airflow/.local/lib/python3.12/site-packages/airflow/example_dags/example_trigger_target_dag.py
[2025-02-23T04:52:50.998+0000] {processor.py:914} INFO - Processing file /home/airflow/.local/lib/python3.12/site-packages/airflow/example_dags/example_trigger_target_dag.py for tasks to queue
[2025-02-23T04:52:51.000+0000] {logging_mixin.py:190} INFO - [2025-02-23T04:52:50.999+0000] {dagbag.py:588} INFO - Filling up the DagBag from /home/airflow/.local/lib/python3.12/site-packages/airflow/example_dags/example_trigger_target_dag.py
[2025-02-23T04:52:51.006+0000] {processor.py:925} INFO - DAG(s) 'example_trigger_target_dag' retrieved from /home/airflow/.local/lib/python3.12/site-packages/airflow/example_dags/example_trigger_target_dag.py
[2025-02-23T04:52:51.019+0000] {logging_mixin.py:190} INFO - [2025-02-23T04:52:51.019+0000] {dag.py:3239} INFO - Sync 1 DAGs
[2025-02-23T04:52:51.031+0000] {logging_mixin.py:190} INFO - [2025-02-23T04:52:51.030+0000] {dag.py:4180} INFO - Setting next_dagrun for example_trigger_target_dag to None, run_after=None
[2025-02-23T04:52:51.044+0000] {processor.py:208} INFO - Processing /home/airflow/.local/lib/python3.12/site-packages/airflow/example_dags/example_trigger_target_dag.py took 0.051 seconds
[2025-02-23T04:53:21.355+0000] {processor.py:186} INFO - Started process (PID=921) to work on /home/airflow/.local/lib/python3.12/site-packages/airflow/example_dags/example_trigger_target_dag.py
[2025-02-23T04:53:21.356+0000] {processor.py:914} INFO - Processing file /home/airflow/.local/lib/python3.12/site-packages/airflow/example_dags/example_trigger_target_dag.py for tasks to queue
[2025-02-23T04:53:21.357+0000] {logging_mixin.py:190} INFO - [2025-02-23T04:53:21.357+0000] {dagbag.py:588} INFO - Filling up the DagBag from /home/airflow/.local/lib/python3.12/site-packages/airflow/example_dags/example_trigger_target_dag.py
[2025-02-23T04:53:21.363+0000] {processor.py:925} INFO - DAG(s) 'example_trigger_target_dag' retrieved from /home/airflow/.local/lib/python3.12/site-packages/airflow/example_dags/example_trigger_target_dag.py
[2025-02-23T04:53:21.376+0000] {logging_mixin.py:190} INFO - [2025-02-23T04:53:21.376+0000] {dag.py:3239} INFO - Sync 1 DAGs
[2025-02-23T04:53:21.387+0000] {logging_mixin.py:190} INFO - [2025-02-23T04:53:21.387+0000] {dag.py:4180} INFO - Setting next_dagrun for example_trigger_target_dag to None, run_after=None
[2025-02-23T04:53:21.399+0000] {processor.py:208} INFO - Processing /home/airflow/.local/lib/python3.12/site-packages/airflow/example_dags/example_trigger_target_dag.py took 0.048 seconds
[2025-02-23T04:53:52.006+0000] {processor.py:186} INFO - Started process (PID=984) to work on /home/airflow/.local/lib/python3.12/site-packages/airflow/example_dags/example_trigger_target_dag.py
[2025-02-23T04:53:52.007+0000] {processor.py:914} INFO - Processing file /home/airflow/.local/lib/python3.12/site-packages/airflow/example_dags/example_trigger_target_dag.py for tasks to queue
[2025-02-23T04:53:52.009+0000] {logging_mixin.py:190} INFO - [2025-02-23T04:53:52.008+0000] {dagbag.py:588} INFO - Filling up the DagBag from /home/airflow/.local/lib/python3.12/site-packages/airflow/example_dags/example_trigger_target_dag.py
[2025-02-23T04:53:52.014+0000] {processor.py:925} INFO - DAG(s) 'example_trigger_target_dag' retrieved from /home/airflow/.local/lib/python3.12/site-packages/airflow/example_dags/example_trigger_target_dag.py
[2025-02-23T04:53:52.028+0000] {logging_mixin.py:190} INFO - [2025-02-23T04:53:52.027+0000] {dag.py:3239} INFO - Sync 1 DAGs
[2025-02-23T04:53:52.039+0000] {logging_mixin.py:190} INFO - [2025-02-23T04:53:52.039+0000] {dag.py:4180} INFO - Setting next_dagrun for example_trigger_target_dag to None, run_after=None
[2025-02-23T04:53:52.050+0000] {processor.py:208} INFO - Processing /home/airflow/.local/lib/python3.12/site-packages/airflow/example_dags/example_trigger_target_dag.py took 0.049 seconds
[2025-02-23T04:54:22.324+0000] {processor.py:186} INFO - Started process (PID=1047) to work on /home/airflow/.local/lib/python3.12/site-packages/airflow/example_dags/example_trigger_target_dag.py
[2025-02-23T04:54:22.325+0000] {processor.py:914} INFO - Processing file /home/airflow/.local/lib/python3.12/site-packages/airflow/example_dags/example_trigger_target_dag.py for tasks to queue
[2025-02-23T04:54:22.326+0000] {logging_mixin.py:190} INFO - [2025-02-23T04:54:22.326+0000] {dagbag.py:588} INFO - Filling up the DagBag from /home/airflow/.local/lib/python3.12/site-packages/airflow/example_dags/example_trigger_target_dag.py
[2025-02-23T04:54:22.332+0000] {processor.py:925} INFO - DAG(s) 'example_trigger_target_dag' retrieved from /home/airflow/.local/lib/python3.12/site-packages/airflow/example_dags/example_trigger_target_dag.py
[2025-02-23T04:54:22.347+0000] {logging_mixin.py:190} INFO - [2025-02-23T04:54:22.347+0000] {dag.py:3239} INFO - Sync 1 DAGs
[2025-02-23T04:54:22.358+0000] {logging_mixin.py:190} INFO - [2025-02-23T04:54:22.358+0000] {dag.py:4180} INFO - Setting next_dagrun for example_trigger_target_dag to None, run_after=None
[2025-02-23T04:54:22.370+0000] {processor.py:208} INFO - Processing /home/airflow/.local/lib/python3.12/site-packages/airflow/example_dags/example_trigger_target_dag.py took 0.050 seconds
[2025-02-23T04:54:52.774+0000] {processor.py:186} INFO - Started process (PID=1110) to work on /home/airflow/.local/lib/python3.12/site-packages/airflow/example_dags/example_trigger_target_dag.py
[2025-02-23T04:54:52.774+0000] {processor.py:914} INFO - Processing file /home/airflow/.local/lib/python3.12/site-packages/airflow/example_dags/example_trigger_target_dag.py for tasks to queue
[2025-02-23T04:54:52.776+0000] {logging_mixin.py:190} INFO - [2025-02-23T04:54:52.776+0000] {dagbag.py:588} INFO - Filling up the DagBag from /home/airflow/.local/lib/python3.12/site-packages/airflow/example_dags/example_trigger_target_dag.py
[2025-02-23T04:54:52.782+0000] {processor.py:925} INFO - DAG(s) 'example_trigger_target_dag' retrieved from /home/airflow/.local/lib/python3.12/site-packages/airflow/example_dags/example_trigger_target_dag.py
[2025-02-23T04:54:52.795+0000] {logging_mixin.py:190} INFO - [2025-02-23T04:54:52.795+0000] {dag.py:3239} INFO - Sync 1 DAGs
[2025-02-23T04:54:52.806+0000] {logging_mixin.py:190} INFO - [2025-02-23T04:54:52.805+0000] {dag.py:4180} INFO - Setting next_dagrun for example_trigger_target_dag to None, run_after=None
[2025-02-23T04:54:52.818+0000] {processor.py:208} INFO - Processing /home/airflow/.local/lib/python3.12/site-packages/airflow/example_dags/example_trigger_target_dag.py took 0.048 seconds
[2025-02-23T04:55:22.989+0000] {processor.py:186} INFO - Started process (PID=1173) to work on /home/airflow/.local/lib/python3.12/site-packages/airflow/example_dags/example_trigger_target_dag.py
[2025-02-23T04:55:22.990+0000] {processor.py:914} INFO - Processing file /home/airflow/.local/lib/python3.12/site-packages/airflow/example_dags/example_trigger_target_dag.py for tasks to queue
[2025-02-23T04:55:22.992+0000] {logging_mixin.py:190} INFO - [2025-02-23T04:55:22.992+0000] {dagbag.py:588} INFO - Filling up the DagBag from /home/airflow/.local/lib/python3.12/site-packages/airflow/example_dags/example_trigger_target_dag.py
[2025-02-23T04:55:22.999+0000] {processor.py:925} INFO - DAG(s) 'example_trigger_target_dag' retrieved from /home/airflow/.local/lib/python3.12/site-packages/airflow/example_dags/example_trigger_target_dag.py
[2025-02-23T04:55:23.017+0000] {logging_mixin.py:190} INFO - [2025-02-23T04:55:23.017+0000] {dag.py:3239} INFO - Sync 1 DAGs
[2025-02-23T04:55:23.030+0000] {logging_mixin.py:190} INFO - [2025-02-23T04:55:23.030+0000] {dag.py:4180} INFO - Setting next_dagrun for example_trigger_target_dag to None, run_after=None
[2025-02-23T04:55:23.046+0000] {processor.py:208} INFO - Processing /home/airflow/.local/lib/python3.12/site-packages/airflow/example_dags/example_trigger_target_dag.py took 0.063 seconds
[2025-02-23T04:55:53.332+0000] {processor.py:186} INFO - Started process (PID=1236) to work on /home/airflow/.local/lib/python3.12/site-packages/airflow/example_dags/example_trigger_target_dag.py
[2025-02-23T04:55:53.332+0000] {processor.py:914} INFO - Processing file /home/airflow/.local/lib/python3.12/site-packages/airflow/example_dags/example_trigger_target_dag.py for tasks to queue
[2025-02-23T04:55:53.334+0000] {logging_mixin.py:190} INFO - [2025-02-23T04:55:53.334+0000] {dagbag.py:588} INFO - Filling up the DagBag from /home/airflow/.local/lib/python3.12/site-packages/airflow/example_dags/example_trigger_target_dag.py
[2025-02-23T04:55:53.340+0000] {processor.py:925} INFO - DAG(s) 'example_trigger_target_dag' retrieved from /home/airflow/.local/lib/python3.12/site-packages/airflow/example_dags/example_trigger_target_dag.py
[2025-02-23T04:55:53.353+0000] {logging_mixin.py:190} INFO - [2025-02-23T04:55:53.353+0000] {dag.py:3239} INFO - Sync 1 DAGs
[2025-02-23T04:55:53.364+0000] {logging_mixin.py:190} INFO - [2025-02-23T04:55:53.364+0000] {dag.py:4180} INFO - Setting next_dagrun for example_trigger_target_dag to None, run_after=None
[2025-02-23T04:55:53.376+0000] {processor.py:208} INFO - Processing /home/airflow/.local/lib/python3.12/site-packages/airflow/example_dags/example_trigger_target_dag.py took 0.048 seconds
[2025-02-23T04:56:24.349+0000] {processor.py:186} INFO - Started process (PID=1299) to work on /home/airflow/.local/lib/python3.12/site-packages/airflow/example_dags/example_trigger_target_dag.py
[2025-02-23T04:56:24.350+0000] {processor.py:914} INFO - Processing file /home/airflow/.local/lib/python3.12/site-packages/airflow/example_dags/example_trigger_target_dag.py for tasks to queue
[2025-02-23T04:56:24.352+0000] {logging_mixin.py:190} INFO - [2025-02-23T04:56:24.351+0000] {dagbag.py:588} INFO - Filling up the DagBag from /home/airflow/.local/lib/python3.12/site-packages/airflow/example_dags/example_trigger_target_dag.py
[2025-02-23T04:56:24.358+0000] {processor.py:925} INFO - DAG(s) 'example_trigger_target_dag' retrieved from /home/airflow/.local/lib/python3.12/site-packages/airflow/example_dags/example_trigger_target_dag.py
[2025-02-23T04:56:24.372+0000] {logging_mixin.py:190} INFO - [2025-02-23T04:56:24.372+0000] {dag.py:3239} INFO - Sync 1 DAGs
[2025-02-23T04:56:24.383+0000] {logging_mixin.py:190} INFO - [2025-02-23T04:56:24.383+0000] {dag.py:4180} INFO - Setting next_dagrun for example_trigger_target_dag to None, run_after=None
[2025-02-23T04:56:24.395+0000] {processor.py:208} INFO - Processing /home/airflow/.local/lib/python3.12/site-packages/airflow/example_dags/example_trigger_target_dag.py took 0.050 seconds
[2025-02-23T04:56:55.002+0000] {processor.py:186} INFO - Started process (PID=1364) to work on /home/airflow/.local/lib/python3.12/site-packages/airflow/example_dags/example_trigger_target_dag.py
[2025-02-23T04:56:55.003+0000] {processor.py:914} INFO - Processing file /home/airflow/.local/lib/python3.12/site-packages/airflow/example_dags/example_trigger_target_dag.py for tasks to queue
[2025-02-23T04:56:55.005+0000] {logging_mixin.py:190} INFO - [2025-02-23T04:56:55.004+0000] {dagbag.py:588} INFO - Filling up the DagBag from /home/airflow/.local/lib/python3.12/site-packages/airflow/example_dags/example_trigger_target_dag.py
[2025-02-23T04:56:55.011+0000] {processor.py:925} INFO - DAG(s) 'example_trigger_target_dag' retrieved from /home/airflow/.local/lib/python3.12/site-packages/airflow/example_dags/example_trigger_target_dag.py
[2025-02-23T04:56:55.028+0000] {logging_mixin.py:190} INFO - [2025-02-23T04:56:55.027+0000] {dag.py:3239} INFO - Sync 1 DAGs
[2025-02-23T04:56:55.044+0000] {logging_mixin.py:190} INFO - [2025-02-23T04:56:55.044+0000] {dag.py:4180} INFO - Setting next_dagrun for example_trigger_target_dag to None, run_after=None
[2025-02-23T04:56:55.062+0000] {processor.py:208} INFO - Processing /home/airflow/.local/lib/python3.12/site-packages/airflow/example_dags/example_trigger_target_dag.py took 0.065 seconds
