[2025-02-23T04:46:35.361+0000] {processor.py:186} INFO - Started process (PID=75) to work on /home/airflow/.local/lib/python3.12/site-packages/airflow/example_dags/example_external_task_marker_dag.py
[2025-02-23T04:46:35.362+0000] {processor.py:914} INFO - Processing file /home/airflow/.local/lib/python3.12/site-packages/airflow/example_dags/example_external_task_marker_dag.py for tasks to queue
[2025-02-23T04:46:35.364+0000] {logging_mixin.py:190} INFO - [2025-02-23T04:46:35.363+0000] {dagbag.py:588} INFO - Filling up the DagBag from /home/airflow/.local/lib/python3.12/site-packages/airflow/example_dags/example_external_task_marker_dag.py
[2025-02-23T04:46:35.374+0000] {processor.py:925} INFO - DAG(s) 'example_external_task_marker_child', 'example_external_task_marker_parent' retrieved from /home/airflow/.local/lib/python3.12/site-packages/airflow/example_dags/example_external_task_marker_dag.py
[2025-02-23T04:46:35.492+0000] {logging_mixin.py:190} INFO - [2025-02-23T04:46:35.491+0000] {override.py:1911} INFO - Created Permission View: can read on DAG:example_external_task_marker_child
[2025-02-23T04:46:35.501+0000] {logging_mixin.py:190} INFO - [2025-02-23T04:46:35.501+0000] {override.py:1911} INFO - Created Permission View: can delete on DAG:example_external_task_marker_child
[2025-02-23T04:46:35.506+0000] {logging_mixin.py:190} INFO - [2025-02-23T04:46:35.506+0000] {override.py:1911} INFO - Created Permission View: can edit on DAG:example_external_task_marker_child
[2025-02-23T04:46:35.512+0000] {logging_mixin.py:190} INFO - [2025-02-23T04:46:35.512+0000] {override.py:1911} INFO - Created Permission View: can read on DAG Run:example_external_task_marker_child
[2025-02-23T04:46:35.518+0000] {logging_mixin.py:190} INFO - [2025-02-23T04:46:35.518+0000] {override.py:1911} INFO - Created Permission View: menu access on DAG Run:example_external_task_marker_child
[2025-02-23T04:46:35.524+0000] {logging_mixin.py:190} INFO - [2025-02-23T04:46:35.523+0000] {override.py:1911} INFO - Created Permission View: can create on DAG Run:example_external_task_marker_child
[2025-02-23T04:46:35.529+0000] {logging_mixin.py:190} INFO - [2025-02-23T04:46:35.529+0000] {override.py:1911} INFO - Created Permission View: can delete on DAG Run:example_external_task_marker_child
[2025-02-23T04:46:35.543+0000] {logging_mixin.py:190} INFO - [2025-02-23T04:46:35.542+0000] {override.py:1911} INFO - Created Permission View: can read on DAG:example_external_task_marker_parent
[2025-02-23T04:46:35.548+0000] {logging_mixin.py:190} INFO - [2025-02-23T04:46:35.548+0000] {override.py:1911} INFO - Created Permission View: can delete on DAG:example_external_task_marker_parent
[2025-02-23T04:46:35.552+0000] {logging_mixin.py:190} INFO - [2025-02-23T04:46:35.552+0000] {override.py:1911} INFO - Created Permission View: can edit on DAG:example_external_task_marker_parent
[2025-02-23T04:46:35.557+0000] {logging_mixin.py:190} INFO - [2025-02-23T04:46:35.556+0000] {override.py:1911} INFO - Created Permission View: can read on DAG Run:example_external_task_marker_parent
[2025-02-23T04:46:35.562+0000] {logging_mixin.py:190} INFO - [2025-02-23T04:46:35.561+0000] {override.py:1911} INFO - Created Permission View: menu access on DAG Run:example_external_task_marker_parent
[2025-02-23T04:46:35.566+0000] {logging_mixin.py:190} INFO - [2025-02-23T04:46:35.566+0000] {override.py:1911} INFO - Created Permission View: can create on DAG Run:example_external_task_marker_parent
[2025-02-23T04:46:35.571+0000] {logging_mixin.py:190} INFO - [2025-02-23T04:46:35.570+0000] {override.py:1911} INFO - Created Permission View: can delete on DAG Run:example_external_task_marker_parent
[2025-02-23T04:46:35.571+0000] {logging_mixin.py:190} INFO - [2025-02-23T04:46:35.571+0000] {dag.py:3239} INFO - Sync 2 DAGs
[2025-02-23T04:46:35.580+0000] {logging_mixin.py:190} INFO - [2025-02-23T04:46:35.580+0000] {dag.py:3262} INFO - Creating ORM DAG for example_external_task_marker_parent
[2025-02-23T04:46:35.581+0000] {logging_mixin.py:190} INFO - [2025-02-23T04:46:35.581+0000] {dag.py:3262} INFO - Creating ORM DAG for example_external_task_marker_child
[2025-02-23T04:46:35.581+0000] {logging_mixin.py:190} INFO - [2025-02-23T04:46:35.581+0000] {dag.py:4180} INFO - Setting next_dagrun for example_external_task_marker_child to None, run_after=None
[2025-02-23T04:46:35.582+0000] {logging_mixin.py:190} INFO - [2025-02-23T04:46:35.582+0000] {dag.py:4180} INFO - Setting next_dagrun for example_external_task_marker_parent to None, run_after=None
[2025-02-23T04:46:35.593+0000] {processor.py:208} INFO - Processing /home/airflow/.local/lib/python3.12/site-packages/airflow/example_dags/example_external_task_marker_dag.py took 0.236 seconds
[2025-02-23T04:47:06.016+0000] {processor.py:186} INFO - Started process (PID=139) to work on /home/airflow/.local/lib/python3.12/site-packages/airflow/example_dags/example_external_task_marker_dag.py
[2025-02-23T04:47:06.017+0000] {processor.py:914} INFO - Processing file /home/airflow/.local/lib/python3.12/site-packages/airflow/example_dags/example_external_task_marker_dag.py for tasks to queue
[2025-02-23T04:47:06.019+0000] {logging_mixin.py:190} INFO - [2025-02-23T04:47:06.019+0000] {dagbag.py:588} INFO - Filling up the DagBag from /home/airflow/.local/lib/python3.12/site-packages/airflow/example_dags/example_external_task_marker_dag.py
[2025-02-23T04:47:06.025+0000] {processor.py:925} INFO - DAG(s) 'example_external_task_marker_child', 'example_external_task_marker_parent' retrieved from /home/airflow/.local/lib/python3.12/site-packages/airflow/example_dags/example_external_task_marker_dag.py
[2025-02-23T04:47:06.044+0000] {logging_mixin.py:190} INFO - [2025-02-23T04:47:06.044+0000] {dag.py:3239} INFO - Sync 2 DAGs
[2025-02-23T04:47:06.059+0000] {logging_mixin.py:190} INFO - [2025-02-23T04:47:06.059+0000] {dag.py:4180} INFO - Setting next_dagrun for example_external_task_marker_child to None, run_after=None
[2025-02-23T04:47:06.063+0000] {logging_mixin.py:190} INFO - [2025-02-23T04:47:06.062+0000] {dag.py:4180} INFO - Setting next_dagrun for example_external_task_marker_parent to None, run_after=None
[2025-02-23T04:47:06.076+0000] {processor.py:208} INFO - Processing /home/airflow/.local/lib/python3.12/site-packages/airflow/example_dags/example_external_task_marker_dag.py took 0.064 seconds
[2025-02-23T04:47:36.518+0000] {processor.py:186} INFO - Started process (PID=202) to work on /home/airflow/.local/lib/python3.12/site-packages/airflow/example_dags/example_external_task_marker_dag.py
[2025-02-23T04:47:36.519+0000] {processor.py:914} INFO - Processing file /home/airflow/.local/lib/python3.12/site-packages/airflow/example_dags/example_external_task_marker_dag.py for tasks to queue
[2025-02-23T04:47:36.521+0000] {logging_mixin.py:190} INFO - [2025-02-23T04:47:36.520+0000] {dagbag.py:588} INFO - Filling up the DagBag from /home/airflow/.local/lib/python3.12/site-packages/airflow/example_dags/example_external_task_marker_dag.py
[2025-02-23T04:47:36.527+0000] {processor.py:925} INFO - DAG(s) 'example_external_task_marker_child', 'example_external_task_marker_parent' retrieved from /home/airflow/.local/lib/python3.12/site-packages/airflow/example_dags/example_external_task_marker_dag.py
[2025-02-23T04:47:36.545+0000] {logging_mixin.py:190} INFO - [2025-02-23T04:47:36.545+0000] {dag.py:3239} INFO - Sync 2 DAGs
[2025-02-23T04:47:36.557+0000] {logging_mixin.py:190} INFO - [2025-02-23T04:47:36.557+0000] {dag.py:4180} INFO - Setting next_dagrun for example_external_task_marker_child to None, run_after=None
[2025-02-23T04:47:36.560+0000] {logging_mixin.py:190} INFO - [2025-02-23T04:47:36.560+0000] {dag.py:4180} INFO - Setting next_dagrun for example_external_task_marker_parent to None, run_after=None
[2025-02-23T04:47:36.575+0000] {processor.py:208} INFO - Processing /home/airflow/.local/lib/python3.12/site-packages/airflow/example_dags/example_external_task_marker_dag.py took 0.061 seconds
[2025-02-23T04:48:07.106+0000] {processor.py:186} INFO - Started process (PID=265) to work on /home/airflow/.local/lib/python3.12/site-packages/airflow/example_dags/example_external_task_marker_dag.py
[2025-02-23T04:48:07.106+0000] {processor.py:914} INFO - Processing file /home/airflow/.local/lib/python3.12/site-packages/airflow/example_dags/example_external_task_marker_dag.py for tasks to queue
[2025-02-23T04:48:07.108+0000] {logging_mixin.py:190} INFO - [2025-02-23T04:48:07.108+0000] {dagbag.py:588} INFO - Filling up the DagBag from /home/airflow/.local/lib/python3.12/site-packages/airflow/example_dags/example_external_task_marker_dag.py
[2025-02-23T04:48:07.114+0000] {processor.py:925} INFO - DAG(s) 'example_external_task_marker_child', 'example_external_task_marker_parent' retrieved from /home/airflow/.local/lib/python3.12/site-packages/airflow/example_dags/example_external_task_marker_dag.py
[2025-02-23T04:48:07.133+0000] {logging_mixin.py:190} INFO - [2025-02-23T04:48:07.133+0000] {dag.py:3239} INFO - Sync 2 DAGs
[2025-02-23T04:48:07.148+0000] {logging_mixin.py:190} INFO - [2025-02-23T04:48:07.148+0000] {dag.py:4180} INFO - Setting next_dagrun for example_external_task_marker_child to None, run_after=None
[2025-02-23T04:48:07.152+0000] {logging_mixin.py:190} INFO - [2025-02-23T04:48:07.151+0000] {dag.py:4180} INFO - Setting next_dagrun for example_external_task_marker_parent to None, run_after=None
[2025-02-23T04:48:07.165+0000] {processor.py:208} INFO - Processing /home/airflow/.local/lib/python3.12/site-packages/airflow/example_dags/example_external_task_marker_dag.py took 0.064 seconds
[2025-02-23T04:48:37.221+0000] {processor.py:186} INFO - Started process (PID=329) to work on /home/airflow/.local/lib/python3.12/site-packages/airflow/example_dags/example_external_task_marker_dag.py
[2025-02-23T04:48:37.221+0000] {processor.py:914} INFO - Processing file /home/airflow/.local/lib/python3.12/site-packages/airflow/example_dags/example_external_task_marker_dag.py for tasks to queue
[2025-02-23T04:48:37.224+0000] {logging_mixin.py:190} INFO - [2025-02-23T04:48:37.223+0000] {dagbag.py:588} INFO - Filling up the DagBag from /home/airflow/.local/lib/python3.12/site-packages/airflow/example_dags/example_external_task_marker_dag.py
[2025-02-23T04:48:37.232+0000] {processor.py:925} INFO - DAG(s) 'example_external_task_marker_child', 'example_external_task_marker_parent' retrieved from /home/airflow/.local/lib/python3.12/site-packages/airflow/example_dags/example_external_task_marker_dag.py
[2025-02-23T04:48:37.256+0000] {logging_mixin.py:190} INFO - [2025-02-23T04:48:37.256+0000] {dag.py:3239} INFO - Sync 2 DAGs
[2025-02-23T04:48:37.273+0000] {logging_mixin.py:190} INFO - [2025-02-23T04:48:37.273+0000] {dag.py:4180} INFO - Setting next_dagrun for example_external_task_marker_child to None, run_after=None
[2025-02-23T04:48:37.277+0000] {logging_mixin.py:190} INFO - [2025-02-23T04:48:37.277+0000] {dag.py:4180} INFO - Setting next_dagrun for example_external_task_marker_parent to None, run_after=None
[2025-02-23T04:48:37.292+0000] {processor.py:208} INFO - Processing /home/airflow/.local/lib/python3.12/site-packages/airflow/example_dags/example_external_task_marker_dag.py took 0.078 seconds
[2025-02-23T04:49:07.329+0000] {processor.py:186} INFO - Started process (PID=393) to work on /home/airflow/.local/lib/python3.12/site-packages/airflow/example_dags/example_external_task_marker_dag.py
[2025-02-23T04:49:07.329+0000] {processor.py:914} INFO - Processing file /home/airflow/.local/lib/python3.12/site-packages/airflow/example_dags/example_external_task_marker_dag.py for tasks to queue
[2025-02-23T04:49:07.331+0000] {logging_mixin.py:190} INFO - [2025-02-23T04:49:07.331+0000] {dagbag.py:588} INFO - Filling up the DagBag from /home/airflow/.local/lib/python3.12/site-packages/airflow/example_dags/example_external_task_marker_dag.py
[2025-02-23T04:49:07.339+0000] {processor.py:925} INFO - DAG(s) 'example_external_task_marker_parent', 'example_external_task_marker_child' retrieved from /home/airflow/.local/lib/python3.12/site-packages/airflow/example_dags/example_external_task_marker_dag.py
[2025-02-23T04:49:07.356+0000] {logging_mixin.py:190} INFO - [2025-02-23T04:49:07.356+0000] {dag.py:3239} INFO - Sync 2 DAGs
[2025-02-23T04:49:07.369+0000] {logging_mixin.py:190} INFO - [2025-02-23T04:49:07.368+0000] {dag.py:4180} INFO - Setting next_dagrun for example_external_task_marker_child to None, run_after=None
[2025-02-23T04:49:07.372+0000] {logging_mixin.py:190} INFO - [2025-02-23T04:49:07.372+0000] {dag.py:4180} INFO - Setting next_dagrun for example_external_task_marker_parent to None, run_after=None
[2025-02-23T04:49:07.385+0000] {processor.py:208} INFO - Processing /home/airflow/.local/lib/python3.12/site-packages/airflow/example_dags/example_external_task_marker_dag.py took 0.062 seconds
[2025-02-23T04:49:37.520+0000] {processor.py:186} INFO - Started process (PID=456) to work on /home/airflow/.local/lib/python3.12/site-packages/airflow/example_dags/example_external_task_marker_dag.py
[2025-02-23T04:49:37.521+0000] {processor.py:914} INFO - Processing file /home/airflow/.local/lib/python3.12/site-packages/airflow/example_dags/example_external_task_marker_dag.py for tasks to queue
[2025-02-23T04:49:37.522+0000] {logging_mixin.py:190} INFO - [2025-02-23T04:49:37.522+0000] {dagbag.py:588} INFO - Filling up the DagBag from /home/airflow/.local/lib/python3.12/site-packages/airflow/example_dags/example_external_task_marker_dag.py
[2025-02-23T04:49:37.528+0000] {processor.py:925} INFO - DAG(s) 'example_external_task_marker_parent', 'example_external_task_marker_child' retrieved from /home/airflow/.local/lib/python3.12/site-packages/airflow/example_dags/example_external_task_marker_dag.py
[2025-02-23T04:49:37.545+0000] {logging_mixin.py:190} INFO - [2025-02-23T04:49:37.544+0000] {dag.py:3239} INFO - Sync 2 DAGs
[2025-02-23T04:49:37.556+0000] {logging_mixin.py:190} INFO - [2025-02-23T04:49:37.556+0000] {dag.py:4180} INFO - Setting next_dagrun for example_external_task_marker_child to None, run_after=None
[2025-02-23T04:49:37.559+0000] {logging_mixin.py:190} INFO - [2025-02-23T04:49:37.559+0000] {dag.py:4180} INFO - Setting next_dagrun for example_external_task_marker_parent to None, run_after=None
[2025-02-23T04:49:37.570+0000] {processor.py:208} INFO - Processing /home/airflow/.local/lib/python3.12/site-packages/airflow/example_dags/example_external_task_marker_dag.py took 0.054 seconds
[2025-02-23T04:50:07.972+0000] {processor.py:186} INFO - Started process (PID=519) to work on /home/airflow/.local/lib/python3.12/site-packages/airflow/example_dags/example_external_task_marker_dag.py
[2025-02-23T04:50:07.973+0000] {processor.py:914} INFO - Processing file /home/airflow/.local/lib/python3.12/site-packages/airflow/example_dags/example_external_task_marker_dag.py for tasks to queue
[2025-02-23T04:50:07.975+0000] {logging_mixin.py:190} INFO - [2025-02-23T04:50:07.974+0000] {dagbag.py:588} INFO - Filling up the DagBag from /home/airflow/.local/lib/python3.12/site-packages/airflow/example_dags/example_external_task_marker_dag.py
[2025-02-23T04:50:07.981+0000] {processor.py:925} INFO - DAG(s) 'example_external_task_marker_parent', 'example_external_task_marker_child' retrieved from /home/airflow/.local/lib/python3.12/site-packages/airflow/example_dags/example_external_task_marker_dag.py
[2025-02-23T04:50:08.002+0000] {logging_mixin.py:190} INFO - [2025-02-23T04:50:08.001+0000] {dag.py:3239} INFO - Sync 2 DAGs
[2025-02-23T04:50:08.014+0000] {logging_mixin.py:190} INFO - [2025-02-23T04:50:08.013+0000] {dag.py:4180} INFO - Setting next_dagrun for example_external_task_marker_child to None, run_after=None
[2025-02-23T04:50:08.016+0000] {logging_mixin.py:190} INFO - [2025-02-23T04:50:08.016+0000] {dag.py:4180} INFO - Setting next_dagrun for example_external_task_marker_parent to None, run_after=None
[2025-02-23T04:50:08.028+0000] {processor.py:208} INFO - Processing /home/airflow/.local/lib/python3.12/site-packages/airflow/example_dags/example_external_task_marker_dag.py took 0.060 seconds
[2025-02-23T04:50:38.599+0000] {processor.py:186} INFO - Started process (PID=582) to work on /home/airflow/.local/lib/python3.12/site-packages/airflow/example_dags/example_external_task_marker_dag.py
[2025-02-23T04:50:38.600+0000] {processor.py:914} INFO - Processing file /home/airflow/.local/lib/python3.12/site-packages/airflow/example_dags/example_external_task_marker_dag.py for tasks to queue
[2025-02-23T04:50:38.601+0000] {logging_mixin.py:190} INFO - [2025-02-23T04:50:38.601+0000] {dagbag.py:588} INFO - Filling up the DagBag from /home/airflow/.local/lib/python3.12/site-packages/airflow/example_dags/example_external_task_marker_dag.py
[2025-02-23T04:50:38.607+0000] {processor.py:925} INFO - DAG(s) 'example_external_task_marker_child', 'example_external_task_marker_parent' retrieved from /home/airflow/.local/lib/python3.12/site-packages/airflow/example_dags/example_external_task_marker_dag.py
[2025-02-23T04:50:38.625+0000] {logging_mixin.py:190} INFO - [2025-02-23T04:50:38.625+0000] {dag.py:3239} INFO - Sync 2 DAGs
[2025-02-23T04:50:38.640+0000] {logging_mixin.py:190} INFO - [2025-02-23T04:50:38.640+0000] {dag.py:4180} INFO - Setting next_dagrun for example_external_task_marker_child to None, run_after=None
[2025-02-23T04:50:38.644+0000] {logging_mixin.py:190} INFO - [2025-02-23T04:50:38.644+0000] {dag.py:4180} INFO - Setting next_dagrun for example_external_task_marker_parent to None, run_after=None
[2025-02-23T04:50:38.658+0000] {processor.py:208} INFO - Processing /home/airflow/.local/lib/python3.12/site-packages/airflow/example_dags/example_external_task_marker_dag.py took 0.063 seconds
[2025-02-23T04:51:09.059+0000] {processor.py:186} INFO - Started process (PID=645) to work on /home/airflow/.local/lib/python3.12/site-packages/airflow/example_dags/example_external_task_marker_dag.py
[2025-02-23T04:51:09.059+0000] {processor.py:914} INFO - Processing file /home/airflow/.local/lib/python3.12/site-packages/airflow/example_dags/example_external_task_marker_dag.py for tasks to queue
[2025-02-23T04:51:09.061+0000] {logging_mixin.py:190} INFO - [2025-02-23T04:51:09.061+0000] {dagbag.py:588} INFO - Filling up the DagBag from /home/airflow/.local/lib/python3.12/site-packages/airflow/example_dags/example_external_task_marker_dag.py
[2025-02-23T04:51:09.067+0000] {processor.py:925} INFO - DAG(s) 'example_external_task_marker_parent', 'example_external_task_marker_child' retrieved from /home/airflow/.local/lib/python3.12/site-packages/airflow/example_dags/example_external_task_marker_dag.py
[2025-02-23T04:51:09.087+0000] {logging_mixin.py:190} INFO - [2025-02-23T04:51:09.086+0000] {dag.py:3239} INFO - Sync 2 DAGs
[2025-02-23T04:51:09.099+0000] {logging_mixin.py:190} INFO - [2025-02-23T04:51:09.099+0000] {dag.py:4180} INFO - Setting next_dagrun for example_external_task_marker_child to None, run_after=None
[2025-02-23T04:51:09.102+0000] {logging_mixin.py:190} INFO - [2025-02-23T04:51:09.102+0000] {dag.py:4180} INFO - Setting next_dagrun for example_external_task_marker_parent to None, run_after=None
[2025-02-23T04:51:09.113+0000] {processor.py:208} INFO - Processing /home/airflow/.local/lib/python3.12/site-packages/airflow/example_dags/example_external_task_marker_dag.py took 0.059 seconds
[2025-02-23T04:51:39.346+0000] {processor.py:186} INFO - Started process (PID=709) to work on /home/airflow/.local/lib/python3.12/site-packages/airflow/example_dags/example_external_task_marker_dag.py
[2025-02-23T04:51:39.347+0000] {processor.py:914} INFO - Processing file /home/airflow/.local/lib/python3.12/site-packages/airflow/example_dags/example_external_task_marker_dag.py for tasks to queue
[2025-02-23T04:51:39.348+0000] {logging_mixin.py:190} INFO - [2025-02-23T04:51:39.348+0000] {dagbag.py:588} INFO - Filling up the DagBag from /home/airflow/.local/lib/python3.12/site-packages/airflow/example_dags/example_external_task_marker_dag.py
[2025-02-23T04:51:39.355+0000] {processor.py:925} INFO - DAG(s) 'example_external_task_marker_child', 'example_external_task_marker_parent' retrieved from /home/airflow/.local/lib/python3.12/site-packages/airflow/example_dags/example_external_task_marker_dag.py
[2025-02-23T04:51:39.372+0000] {logging_mixin.py:190} INFO - [2025-02-23T04:51:39.372+0000] {dag.py:3239} INFO - Sync 2 DAGs
[2025-02-23T04:51:39.387+0000] {logging_mixin.py:190} INFO - [2025-02-23T04:51:39.387+0000] {dag.py:4180} INFO - Setting next_dagrun for example_external_task_marker_child to None, run_after=None
[2025-02-23T04:51:39.390+0000] {logging_mixin.py:190} INFO - [2025-02-23T04:51:39.390+0000] {dag.py:4180} INFO - Setting next_dagrun for example_external_task_marker_parent to None, run_after=None
[2025-02-23T04:51:39.402+0000] {processor.py:208} INFO - Processing /home/airflow/.local/lib/python3.12/site-packages/airflow/example_dags/example_external_task_marker_dag.py took 0.060 seconds
[2025-02-23T04:52:09.761+0000] {processor.py:186} INFO - Started process (PID=772) to work on /home/airflow/.local/lib/python3.12/site-packages/airflow/example_dags/example_external_task_marker_dag.py
[2025-02-23T04:52:09.762+0000] {processor.py:914} INFO - Processing file /home/airflow/.local/lib/python3.12/site-packages/airflow/example_dags/example_external_task_marker_dag.py for tasks to queue
[2025-02-23T04:52:09.764+0000] {logging_mixin.py:190} INFO - [2025-02-23T04:52:09.764+0000] {dagbag.py:588} INFO - Filling up the DagBag from /home/airflow/.local/lib/python3.12/site-packages/airflow/example_dags/example_external_task_marker_dag.py
[2025-02-23T04:52:09.770+0000] {processor.py:925} INFO - DAG(s) 'example_external_task_marker_child', 'example_external_task_marker_parent' retrieved from /home/airflow/.local/lib/python3.12/site-packages/airflow/example_dags/example_external_task_marker_dag.py
[2025-02-23T04:52:09.789+0000] {logging_mixin.py:190} INFO - [2025-02-23T04:52:09.789+0000] {dag.py:3239} INFO - Sync 2 DAGs
[2025-02-23T04:52:09.802+0000] {logging_mixin.py:190} INFO - [2025-02-23T04:52:09.801+0000] {dag.py:4180} INFO - Setting next_dagrun for example_external_task_marker_child to None, run_after=None
[2025-02-23T04:52:09.805+0000] {logging_mixin.py:190} INFO - [2025-02-23T04:52:09.804+0000] {dag.py:4180} INFO - Setting next_dagrun for example_external_task_marker_parent to None, run_after=None
[2025-02-23T04:52:09.816+0000] {processor.py:208} INFO - Processing /home/airflow/.local/lib/python3.12/site-packages/airflow/example_dags/example_external_task_marker_dag.py took 0.059 seconds
[2025-02-23T04:52:39.956+0000] {processor.py:186} INFO - Started process (PID=835) to work on /home/airflow/.local/lib/python3.12/site-packages/airflow/example_dags/example_external_task_marker_dag.py
[2025-02-23T04:52:39.956+0000] {processor.py:914} INFO - Processing file /home/airflow/.local/lib/python3.12/site-packages/airflow/example_dags/example_external_task_marker_dag.py for tasks to queue
[2025-02-23T04:52:39.958+0000] {logging_mixin.py:190} INFO - [2025-02-23T04:52:39.958+0000] {dagbag.py:588} INFO - Filling up the DagBag from /home/airflow/.local/lib/python3.12/site-packages/airflow/example_dags/example_external_task_marker_dag.py
[2025-02-23T04:52:39.966+0000] {processor.py:925} INFO - DAG(s) 'example_external_task_marker_parent', 'example_external_task_marker_child' retrieved from /home/airflow/.local/lib/python3.12/site-packages/airflow/example_dags/example_external_task_marker_dag.py
[2025-02-23T04:52:39.983+0000] {logging_mixin.py:190} INFO - [2025-02-23T04:52:39.982+0000] {dag.py:3239} INFO - Sync 2 DAGs
[2025-02-23T04:52:39.994+0000] {logging_mixin.py:190} INFO - [2025-02-23T04:52:39.994+0000] {dag.py:4180} INFO - Setting next_dagrun for example_external_task_marker_child to None, run_after=None
[2025-02-23T04:52:39.997+0000] {logging_mixin.py:190} INFO - [2025-02-23T04:52:39.997+0000] {dag.py:4180} INFO - Setting next_dagrun for example_external_task_marker_parent to None, run_after=None
[2025-02-23T04:52:40.008+0000] {processor.py:208} INFO - Processing /home/airflow/.local/lib/python3.12/site-packages/airflow/example_dags/example_external_task_marker_dag.py took 0.058 seconds
[2025-02-23T04:53:10.349+0000] {processor.py:186} INFO - Started process (PID=898) to work on /home/airflow/.local/lib/python3.12/site-packages/airflow/example_dags/example_external_task_marker_dag.py
[2025-02-23T04:53:10.350+0000] {processor.py:914} INFO - Processing file /home/airflow/.local/lib/python3.12/site-packages/airflow/example_dags/example_external_task_marker_dag.py for tasks to queue
[2025-02-23T04:53:10.352+0000] {logging_mixin.py:190} INFO - [2025-02-23T04:53:10.352+0000] {dagbag.py:588} INFO - Filling up the DagBag from /home/airflow/.local/lib/python3.12/site-packages/airflow/example_dags/example_external_task_marker_dag.py
[2025-02-23T04:53:10.361+0000] {processor.py:925} INFO - DAG(s) 'example_external_task_marker_child', 'example_external_task_marker_parent' retrieved from /home/airflow/.local/lib/python3.12/site-packages/airflow/example_dags/example_external_task_marker_dag.py
[2025-02-23T04:53:10.383+0000] {logging_mixin.py:190} INFO - [2025-02-23T04:53:10.383+0000] {dag.py:3239} INFO - Sync 2 DAGs
[2025-02-23T04:53:10.400+0000] {logging_mixin.py:190} INFO - [2025-02-23T04:53:10.399+0000] {dag.py:4180} INFO - Setting next_dagrun for example_external_task_marker_child to None, run_after=None
[2025-02-23T04:53:10.403+0000] {logging_mixin.py:190} INFO - [2025-02-23T04:53:10.403+0000] {dag.py:4180} INFO - Setting next_dagrun for example_external_task_marker_parent to None, run_after=None
[2025-02-23T04:53:10.415+0000] {processor.py:208} INFO - Processing /home/airflow/.local/lib/python3.12/site-packages/airflow/example_dags/example_external_task_marker_dag.py took 0.072 seconds
[2025-02-23T04:53:40.969+0000] {processor.py:186} INFO - Started process (PID=961) to work on /home/airflow/.local/lib/python3.12/site-packages/airflow/example_dags/example_external_task_marker_dag.py
[2025-02-23T04:53:40.969+0000] {processor.py:914} INFO - Processing file /home/airflow/.local/lib/python3.12/site-packages/airflow/example_dags/example_external_task_marker_dag.py for tasks to queue
[2025-02-23T04:53:40.971+0000] {logging_mixin.py:190} INFO - [2025-02-23T04:53:40.971+0000] {dagbag.py:588} INFO - Filling up the DagBag from /home/airflow/.local/lib/python3.12/site-packages/airflow/example_dags/example_external_task_marker_dag.py
[2025-02-23T04:53:40.977+0000] {processor.py:925} INFO - DAG(s) 'example_external_task_marker_parent', 'example_external_task_marker_child' retrieved from /home/airflow/.local/lib/python3.12/site-packages/airflow/example_dags/example_external_task_marker_dag.py
[2025-02-23T04:53:40.997+0000] {logging_mixin.py:190} INFO - [2025-02-23T04:53:40.997+0000] {dag.py:3239} INFO - Sync 2 DAGs
[2025-02-23T04:53:41.011+0000] {logging_mixin.py:190} INFO - [2025-02-23T04:53:41.011+0000] {dag.py:4180} INFO - Setting next_dagrun for example_external_task_marker_child to None, run_after=None
[2025-02-23T04:53:41.014+0000] {logging_mixin.py:190} INFO - [2025-02-23T04:53:41.014+0000] {dag.py:4180} INFO - Setting next_dagrun for example_external_task_marker_parent to None, run_after=None
[2025-02-23T04:53:41.027+0000] {processor.py:208} INFO - Processing /home/airflow/.local/lib/python3.12/site-packages/airflow/example_dags/example_external_task_marker_dag.py took 0.062 seconds
[2025-02-23T04:54:11.268+0000] {processor.py:186} INFO - Started process (PID=1024) to work on /home/airflow/.local/lib/python3.12/site-packages/airflow/example_dags/example_external_task_marker_dag.py
[2025-02-23T04:54:11.269+0000] {processor.py:914} INFO - Processing file /home/airflow/.local/lib/python3.12/site-packages/airflow/example_dags/example_external_task_marker_dag.py for tasks to queue
[2025-02-23T04:54:11.270+0000] {logging_mixin.py:190} INFO - [2025-02-23T04:54:11.270+0000] {dagbag.py:588} INFO - Filling up the DagBag from /home/airflow/.local/lib/python3.12/site-packages/airflow/example_dags/example_external_task_marker_dag.py
[2025-02-23T04:54:11.277+0000] {processor.py:925} INFO - DAG(s) 'example_external_task_marker_parent', 'example_external_task_marker_child' retrieved from /home/airflow/.local/lib/python3.12/site-packages/airflow/example_dags/example_external_task_marker_dag.py
[2025-02-23T04:54:11.297+0000] {logging_mixin.py:190} INFO - [2025-02-23T04:54:11.297+0000] {dag.py:3239} INFO - Sync 2 DAGs
[2025-02-23T04:54:11.311+0000] {logging_mixin.py:190} INFO - [2025-02-23T04:54:11.311+0000] {dag.py:4180} INFO - Setting next_dagrun for example_external_task_marker_child to None, run_after=None
[2025-02-23T04:54:11.314+0000] {logging_mixin.py:190} INFO - [2025-02-23T04:54:11.314+0000] {dag.py:4180} INFO - Setting next_dagrun for example_external_task_marker_parent to None, run_after=None
[2025-02-23T04:54:11.327+0000] {processor.py:208} INFO - Processing /home/airflow/.local/lib/python3.12/site-packages/airflow/example_dags/example_external_task_marker_dag.py took 0.064 seconds
[2025-02-23T04:54:41.681+0000] {processor.py:186} INFO - Started process (PID=1087) to work on /home/airflow/.local/lib/python3.12/site-packages/airflow/example_dags/example_external_task_marker_dag.py
[2025-02-23T04:54:41.682+0000] {processor.py:914} INFO - Processing file /home/airflow/.local/lib/python3.12/site-packages/airflow/example_dags/example_external_task_marker_dag.py for tasks to queue
[2025-02-23T04:54:41.683+0000] {logging_mixin.py:190} INFO - [2025-02-23T04:54:41.683+0000] {dagbag.py:588} INFO - Filling up the DagBag from /home/airflow/.local/lib/python3.12/site-packages/airflow/example_dags/example_external_task_marker_dag.py
[2025-02-23T04:54:41.690+0000] {processor.py:925} INFO - DAG(s) 'example_external_task_marker_parent', 'example_external_task_marker_child' retrieved from /home/airflow/.local/lib/python3.12/site-packages/airflow/example_dags/example_external_task_marker_dag.py
[2025-02-23T04:54:41.707+0000] {logging_mixin.py:190} INFO - [2025-02-23T04:54:41.706+0000] {dag.py:3239} INFO - Sync 2 DAGs
[2025-02-23T04:54:41.718+0000] {logging_mixin.py:190} INFO - [2025-02-23T04:54:41.718+0000] {dag.py:4180} INFO - Setting next_dagrun for example_external_task_marker_child to None, run_after=None
[2025-02-23T04:54:41.721+0000] {logging_mixin.py:190} INFO - [2025-02-23T04:54:41.721+0000] {dag.py:4180} INFO - Setting next_dagrun for example_external_task_marker_parent to None, run_after=None
[2025-02-23T04:54:41.732+0000] {processor.py:208} INFO - Processing /home/airflow/.local/lib/python3.12/site-packages/airflow/example_dags/example_external_task_marker_dag.py took 0.054 seconds
[2025-02-23T04:55:11.870+0000] {processor.py:186} INFO - Started process (PID=1150) to work on /home/airflow/.local/lib/python3.12/site-packages/airflow/example_dags/example_external_task_marker_dag.py
[2025-02-23T04:55:11.871+0000] {processor.py:914} INFO - Processing file /home/airflow/.local/lib/python3.12/site-packages/airflow/example_dags/example_external_task_marker_dag.py for tasks to queue
[2025-02-23T04:55:11.873+0000] {logging_mixin.py:190} INFO - [2025-02-23T04:55:11.873+0000] {dagbag.py:588} INFO - Filling up the DagBag from /home/airflow/.local/lib/python3.12/site-packages/airflow/example_dags/example_external_task_marker_dag.py
[2025-02-23T04:55:11.883+0000] {processor.py:925} INFO - DAG(s) 'example_external_task_marker_child', 'example_external_task_marker_parent' retrieved from /home/airflow/.local/lib/python3.12/site-packages/airflow/example_dags/example_external_task_marker_dag.py
[2025-02-23T04:55:11.906+0000] {logging_mixin.py:190} INFO - [2025-02-23T04:55:11.906+0000] {dag.py:3239} INFO - Sync 2 DAGs
[2025-02-23T04:55:11.920+0000] {logging_mixin.py:190} INFO - [2025-02-23T04:55:11.920+0000] {dag.py:4180} INFO - Setting next_dagrun for example_external_task_marker_child to None, run_after=None
[2025-02-23T04:55:11.923+0000] {logging_mixin.py:190} INFO - [2025-02-23T04:55:11.923+0000] {dag.py:4180} INFO - Setting next_dagrun for example_external_task_marker_parent to None, run_after=None
[2025-02-23T04:55:11.936+0000] {processor.py:208} INFO - Processing /home/airflow/.local/lib/python3.12/site-packages/airflow/example_dags/example_external_task_marker_dag.py took 0.071 seconds
[2025-02-23T04:55:42.066+0000] {processor.py:186} INFO - Started process (PID=1213) to work on /home/airflow/.local/lib/python3.12/site-packages/airflow/example_dags/example_external_task_marker_dag.py
[2025-02-23T04:55:42.066+0000] {processor.py:914} INFO - Processing file /home/airflow/.local/lib/python3.12/site-packages/airflow/example_dags/example_external_task_marker_dag.py for tasks to queue
[2025-02-23T04:55:42.068+0000] {logging_mixin.py:190} INFO - [2025-02-23T04:55:42.068+0000] {dagbag.py:588} INFO - Filling up the DagBag from /home/airflow/.local/lib/python3.12/site-packages/airflow/example_dags/example_external_task_marker_dag.py
[2025-02-23T04:55:42.074+0000] {processor.py:925} INFO - DAG(s) 'example_external_task_marker_parent', 'example_external_task_marker_child' retrieved from /home/airflow/.local/lib/python3.12/site-packages/airflow/example_dags/example_external_task_marker_dag.py
[2025-02-23T04:55:42.092+0000] {logging_mixin.py:190} INFO - [2025-02-23T04:55:42.092+0000] {dag.py:3239} INFO - Sync 2 DAGs
[2025-02-23T04:55:42.105+0000] {logging_mixin.py:190} INFO - [2025-02-23T04:55:42.104+0000] {dag.py:4180} INFO - Setting next_dagrun for example_external_task_marker_child to None, run_after=None
[2025-02-23T04:55:42.107+0000] {logging_mixin.py:190} INFO - [2025-02-23T04:55:42.107+0000] {dag.py:4180} INFO - Setting next_dagrun for example_external_task_marker_parent to None, run_after=None
[2025-02-23T04:55:42.118+0000] {processor.py:208} INFO - Processing /home/airflow/.local/lib/python3.12/site-packages/airflow/example_dags/example_external_task_marker_dag.py took 0.057 seconds
[2025-02-23T04:56:12.243+0000] {processor.py:186} INFO - Started process (PID=1276) to work on /home/airflow/.local/lib/python3.12/site-packages/airflow/example_dags/example_external_task_marker_dag.py
[2025-02-23T04:56:12.243+0000] {processor.py:914} INFO - Processing file /home/airflow/.local/lib/python3.12/site-packages/airflow/example_dags/example_external_task_marker_dag.py for tasks to queue
[2025-02-23T04:56:12.245+0000] {logging_mixin.py:190} INFO - [2025-02-23T04:56:12.245+0000] {dagbag.py:588} INFO - Filling up the DagBag from /home/airflow/.local/lib/python3.12/site-packages/airflow/example_dags/example_external_task_marker_dag.py
[2025-02-23T04:56:12.251+0000] {processor.py:925} INFO - DAG(s) 'example_external_task_marker_child', 'example_external_task_marker_parent' retrieved from /home/airflow/.local/lib/python3.12/site-packages/airflow/example_dags/example_external_task_marker_dag.py
[2025-02-23T04:56:12.271+0000] {logging_mixin.py:190} INFO - [2025-02-23T04:56:12.271+0000] {dag.py:3239} INFO - Sync 2 DAGs
[2025-02-23T04:56:12.285+0000] {logging_mixin.py:190} INFO - [2025-02-23T04:56:12.284+0000] {dag.py:4180} INFO - Setting next_dagrun for example_external_task_marker_child to None, run_after=None
[2025-02-23T04:56:12.287+0000] {logging_mixin.py:190} INFO - [2025-02-23T04:56:12.287+0000] {dag.py:4180} INFO - Setting next_dagrun for example_external_task_marker_parent to None, run_after=None
[2025-02-23T04:56:12.299+0000] {processor.py:208} INFO - Processing /home/airflow/.local/lib/python3.12/site-packages/airflow/example_dags/example_external_task_marker_dag.py took 0.061 seconds
[2025-02-23T04:56:42.973+0000] {processor.py:186} INFO - Started process (PID=1340) to work on /home/airflow/.local/lib/python3.12/site-packages/airflow/example_dags/example_external_task_marker_dag.py
[2025-02-23T04:56:42.974+0000] {processor.py:914} INFO - Processing file /home/airflow/.local/lib/python3.12/site-packages/airflow/example_dags/example_external_task_marker_dag.py for tasks to queue
[2025-02-23T04:56:42.976+0000] {logging_mixin.py:190} INFO - [2025-02-23T04:56:42.975+0000] {dagbag.py:588} INFO - Filling up the DagBag from /home/airflow/.local/lib/python3.12/site-packages/airflow/example_dags/example_external_task_marker_dag.py
[2025-02-23T04:56:42.982+0000] {processor.py:925} INFO - DAG(s) 'example_external_task_marker_parent', 'example_external_task_marker_child' retrieved from /home/airflow/.local/lib/python3.12/site-packages/airflow/example_dags/example_external_task_marker_dag.py
[2025-02-23T04:56:43.002+0000] {logging_mixin.py:190} INFO - [2025-02-23T04:56:43.002+0000] {dag.py:3239} INFO - Sync 2 DAGs
[2025-02-23T04:56:43.016+0000] {logging_mixin.py:190} INFO - [2025-02-23T04:56:43.015+0000] {dag.py:4180} INFO - Setting next_dagrun for example_external_task_marker_child to None, run_after=None
[2025-02-23T04:56:43.019+0000] {logging_mixin.py:190} INFO - [2025-02-23T04:56:43.019+0000] {dag.py:4180} INFO - Setting next_dagrun for example_external_task_marker_parent to None, run_after=None
[2025-02-23T04:56:43.031+0000] {processor.py:208} INFO - Processing /home/airflow/.local/lib/python3.12/site-packages/airflow/example_dags/example_external_task_marker_dag.py took 0.062 seconds
[2025-02-23T04:57:13.312+0000] {processor.py:186} INFO - Started process (PID=1405) to work on /home/airflow/.local/lib/python3.12/site-packages/airflow/example_dags/example_external_task_marker_dag.py
[2025-02-23T04:57:13.312+0000] {processor.py:914} INFO - Processing file /home/airflow/.local/lib/python3.12/site-packages/airflow/example_dags/example_external_task_marker_dag.py for tasks to queue
[2025-02-23T04:57:13.314+0000] {logging_mixin.py:190} INFO - [2025-02-23T04:57:13.314+0000] {dagbag.py:588} INFO - Filling up the DagBag from /home/airflow/.local/lib/python3.12/site-packages/airflow/example_dags/example_external_task_marker_dag.py
[2025-02-23T04:57:13.320+0000] {processor.py:925} INFO - DAG(s) 'example_external_task_marker_child', 'example_external_task_marker_parent' retrieved from /home/airflow/.local/lib/python3.12/site-packages/airflow/example_dags/example_external_task_marker_dag.py
[2025-02-23T04:57:13.339+0000] {logging_mixin.py:190} INFO - [2025-02-23T04:57:13.339+0000] {dag.py:3239} INFO - Sync 2 DAGs
[2025-02-23T04:57:13.353+0000] {logging_mixin.py:190} INFO - [2025-02-23T04:57:13.353+0000] {dag.py:4180} INFO - Setting next_dagrun for example_external_task_marker_child to None, run_after=None
[2025-02-23T04:57:13.356+0000] {logging_mixin.py:190} INFO - [2025-02-23T04:57:13.356+0000] {dag.py:4180} INFO - Setting next_dagrun for example_external_task_marker_parent to None, run_after=None
[2025-02-23T04:57:13.368+0000] {processor.py:208} INFO - Processing /home/airflow/.local/lib/python3.12/site-packages/airflow/example_dags/example_external_task_marker_dag.py took 0.060 seconds
