[2025-02-23T04:46:39.361+0000] {processor.py:186} INFO - Started process (PID=89) to work on /home/airflow/.local/lib/python3.12/site-packages/airflow/example_dags/example_nested_branch_dag.py
[2025-02-23T04:46:39.362+0000] {processor.py:914} INFO - Processing file /home/airflow/.local/lib/python3.12/site-packages/airflow/example_dags/example_nested_branch_dag.py for tasks to queue
[2025-02-23T04:46:39.364+0000] {logging_mixin.py:190} INFO - [2025-02-23T04:46:39.363+0000] {dagbag.py:588} INFO - Filling up the DagBag from /home/airflow/.local/lib/python3.12/site-packages/airflow/example_dags/example_nested_branch_dag.py
[2025-02-23T04:46:39.377+0000] {processor.py:925} INFO - DAG(s) 'example_nested_branch_dag' retrieved from /home/airflow/.local/lib/python3.12/site-packages/airflow/example_dags/example_nested_branch_dag.py
[2025-02-23T04:46:39.503+0000] {logging_mixin.py:190} INFO - [2025-02-23T04:46:39.503+0000] {override.py:1911} INFO - Created Permission View: can read on DAG:example_nested_branch_dag
[2025-02-23T04:46:39.512+0000] {logging_mixin.py:190} INFO - [2025-02-23T04:46:39.512+0000] {override.py:1911} INFO - Created Permission View: can delete on DAG:example_nested_branch_dag
[2025-02-23T04:46:39.518+0000] {logging_mixin.py:190} INFO - [2025-02-23T04:46:39.518+0000] {override.py:1911} INFO - Created Permission View: can edit on DAG:example_nested_branch_dag
[2025-02-23T04:46:39.523+0000] {logging_mixin.py:190} INFO - [2025-02-23T04:46:39.523+0000] {override.py:1911} INFO - Created Permission View: can read on DAG Run:example_nested_branch_dag
[2025-02-23T04:46:39.528+0000] {logging_mixin.py:190} INFO - [2025-02-23T04:46:39.528+0000] {override.py:1911} INFO - Created Permission View: menu access on DAG Run:example_nested_branch_dag
[2025-02-23T04:46:39.534+0000] {logging_mixin.py:190} INFO - [2025-02-23T04:46:39.533+0000] {override.py:1911} INFO - Created Permission View: can create on DAG Run:example_nested_branch_dag
[2025-02-23T04:46:39.539+0000] {logging_mixin.py:190} INFO - [2025-02-23T04:46:39.539+0000] {override.py:1911} INFO - Created Permission View: can delete on DAG Run:example_nested_branch_dag
[2025-02-23T04:46:39.539+0000] {logging_mixin.py:190} INFO - [2025-02-23T04:46:39.539+0000] {dag.py:3239} INFO - Sync 1 DAGs
[2025-02-23T04:46:39.553+0000] {logging_mixin.py:190} INFO - [2025-02-23T04:46:39.553+0000] {dag.py:3262} INFO - Creating ORM DAG for example_nested_branch_dag
[2025-02-23T04:46:39.565+0000] {logging_mixin.py:190} INFO - [2025-02-23T04:46:39.565+0000] {dag.py:4180} INFO - Setting next_dagrun for example_nested_branch_dag to 2025-02-22 00:00:00+00:00, run_after=2025-02-23 00:00:00+00:00
[2025-02-23T04:46:39.581+0000] {processor.py:208} INFO - Processing /home/airflow/.local/lib/python3.12/site-packages/airflow/example_dags/example_nested_branch_dag.py took 0.227 seconds
[2025-02-23T04:47:09.782+0000] {processor.py:186} INFO - Started process (PID=153) to work on /home/airflow/.local/lib/python3.12/site-packages/airflow/example_dags/example_nested_branch_dag.py
[2025-02-23T04:47:09.783+0000] {processor.py:914} INFO - Processing file /home/airflow/.local/lib/python3.12/site-packages/airflow/example_dags/example_nested_branch_dag.py for tasks to queue
[2025-02-23T04:47:09.785+0000] {logging_mixin.py:190} INFO - [2025-02-23T04:47:09.784+0000] {dagbag.py:588} INFO - Filling up the DagBag from /home/airflow/.local/lib/python3.12/site-packages/airflow/example_dags/example_nested_branch_dag.py
[2025-02-23T04:47:09.794+0000] {processor.py:925} INFO - DAG(s) 'example_nested_branch_dag' retrieved from /home/airflow/.local/lib/python3.12/site-packages/airflow/example_dags/example_nested_branch_dag.py
[2025-02-23T04:47:09.811+0000] {logging_mixin.py:190} INFO - [2025-02-23T04:47:09.811+0000] {dag.py:3239} INFO - Sync 1 DAGs
[2025-02-23T04:47:09.833+0000] {logging_mixin.py:190} INFO - [2025-02-23T04:47:09.832+0000] {dag.py:4180} INFO - Setting next_dagrun for example_nested_branch_dag to 2025-02-22 00:00:00+00:00, run_after=2025-02-23 00:00:00+00:00
[2025-02-23T04:47:09.846+0000] {processor.py:208} INFO - Processing /home/airflow/.local/lib/python3.12/site-packages/airflow/example_dags/example_nested_branch_dag.py took 0.068 seconds
[2025-02-23T04:47:40.063+0000] {processor.py:186} INFO - Started process (PID=215) to work on /home/airflow/.local/lib/python3.12/site-packages/airflow/example_dags/example_nested_branch_dag.py
[2025-02-23T04:47:40.064+0000] {processor.py:914} INFO - Processing file /home/airflow/.local/lib/python3.12/site-packages/airflow/example_dags/example_nested_branch_dag.py for tasks to queue
[2025-02-23T04:47:40.065+0000] {logging_mixin.py:190} INFO - [2025-02-23T04:47:40.065+0000] {dagbag.py:588} INFO - Filling up the DagBag from /home/airflow/.local/lib/python3.12/site-packages/airflow/example_dags/example_nested_branch_dag.py
[2025-02-23T04:47:40.074+0000] {processor.py:925} INFO - DAG(s) 'example_nested_branch_dag' retrieved from /home/airflow/.local/lib/python3.12/site-packages/airflow/example_dags/example_nested_branch_dag.py
[2025-02-23T04:47:40.091+0000] {logging_mixin.py:190} INFO - [2025-02-23T04:47:40.091+0000] {dag.py:3239} INFO - Sync 1 DAGs
[2025-02-23T04:47:40.111+0000] {logging_mixin.py:190} INFO - [2025-02-23T04:47:40.111+0000] {dag.py:4180} INFO - Setting next_dagrun for example_nested_branch_dag to 2025-02-22 00:00:00+00:00, run_after=2025-02-23 00:00:00+00:00
[2025-02-23T04:47:40.123+0000] {processor.py:208} INFO - Processing /home/airflow/.local/lib/python3.12/site-packages/airflow/example_dags/example_nested_branch_dag.py took 0.064 seconds
[2025-02-23T04:48:10.765+0000] {processor.py:186} INFO - Started process (PID=278) to work on /home/airflow/.local/lib/python3.12/site-packages/airflow/example_dags/example_nested_branch_dag.py
[2025-02-23T04:48:10.766+0000] {processor.py:914} INFO - Processing file /home/airflow/.local/lib/python3.12/site-packages/airflow/example_dags/example_nested_branch_dag.py for tasks to queue
[2025-02-23T04:48:10.767+0000] {logging_mixin.py:190} INFO - [2025-02-23T04:48:10.767+0000] {dagbag.py:588} INFO - Filling up the DagBag from /home/airflow/.local/lib/python3.12/site-packages/airflow/example_dags/example_nested_branch_dag.py
[2025-02-23T04:48:10.777+0000] {processor.py:925} INFO - DAG(s) 'example_nested_branch_dag' retrieved from /home/airflow/.local/lib/python3.12/site-packages/airflow/example_dags/example_nested_branch_dag.py
[2025-02-23T04:48:10.795+0000] {logging_mixin.py:190} INFO - [2025-02-23T04:48:10.794+0000] {dag.py:3239} INFO - Sync 1 DAGs
[2025-02-23T04:48:10.817+0000] {logging_mixin.py:190} INFO - [2025-02-23T04:48:10.816+0000] {dag.py:4180} INFO - Setting next_dagrun for example_nested_branch_dag to 2025-02-22 00:00:00+00:00, run_after=2025-02-23 00:00:00+00:00
[2025-02-23T04:48:10.832+0000] {processor.py:208} INFO - Processing /home/airflow/.local/lib/python3.12/site-packages/airflow/example_dags/example_nested_branch_dag.py took 0.071 seconds
[2025-02-23T04:48:40.871+0000] {processor.py:186} INFO - Started process (PID=342) to work on /home/airflow/.local/lib/python3.12/site-packages/airflow/example_dags/example_nested_branch_dag.py
[2025-02-23T04:48:40.871+0000] {processor.py:914} INFO - Processing file /home/airflow/.local/lib/python3.12/site-packages/airflow/example_dags/example_nested_branch_dag.py for tasks to queue
[2025-02-23T04:48:40.873+0000] {logging_mixin.py:190} INFO - [2025-02-23T04:48:40.873+0000] {dagbag.py:588} INFO - Filling up the DagBag from /home/airflow/.local/lib/python3.12/site-packages/airflow/example_dags/example_nested_branch_dag.py
[2025-02-23T04:48:40.882+0000] {processor.py:925} INFO - DAG(s) 'example_nested_branch_dag' retrieved from /home/airflow/.local/lib/python3.12/site-packages/airflow/example_dags/example_nested_branch_dag.py
[2025-02-23T04:48:40.899+0000] {logging_mixin.py:190} INFO - [2025-02-23T04:48:40.898+0000] {dag.py:3239} INFO - Sync 1 DAGs
[2025-02-23T04:48:40.919+0000] {logging_mixin.py:190} INFO - [2025-02-23T04:48:40.919+0000] {dag.py:4180} INFO - Setting next_dagrun for example_nested_branch_dag to 2025-02-22 00:00:00+00:00, run_after=2025-02-23 00:00:00+00:00
[2025-02-23T04:48:40.932+0000] {processor.py:208} INFO - Processing /home/airflow/.local/lib/python3.12/site-packages/airflow/example_dags/example_nested_branch_dag.py took 0.065 seconds
[2025-02-23T04:49:11.042+0000] {processor.py:186} INFO - Started process (PID=406) to work on /home/airflow/.local/lib/python3.12/site-packages/airflow/example_dags/example_nested_branch_dag.py
[2025-02-23T04:49:11.044+0000] {processor.py:914} INFO - Processing file /home/airflow/.local/lib/python3.12/site-packages/airflow/example_dags/example_nested_branch_dag.py for tasks to queue
[2025-02-23T04:49:11.046+0000] {logging_mixin.py:190} INFO - [2025-02-23T04:49:11.045+0000] {dagbag.py:588} INFO - Filling up the DagBag from /home/airflow/.local/lib/python3.12/site-packages/airflow/example_dags/example_nested_branch_dag.py
[2025-02-23T04:49:11.057+0000] {processor.py:925} INFO - DAG(s) 'example_nested_branch_dag' retrieved from /home/airflow/.local/lib/python3.12/site-packages/airflow/example_dags/example_nested_branch_dag.py
[2025-02-23T04:49:11.074+0000] {logging_mixin.py:190} INFO - [2025-02-23T04:49:11.074+0000] {dag.py:3239} INFO - Sync 1 DAGs
[2025-02-23T04:49:11.093+0000] {logging_mixin.py:190} INFO - [2025-02-23T04:49:11.093+0000] {dag.py:4180} INFO - Setting next_dagrun for example_nested_branch_dag to 2025-02-22 00:00:00+00:00, run_after=2025-02-23 00:00:00+00:00
[2025-02-23T04:49:11.107+0000] {processor.py:208} INFO - Processing /home/airflow/.local/lib/python3.12/site-packages/airflow/example_dags/example_nested_branch_dag.py took 0.071 seconds
[2025-02-23T04:49:41.145+0000] {processor.py:186} INFO - Started process (PID=469) to work on /home/airflow/.local/lib/python3.12/site-packages/airflow/example_dags/example_nested_branch_dag.py
[2025-02-23T04:49:41.146+0000] {processor.py:914} INFO - Processing file /home/airflow/.local/lib/python3.12/site-packages/airflow/example_dags/example_nested_branch_dag.py for tasks to queue
[2025-02-23T04:49:41.147+0000] {logging_mixin.py:190} INFO - [2025-02-23T04:49:41.147+0000] {dagbag.py:588} INFO - Filling up the DagBag from /home/airflow/.local/lib/python3.12/site-packages/airflow/example_dags/example_nested_branch_dag.py
[2025-02-23T04:49:41.159+0000] {processor.py:925} INFO - DAG(s) 'example_nested_branch_dag' retrieved from /home/airflow/.local/lib/python3.12/site-packages/airflow/example_dags/example_nested_branch_dag.py
[2025-02-23T04:49:41.179+0000] {logging_mixin.py:190} INFO - [2025-02-23T04:49:41.179+0000] {dag.py:3239} INFO - Sync 1 DAGs
[2025-02-23T04:49:41.198+0000] {logging_mixin.py:190} INFO - [2025-02-23T04:49:41.198+0000] {dag.py:4180} INFO - Setting next_dagrun for example_nested_branch_dag to 2025-02-22 00:00:00+00:00, run_after=2025-02-23 00:00:00+00:00
[2025-02-23T04:49:41.210+0000] {processor.py:208} INFO - Processing /home/airflow/.local/lib/python3.12/site-packages/airflow/example_dags/example_nested_branch_dag.py took 0.069 seconds
[2025-02-23T04:50:11.536+0000] {processor.py:186} INFO - Started process (PID=532) to work on /home/airflow/.local/lib/python3.12/site-packages/airflow/example_dags/example_nested_branch_dag.py
[2025-02-23T04:50:11.537+0000] {processor.py:914} INFO - Processing file /home/airflow/.local/lib/python3.12/site-packages/airflow/example_dags/example_nested_branch_dag.py for tasks to queue
[2025-02-23T04:50:11.539+0000] {logging_mixin.py:190} INFO - [2025-02-23T04:50:11.539+0000] {dagbag.py:588} INFO - Filling up the DagBag from /home/airflow/.local/lib/python3.12/site-packages/airflow/example_dags/example_nested_branch_dag.py
[2025-02-23T04:50:11.551+0000] {processor.py:925} INFO - DAG(s) 'example_nested_branch_dag' retrieved from /home/airflow/.local/lib/python3.12/site-packages/airflow/example_dags/example_nested_branch_dag.py
[2025-02-23T04:50:11.571+0000] {logging_mixin.py:190} INFO - [2025-02-23T04:50:11.571+0000] {dag.py:3239} INFO - Sync 1 DAGs
[2025-02-23T04:50:11.594+0000] {logging_mixin.py:190} INFO - [2025-02-23T04:50:11.593+0000] {dag.py:4180} INFO - Setting next_dagrun for example_nested_branch_dag to 2025-02-22 00:00:00+00:00, run_after=2025-02-23 00:00:00+00:00
[2025-02-23T04:50:11.608+0000] {processor.py:208} INFO - Processing /home/airflow/.local/lib/python3.12/site-packages/airflow/example_dags/example_nested_branch_dag.py took 0.078 seconds
[2025-02-23T04:50:42.202+0000] {processor.py:186} INFO - Started process (PID=595) to work on /home/airflow/.local/lib/python3.12/site-packages/airflow/example_dags/example_nested_branch_dag.py
[2025-02-23T04:50:42.203+0000] {processor.py:914} INFO - Processing file /home/airflow/.local/lib/python3.12/site-packages/airflow/example_dags/example_nested_branch_dag.py for tasks to queue
[2025-02-23T04:50:42.205+0000] {logging_mixin.py:190} INFO - [2025-02-23T04:50:42.204+0000] {dagbag.py:588} INFO - Filling up the DagBag from /home/airflow/.local/lib/python3.12/site-packages/airflow/example_dags/example_nested_branch_dag.py
[2025-02-23T04:50:42.216+0000] {processor.py:925} INFO - DAG(s) 'example_nested_branch_dag' retrieved from /home/airflow/.local/lib/python3.12/site-packages/airflow/example_dags/example_nested_branch_dag.py
[2025-02-23T04:50:42.232+0000] {logging_mixin.py:190} INFO - [2025-02-23T04:50:42.232+0000] {dag.py:3239} INFO - Sync 1 DAGs
[2025-02-23T04:50:42.251+0000] {logging_mixin.py:190} INFO - [2025-02-23T04:50:42.251+0000] {dag.py:4180} INFO - Setting next_dagrun for example_nested_branch_dag to 2025-02-22 00:00:00+00:00, run_after=2025-02-23 00:00:00+00:00
[2025-02-23T04:50:42.266+0000] {processor.py:208} INFO - Processing /home/airflow/.local/lib/python3.12/site-packages/airflow/example_dags/example_nested_branch_dag.py took 0.069 seconds
[2025-02-23T04:51:12.637+0000] {processor.py:186} INFO - Started process (PID=658) to work on /home/airflow/.local/lib/python3.12/site-packages/airflow/example_dags/example_nested_branch_dag.py
[2025-02-23T04:51:12.638+0000] {processor.py:914} INFO - Processing file /home/airflow/.local/lib/python3.12/site-packages/airflow/example_dags/example_nested_branch_dag.py for tasks to queue
[2025-02-23T04:51:12.639+0000] {logging_mixin.py:190} INFO - [2025-02-23T04:51:12.639+0000] {dagbag.py:588} INFO - Filling up the DagBag from /home/airflow/.local/lib/python3.12/site-packages/airflow/example_dags/example_nested_branch_dag.py
[2025-02-23T04:51:12.649+0000] {processor.py:925} INFO - DAG(s) 'example_nested_branch_dag' retrieved from /home/airflow/.local/lib/python3.12/site-packages/airflow/example_dags/example_nested_branch_dag.py
[2025-02-23T04:51:12.665+0000] {logging_mixin.py:190} INFO - [2025-02-23T04:51:12.665+0000] {dag.py:3239} INFO - Sync 1 DAGs
[2025-02-23T04:51:12.684+0000] {logging_mixin.py:190} INFO - [2025-02-23T04:51:12.684+0000] {dag.py:4180} INFO - Setting next_dagrun for example_nested_branch_dag to 2025-02-22 00:00:00+00:00, run_after=2025-02-23 00:00:00+00:00
[2025-02-23T04:51:12.699+0000] {processor.py:208} INFO - Processing /home/airflow/.local/lib/python3.12/site-packages/airflow/example_dags/example_nested_branch_dag.py took 0.066 seconds
[2025-02-23T04:51:42.915+0000] {processor.py:186} INFO - Started process (PID=722) to work on /home/airflow/.local/lib/python3.12/site-packages/airflow/example_dags/example_nested_branch_dag.py
[2025-02-23T04:51:42.916+0000] {processor.py:914} INFO - Processing file /home/airflow/.local/lib/python3.12/site-packages/airflow/example_dags/example_nested_branch_dag.py for tasks to queue
[2025-02-23T04:51:42.917+0000] {logging_mixin.py:190} INFO - [2025-02-23T04:51:42.917+0000] {dagbag.py:588} INFO - Filling up the DagBag from /home/airflow/.local/lib/python3.12/site-packages/airflow/example_dags/example_nested_branch_dag.py
[2025-02-23T04:51:42.927+0000] {processor.py:925} INFO - DAG(s) 'example_nested_branch_dag' retrieved from /home/airflow/.local/lib/python3.12/site-packages/airflow/example_dags/example_nested_branch_dag.py
[2025-02-23T04:51:42.946+0000] {logging_mixin.py:190} INFO - [2025-02-23T04:51:42.946+0000] {dag.py:3239} INFO - Sync 1 DAGs
[2025-02-23T04:51:42.972+0000] {logging_mixin.py:190} INFO - [2025-02-23T04:51:42.972+0000] {dag.py:4180} INFO - Setting next_dagrun for example_nested_branch_dag to 2025-02-22 00:00:00+00:00, run_after=2025-02-23 00:00:00+00:00
[2025-02-23T04:51:42.988+0000] {processor.py:208} INFO - Processing /home/airflow/.local/lib/python3.12/site-packages/airflow/example_dags/example_nested_branch_dag.py took 0.077 seconds
[2025-02-23T04:52:13.347+0000] {processor.py:186} INFO - Started process (PID=785) to work on /home/airflow/.local/lib/python3.12/site-packages/airflow/example_dags/example_nested_branch_dag.py
[2025-02-23T04:52:13.348+0000] {processor.py:914} INFO - Processing file /home/airflow/.local/lib/python3.12/site-packages/airflow/example_dags/example_nested_branch_dag.py for tasks to queue
[2025-02-23T04:52:13.349+0000] {logging_mixin.py:190} INFO - [2025-02-23T04:52:13.349+0000] {dagbag.py:588} INFO - Filling up the DagBag from /home/airflow/.local/lib/python3.12/site-packages/airflow/example_dags/example_nested_branch_dag.py
[2025-02-23T04:52:13.358+0000] {processor.py:925} INFO - DAG(s) 'example_nested_branch_dag' retrieved from /home/airflow/.local/lib/python3.12/site-packages/airflow/example_dags/example_nested_branch_dag.py
[2025-02-23T04:52:13.375+0000] {logging_mixin.py:190} INFO - [2025-02-23T04:52:13.375+0000] {dag.py:3239} INFO - Sync 1 DAGs
[2025-02-23T04:52:13.395+0000] {logging_mixin.py:190} INFO - [2025-02-23T04:52:13.395+0000] {dag.py:4180} INFO - Setting next_dagrun for example_nested_branch_dag to 2025-02-22 00:00:00+00:00, run_after=2025-02-23 00:00:00+00:00
[2025-02-23T04:52:13.409+0000] {processor.py:208} INFO - Processing /home/airflow/.local/lib/python3.12/site-packages/airflow/example_dags/example_nested_branch_dag.py took 0.066 seconds
[2025-02-23T04:52:43.549+0000] {processor.py:186} INFO - Started process (PID=848) to work on /home/airflow/.local/lib/python3.12/site-packages/airflow/example_dags/example_nested_branch_dag.py
[2025-02-23T04:52:43.550+0000] {processor.py:914} INFO - Processing file /home/airflow/.local/lib/python3.12/site-packages/airflow/example_dags/example_nested_branch_dag.py for tasks to queue
[2025-02-23T04:52:43.551+0000] {logging_mixin.py:190} INFO - [2025-02-23T04:52:43.551+0000] {dagbag.py:588} INFO - Filling up the DagBag from /home/airflow/.local/lib/python3.12/site-packages/airflow/example_dags/example_nested_branch_dag.py
[2025-02-23T04:52:43.560+0000] {processor.py:925} INFO - DAG(s) 'example_nested_branch_dag' retrieved from /home/airflow/.local/lib/python3.12/site-packages/airflow/example_dags/example_nested_branch_dag.py
[2025-02-23T04:52:43.584+0000] {logging_mixin.py:190} INFO - [2025-02-23T04:52:43.584+0000] {dag.py:3239} INFO - Sync 1 DAGs
[2025-02-23T04:52:43.610+0000] {logging_mixin.py:190} INFO - [2025-02-23T04:52:43.610+0000] {dag.py:4180} INFO - Setting next_dagrun for example_nested_branch_dag to 2025-02-22 00:00:00+00:00, run_after=2025-02-23 00:00:00+00:00
[2025-02-23T04:52:43.625+0000] {processor.py:208} INFO - Processing /home/airflow/.local/lib/python3.12/site-packages/airflow/example_dags/example_nested_branch_dag.py took 0.080 seconds
[2025-02-23T04:53:13.923+0000] {processor.py:186} INFO - Started process (PID=911) to work on /home/airflow/.local/lib/python3.12/site-packages/airflow/example_dags/example_nested_branch_dag.py
[2025-02-23T04:53:13.924+0000] {processor.py:914} INFO - Processing file /home/airflow/.local/lib/python3.12/site-packages/airflow/example_dags/example_nested_branch_dag.py for tasks to queue
[2025-02-23T04:53:13.925+0000] {logging_mixin.py:190} INFO - [2025-02-23T04:53:13.925+0000] {dagbag.py:588} INFO - Filling up the DagBag from /home/airflow/.local/lib/python3.12/site-packages/airflow/example_dags/example_nested_branch_dag.py
[2025-02-23T04:53:13.934+0000] {processor.py:925} INFO - DAG(s) 'example_nested_branch_dag' retrieved from /home/airflow/.local/lib/python3.12/site-packages/airflow/example_dags/example_nested_branch_dag.py
[2025-02-23T04:53:13.951+0000] {logging_mixin.py:190} INFO - [2025-02-23T04:53:13.951+0000] {dag.py:3239} INFO - Sync 1 DAGs
[2025-02-23T04:53:13.970+0000] {logging_mixin.py:190} INFO - [2025-02-23T04:53:13.970+0000] {dag.py:4180} INFO - Setting next_dagrun for example_nested_branch_dag to 2025-02-22 00:00:00+00:00, run_after=2025-02-23 00:00:00+00:00
[2025-02-23T04:53:13.982+0000] {processor.py:208} INFO - Processing /home/airflow/.local/lib/python3.12/site-packages/airflow/example_dags/example_nested_branch_dag.py took 0.064 seconds
[2025-02-23T04:53:44.549+0000] {processor.py:186} INFO - Started process (PID=974) to work on /home/airflow/.local/lib/python3.12/site-packages/airflow/example_dags/example_nested_branch_dag.py
[2025-02-23T04:53:44.549+0000] {processor.py:914} INFO - Processing file /home/airflow/.local/lib/python3.12/site-packages/airflow/example_dags/example_nested_branch_dag.py for tasks to queue
[2025-02-23T04:53:44.552+0000] {logging_mixin.py:190} INFO - [2025-02-23T04:53:44.551+0000] {dagbag.py:588} INFO - Filling up the DagBag from /home/airflow/.local/lib/python3.12/site-packages/airflow/example_dags/example_nested_branch_dag.py
[2025-02-23T04:53:44.561+0000] {processor.py:925} INFO - DAG(s) 'example_nested_branch_dag' retrieved from /home/airflow/.local/lib/python3.12/site-packages/airflow/example_dags/example_nested_branch_dag.py
[2025-02-23T04:53:44.578+0000] {logging_mixin.py:190} INFO - [2025-02-23T04:53:44.578+0000] {dag.py:3239} INFO - Sync 1 DAGs
[2025-02-23T04:53:44.597+0000] {logging_mixin.py:190} INFO - [2025-02-23T04:53:44.597+0000] {dag.py:4180} INFO - Setting next_dagrun for example_nested_branch_dag to 2025-02-22 00:00:00+00:00, run_after=2025-02-23 00:00:00+00:00
[2025-02-23T04:53:44.610+0000] {processor.py:208} INFO - Processing /home/airflow/.local/lib/python3.12/site-packages/airflow/example_dags/example_nested_branch_dag.py took 0.068 seconds
[2025-02-23T04:54:14.863+0000] {processor.py:186} INFO - Started process (PID=1037) to work on /home/airflow/.local/lib/python3.12/site-packages/airflow/example_dags/example_nested_branch_dag.py
[2025-02-23T04:54:14.863+0000] {processor.py:914} INFO - Processing file /home/airflow/.local/lib/python3.12/site-packages/airflow/example_dags/example_nested_branch_dag.py for tasks to queue
[2025-02-23T04:54:14.865+0000] {logging_mixin.py:190} INFO - [2025-02-23T04:54:14.865+0000] {dagbag.py:588} INFO - Filling up the DagBag from /home/airflow/.local/lib/python3.12/site-packages/airflow/example_dags/example_nested_branch_dag.py
[2025-02-23T04:54:14.874+0000] {processor.py:925} INFO - DAG(s) 'example_nested_branch_dag' retrieved from /home/airflow/.local/lib/python3.12/site-packages/airflow/example_dags/example_nested_branch_dag.py
[2025-02-23T04:54:14.891+0000] {logging_mixin.py:190} INFO - [2025-02-23T04:54:14.891+0000] {dag.py:3239} INFO - Sync 1 DAGs
[2025-02-23T04:54:14.911+0000] {logging_mixin.py:190} INFO - [2025-02-23T04:54:14.911+0000] {dag.py:4180} INFO - Setting next_dagrun for example_nested_branch_dag to 2025-02-22 00:00:00+00:00, run_after=2025-02-23 00:00:00+00:00
[2025-02-23T04:54:14.923+0000] {processor.py:208} INFO - Processing /home/airflow/.local/lib/python3.12/site-packages/airflow/example_dags/example_nested_branch_dag.py took 0.065 seconds
[2025-02-23T04:54:45.316+0000] {processor.py:186} INFO - Started process (PID=1100) to work on /home/airflow/.local/lib/python3.12/site-packages/airflow/example_dags/example_nested_branch_dag.py
[2025-02-23T04:54:45.316+0000] {processor.py:914} INFO - Processing file /home/airflow/.local/lib/python3.12/site-packages/airflow/example_dags/example_nested_branch_dag.py for tasks to queue
[2025-02-23T04:54:45.318+0000] {logging_mixin.py:190} INFO - [2025-02-23T04:54:45.317+0000] {dagbag.py:588} INFO - Filling up the DagBag from /home/airflow/.local/lib/python3.12/site-packages/airflow/example_dags/example_nested_branch_dag.py
[2025-02-23T04:54:45.327+0000] {processor.py:925} INFO - DAG(s) 'example_nested_branch_dag' retrieved from /home/airflow/.local/lib/python3.12/site-packages/airflow/example_dags/example_nested_branch_dag.py
[2025-02-23T04:54:45.343+0000] {logging_mixin.py:190} INFO - [2025-02-23T04:54:45.343+0000] {dag.py:3239} INFO - Sync 1 DAGs
[2025-02-23T04:54:45.361+0000] {logging_mixin.py:190} INFO - [2025-02-23T04:54:45.361+0000] {dag.py:4180} INFO - Setting next_dagrun for example_nested_branch_dag to 2025-02-22 00:00:00+00:00, run_after=2025-02-23 00:00:00+00:00
[2025-02-23T04:54:45.376+0000] {processor.py:208} INFO - Processing /home/airflow/.local/lib/python3.12/site-packages/airflow/example_dags/example_nested_branch_dag.py took 0.065 seconds
[2025-02-23T04:55:15.501+0000] {processor.py:186} INFO - Started process (PID=1163) to work on /home/airflow/.local/lib/python3.12/site-packages/airflow/example_dags/example_nested_branch_dag.py
[2025-02-23T04:55:15.502+0000] {processor.py:914} INFO - Processing file /home/airflow/.local/lib/python3.12/site-packages/airflow/example_dags/example_nested_branch_dag.py for tasks to queue
[2025-02-23T04:55:15.503+0000] {logging_mixin.py:190} INFO - [2025-02-23T04:55:15.503+0000] {dagbag.py:588} INFO - Filling up the DagBag from /home/airflow/.local/lib/python3.12/site-packages/airflow/example_dags/example_nested_branch_dag.py
[2025-02-23T04:55:15.513+0000] {processor.py:925} INFO - DAG(s) 'example_nested_branch_dag' retrieved from /home/airflow/.local/lib/python3.12/site-packages/airflow/example_dags/example_nested_branch_dag.py
[2025-02-23T04:55:15.535+0000] {logging_mixin.py:190} INFO - [2025-02-23T04:55:15.535+0000] {dag.py:3239} INFO - Sync 1 DAGs
[2025-02-23T04:55:15.562+0000] {logging_mixin.py:190} INFO - [2025-02-23T04:55:15.562+0000] {dag.py:4180} INFO - Setting next_dagrun for example_nested_branch_dag to 2025-02-22 00:00:00+00:00, run_after=2025-02-23 00:00:00+00:00
[2025-02-23T04:55:15.579+0000] {processor.py:208} INFO - Processing /home/airflow/.local/lib/python3.12/site-packages/airflow/example_dags/example_nested_branch_dag.py took 0.083 seconds
[2025-02-23T04:55:45.697+0000] {processor.py:186} INFO - Started process (PID=1226) to work on /home/airflow/.local/lib/python3.12/site-packages/airflow/example_dags/example_nested_branch_dag.py
[2025-02-23T04:55:45.697+0000] {processor.py:914} INFO - Processing file /home/airflow/.local/lib/python3.12/site-packages/airflow/example_dags/example_nested_branch_dag.py for tasks to queue
[2025-02-23T04:55:45.700+0000] {logging_mixin.py:190} INFO - [2025-02-23T04:55:45.699+0000] {dagbag.py:588} INFO - Filling up the DagBag from /home/airflow/.local/lib/python3.12/site-packages/airflow/example_dags/example_nested_branch_dag.py
[2025-02-23T04:55:45.712+0000] {processor.py:925} INFO - DAG(s) 'example_nested_branch_dag' retrieved from /home/airflow/.local/lib/python3.12/site-packages/airflow/example_dags/example_nested_branch_dag.py
[2025-02-23T04:55:45.734+0000] {logging_mixin.py:190} INFO - [2025-02-23T04:55:45.734+0000] {dag.py:3239} INFO - Sync 1 DAGs
[2025-02-23T04:55:45.762+0000] {logging_mixin.py:190} INFO - [2025-02-23T04:55:45.762+0000] {dag.py:4180} INFO - Setting next_dagrun for example_nested_branch_dag to 2025-02-22 00:00:00+00:00, run_after=2025-02-23 00:00:00+00:00
[2025-02-23T04:55:45.779+0000] {processor.py:208} INFO - Processing /home/airflow/.local/lib/python3.12/site-packages/airflow/example_dags/example_nested_branch_dag.py took 0.088 seconds
[2025-02-23T04:56:15.810+0000] {processor.py:186} INFO - Started process (PID=1289) to work on /home/airflow/.local/lib/python3.12/site-packages/airflow/example_dags/example_nested_branch_dag.py
[2025-02-23T04:56:15.811+0000] {processor.py:914} INFO - Processing file /home/airflow/.local/lib/python3.12/site-packages/airflow/example_dags/example_nested_branch_dag.py for tasks to queue
[2025-02-23T04:56:15.813+0000] {logging_mixin.py:190} INFO - [2025-02-23T04:56:15.813+0000] {dagbag.py:588} INFO - Filling up the DagBag from /home/airflow/.local/lib/python3.12/site-packages/airflow/example_dags/example_nested_branch_dag.py
[2025-02-23T04:56:15.823+0000] {processor.py:925} INFO - DAG(s) 'example_nested_branch_dag' retrieved from /home/airflow/.local/lib/python3.12/site-packages/airflow/example_dags/example_nested_branch_dag.py
[2025-02-23T04:56:15.839+0000] {logging_mixin.py:190} INFO - [2025-02-23T04:56:15.838+0000] {dag.py:3239} INFO - Sync 1 DAGs
[2025-02-23T04:56:15.860+0000] {logging_mixin.py:190} INFO - [2025-02-23T04:56:15.860+0000] {dag.py:4180} INFO - Setting next_dagrun for example_nested_branch_dag to 2025-02-22 00:00:00+00:00, run_after=2025-02-23 00:00:00+00:00
[2025-02-23T04:56:15.876+0000] {processor.py:208} INFO - Processing /home/airflow/.local/lib/python3.12/site-packages/airflow/example_dags/example_nested_branch_dag.py took 0.070 seconds
[2025-02-23T04:56:46.522+0000] {processor.py:186} INFO - Started process (PID=1353) to work on /home/airflow/.local/lib/python3.12/site-packages/airflow/example_dags/example_nested_branch_dag.py
[2025-02-23T04:56:46.523+0000] {processor.py:914} INFO - Processing file /home/airflow/.local/lib/python3.12/site-packages/airflow/example_dags/example_nested_branch_dag.py for tasks to queue
[2025-02-23T04:56:46.525+0000] {logging_mixin.py:190} INFO - [2025-02-23T04:56:46.524+0000] {dagbag.py:588} INFO - Filling up the DagBag from /home/airflow/.local/lib/python3.12/site-packages/airflow/example_dags/example_nested_branch_dag.py
[2025-02-23T04:56:46.535+0000] {processor.py:925} INFO - DAG(s) 'example_nested_branch_dag' retrieved from /home/airflow/.local/lib/python3.12/site-packages/airflow/example_dags/example_nested_branch_dag.py
[2025-02-23T04:56:46.550+0000] {logging_mixin.py:190} INFO - [2025-02-23T04:56:46.550+0000] {dag.py:3239} INFO - Sync 1 DAGs
[2025-02-23T04:56:46.570+0000] {logging_mixin.py:190} INFO - [2025-02-23T04:56:46.570+0000] {dag.py:4180} INFO - Setting next_dagrun for example_nested_branch_dag to 2025-02-22 00:00:00+00:00, run_after=2025-02-23 00:00:00+00:00
[2025-02-23T04:56:46.585+0000] {processor.py:208} INFO - Processing /home/airflow/.local/lib/python3.12/site-packages/airflow/example_dags/example_nested_branch_dag.py took 0.067 seconds
