[2025-02-23T04:46:41.729+0000] {processor.py:186} INFO - Started process (PID=100) to work on /home/airflow/.local/lib/python3.12/site-packages/airflow/example_dags/example_sensors.py
[2025-02-23T04:46:41.730+0000] {processor.py:914} INFO - Processing file /home/airflow/.local/lib/python3.12/site-packages/airflow/example_dags/example_sensors.py for tasks to queue
[2025-02-23T04:46:41.732+0000] {logging_mixin.py:190} INFO - [2025-02-23T04:46:41.731+0000] {dagbag.py:588} INFO - Filling up the DagBag from /home/airflow/.local/lib/python3.12/site-packages/airflow/example_dags/example_sensors.py
[2025-02-23T04:46:41.745+0000] {processor.py:925} INFO - DAG(s) 'example_sensors' retrieved from /home/airflow/.local/lib/python3.12/site-packages/airflow/example_dags/example_sensors.py
[2025-02-23T04:46:41.872+0000] {logging_mixin.py:190} INFO - [2025-02-23T04:46:41.872+0000] {override.py:1911} INFO - Created Permission View: can read on DAG:example_sensors
[2025-02-23T04:46:41.881+0000] {logging_mixin.py:190} INFO - [2025-02-23T04:46:41.880+0000] {override.py:1911} INFO - Created Permission View: can delete on DAG:example_sensors
[2025-02-23T04:46:41.886+0000] {logging_mixin.py:190} INFO - [2025-02-23T04:46:41.886+0000] {override.py:1911} INFO - Created Permission View: can edit on DAG:example_sensors
[2025-02-23T04:46:41.891+0000] {logging_mixin.py:190} INFO - [2025-02-23T04:46:41.891+0000] {override.py:1911} INFO - Created Permission View: can read on DAG Run:example_sensors
[2025-02-23T04:46:41.896+0000] {logging_mixin.py:190} INFO - [2025-02-23T04:46:41.896+0000] {override.py:1911} INFO - Created Permission View: menu access on DAG Run:example_sensors
[2025-02-23T04:46:41.901+0000] {logging_mixin.py:190} INFO - [2025-02-23T04:46:41.901+0000] {override.py:1911} INFO - Created Permission View: can create on DAG Run:example_sensors
[2025-02-23T04:46:41.906+0000] {logging_mixin.py:190} INFO - [2025-02-23T04:46:41.905+0000] {override.py:1911} INFO - Created Permission View: can delete on DAG Run:example_sensors
[2025-02-23T04:46:41.906+0000] {logging_mixin.py:190} INFO - [2025-02-23T04:46:41.906+0000] {dag.py:3239} INFO - Sync 1 DAGs
[2025-02-23T04:46:41.930+0000] {logging_mixin.py:190} INFO - [2025-02-23T04:46:41.921+0000] {dag.py:3262} INFO - Creating ORM DAG for example_sensors
[2025-02-23T04:46:41.931+0000] {logging_mixin.py:190} INFO - [2025-02-23T04:46:41.931+0000] {dag.py:4180} INFO - Setting next_dagrun for example_sensors to None, run_after=None
[2025-02-23T04:46:42.105+0000] {processor.py:208} INFO - Processing /home/airflow/.local/lib/python3.12/site-packages/airflow/example_dags/example_sensors.py took 0.386 seconds
[2025-02-23T04:47:12.353+0000] {processor.py:186} INFO - Started process (PID=163) to work on /home/airflow/.local/lib/python3.12/site-packages/airflow/example_dags/example_sensors.py
[2025-02-23T04:47:12.354+0000] {processor.py:914} INFO - Processing file /home/airflow/.local/lib/python3.12/site-packages/airflow/example_dags/example_sensors.py for tasks to queue
[2025-02-23T04:47:12.355+0000] {logging_mixin.py:190} INFO - [2025-02-23T04:47:12.355+0000] {dagbag.py:588} INFO - Filling up the DagBag from /home/airflow/.local/lib/python3.12/site-packages/airflow/example_dags/example_sensors.py
[2025-02-23T04:47:12.365+0000] {processor.py:925} INFO - DAG(s) 'example_sensors' retrieved from /home/airflow/.local/lib/python3.12/site-packages/airflow/example_dags/example_sensors.py
[2025-02-23T04:47:12.387+0000] {logging_mixin.py:190} INFO - [2025-02-23T04:47:12.387+0000] {dag.py:3239} INFO - Sync 1 DAGs
[2025-02-23T04:47:12.398+0000] {logging_mixin.py:190} INFO - [2025-02-23T04:47:12.398+0000] {dag.py:4180} INFO - Setting next_dagrun for example_sensors to None, run_after=None
[2025-02-23T04:47:12.412+0000] {processor.py:208} INFO - Processing /home/airflow/.local/lib/python3.12/site-packages/airflow/example_dags/example_sensors.py took 0.063 seconds
[2025-02-23T04:47:42.583+0000] {processor.py:186} INFO - Started process (PID=225) to work on /home/airflow/.local/lib/python3.12/site-packages/airflow/example_dags/example_sensors.py
[2025-02-23T04:47:42.584+0000] {processor.py:914} INFO - Processing file /home/airflow/.local/lib/python3.12/site-packages/airflow/example_dags/example_sensors.py for tasks to queue
[2025-02-23T04:47:42.585+0000] {logging_mixin.py:190} INFO - [2025-02-23T04:47:42.585+0000] {dagbag.py:588} INFO - Filling up the DagBag from /home/airflow/.local/lib/python3.12/site-packages/airflow/example_dags/example_sensors.py
[2025-02-23T04:47:42.595+0000] {processor.py:925} INFO - DAG(s) 'example_sensors' retrieved from /home/airflow/.local/lib/python3.12/site-packages/airflow/example_dags/example_sensors.py
[2025-02-23T04:47:42.613+0000] {logging_mixin.py:190} INFO - [2025-02-23T04:47:42.613+0000] {dag.py:3239} INFO - Sync 1 DAGs
[2025-02-23T04:47:42.624+0000] {logging_mixin.py:190} INFO - [2025-02-23T04:47:42.624+0000] {dag.py:4180} INFO - Setting next_dagrun for example_sensors to None, run_after=None
[2025-02-23T04:47:42.636+0000] {processor.py:208} INFO - Processing /home/airflow/.local/lib/python3.12/site-packages/airflow/example_dags/example_sensors.py took 0.057 seconds
[2025-02-23T04:48:12.787+0000] {processor.py:186} INFO - Started process (PID=288) to work on /home/airflow/.local/lib/python3.12/site-packages/airflow/example_dags/example_sensors.py
[2025-02-23T04:48:12.788+0000] {processor.py:914} INFO - Processing file /home/airflow/.local/lib/python3.12/site-packages/airflow/example_dags/example_sensors.py for tasks to queue
[2025-02-23T04:48:12.790+0000] {logging_mixin.py:190} INFO - [2025-02-23T04:48:12.789+0000] {dagbag.py:588} INFO - Filling up the DagBag from /home/airflow/.local/lib/python3.12/site-packages/airflow/example_dags/example_sensors.py
[2025-02-23T04:48:12.798+0000] {processor.py:925} INFO - DAG(s) 'example_sensors' retrieved from /home/airflow/.local/lib/python3.12/site-packages/airflow/example_dags/example_sensors.py
[2025-02-23T04:48:12.821+0000] {logging_mixin.py:190} INFO - [2025-02-23T04:48:12.821+0000] {dag.py:3239} INFO - Sync 1 DAGs
[2025-02-23T04:48:12.835+0000] {logging_mixin.py:190} INFO - [2025-02-23T04:48:12.835+0000] {dag.py:4180} INFO - Setting next_dagrun for example_sensors to None, run_after=None
[2025-02-23T04:48:12.849+0000] {processor.py:208} INFO - Processing /home/airflow/.local/lib/python3.12/site-packages/airflow/example_dags/example_sensors.py took 0.066 seconds
[2025-02-23T04:48:43.522+0000] {processor.py:186} INFO - Started process (PID=352) to work on /home/airflow/.local/lib/python3.12/site-packages/airflow/example_dags/example_sensors.py
[2025-02-23T04:48:43.523+0000] {processor.py:914} INFO - Processing file /home/airflow/.local/lib/python3.12/site-packages/airflow/example_dags/example_sensors.py for tasks to queue
[2025-02-23T04:48:43.525+0000] {logging_mixin.py:190} INFO - [2025-02-23T04:48:43.525+0000] {dagbag.py:588} INFO - Filling up the DagBag from /home/airflow/.local/lib/python3.12/site-packages/airflow/example_dags/example_sensors.py
[2025-02-23T04:48:43.533+0000] {processor.py:925} INFO - DAG(s) 'example_sensors' retrieved from /home/airflow/.local/lib/python3.12/site-packages/airflow/example_dags/example_sensors.py
[2025-02-23T04:48:43.558+0000] {logging_mixin.py:190} INFO - [2025-02-23T04:48:43.558+0000] {dag.py:3239} INFO - Sync 1 DAGs
[2025-02-23T04:48:43.572+0000] {logging_mixin.py:190} INFO - [2025-02-23T04:48:43.572+0000] {dag.py:4180} INFO - Setting next_dagrun for example_sensors to None, run_after=None
[2025-02-23T04:48:43.585+0000] {processor.py:208} INFO - Processing /home/airflow/.local/lib/python3.12/site-packages/airflow/example_dags/example_sensors.py took 0.067 seconds
[2025-02-23T04:49:13.679+0000] {processor.py:186} INFO - Started process (PID=416) to work on /home/airflow/.local/lib/python3.12/site-packages/airflow/example_dags/example_sensors.py
[2025-02-23T04:49:13.680+0000] {processor.py:914} INFO - Processing file /home/airflow/.local/lib/python3.12/site-packages/airflow/example_dags/example_sensors.py for tasks to queue
[2025-02-23T04:49:13.681+0000] {logging_mixin.py:190} INFO - [2025-02-23T04:49:13.681+0000] {dagbag.py:588} INFO - Filling up the DagBag from /home/airflow/.local/lib/python3.12/site-packages/airflow/example_dags/example_sensors.py
[2025-02-23T04:49:13.690+0000] {processor.py:925} INFO - DAG(s) 'example_sensors' retrieved from /home/airflow/.local/lib/python3.12/site-packages/airflow/example_dags/example_sensors.py
[2025-02-23T04:49:13.709+0000] {logging_mixin.py:190} INFO - [2025-02-23T04:49:13.709+0000] {dag.py:3239} INFO - Sync 1 DAGs
[2025-02-23T04:49:13.720+0000] {logging_mixin.py:190} INFO - [2025-02-23T04:49:13.720+0000] {dag.py:4180} INFO - Setting next_dagrun for example_sensors to None, run_after=None
[2025-02-23T04:49:13.732+0000] {processor.py:208} INFO - Processing /home/airflow/.local/lib/python3.12/site-packages/airflow/example_dags/example_sensors.py took 0.057 seconds
[2025-02-23T04:49:43.789+0000] {processor.py:186} INFO - Started process (PID=478) to work on /home/airflow/.local/lib/python3.12/site-packages/airflow/example_dags/example_sensors.py
[2025-02-23T04:49:43.790+0000] {processor.py:914} INFO - Processing file /home/airflow/.local/lib/python3.12/site-packages/airflow/example_dags/example_sensors.py for tasks to queue
[2025-02-23T04:49:43.791+0000] {logging_mixin.py:190} INFO - [2025-02-23T04:49:43.791+0000] {dagbag.py:588} INFO - Filling up the DagBag from /home/airflow/.local/lib/python3.12/site-packages/airflow/example_dags/example_sensors.py
[2025-02-23T04:49:43.799+0000] {processor.py:925} INFO - DAG(s) 'example_sensors' retrieved from /home/airflow/.local/lib/python3.12/site-packages/airflow/example_dags/example_sensors.py
[2025-02-23T04:49:43.825+0000] {logging_mixin.py:190} INFO - [2025-02-23T04:49:43.825+0000] {dag.py:3239} INFO - Sync 1 DAGs
[2025-02-23T04:49:43.841+0000] {logging_mixin.py:190} INFO - [2025-02-23T04:49:43.840+0000] {dag.py:4180} INFO - Setting next_dagrun for example_sensors to None, run_after=None
[2025-02-23T04:49:43.857+0000] {processor.py:208} INFO - Processing /home/airflow/.local/lib/python3.12/site-packages/airflow/example_dags/example_sensors.py took 0.072 seconds
[2025-02-23T04:50:13.924+0000] {processor.py:186} INFO - Started process (PID=541) to work on /home/airflow/.local/lib/python3.12/site-packages/airflow/example_dags/example_sensors.py
[2025-02-23T04:50:13.924+0000] {processor.py:914} INFO - Processing file /home/airflow/.local/lib/python3.12/site-packages/airflow/example_dags/example_sensors.py for tasks to queue
[2025-02-23T04:50:13.926+0000] {logging_mixin.py:190} INFO - [2025-02-23T04:50:13.926+0000] {dagbag.py:588} INFO - Filling up the DagBag from /home/airflow/.local/lib/python3.12/site-packages/airflow/example_dags/example_sensors.py
[2025-02-23T04:50:13.937+0000] {processor.py:925} INFO - DAG(s) 'example_sensors' retrieved from /home/airflow/.local/lib/python3.12/site-packages/airflow/example_dags/example_sensors.py
[2025-02-23T04:50:13.961+0000] {logging_mixin.py:190} INFO - [2025-02-23T04:50:13.961+0000] {dag.py:3239} INFO - Sync 1 DAGs
[2025-02-23T04:50:13.975+0000] {logging_mixin.py:190} INFO - [2025-02-23T04:50:13.975+0000] {dag.py:4180} INFO - Setting next_dagrun for example_sensors to None, run_after=None
[2025-02-23T04:50:13.989+0000] {processor.py:208} INFO - Processing /home/airflow/.local/lib/python3.12/site-packages/airflow/example_dags/example_sensors.py took 0.071 seconds
[2025-02-23T04:50:44.563+0000] {processor.py:186} INFO - Started process (PID=604) to work on /home/airflow/.local/lib/python3.12/site-packages/airflow/example_dags/example_sensors.py
[2025-02-23T04:50:44.563+0000] {processor.py:914} INFO - Processing file /home/airflow/.local/lib/python3.12/site-packages/airflow/example_dags/example_sensors.py for tasks to queue
[2025-02-23T04:50:44.565+0000] {logging_mixin.py:190} INFO - [2025-02-23T04:50:44.565+0000] {dagbag.py:588} INFO - Filling up the DagBag from /home/airflow/.local/lib/python3.12/site-packages/airflow/example_dags/example_sensors.py
[2025-02-23T04:50:44.575+0000] {processor.py:925} INFO - DAG(s) 'example_sensors' retrieved from /home/airflow/.local/lib/python3.12/site-packages/airflow/example_dags/example_sensors.py
[2025-02-23T04:50:44.600+0000] {logging_mixin.py:190} INFO - [2025-02-23T04:50:44.600+0000] {dag.py:3239} INFO - Sync 1 DAGs
[2025-02-23T04:50:44.614+0000] {logging_mixin.py:190} INFO - [2025-02-23T04:50:44.614+0000] {dag.py:4180} INFO - Setting next_dagrun for example_sensors to None, run_after=None
[2025-02-23T04:50:44.626+0000] {processor.py:208} INFO - Processing /home/airflow/.local/lib/python3.12/site-packages/airflow/example_dags/example_sensors.py took 0.068 seconds
[2025-02-23T04:51:14.984+0000] {processor.py:186} INFO - Started process (PID=667) to work on /home/airflow/.local/lib/python3.12/site-packages/airflow/example_dags/example_sensors.py
[2025-02-23T04:51:14.984+0000] {processor.py:914} INFO - Processing file /home/airflow/.local/lib/python3.12/site-packages/airflow/example_dags/example_sensors.py for tasks to queue
[2025-02-23T04:51:14.986+0000] {logging_mixin.py:190} INFO - [2025-02-23T04:51:14.986+0000] {dagbag.py:588} INFO - Filling up the DagBag from /home/airflow/.local/lib/python3.12/site-packages/airflow/example_dags/example_sensors.py
[2025-02-23T04:51:14.996+0000] {processor.py:925} INFO - DAG(s) 'example_sensors' retrieved from /home/airflow/.local/lib/python3.12/site-packages/airflow/example_dags/example_sensors.py
[2025-02-23T04:51:15.021+0000] {logging_mixin.py:190} INFO - [2025-02-23T04:51:15.021+0000] {dag.py:3239} INFO - Sync 1 DAGs
[2025-02-23T04:51:15.035+0000] {logging_mixin.py:190} INFO - [2025-02-23T04:51:15.035+0000] {dag.py:4180} INFO - Setting next_dagrun for example_sensors to None, run_after=None
[2025-02-23T04:51:15.048+0000] {processor.py:208} INFO - Processing /home/airflow/.local/lib/python3.12/site-packages/airflow/example_dags/example_sensors.py took 0.069 seconds
[2025-02-23T04:51:45.282+0000] {processor.py:186} INFO - Started process (PID=731) to work on /home/airflow/.local/lib/python3.12/site-packages/airflow/example_dags/example_sensors.py
[2025-02-23T04:51:45.282+0000] {processor.py:914} INFO - Processing file /home/airflow/.local/lib/python3.12/site-packages/airflow/example_dags/example_sensors.py for tasks to queue
[2025-02-23T04:51:45.284+0000] {logging_mixin.py:190} INFO - [2025-02-23T04:51:45.284+0000] {dagbag.py:588} INFO - Filling up the DagBag from /home/airflow/.local/lib/python3.12/site-packages/airflow/example_dags/example_sensors.py
[2025-02-23T04:51:45.294+0000] {processor.py:925} INFO - DAG(s) 'example_sensors' retrieved from /home/airflow/.local/lib/python3.12/site-packages/airflow/example_dags/example_sensors.py
[2025-02-23T04:51:45.319+0000] {logging_mixin.py:190} INFO - [2025-02-23T04:51:45.319+0000] {dag.py:3239} INFO - Sync 1 DAGs
[2025-02-23T04:51:45.333+0000] {logging_mixin.py:190} INFO - [2025-02-23T04:51:45.333+0000] {dag.py:4180} INFO - Setting next_dagrun for example_sensors to None, run_after=None
[2025-02-23T04:51:45.347+0000] {processor.py:208} INFO - Processing /home/airflow/.local/lib/python3.12/site-packages/airflow/example_dags/example_sensors.py took 0.069 seconds
[2025-02-23T04:52:15.712+0000] {processor.py:186} INFO - Started process (PID=794) to work on /home/airflow/.local/lib/python3.12/site-packages/airflow/example_dags/example_sensors.py
[2025-02-23T04:52:15.712+0000] {processor.py:914} INFO - Processing file /home/airflow/.local/lib/python3.12/site-packages/airflow/example_dags/example_sensors.py for tasks to queue
[2025-02-23T04:52:15.714+0000] {logging_mixin.py:190} INFO - [2025-02-23T04:52:15.713+0000] {dagbag.py:588} INFO - Filling up the DagBag from /home/airflow/.local/lib/python3.12/site-packages/airflow/example_dags/example_sensors.py
[2025-02-23T04:52:15.722+0000] {processor.py:925} INFO - DAG(s) 'example_sensors' retrieved from /home/airflow/.local/lib/python3.12/site-packages/airflow/example_dags/example_sensors.py
[2025-02-23T04:52:15.746+0000] {logging_mixin.py:190} INFO - [2025-02-23T04:52:15.746+0000] {dag.py:3239} INFO - Sync 1 DAGs
[2025-02-23T04:52:15.761+0000] {logging_mixin.py:190} INFO - [2025-02-23T04:52:15.761+0000] {dag.py:4180} INFO - Setting next_dagrun for example_sensors to None, run_after=None
[2025-02-23T04:52:15.774+0000] {processor.py:208} INFO - Processing /home/airflow/.local/lib/python3.12/site-packages/airflow/example_dags/example_sensors.py took 0.067 seconds
[2025-02-23T04:52:45.914+0000] {processor.py:186} INFO - Started process (PID=857) to work on /home/airflow/.local/lib/python3.12/site-packages/airflow/example_dags/example_sensors.py
[2025-02-23T04:52:45.915+0000] {processor.py:914} INFO - Processing file /home/airflow/.local/lib/python3.12/site-packages/airflow/example_dags/example_sensors.py for tasks to queue
[2025-02-23T04:52:45.917+0000] {logging_mixin.py:190} INFO - [2025-02-23T04:52:45.916+0000] {dagbag.py:588} INFO - Filling up the DagBag from /home/airflow/.local/lib/python3.12/site-packages/airflow/example_dags/example_sensors.py
[2025-02-23T04:52:45.925+0000] {processor.py:925} INFO - DAG(s) 'example_sensors' retrieved from /home/airflow/.local/lib/python3.12/site-packages/airflow/example_dags/example_sensors.py
[2025-02-23T04:52:45.944+0000] {logging_mixin.py:190} INFO - [2025-02-23T04:52:45.944+0000] {dag.py:3239} INFO - Sync 1 DAGs
[2025-02-23T04:52:45.954+0000] {logging_mixin.py:190} INFO - [2025-02-23T04:52:45.954+0000] {dag.py:4180} INFO - Setting next_dagrun for example_sensors to None, run_after=None
[2025-02-23T04:52:45.968+0000] {processor.py:208} INFO - Processing /home/airflow/.local/lib/python3.12/site-packages/airflow/example_dags/example_sensors.py took 0.058 seconds
[2025-02-23T04:53:16.271+0000] {processor.py:186} INFO - Started process (PID=920) to work on /home/airflow/.local/lib/python3.12/site-packages/airflow/example_dags/example_sensors.py
[2025-02-23T04:53:16.271+0000] {processor.py:914} INFO - Processing file /home/airflow/.local/lib/python3.12/site-packages/airflow/example_dags/example_sensors.py for tasks to queue
[2025-02-23T04:53:16.273+0000] {logging_mixin.py:190} INFO - [2025-02-23T04:53:16.273+0000] {dagbag.py:588} INFO - Filling up the DagBag from /home/airflow/.local/lib/python3.12/site-packages/airflow/example_dags/example_sensors.py
[2025-02-23T04:53:16.282+0000] {processor.py:925} INFO - DAG(s) 'example_sensors' retrieved from /home/airflow/.local/lib/python3.12/site-packages/airflow/example_dags/example_sensors.py
[2025-02-23T04:53:16.301+0000] {logging_mixin.py:190} INFO - [2025-02-23T04:53:16.301+0000] {dag.py:3239} INFO - Sync 1 DAGs
[2025-02-23T04:53:16.312+0000] {logging_mixin.py:190} INFO - [2025-02-23T04:53:16.312+0000] {dag.py:4180} INFO - Setting next_dagrun for example_sensors to None, run_after=None
[2025-02-23T04:53:16.325+0000] {processor.py:208} INFO - Processing /home/airflow/.local/lib/python3.12/site-packages/airflow/example_dags/example_sensors.py took 0.058 seconds
[2025-02-23T04:53:46.906+0000] {processor.py:186} INFO - Started process (PID=983) to work on /home/airflow/.local/lib/python3.12/site-packages/airflow/example_dags/example_sensors.py
[2025-02-23T04:53:46.907+0000] {processor.py:914} INFO - Processing file /home/airflow/.local/lib/python3.12/site-packages/airflow/example_dags/example_sensors.py for tasks to queue
[2025-02-23T04:53:46.908+0000] {logging_mixin.py:190} INFO - [2025-02-23T04:53:46.908+0000] {dagbag.py:588} INFO - Filling up the DagBag from /home/airflow/.local/lib/python3.12/site-packages/airflow/example_dags/example_sensors.py
[2025-02-23T04:53:46.919+0000] {processor.py:925} INFO - DAG(s) 'example_sensors' retrieved from /home/airflow/.local/lib/python3.12/site-packages/airflow/example_dags/example_sensors.py
[2025-02-23T04:53:46.944+0000] {logging_mixin.py:190} INFO - [2025-02-23T04:53:46.944+0000] {dag.py:3239} INFO - Sync 1 DAGs
[2025-02-23T04:53:46.960+0000] {logging_mixin.py:190} INFO - [2025-02-23T04:53:46.960+0000] {dag.py:4180} INFO - Setting next_dagrun for example_sensors to None, run_after=None
[2025-02-23T04:53:46.977+0000] {processor.py:208} INFO - Processing /home/airflow/.local/lib/python3.12/site-packages/airflow/example_dags/example_sensors.py took 0.075 seconds
[2025-02-23T04:54:17.227+0000] {processor.py:186} INFO - Started process (PID=1046) to work on /home/airflow/.local/lib/python3.12/site-packages/airflow/example_dags/example_sensors.py
[2025-02-23T04:54:17.227+0000] {processor.py:914} INFO - Processing file /home/airflow/.local/lib/python3.12/site-packages/airflow/example_dags/example_sensors.py for tasks to queue
[2025-02-23T04:54:17.229+0000] {logging_mixin.py:190} INFO - [2025-02-23T04:54:17.229+0000] {dagbag.py:588} INFO - Filling up the DagBag from /home/airflow/.local/lib/python3.12/site-packages/airflow/example_dags/example_sensors.py
[2025-02-23T04:54:17.239+0000] {processor.py:925} INFO - DAG(s) 'example_sensors' retrieved from /home/airflow/.local/lib/python3.12/site-packages/airflow/example_dags/example_sensors.py
[2025-02-23T04:54:17.267+0000] {logging_mixin.py:190} INFO - [2025-02-23T04:54:17.267+0000] {dag.py:3239} INFO - Sync 1 DAGs
[2025-02-23T04:54:17.282+0000] {logging_mixin.py:190} INFO - [2025-02-23T04:54:17.281+0000] {dag.py:4180} INFO - Setting next_dagrun for example_sensors to None, run_after=None
[2025-02-23T04:54:17.294+0000] {processor.py:208} INFO - Processing /home/airflow/.local/lib/python3.12/site-packages/airflow/example_dags/example_sensors.py took 0.071 seconds
[2025-02-23T04:54:47.673+0000] {processor.py:186} INFO - Started process (PID=1109) to work on /home/airflow/.local/lib/python3.12/site-packages/airflow/example_dags/example_sensors.py
[2025-02-23T04:54:47.673+0000] {processor.py:914} INFO - Processing file /home/airflow/.local/lib/python3.12/site-packages/airflow/example_dags/example_sensors.py for tasks to queue
[2025-02-23T04:54:47.675+0000] {logging_mixin.py:190} INFO - [2025-02-23T04:54:47.675+0000] {dagbag.py:588} INFO - Filling up the DagBag from /home/airflow/.local/lib/python3.12/site-packages/airflow/example_dags/example_sensors.py
[2025-02-23T04:54:47.686+0000] {processor.py:925} INFO - DAG(s) 'example_sensors' retrieved from /home/airflow/.local/lib/python3.12/site-packages/airflow/example_dags/example_sensors.py
[2025-02-23T04:54:47.716+0000] {logging_mixin.py:190} INFO - [2025-02-23T04:54:47.715+0000] {dag.py:3239} INFO - Sync 1 DAGs
[2025-02-23T04:54:47.730+0000] {logging_mixin.py:190} INFO - [2025-02-23T04:54:47.730+0000] {dag.py:4180} INFO - Setting next_dagrun for example_sensors to None, run_after=None
[2025-02-23T04:54:47.745+0000] {processor.py:208} INFO - Processing /home/airflow/.local/lib/python3.12/site-packages/airflow/example_dags/example_sensors.py took 0.078 seconds
[2025-02-23T04:55:17.896+0000] {processor.py:186} INFO - Started process (PID=1172) to work on /home/airflow/.local/lib/python3.12/site-packages/airflow/example_dags/example_sensors.py
[2025-02-23T04:55:17.896+0000] {processor.py:914} INFO - Processing file /home/airflow/.local/lib/python3.12/site-packages/airflow/example_dags/example_sensors.py for tasks to queue
[2025-02-23T04:55:17.898+0000] {logging_mixin.py:190} INFO - [2025-02-23T04:55:17.898+0000] {dagbag.py:588} INFO - Filling up the DagBag from /home/airflow/.local/lib/python3.12/site-packages/airflow/example_dags/example_sensors.py
[2025-02-23T04:55:17.907+0000] {processor.py:925} INFO - DAG(s) 'example_sensors' retrieved from /home/airflow/.local/lib/python3.12/site-packages/airflow/example_dags/example_sensors.py
[2025-02-23T04:55:17.927+0000] {logging_mixin.py:190} INFO - [2025-02-23T04:55:17.927+0000] {dag.py:3239} INFO - Sync 1 DAGs
[2025-02-23T04:55:17.940+0000] {logging_mixin.py:190} INFO - [2025-02-23T04:55:17.940+0000] {dag.py:4180} INFO - Setting next_dagrun for example_sensors to None, run_after=None
[2025-02-23T04:55:17.953+0000] {processor.py:208} INFO - Processing /home/airflow/.local/lib/python3.12/site-packages/airflow/example_dags/example_sensors.py took 0.062 seconds
[2025-02-23T04:55:48.245+0000] {processor.py:186} INFO - Started process (PID=1235) to work on /home/airflow/.local/lib/python3.12/site-packages/airflow/example_dags/example_sensors.py
[2025-02-23T04:55:48.246+0000] {processor.py:914} INFO - Processing file /home/airflow/.local/lib/python3.12/site-packages/airflow/example_dags/example_sensors.py for tasks to queue
[2025-02-23T04:55:48.248+0000] {logging_mixin.py:190} INFO - [2025-02-23T04:55:48.247+0000] {dagbag.py:588} INFO - Filling up the DagBag from /home/airflow/.local/lib/python3.12/site-packages/airflow/example_dags/example_sensors.py
[2025-02-23T04:55:48.258+0000] {processor.py:925} INFO - DAG(s) 'example_sensors' retrieved from /home/airflow/.local/lib/python3.12/site-packages/airflow/example_dags/example_sensors.py
[2025-02-23T04:55:48.284+0000] {logging_mixin.py:190} INFO - [2025-02-23T04:55:48.284+0000] {dag.py:3239} INFO - Sync 1 DAGs
[2025-02-23T04:55:48.299+0000] {logging_mixin.py:190} INFO - [2025-02-23T04:55:48.299+0000] {dag.py:4180} INFO - Setting next_dagrun for example_sensors to None, run_after=None
[2025-02-23T04:55:48.316+0000] {processor.py:208} INFO - Processing /home/airflow/.local/lib/python3.12/site-packages/airflow/example_dags/example_sensors.py took 0.076 seconds
[2025-02-23T04:56:19.241+0000] {processor.py:186} INFO - Started process (PID=1298) to work on /home/airflow/.local/lib/python3.12/site-packages/airflow/example_dags/example_sensors.py
[2025-02-23T04:56:19.241+0000] {processor.py:914} INFO - Processing file /home/airflow/.local/lib/python3.12/site-packages/airflow/example_dags/example_sensors.py for tasks to queue
[2025-02-23T04:56:19.244+0000] {logging_mixin.py:190} INFO - [2025-02-23T04:56:19.243+0000] {dagbag.py:588} INFO - Filling up the DagBag from /home/airflow/.local/lib/python3.12/site-packages/airflow/example_dags/example_sensors.py
[2025-02-23T04:56:19.256+0000] {processor.py:925} INFO - DAG(s) 'example_sensors' retrieved from /home/airflow/.local/lib/python3.12/site-packages/airflow/example_dags/example_sensors.py
[2025-02-23T04:56:19.290+0000] {logging_mixin.py:190} INFO - [2025-02-23T04:56:19.290+0000] {dag.py:3239} INFO - Sync 1 DAGs
[2025-02-23T04:56:19.308+0000] {logging_mixin.py:190} INFO - [2025-02-23T04:56:19.307+0000] {dag.py:4180} INFO - Setting next_dagrun for example_sensors to None, run_after=None
[2025-02-23T04:56:19.324+0000] {processor.py:208} INFO - Processing /home/airflow/.local/lib/python3.12/site-packages/airflow/example_dags/example_sensors.py took 0.090 seconds
