[2025-02-23T04:46:39.077+0000] {processor.py:186} INFO - Started process (PID=87) to work on /home/airflow/.local/lib/python3.12/site-packages/airflow/example_dags/example_xcomargs.py
[2025-02-23T04:46:39.078+0000] {processor.py:914} INFO - Processing file /home/airflow/.local/lib/python3.12/site-packages/airflow/example_dags/example_xcomargs.py for tasks to queue
[2025-02-23T04:46:39.080+0000] {logging_mixin.py:190} INFO - [2025-02-23T04:46:39.080+0000] {dagbag.py:588} INFO - Filling up the DagBag from /home/airflow/.local/lib/python3.12/site-packages/airflow/example_dags/example_xcomargs.py
[2025-02-23T04:46:39.092+0000] {processor.py:925} INFO - DAG(s) 'example_xcom_args_with_operators', 'example_xcom_args' retrieved from /home/airflow/.local/lib/python3.12/site-packages/airflow/example_dags/example_xcomargs.py
[2025-02-23T04:46:39.204+0000] {logging_mixin.py:190} INFO - [2025-02-23T04:46:39.203+0000] {override.py:1911} INFO - Created Permission View: can read on DAG:example_xcom_args_with_operators
[2025-02-23T04:46:39.212+0000] {logging_mixin.py:190} INFO - [2025-02-23T04:46:39.211+0000] {override.py:1911} INFO - Created Permission View: can delete on DAG:example_xcom_args_with_operators
[2025-02-23T04:46:39.225+0000] {logging_mixin.py:190} INFO - [2025-02-23T04:46:39.225+0000] {override.py:1911} INFO - Created Permission View: can edit on DAG:example_xcom_args_with_operators
[2025-02-23T04:46:39.231+0000] {logging_mixin.py:190} INFO - [2025-02-23T04:46:39.231+0000] {override.py:1911} INFO - Created Permission View: can read on DAG Run:example_xcom_args_with_operators
[2025-02-23T04:46:39.236+0000] {logging_mixin.py:190} INFO - [2025-02-23T04:46:39.236+0000] {override.py:1911} INFO - Created Permission View: menu access on DAG Run:example_xcom_args_with_operators
[2025-02-23T04:46:39.241+0000] {logging_mixin.py:190} INFO - [2025-02-23T04:46:39.240+0000] {override.py:1911} INFO - Created Permission View: can create on DAG Run:example_xcom_args_with_operators
[2025-02-23T04:46:39.245+0000] {logging_mixin.py:190} INFO - [2025-02-23T04:46:39.245+0000] {override.py:1911} INFO - Created Permission View: can delete on DAG Run:example_xcom_args_with_operators
[2025-02-23T04:46:39.255+0000] {logging_mixin.py:190} INFO - [2025-02-23T04:46:39.255+0000] {override.py:1911} INFO - Created Permission View: can read on DAG:example_xcom_args
[2025-02-23T04:46:39.260+0000] {logging_mixin.py:190} INFO - [2025-02-23T04:46:39.260+0000] {override.py:1911} INFO - Created Permission View: can delete on DAG:example_xcom_args
[2025-02-23T04:46:39.265+0000] {logging_mixin.py:190} INFO - [2025-02-23T04:46:39.265+0000] {override.py:1911} INFO - Created Permission View: can edit on DAG:example_xcom_args
[2025-02-23T04:46:39.270+0000] {logging_mixin.py:190} INFO - [2025-02-23T04:46:39.270+0000] {override.py:1911} INFO - Created Permission View: can read on DAG Run:example_xcom_args
[2025-02-23T04:46:39.275+0000] {logging_mixin.py:190} INFO - [2025-02-23T04:46:39.275+0000] {override.py:1911} INFO - Created Permission View: menu access on DAG Run:example_xcom_args
[2025-02-23T04:46:39.280+0000] {logging_mixin.py:190} INFO - [2025-02-23T04:46:39.280+0000] {override.py:1911} INFO - Created Permission View: can create on DAG Run:example_xcom_args
[2025-02-23T04:46:39.286+0000] {logging_mixin.py:190} INFO - [2025-02-23T04:46:39.285+0000] {override.py:1911} INFO - Created Permission View: can delete on DAG Run:example_xcom_args
[2025-02-23T04:46:39.286+0000] {logging_mixin.py:190} INFO - [2025-02-23T04:46:39.286+0000] {dag.py:3239} INFO - Sync 2 DAGs
[2025-02-23T04:46:39.301+0000] {logging_mixin.py:190} INFO - [2025-02-23T04:46:39.300+0000] {dag.py:3262} INFO - Creating ORM DAG for example_xcom_args_with_operators
[2025-02-23T04:46:39.301+0000] {logging_mixin.py:190} INFO - [2025-02-23T04:46:39.301+0000] {dag.py:3262} INFO - Creating ORM DAG for example_xcom_args
[2025-02-23T04:46:39.302+0000] {logging_mixin.py:190} INFO - [2025-02-23T04:46:39.302+0000] {dag.py:4180} INFO - Setting next_dagrun for example_xcom_args to None, run_after=None
[2025-02-23T04:46:39.303+0000] {logging_mixin.py:190} INFO - [2025-02-23T04:46:39.302+0000] {dag.py:4180} INFO - Setting next_dagrun for example_xcom_args_with_operators to None, run_after=None
[2025-02-23T04:46:39.319+0000] {processor.py:208} INFO - Processing /home/airflow/.local/lib/python3.12/site-packages/airflow/example_dags/example_xcomargs.py took 0.248 seconds
[2025-02-23T04:47:09.610+0000] {processor.py:186} INFO - Started process (PID=151) to work on /home/airflow/.local/lib/python3.12/site-packages/airflow/example_dags/example_xcomargs.py
[2025-02-23T04:47:09.611+0000] {processor.py:914} INFO - Processing file /home/airflow/.local/lib/python3.12/site-packages/airflow/example_dags/example_xcomargs.py for tasks to queue
[2025-02-23T04:47:09.612+0000] {logging_mixin.py:190} INFO - [2025-02-23T04:47:09.612+0000] {dagbag.py:588} INFO - Filling up the DagBag from /home/airflow/.local/lib/python3.12/site-packages/airflow/example_dags/example_xcomargs.py
[2025-02-23T04:47:09.620+0000] {processor.py:925} INFO - DAG(s) 'example_xcom_args', 'example_xcom_args_with_operators' retrieved from /home/airflow/.local/lib/python3.12/site-packages/airflow/example_dags/example_xcomargs.py
[2025-02-23T04:47:09.638+0000] {logging_mixin.py:190} INFO - [2025-02-23T04:47:09.638+0000] {dag.py:3239} INFO - Sync 2 DAGs
[2025-02-23T04:47:09.650+0000] {logging_mixin.py:190} INFO - [2025-02-23T04:47:09.650+0000] {dag.py:4180} INFO - Setting next_dagrun for example_xcom_args to None, run_after=None
[2025-02-23T04:47:09.653+0000] {logging_mixin.py:190} INFO - [2025-02-23T04:47:09.653+0000] {dag.py:4180} INFO - Setting next_dagrun for example_xcom_args_with_operators to None, run_after=None
[2025-02-23T04:47:09.668+0000] {processor.py:208} INFO - Processing /home/airflow/.local/lib/python3.12/site-packages/airflow/example_dags/example_xcomargs.py took 0.062 seconds
[2025-02-23T04:47:39.978+0000] {processor.py:186} INFO - Started process (PID=213) to work on /home/airflow/.local/lib/python3.12/site-packages/airflow/example_dags/example_xcomargs.py
[2025-02-23T04:47:39.978+0000] {processor.py:914} INFO - Processing file /home/airflow/.local/lib/python3.12/site-packages/airflow/example_dags/example_xcomargs.py for tasks to queue
[2025-02-23T04:47:39.980+0000] {logging_mixin.py:190} INFO - [2025-02-23T04:47:39.980+0000] {dagbag.py:588} INFO - Filling up the DagBag from /home/airflow/.local/lib/python3.12/site-packages/airflow/example_dags/example_xcomargs.py
[2025-02-23T04:47:39.989+0000] {processor.py:925} INFO - DAG(s) 'example_xcom_args', 'example_xcom_args_with_operators' retrieved from /home/airflow/.local/lib/python3.12/site-packages/airflow/example_dags/example_xcomargs.py
[2025-02-23T04:47:40.008+0000] {logging_mixin.py:190} INFO - [2025-02-23T04:47:40.007+0000] {dag.py:3239} INFO - Sync 2 DAGs
[2025-02-23T04:47:40.020+0000] {logging_mixin.py:190} INFO - [2025-02-23T04:47:40.020+0000] {dag.py:4180} INFO - Setting next_dagrun for example_xcom_args to None, run_after=None
[2025-02-23T04:47:40.023+0000] {logging_mixin.py:190} INFO - [2025-02-23T04:47:40.023+0000] {dag.py:4180} INFO - Setting next_dagrun for example_xcom_args_with_operators to None, run_after=None
[2025-02-23T04:47:40.038+0000] {processor.py:208} INFO - Processing /home/airflow/.local/lib/python3.12/site-packages/airflow/example_dags/example_xcomargs.py took 0.064 seconds
[2025-02-23T04:48:10.671+0000] {processor.py:186} INFO - Started process (PID=276) to work on /home/airflow/.local/lib/python3.12/site-packages/airflow/example_dags/example_xcomargs.py
[2025-02-23T04:48:10.672+0000] {processor.py:914} INFO - Processing file /home/airflow/.local/lib/python3.12/site-packages/airflow/example_dags/example_xcomargs.py for tasks to queue
[2025-02-23T04:48:10.674+0000] {logging_mixin.py:190} INFO - [2025-02-23T04:48:10.674+0000] {dagbag.py:588} INFO - Filling up the DagBag from /home/airflow/.local/lib/python3.12/site-packages/airflow/example_dags/example_xcomargs.py
[2025-02-23T04:48:10.684+0000] {processor.py:925} INFO - DAG(s) 'example_xcom_args_with_operators', 'example_xcom_args' retrieved from /home/airflow/.local/lib/python3.12/site-packages/airflow/example_dags/example_xcomargs.py
[2025-02-23T04:48:10.706+0000] {logging_mixin.py:190} INFO - [2025-02-23T04:48:10.706+0000] {dag.py:3239} INFO - Sync 2 DAGs
[2025-02-23T04:48:10.724+0000] {logging_mixin.py:190} INFO - [2025-02-23T04:48:10.724+0000] {dag.py:4180} INFO - Setting next_dagrun for example_xcom_args to None, run_after=None
[2025-02-23T04:48:10.727+0000] {logging_mixin.py:190} INFO - [2025-02-23T04:48:10.727+0000] {dag.py:4180} INFO - Setting next_dagrun for example_xcom_args_with_operators to None, run_after=None
[2025-02-23T04:48:10.739+0000] {processor.py:208} INFO - Processing /home/airflow/.local/lib/python3.12/site-packages/airflow/example_dags/example_xcomargs.py took 0.073 seconds
[2025-02-23T04:48:40.788+0000] {processor.py:186} INFO - Started process (PID=340) to work on /home/airflow/.local/lib/python3.12/site-packages/airflow/example_dags/example_xcomargs.py
[2025-02-23T04:48:40.788+0000] {processor.py:914} INFO - Processing file /home/airflow/.local/lib/python3.12/site-packages/airflow/example_dags/example_xcomargs.py for tasks to queue
[2025-02-23T04:48:40.790+0000] {logging_mixin.py:190} INFO - [2025-02-23T04:48:40.790+0000] {dagbag.py:588} INFO - Filling up the DagBag from /home/airflow/.local/lib/python3.12/site-packages/airflow/example_dags/example_xcomargs.py
[2025-02-23T04:48:40.798+0000] {processor.py:925} INFO - DAG(s) 'example_xcom_args', 'example_xcom_args_with_operators' retrieved from /home/airflow/.local/lib/python3.12/site-packages/airflow/example_dags/example_xcomargs.py
[2025-02-23T04:48:40.820+0000] {logging_mixin.py:190} INFO - [2025-02-23T04:48:40.819+0000] {dag.py:3239} INFO - Sync 2 DAGs
[2025-02-23T04:48:40.832+0000] {logging_mixin.py:190} INFO - [2025-02-23T04:48:40.832+0000] {dag.py:4180} INFO - Setting next_dagrun for example_xcom_args to None, run_after=None
[2025-02-23T04:48:40.835+0000] {logging_mixin.py:190} INFO - [2025-02-23T04:48:40.835+0000] {dag.py:4180} INFO - Setting next_dagrun for example_xcom_args_with_operators to None, run_after=None
[2025-02-23T04:48:40.846+0000] {processor.py:208} INFO - Processing /home/airflow/.local/lib/python3.12/site-packages/airflow/example_dags/example_xcomargs.py took 0.064 seconds
[2025-02-23T04:49:10.939+0000] {processor.py:186} INFO - Started process (PID=404) to work on /home/airflow/.local/lib/python3.12/site-packages/airflow/example_dags/example_xcomargs.py
[2025-02-23T04:49:10.940+0000] {processor.py:914} INFO - Processing file /home/airflow/.local/lib/python3.12/site-packages/airflow/example_dags/example_xcomargs.py for tasks to queue
[2025-02-23T04:49:10.942+0000] {logging_mixin.py:190} INFO - [2025-02-23T04:49:10.942+0000] {dagbag.py:588} INFO - Filling up the DagBag from /home/airflow/.local/lib/python3.12/site-packages/airflow/example_dags/example_xcomargs.py
[2025-02-23T04:49:10.952+0000] {processor.py:925} INFO - DAG(s) 'example_xcom_args_with_operators', 'example_xcom_args' retrieved from /home/airflow/.local/lib/python3.12/site-packages/airflow/example_dags/example_xcomargs.py
[2025-02-23T04:49:10.975+0000] {logging_mixin.py:190} INFO - [2025-02-23T04:49:10.975+0000] {dag.py:3239} INFO - Sync 2 DAGs
[2025-02-23T04:49:10.992+0000] {logging_mixin.py:190} INFO - [2025-02-23T04:49:10.992+0000] {dag.py:4180} INFO - Setting next_dagrun for example_xcom_args to None, run_after=None
[2025-02-23T04:49:10.996+0000] {logging_mixin.py:190} INFO - [2025-02-23T04:49:10.996+0000] {dag.py:4180} INFO - Setting next_dagrun for example_xcom_args_with_operators to None, run_after=None
[2025-02-23T04:49:11.010+0000] {processor.py:208} INFO - Processing /home/airflow/.local/lib/python3.12/site-packages/airflow/example_dags/example_xcomargs.py took 0.077 seconds
[2025-02-23T04:49:41.042+0000] {processor.py:186} INFO - Started process (PID=467) to work on /home/airflow/.local/lib/python3.12/site-packages/airflow/example_dags/example_xcomargs.py
[2025-02-23T04:49:41.042+0000] {processor.py:914} INFO - Processing file /home/airflow/.local/lib/python3.12/site-packages/airflow/example_dags/example_xcomargs.py for tasks to queue
[2025-02-23T04:49:41.044+0000] {logging_mixin.py:190} INFO - [2025-02-23T04:49:41.044+0000] {dagbag.py:588} INFO - Filling up the DagBag from /home/airflow/.local/lib/python3.12/site-packages/airflow/example_dags/example_xcomargs.py
[2025-02-23T04:49:41.051+0000] {processor.py:925} INFO - DAG(s) 'example_xcom_args', 'example_xcom_args_with_operators' retrieved from /home/airflow/.local/lib/python3.12/site-packages/airflow/example_dags/example_xcomargs.py
[2025-02-23T04:49:41.072+0000] {logging_mixin.py:190} INFO - [2025-02-23T04:49:41.072+0000] {dag.py:3239} INFO - Sync 2 DAGs
[2025-02-23T04:49:41.089+0000] {logging_mixin.py:190} INFO - [2025-02-23T04:49:41.088+0000] {dag.py:4180} INFO - Setting next_dagrun for example_xcom_args to None, run_after=None
[2025-02-23T04:49:41.092+0000] {logging_mixin.py:190} INFO - [2025-02-23T04:49:41.092+0000] {dag.py:4180} INFO - Setting next_dagrun for example_xcom_args_with_operators to None, run_after=None
[2025-02-23T04:49:41.105+0000] {processor.py:208} INFO - Processing /home/airflow/.local/lib/python3.12/site-packages/airflow/example_dags/example_xcomargs.py took 0.067 seconds
[2025-02-23T04:50:11.451+0000] {processor.py:186} INFO - Started process (PID=530) to work on /home/airflow/.local/lib/python3.12/site-packages/airflow/example_dags/example_xcomargs.py
[2025-02-23T04:50:11.452+0000] {processor.py:914} INFO - Processing file /home/airflow/.local/lib/python3.12/site-packages/airflow/example_dags/example_xcomargs.py for tasks to queue
[2025-02-23T04:50:11.453+0000] {logging_mixin.py:190} INFO - [2025-02-23T04:50:11.453+0000] {dagbag.py:588} INFO - Filling up the DagBag from /home/airflow/.local/lib/python3.12/site-packages/airflow/example_dags/example_xcomargs.py
[2025-02-23T04:50:11.461+0000] {processor.py:925} INFO - DAG(s) 'example_xcom_args_with_operators', 'example_xcom_args' retrieved from /home/airflow/.local/lib/python3.12/site-packages/airflow/example_dags/example_xcomargs.py
[2025-02-23T04:50:11.478+0000] {logging_mixin.py:190} INFO - [2025-02-23T04:50:11.478+0000] {dag.py:3239} INFO - Sync 2 DAGs
[2025-02-23T04:50:11.490+0000] {logging_mixin.py:190} INFO - [2025-02-23T04:50:11.490+0000] {dag.py:4180} INFO - Setting next_dagrun for example_xcom_args to None, run_after=None
[2025-02-23T04:50:11.493+0000] {logging_mixin.py:190} INFO - [2025-02-23T04:50:11.493+0000] {dag.py:4180} INFO - Setting next_dagrun for example_xcom_args_with_operators to None, run_after=None
[2025-02-23T04:50:11.505+0000] {processor.py:208} INFO - Processing /home/airflow/.local/lib/python3.12/site-packages/airflow/example_dags/example_xcomargs.py took 0.058 seconds
[2025-02-23T04:50:42.114+0000] {processor.py:186} INFO - Started process (PID=593) to work on /home/airflow/.local/lib/python3.12/site-packages/airflow/example_dags/example_xcomargs.py
[2025-02-23T04:50:42.114+0000] {processor.py:914} INFO - Processing file /home/airflow/.local/lib/python3.12/site-packages/airflow/example_dags/example_xcomargs.py for tasks to queue
[2025-02-23T04:50:42.116+0000] {logging_mixin.py:190} INFO - [2025-02-23T04:50:42.115+0000] {dagbag.py:588} INFO - Filling up the DagBag from /home/airflow/.local/lib/python3.12/site-packages/airflow/example_dags/example_xcomargs.py
[2025-02-23T04:50:42.124+0000] {processor.py:925} INFO - DAG(s) 'example_xcom_args', 'example_xcom_args_with_operators' retrieved from /home/airflow/.local/lib/python3.12/site-packages/airflow/example_dags/example_xcomargs.py
[2025-02-23T04:50:42.145+0000] {logging_mixin.py:190} INFO - [2025-02-23T04:50:42.145+0000] {dag.py:3239} INFO - Sync 2 DAGs
[2025-02-23T04:50:42.161+0000] {logging_mixin.py:190} INFO - [2025-02-23T04:50:42.161+0000] {dag.py:4180} INFO - Setting next_dagrun for example_xcom_args to None, run_after=None
[2025-02-23T04:50:42.164+0000] {logging_mixin.py:190} INFO - [2025-02-23T04:50:42.164+0000] {dag.py:4180} INFO - Setting next_dagrun for example_xcom_args_with_operators to None, run_after=None
[2025-02-23T04:50:42.175+0000] {processor.py:208} INFO - Processing /home/airflow/.local/lib/python3.12/site-packages/airflow/example_dags/example_xcomargs.py took 0.066 seconds
[2025-02-23T04:51:12.553+0000] {processor.py:186} INFO - Started process (PID=656) to work on /home/airflow/.local/lib/python3.12/site-packages/airflow/example_dags/example_xcomargs.py
[2025-02-23T04:51:12.554+0000] {processor.py:914} INFO - Processing file /home/airflow/.local/lib/python3.12/site-packages/airflow/example_dags/example_xcomargs.py for tasks to queue
[2025-02-23T04:51:12.555+0000] {logging_mixin.py:190} INFO - [2025-02-23T04:51:12.555+0000] {dagbag.py:588} INFO - Filling up the DagBag from /home/airflow/.local/lib/python3.12/site-packages/airflow/example_dags/example_xcomargs.py
[2025-02-23T04:51:12.564+0000] {processor.py:925} INFO - DAG(s) 'example_xcom_args_with_operators', 'example_xcom_args' retrieved from /home/airflow/.local/lib/python3.12/site-packages/airflow/example_dags/example_xcomargs.py
[2025-02-23T04:51:12.581+0000] {logging_mixin.py:190} INFO - [2025-02-23T04:51:12.581+0000] {dag.py:3239} INFO - Sync 2 DAGs
[2025-02-23T04:51:12.594+0000] {logging_mixin.py:190} INFO - [2025-02-23T04:51:12.594+0000] {dag.py:4180} INFO - Setting next_dagrun for example_xcom_args to None, run_after=None
[2025-02-23T04:51:12.597+0000] {logging_mixin.py:190} INFO - [2025-02-23T04:51:12.597+0000] {dag.py:4180} INFO - Setting next_dagrun for example_xcom_args_with_operators to None, run_after=None
[2025-02-23T04:51:12.609+0000] {processor.py:208} INFO - Processing /home/airflow/.local/lib/python3.12/site-packages/airflow/example_dags/example_xcomargs.py took 0.060 seconds
[2025-02-23T04:51:42.831+0000] {processor.py:186} INFO - Started process (PID=720) to work on /home/airflow/.local/lib/python3.12/site-packages/airflow/example_dags/example_xcomargs.py
[2025-02-23T04:51:42.832+0000] {processor.py:914} INFO - Processing file /home/airflow/.local/lib/python3.12/site-packages/airflow/example_dags/example_xcomargs.py for tasks to queue
[2025-02-23T04:51:42.833+0000] {logging_mixin.py:190} INFO - [2025-02-23T04:51:42.833+0000] {dagbag.py:588} INFO - Filling up the DagBag from /home/airflow/.local/lib/python3.12/site-packages/airflow/example_dags/example_xcomargs.py
[2025-02-23T04:51:42.841+0000] {processor.py:925} INFO - DAG(s) 'example_xcom_args', 'example_xcom_args_with_operators' retrieved from /home/airflow/.local/lib/python3.12/site-packages/airflow/example_dags/example_xcomargs.py
[2025-02-23T04:51:42.858+0000] {logging_mixin.py:190} INFO - [2025-02-23T04:51:42.858+0000] {dag.py:3239} INFO - Sync 2 DAGs
[2025-02-23T04:51:42.870+0000] {logging_mixin.py:190} INFO - [2025-02-23T04:51:42.870+0000] {dag.py:4180} INFO - Setting next_dagrun for example_xcom_args to None, run_after=None
[2025-02-23T04:51:42.873+0000] {logging_mixin.py:190} INFO - [2025-02-23T04:51:42.873+0000] {dag.py:4180} INFO - Setting next_dagrun for example_xcom_args_with_operators to None, run_after=None
[2025-02-23T04:51:42.886+0000] {processor.py:208} INFO - Processing /home/airflow/.local/lib/python3.12/site-packages/airflow/example_dags/example_xcomargs.py took 0.059 seconds
[2025-02-23T04:52:13.267+0000] {processor.py:186} INFO - Started process (PID=783) to work on /home/airflow/.local/lib/python3.12/site-packages/airflow/example_dags/example_xcomargs.py
[2025-02-23T04:52:13.267+0000] {processor.py:914} INFO - Processing file /home/airflow/.local/lib/python3.12/site-packages/airflow/example_dags/example_xcomargs.py for tasks to queue
[2025-02-23T04:52:13.269+0000] {logging_mixin.py:190} INFO - [2025-02-23T04:52:13.269+0000] {dagbag.py:588} INFO - Filling up the DagBag from /home/airflow/.local/lib/python3.12/site-packages/airflow/example_dags/example_xcomargs.py
[2025-02-23T04:52:13.278+0000] {processor.py:925} INFO - DAG(s) 'example_xcom_args_with_operators', 'example_xcom_args' retrieved from /home/airflow/.local/lib/python3.12/site-packages/airflow/example_dags/example_xcomargs.py
[2025-02-23T04:52:13.296+0000] {logging_mixin.py:190} INFO - [2025-02-23T04:52:13.296+0000] {dag.py:3239} INFO - Sync 2 DAGs
[2025-02-23T04:52:13.308+0000] {logging_mixin.py:190} INFO - [2025-02-23T04:52:13.308+0000] {dag.py:4180} INFO - Setting next_dagrun for example_xcom_args to None, run_after=None
[2025-02-23T04:52:13.311+0000] {logging_mixin.py:190} INFO - [2025-02-23T04:52:13.311+0000] {dag.py:4180} INFO - Setting next_dagrun for example_xcom_args_with_operators to None, run_after=None
[2025-02-23T04:52:13.323+0000] {processor.py:208} INFO - Processing /home/airflow/.local/lib/python3.12/site-packages/airflow/example_dags/example_xcomargs.py took 0.061 seconds
[2025-02-23T04:52:43.393+0000] {processor.py:186} INFO - Started process (PID=846) to work on /home/airflow/.local/lib/python3.12/site-packages/airflow/example_dags/example_xcomargs.py
[2025-02-23T04:52:43.394+0000] {processor.py:914} INFO - Processing file /home/airflow/.local/lib/python3.12/site-packages/airflow/example_dags/example_xcomargs.py for tasks to queue
[2025-02-23T04:52:43.396+0000] {logging_mixin.py:190} INFO - [2025-02-23T04:52:43.396+0000] {dagbag.py:588} INFO - Filling up the DagBag from /home/airflow/.local/lib/python3.12/site-packages/airflow/example_dags/example_xcomargs.py
[2025-02-23T04:52:43.405+0000] {processor.py:925} INFO - DAG(s) 'example_xcom_args_with_operators', 'example_xcom_args' retrieved from /home/airflow/.local/lib/python3.12/site-packages/airflow/example_dags/example_xcomargs.py
[2025-02-23T04:52:43.422+0000] {logging_mixin.py:190} INFO - [2025-02-23T04:52:43.422+0000] {dag.py:3239} INFO - Sync 2 DAGs
[2025-02-23T04:52:43.434+0000] {logging_mixin.py:190} INFO - [2025-02-23T04:52:43.433+0000] {dag.py:4180} INFO - Setting next_dagrun for example_xcom_args to None, run_after=None
[2025-02-23T04:52:43.436+0000] {logging_mixin.py:190} INFO - [2025-02-23T04:52:43.436+0000] {dag.py:4180} INFO - Setting next_dagrun for example_xcom_args_with_operators to None, run_after=None
[2025-02-23T04:52:43.448+0000] {processor.py:208} INFO - Processing /home/airflow/.local/lib/python3.12/site-packages/airflow/example_dags/example_xcomargs.py took 0.062 seconds
[2025-02-23T04:53:13.844+0000] {processor.py:186} INFO - Started process (PID=909) to work on /home/airflow/.local/lib/python3.12/site-packages/airflow/example_dags/example_xcomargs.py
[2025-02-23T04:53:13.845+0000] {processor.py:914} INFO - Processing file /home/airflow/.local/lib/python3.12/site-packages/airflow/example_dags/example_xcomargs.py for tasks to queue
[2025-02-23T04:53:13.847+0000] {logging_mixin.py:190} INFO - [2025-02-23T04:53:13.846+0000] {dagbag.py:588} INFO - Filling up the DagBag from /home/airflow/.local/lib/python3.12/site-packages/airflow/example_dags/example_xcomargs.py
[2025-02-23T04:53:13.855+0000] {processor.py:925} INFO - DAG(s) 'example_xcom_args_with_operators', 'example_xcom_args' retrieved from /home/airflow/.local/lib/python3.12/site-packages/airflow/example_dags/example_xcomargs.py
[2025-02-23T04:53:13.873+0000] {logging_mixin.py:190} INFO - [2025-02-23T04:53:13.873+0000] {dag.py:3239} INFO - Sync 2 DAGs
[2025-02-23T04:53:13.885+0000] {logging_mixin.py:190} INFO - [2025-02-23T04:53:13.885+0000] {dag.py:4180} INFO - Setting next_dagrun for example_xcom_args to None, run_after=None
[2025-02-23T04:53:13.888+0000] {logging_mixin.py:190} INFO - [2025-02-23T04:53:13.888+0000] {dag.py:4180} INFO - Setting next_dagrun for example_xcom_args_with_operators to None, run_after=None
[2025-02-23T04:53:13.899+0000] {processor.py:208} INFO - Processing /home/airflow/.local/lib/python3.12/site-packages/airflow/example_dags/example_xcomargs.py took 0.059 seconds
[2025-02-23T04:53:44.464+0000] {processor.py:186} INFO - Started process (PID=972) to work on /home/airflow/.local/lib/python3.12/site-packages/airflow/example_dags/example_xcomargs.py
[2025-02-23T04:53:44.464+0000] {processor.py:914} INFO - Processing file /home/airflow/.local/lib/python3.12/site-packages/airflow/example_dags/example_xcomargs.py for tasks to queue
[2025-02-23T04:53:44.466+0000] {logging_mixin.py:190} INFO - [2025-02-23T04:53:44.466+0000] {dagbag.py:588} INFO - Filling up the DagBag from /home/airflow/.local/lib/python3.12/site-packages/airflow/example_dags/example_xcomargs.py
[2025-02-23T04:53:44.474+0000] {processor.py:925} INFO - DAG(s) 'example_xcom_args', 'example_xcom_args_with_operators' retrieved from /home/airflow/.local/lib/python3.12/site-packages/airflow/example_dags/example_xcomargs.py
[2025-02-23T04:53:44.493+0000] {logging_mixin.py:190} INFO - [2025-02-23T04:53:44.493+0000] {dag.py:3239} INFO - Sync 2 DAGs
[2025-02-23T04:53:44.505+0000] {logging_mixin.py:190} INFO - [2025-02-23T04:53:44.505+0000] {dag.py:4180} INFO - Setting next_dagrun for example_xcom_args to None, run_after=None
[2025-02-23T04:53:44.508+0000] {logging_mixin.py:190} INFO - [2025-02-23T04:53:44.508+0000] {dag.py:4180} INFO - Setting next_dagrun for example_xcom_args_with_operators to None, run_after=None
[2025-02-23T04:53:44.520+0000] {processor.py:208} INFO - Processing /home/airflow/.local/lib/python3.12/site-packages/airflow/example_dags/example_xcomargs.py took 0.061 seconds
[2025-02-23T04:54:14.774+0000] {processor.py:186} INFO - Started process (PID=1035) to work on /home/airflow/.local/lib/python3.12/site-packages/airflow/example_dags/example_xcomargs.py
[2025-02-23T04:54:14.775+0000] {processor.py:914} INFO - Processing file /home/airflow/.local/lib/python3.12/site-packages/airflow/example_dags/example_xcomargs.py for tasks to queue
[2025-02-23T04:54:14.777+0000] {logging_mixin.py:190} INFO - [2025-02-23T04:54:14.777+0000] {dagbag.py:588} INFO - Filling up the DagBag from /home/airflow/.local/lib/python3.12/site-packages/airflow/example_dags/example_xcomargs.py
[2025-02-23T04:54:14.786+0000] {processor.py:925} INFO - DAG(s) 'example_xcom_args', 'example_xcom_args_with_operators' retrieved from /home/airflow/.local/lib/python3.12/site-packages/airflow/example_dags/example_xcomargs.py
[2025-02-23T04:54:14.807+0000] {logging_mixin.py:190} INFO - [2025-02-23T04:54:14.806+0000] {dag.py:3239} INFO - Sync 2 DAGs
[2025-02-23T04:54:14.820+0000] {logging_mixin.py:190} INFO - [2025-02-23T04:54:14.819+0000] {dag.py:4180} INFO - Setting next_dagrun for example_xcom_args to None, run_after=None
[2025-02-23T04:54:14.823+0000] {logging_mixin.py:190} INFO - [2025-02-23T04:54:14.823+0000] {dag.py:4180} INFO - Setting next_dagrun for example_xcom_args_with_operators to None, run_after=None
[2025-02-23T04:54:14.836+0000] {processor.py:208} INFO - Processing /home/airflow/.local/lib/python3.12/site-packages/airflow/example_dags/example_xcomargs.py took 0.069 seconds
[2025-02-23T04:54:45.237+0000] {processor.py:186} INFO - Started process (PID=1098) to work on /home/airflow/.local/lib/python3.12/site-packages/airflow/example_dags/example_xcomargs.py
[2025-02-23T04:54:45.237+0000] {processor.py:914} INFO - Processing file /home/airflow/.local/lib/python3.12/site-packages/airflow/example_dags/example_xcomargs.py for tasks to queue
[2025-02-23T04:54:45.239+0000] {logging_mixin.py:190} INFO - [2025-02-23T04:54:45.239+0000] {dagbag.py:588} INFO - Filling up the DagBag from /home/airflow/.local/lib/python3.12/site-packages/airflow/example_dags/example_xcomargs.py
[2025-02-23T04:54:45.247+0000] {processor.py:925} INFO - DAG(s) 'example_xcom_args_with_operators', 'example_xcom_args' retrieved from /home/airflow/.local/lib/python3.12/site-packages/airflow/example_dags/example_xcomargs.py
[2025-02-23T04:54:45.264+0000] {logging_mixin.py:190} INFO - [2025-02-23T04:54:45.264+0000] {dag.py:3239} INFO - Sync 2 DAGs
[2025-02-23T04:54:45.276+0000] {logging_mixin.py:190} INFO - [2025-02-23T04:54:45.276+0000] {dag.py:4180} INFO - Setting next_dagrun for example_xcom_args to None, run_after=None
[2025-02-23T04:54:45.279+0000] {logging_mixin.py:190} INFO - [2025-02-23T04:54:45.279+0000] {dag.py:4180} INFO - Setting next_dagrun for example_xcom_args_with_operators to None, run_after=None
[2025-02-23T04:54:45.292+0000] {processor.py:208} INFO - Processing /home/airflow/.local/lib/python3.12/site-packages/airflow/example_dags/example_xcomargs.py took 0.059 seconds
[2025-02-23T04:55:15.411+0000] {processor.py:186} INFO - Started process (PID=1161) to work on /home/airflow/.local/lib/python3.12/site-packages/airflow/example_dags/example_xcomargs.py
[2025-02-23T04:55:15.412+0000] {processor.py:914} INFO - Processing file /home/airflow/.local/lib/python3.12/site-packages/airflow/example_dags/example_xcomargs.py for tasks to queue
[2025-02-23T04:55:15.414+0000] {logging_mixin.py:190} INFO - [2025-02-23T04:55:15.414+0000] {dagbag.py:588} INFO - Filling up the DagBag from /home/airflow/.local/lib/python3.12/site-packages/airflow/example_dags/example_xcomargs.py
[2025-02-23T04:55:15.422+0000] {processor.py:925} INFO - DAG(s) 'example_xcom_args_with_operators', 'example_xcom_args' retrieved from /home/airflow/.local/lib/python3.12/site-packages/airflow/example_dags/example_xcomargs.py
[2025-02-23T04:55:15.441+0000] {logging_mixin.py:190} INFO - [2025-02-23T04:55:15.441+0000] {dag.py:3239} INFO - Sync 2 DAGs
[2025-02-23T04:55:15.457+0000] {logging_mixin.py:190} INFO - [2025-02-23T04:55:15.457+0000] {dag.py:4180} INFO - Setting next_dagrun for example_xcom_args to None, run_after=None
[2025-02-23T04:55:15.461+0000] {logging_mixin.py:190} INFO - [2025-02-23T04:55:15.460+0000] {dag.py:4180} INFO - Setting next_dagrun for example_xcom_args_with_operators to None, run_after=None
[2025-02-23T04:55:15.474+0000] {processor.py:208} INFO - Processing /home/airflow/.local/lib/python3.12/site-packages/airflow/example_dags/example_xcomargs.py took 0.068 seconds
[2025-02-23T04:55:45.587+0000] {processor.py:186} INFO - Started process (PID=1224) to work on /home/airflow/.local/lib/python3.12/site-packages/airflow/example_dags/example_xcomargs.py
[2025-02-23T04:55:45.588+0000] {processor.py:914} INFO - Processing file /home/airflow/.local/lib/python3.12/site-packages/airflow/example_dags/example_xcomargs.py for tasks to queue
[2025-02-23T04:55:45.590+0000] {logging_mixin.py:190} INFO - [2025-02-23T04:55:45.590+0000] {dagbag.py:588} INFO - Filling up the DagBag from /home/airflow/.local/lib/python3.12/site-packages/airflow/example_dags/example_xcomargs.py
[2025-02-23T04:55:45.599+0000] {processor.py:925} INFO - DAG(s) 'example_xcom_args_with_operators', 'example_xcom_args' retrieved from /home/airflow/.local/lib/python3.12/site-packages/airflow/example_dags/example_xcomargs.py
[2025-02-23T04:55:45.622+0000] {logging_mixin.py:190} INFO - [2025-02-23T04:55:45.622+0000] {dag.py:3239} INFO - Sync 2 DAGs
[2025-02-23T04:55:45.639+0000] {logging_mixin.py:190} INFO - [2025-02-23T04:55:45.638+0000] {dag.py:4180} INFO - Setting next_dagrun for example_xcom_args to None, run_after=None
[2025-02-23T04:55:45.644+0000] {logging_mixin.py:190} INFO - [2025-02-23T04:55:45.643+0000] {dag.py:4180} INFO - Setting next_dagrun for example_xcom_args_with_operators to None, run_after=None
[2025-02-23T04:55:45.659+0000] {processor.py:208} INFO - Processing /home/airflow/.local/lib/python3.12/site-packages/airflow/example_dags/example_xcomargs.py took 0.076 seconds
[2025-02-23T04:56:15.727+0000] {processor.py:186} INFO - Started process (PID=1287) to work on /home/airflow/.local/lib/python3.12/site-packages/airflow/example_dags/example_xcomargs.py
[2025-02-23T04:56:15.727+0000] {processor.py:914} INFO - Processing file /home/airflow/.local/lib/python3.12/site-packages/airflow/example_dags/example_xcomargs.py for tasks to queue
[2025-02-23T04:56:15.729+0000] {logging_mixin.py:190} INFO - [2025-02-23T04:56:15.729+0000] {dagbag.py:588} INFO - Filling up the DagBag from /home/airflow/.local/lib/python3.12/site-packages/airflow/example_dags/example_xcomargs.py
[2025-02-23T04:56:15.737+0000] {processor.py:925} INFO - DAG(s) 'example_xcom_args_with_operators', 'example_xcom_args' retrieved from /home/airflow/.local/lib/python3.12/site-packages/airflow/example_dags/example_xcomargs.py
[2025-02-23T04:56:15.754+0000] {logging_mixin.py:190} INFO - [2025-02-23T04:56:15.754+0000] {dag.py:3239} INFO - Sync 2 DAGs
[2025-02-23T04:56:15.766+0000] {logging_mixin.py:190} INFO - [2025-02-23T04:56:15.766+0000] {dag.py:4180} INFO - Setting next_dagrun for example_xcom_args to None, run_after=None
[2025-02-23T04:56:15.770+0000] {logging_mixin.py:190} INFO - [2025-02-23T04:56:15.770+0000] {dag.py:4180} INFO - Setting next_dagrun for example_xcom_args_with_operators to None, run_after=None
[2025-02-23T04:56:15.782+0000] {processor.py:208} INFO - Processing /home/airflow/.local/lib/python3.12/site-packages/airflow/example_dags/example_xcomargs.py took 0.060 seconds
