[2025-02-23T04:46:35.103+0000] {processor.py:186} INFO - Started process (PID=74) to work on /home/airflow/.local/lib/python3.12/site-packages/airflow/example_dags/tutorial.py
[2025-02-23T04:46:35.104+0000] {processor.py:914} INFO - Processing file /home/airflow/.local/lib/python3.12/site-packages/airflow/example_dags/tutorial.py for tasks to queue
[2025-02-23T04:46:35.106+0000] {logging_mixin.py:190} INFO - [2025-02-23T04:46:35.106+0000] {dagbag.py:588} INFO - Filling up the DagBag from /home/airflow/.local/lib/python3.12/site-packages/airflow/example_dags/tutorial.py
[2025-02-23T04:46:35.115+0000] {processor.py:925} INFO - DAG(s) 'tutorial' retrieved from /home/airflow/.local/lib/python3.12/site-packages/airflow/example_dags/tutorial.py
[2025-02-23T04:46:35.242+0000] {logging_mixin.py:190} INFO - [2025-02-23T04:46:35.241+0000] {override.py:1911} INFO - Created Permission View: can read on DAG:tutorial
[2025-02-23T04:46:35.251+0000] {logging_mixin.py:190} INFO - [2025-02-23T04:46:35.250+0000] {override.py:1911} INFO - Created Permission View: can delete on DAG:tutorial
[2025-02-23T04:46:35.256+0000] {logging_mixin.py:190} INFO - [2025-02-23T04:46:35.256+0000] {override.py:1911} INFO - Created Permission View: can edit on DAG:tutorial
[2025-02-23T04:46:35.262+0000] {logging_mixin.py:190} INFO - [2025-02-23T04:46:35.261+0000] {override.py:1911} INFO - Created Permission View: can read on DAG Run:tutorial
[2025-02-23T04:46:35.267+0000] {logging_mixin.py:190} INFO - [2025-02-23T04:46:35.267+0000] {override.py:1911} INFO - Created Permission View: menu access on DAG Run:tutorial
[2025-02-23T04:46:35.273+0000] {logging_mixin.py:190} INFO - [2025-02-23T04:46:35.272+0000] {override.py:1911} INFO - Created Permission View: can create on DAG Run:tutorial
[2025-02-23T04:46:35.278+0000] {logging_mixin.py:190} INFO - [2025-02-23T04:46:35.278+0000] {override.py:1911} INFO - Created Permission View: can delete on DAG Run:tutorial
[2025-02-23T04:46:35.278+0000] {logging_mixin.py:190} INFO - [2025-02-23T04:46:35.278+0000] {dag.py:3239} INFO - Sync 1 DAGs
[2025-02-23T04:46:35.293+0000] {logging_mixin.py:190} INFO - [2025-02-23T04:46:35.293+0000] {dag.py:3262} INFO - Creating ORM DAG for tutorial
[2025-02-23T04:46:35.303+0000] {logging_mixin.py:190} INFO - [2025-02-23T04:46:35.303+0000] {dag.py:4180} INFO - Setting next_dagrun for tutorial to 2025-02-22 00:00:00+00:00, run_after=2025-02-23 00:00:00+00:00
[2025-02-23T04:46:35.318+0000] {processor.py:208} INFO - Processing /home/airflow/.local/lib/python3.12/site-packages/airflow/example_dags/tutorial.py took 0.221 seconds
[2025-02-23T04:47:05.977+0000] {processor.py:186} INFO - Started process (PID=138) to work on /home/airflow/.local/lib/python3.12/site-packages/airflow/example_dags/tutorial.py
[2025-02-23T04:47:05.978+0000] {processor.py:914} INFO - Processing file /home/airflow/.local/lib/python3.12/site-packages/airflow/example_dags/tutorial.py for tasks to queue
[2025-02-23T04:47:05.980+0000] {logging_mixin.py:190} INFO - [2025-02-23T04:47:05.979+0000] {dagbag.py:588} INFO - Filling up the DagBag from /home/airflow/.local/lib/python3.12/site-packages/airflow/example_dags/tutorial.py
[2025-02-23T04:47:05.986+0000] {processor.py:925} INFO - DAG(s) 'tutorial' retrieved from /home/airflow/.local/lib/python3.12/site-packages/airflow/example_dags/tutorial.py
[2025-02-23T04:47:06.002+0000] {logging_mixin.py:190} INFO - [2025-02-23T04:47:06.002+0000] {dag.py:3239} INFO - Sync 1 DAGs
[2025-02-23T04:47:06.021+0000] {logging_mixin.py:190} INFO - [2025-02-23T04:47:06.021+0000] {dag.py:4180} INFO - Setting next_dagrun for tutorial to 2025-02-22 00:00:00+00:00, run_after=2025-02-23 00:00:00+00:00
[2025-02-23T04:47:06.035+0000] {processor.py:208} INFO - Processing /home/airflow/.local/lib/python3.12/site-packages/airflow/example_dags/tutorial.py took 0.062 seconds
[2025-02-23T04:47:36.479+0000] {processor.py:186} INFO - Started process (PID=201) to work on /home/airflow/.local/lib/python3.12/site-packages/airflow/example_dags/tutorial.py
[2025-02-23T04:47:36.480+0000] {processor.py:914} INFO - Processing file /home/airflow/.local/lib/python3.12/site-packages/airflow/example_dags/tutorial.py for tasks to queue
[2025-02-23T04:47:36.482+0000] {logging_mixin.py:190} INFO - [2025-02-23T04:47:36.481+0000] {dagbag.py:588} INFO - Filling up the DagBag from /home/airflow/.local/lib/python3.12/site-packages/airflow/example_dags/tutorial.py
[2025-02-23T04:47:36.489+0000] {processor.py:925} INFO - DAG(s) 'tutorial' retrieved from /home/airflow/.local/lib/python3.12/site-packages/airflow/example_dags/tutorial.py
[2025-02-23T04:47:36.509+0000] {logging_mixin.py:190} INFO - [2025-02-23T04:47:36.509+0000] {dag.py:3239} INFO - Sync 1 DAGs
[2025-02-23T04:47:36.536+0000] {logging_mixin.py:190} INFO - [2025-02-23T04:47:36.536+0000] {dag.py:4180} INFO - Setting next_dagrun for tutorial to 2025-02-22 00:00:00+00:00, run_after=2025-02-23 00:00:00+00:00
[2025-02-23T04:47:36.553+0000] {processor.py:208} INFO - Processing /home/airflow/.local/lib/python3.12/site-packages/airflow/example_dags/tutorial.py took 0.080 seconds
[2025-02-23T04:48:07.015+0000] {processor.py:186} INFO - Started process (PID=264) to work on /home/airflow/.local/lib/python3.12/site-packages/airflow/example_dags/tutorial.py
[2025-02-23T04:48:07.016+0000] {processor.py:914} INFO - Processing file /home/airflow/.local/lib/python3.12/site-packages/airflow/example_dags/tutorial.py for tasks to queue
[2025-02-23T04:48:07.018+0000] {logging_mixin.py:190} INFO - [2025-02-23T04:48:07.018+0000] {dagbag.py:588} INFO - Filling up the DagBag from /home/airflow/.local/lib/python3.12/site-packages/airflow/example_dags/tutorial.py
[2025-02-23T04:48:07.025+0000] {processor.py:925} INFO - DAG(s) 'tutorial' retrieved from /home/airflow/.local/lib/python3.12/site-packages/airflow/example_dags/tutorial.py
[2025-02-23T04:48:07.042+0000] {logging_mixin.py:190} INFO - [2025-02-23T04:48:07.041+0000] {dag.py:3239} INFO - Sync 1 DAGs
[2025-02-23T04:48:07.065+0000] {logging_mixin.py:190} INFO - [2025-02-23T04:48:07.065+0000] {dag.py:4180} INFO - Setting next_dagrun for tutorial to 2025-02-22 00:00:00+00:00, run_after=2025-02-23 00:00:00+00:00
[2025-02-23T04:48:07.080+0000] {processor.py:208} INFO - Processing /home/airflow/.local/lib/python3.12/site-packages/airflow/example_dags/tutorial.py took 0.070 seconds
[2025-02-23T04:48:37.113+0000] {processor.py:186} INFO - Started process (PID=327) to work on /home/airflow/.local/lib/python3.12/site-packages/airflow/example_dags/tutorial.py
[2025-02-23T04:48:37.113+0000] {processor.py:914} INFO - Processing file /home/airflow/.local/lib/python3.12/site-packages/airflow/example_dags/tutorial.py for tasks to queue
[2025-02-23T04:48:37.115+0000] {logging_mixin.py:190} INFO - [2025-02-23T04:48:37.115+0000] {dagbag.py:588} INFO - Filling up the DagBag from /home/airflow/.local/lib/python3.12/site-packages/airflow/example_dags/tutorial.py
[2025-02-23T04:48:37.121+0000] {processor.py:925} INFO - DAG(s) 'tutorial' retrieved from /home/airflow/.local/lib/python3.12/site-packages/airflow/example_dags/tutorial.py
[2025-02-23T04:48:37.138+0000] {logging_mixin.py:190} INFO - [2025-02-23T04:48:37.138+0000] {dag.py:3239} INFO - Sync 1 DAGs
[2025-02-23T04:48:37.164+0000] {logging_mixin.py:190} INFO - [2025-02-23T04:48:37.163+0000] {dag.py:4180} INFO - Setting next_dagrun for tutorial to 2025-02-22 00:00:00+00:00, run_after=2025-02-23 00:00:00+00:00
[2025-02-23T04:48:37.182+0000] {processor.py:208} INFO - Processing /home/airflow/.local/lib/python3.12/site-packages/airflow/example_dags/tutorial.py took 0.073 seconds
[2025-02-23T04:49:07.239+0000] {processor.py:186} INFO - Started process (PID=391) to work on /home/airflow/.local/lib/python3.12/site-packages/airflow/example_dags/tutorial.py
[2025-02-23T04:49:07.239+0000] {processor.py:914} INFO - Processing file /home/airflow/.local/lib/python3.12/site-packages/airflow/example_dags/tutorial.py for tasks to queue
[2025-02-23T04:49:07.241+0000] {logging_mixin.py:190} INFO - [2025-02-23T04:49:07.241+0000] {dagbag.py:588} INFO - Filling up the DagBag from /home/airflow/.local/lib/python3.12/site-packages/airflow/example_dags/tutorial.py
[2025-02-23T04:49:07.249+0000] {processor.py:925} INFO - DAG(s) 'tutorial' retrieved from /home/airflow/.local/lib/python3.12/site-packages/airflow/example_dags/tutorial.py
[2025-02-23T04:49:07.266+0000] {logging_mixin.py:190} INFO - [2025-02-23T04:49:07.266+0000] {dag.py:3239} INFO - Sync 1 DAGs
[2025-02-23T04:49:07.289+0000] {logging_mixin.py:190} INFO - [2025-02-23T04:49:07.288+0000] {dag.py:4180} INFO - Setting next_dagrun for tutorial to 2025-02-22 00:00:00+00:00, run_after=2025-02-23 00:00:00+00:00
[2025-02-23T04:49:07.302+0000] {processor.py:208} INFO - Processing /home/airflow/.local/lib/python3.12/site-packages/airflow/example_dags/tutorial.py took 0.067 seconds
[2025-02-23T04:49:37.437+0000] {processor.py:186} INFO - Started process (PID=454) to work on /home/airflow/.local/lib/python3.12/site-packages/airflow/example_dags/tutorial.py
[2025-02-23T04:49:37.437+0000] {processor.py:914} INFO - Processing file /home/airflow/.local/lib/python3.12/site-packages/airflow/example_dags/tutorial.py for tasks to queue
[2025-02-23T04:49:37.439+0000] {logging_mixin.py:190} INFO - [2025-02-23T04:49:37.438+0000] {dagbag.py:588} INFO - Filling up the DagBag from /home/airflow/.local/lib/python3.12/site-packages/airflow/example_dags/tutorial.py
[2025-02-23T04:49:37.445+0000] {processor.py:925} INFO - DAG(s) 'tutorial' retrieved from /home/airflow/.local/lib/python3.12/site-packages/airflow/example_dags/tutorial.py
[2025-02-23T04:49:37.459+0000] {logging_mixin.py:190} INFO - [2025-02-23T04:49:37.459+0000] {dag.py:3239} INFO - Sync 1 DAGs
[2025-02-23T04:49:37.476+0000] {logging_mixin.py:190} INFO - [2025-02-23T04:49:37.476+0000] {dag.py:4180} INFO - Setting next_dagrun for tutorial to 2025-02-22 00:00:00+00:00, run_after=2025-02-23 00:00:00+00:00
[2025-02-23T04:49:37.488+0000] {processor.py:208} INFO - Processing /home/airflow/.local/lib/python3.12/site-packages/airflow/example_dags/tutorial.py took 0.056 seconds
[2025-02-23T04:50:07.932+0000] {processor.py:186} INFO - Started process (PID=518) to work on /home/airflow/.local/lib/python3.12/site-packages/airflow/example_dags/tutorial.py
[2025-02-23T04:50:07.933+0000] {processor.py:914} INFO - Processing file /home/airflow/.local/lib/python3.12/site-packages/airflow/example_dags/tutorial.py for tasks to queue
[2025-02-23T04:50:07.935+0000] {logging_mixin.py:190} INFO - [2025-02-23T04:50:07.935+0000] {dagbag.py:588} INFO - Filling up the DagBag from /home/airflow/.local/lib/python3.12/site-packages/airflow/example_dags/tutorial.py
[2025-02-23T04:50:07.943+0000] {processor.py:925} INFO - DAG(s) 'tutorial' retrieved from /home/airflow/.local/lib/python3.12/site-packages/airflow/example_dags/tutorial.py
[2025-02-23T04:50:07.960+0000] {logging_mixin.py:190} INFO - [2025-02-23T04:50:07.959+0000] {dag.py:3239} INFO - Sync 1 DAGs
[2025-02-23T04:50:07.979+0000] {logging_mixin.py:190} INFO - [2025-02-23T04:50:07.979+0000] {dag.py:4180} INFO - Setting next_dagrun for tutorial to 2025-02-22 00:00:00+00:00, run_after=2025-02-23 00:00:00+00:00
[2025-02-23T04:50:07.993+0000] {processor.py:208} INFO - Processing /home/airflow/.local/lib/python3.12/site-packages/airflow/example_dags/tutorial.py took 0.066 seconds
[2025-02-23T04:50:38.555+0000] {processor.py:186} INFO - Started process (PID=581) to work on /home/airflow/.local/lib/python3.12/site-packages/airflow/example_dags/tutorial.py
[2025-02-23T04:50:38.555+0000] {processor.py:914} INFO - Processing file /home/airflow/.local/lib/python3.12/site-packages/airflow/example_dags/tutorial.py for tasks to queue
[2025-02-23T04:50:38.557+0000] {logging_mixin.py:190} INFO - [2025-02-23T04:50:38.557+0000] {dagbag.py:588} INFO - Filling up the DagBag from /home/airflow/.local/lib/python3.12/site-packages/airflow/example_dags/tutorial.py
[2025-02-23T04:50:38.564+0000] {processor.py:925} INFO - DAG(s) 'tutorial' retrieved from /home/airflow/.local/lib/python3.12/site-packages/airflow/example_dags/tutorial.py
[2025-02-23T04:50:38.580+0000] {logging_mixin.py:190} INFO - [2025-02-23T04:50:38.580+0000] {dag.py:3239} INFO - Sync 1 DAGs
[2025-02-23T04:50:38.602+0000] {logging_mixin.py:190} INFO - [2025-02-23T04:50:38.602+0000] {dag.py:4180} INFO - Setting next_dagrun for tutorial to 2025-02-22 00:00:00+00:00, run_after=2025-02-23 00:00:00+00:00
[2025-02-23T04:50:38.615+0000] {processor.py:208} INFO - Processing /home/airflow/.local/lib/python3.12/site-packages/airflow/example_dags/tutorial.py took 0.065 seconds
[2025-02-23T04:51:09.021+0000] {processor.py:186} INFO - Started process (PID=644) to work on /home/airflow/.local/lib/python3.12/site-packages/airflow/example_dags/tutorial.py
[2025-02-23T04:51:09.021+0000] {processor.py:914} INFO - Processing file /home/airflow/.local/lib/python3.12/site-packages/airflow/example_dags/tutorial.py for tasks to queue
[2025-02-23T04:51:09.023+0000] {logging_mixin.py:190} INFO - [2025-02-23T04:51:09.023+0000] {dagbag.py:588} INFO - Filling up the DagBag from /home/airflow/.local/lib/python3.12/site-packages/airflow/example_dags/tutorial.py
[2025-02-23T04:51:09.029+0000] {processor.py:925} INFO - DAG(s) 'tutorial' retrieved from /home/airflow/.local/lib/python3.12/site-packages/airflow/example_dags/tutorial.py
[2025-02-23T04:51:09.044+0000] {logging_mixin.py:190} INFO - [2025-02-23T04:51:09.044+0000] {dag.py:3239} INFO - Sync 1 DAGs
[2025-02-23T04:51:09.064+0000] {logging_mixin.py:190} INFO - [2025-02-23T04:51:09.064+0000] {dag.py:4180} INFO - Setting next_dagrun for tutorial to 2025-02-22 00:00:00+00:00, run_after=2025-02-23 00:00:00+00:00
[2025-02-23T04:51:09.079+0000] {processor.py:208} INFO - Processing /home/airflow/.local/lib/python3.12/site-packages/airflow/example_dags/tutorial.py took 0.063 seconds
[2025-02-23T04:51:39.304+0000] {processor.py:186} INFO - Started process (PID=708) to work on /home/airflow/.local/lib/python3.12/site-packages/airflow/example_dags/tutorial.py
[2025-02-23T04:51:39.305+0000] {processor.py:914} INFO - Processing file /home/airflow/.local/lib/python3.12/site-packages/airflow/example_dags/tutorial.py for tasks to queue
[2025-02-23T04:51:39.307+0000] {logging_mixin.py:190} INFO - [2025-02-23T04:51:39.306+0000] {dagbag.py:588} INFO - Filling up the DagBag from /home/airflow/.local/lib/python3.12/site-packages/airflow/example_dags/tutorial.py
[2025-02-23T04:51:39.314+0000] {processor.py:925} INFO - DAG(s) 'tutorial' retrieved from /home/airflow/.local/lib/python3.12/site-packages/airflow/example_dags/tutorial.py
[2025-02-23T04:51:39.331+0000] {logging_mixin.py:190} INFO - [2025-02-23T04:51:39.331+0000] {dag.py:3239} INFO - Sync 1 DAGs
[2025-02-23T04:51:39.352+0000] {logging_mixin.py:190} INFO - [2025-02-23T04:51:39.352+0000] {dag.py:4180} INFO - Setting next_dagrun for tutorial to 2025-02-22 00:00:00+00:00, run_after=2025-02-23 00:00:00+00:00
[2025-02-23T04:51:39.365+0000] {processor.py:208} INFO - Processing /home/airflow/.local/lib/python3.12/site-packages/airflow/example_dags/tutorial.py took 0.065 seconds
[2025-02-23T04:52:09.718+0000] {processor.py:186} INFO - Started process (PID=771) to work on /home/airflow/.local/lib/python3.12/site-packages/airflow/example_dags/tutorial.py
[2025-02-23T04:52:09.719+0000] {processor.py:914} INFO - Processing file /home/airflow/.local/lib/python3.12/site-packages/airflow/example_dags/tutorial.py for tasks to queue
[2025-02-23T04:52:09.720+0000] {logging_mixin.py:190} INFO - [2025-02-23T04:52:09.720+0000] {dagbag.py:588} INFO - Filling up the DagBag from /home/airflow/.local/lib/python3.12/site-packages/airflow/example_dags/tutorial.py
[2025-02-23T04:52:09.727+0000] {processor.py:925} INFO - DAG(s) 'tutorial' retrieved from /home/airflow/.local/lib/python3.12/site-packages/airflow/example_dags/tutorial.py
[2025-02-23T04:52:09.743+0000] {logging_mixin.py:190} INFO - [2025-02-23T04:52:09.743+0000] {dag.py:3239} INFO - Sync 1 DAGs
[2025-02-23T04:52:09.765+0000] {logging_mixin.py:190} INFO - [2025-02-23T04:52:09.765+0000] {dag.py:4180} INFO - Setting next_dagrun for tutorial to 2025-02-22 00:00:00+00:00, run_after=2025-02-23 00:00:00+00:00
[2025-02-23T04:52:09.779+0000] {processor.py:208} INFO - Processing /home/airflow/.local/lib/python3.12/site-packages/airflow/example_dags/tutorial.py took 0.065 seconds
[2025-02-23T04:52:39.913+0000] {processor.py:186} INFO - Started process (PID=834) to work on /home/airflow/.local/lib/python3.12/site-packages/airflow/example_dags/tutorial.py
[2025-02-23T04:52:39.914+0000] {processor.py:914} INFO - Processing file /home/airflow/.local/lib/python3.12/site-packages/airflow/example_dags/tutorial.py for tasks to queue
[2025-02-23T04:52:39.915+0000] {logging_mixin.py:190} INFO - [2025-02-23T04:52:39.915+0000] {dagbag.py:588} INFO - Filling up the DagBag from /home/airflow/.local/lib/python3.12/site-packages/airflow/example_dags/tutorial.py
[2025-02-23T04:52:39.921+0000] {processor.py:925} INFO - DAG(s) 'tutorial' retrieved from /home/airflow/.local/lib/python3.12/site-packages/airflow/example_dags/tutorial.py
[2025-02-23T04:52:39.938+0000] {logging_mixin.py:190} INFO - [2025-02-23T04:52:39.938+0000] {dag.py:3239} INFO - Sync 1 DAGs
[2025-02-23T04:52:39.959+0000] {logging_mixin.py:190} INFO - [2025-02-23T04:52:39.959+0000] {dag.py:4180} INFO - Setting next_dagrun for tutorial to 2025-02-22 00:00:00+00:00, run_after=2025-02-23 00:00:00+00:00
[2025-02-23T04:52:39.973+0000] {processor.py:208} INFO - Processing /home/airflow/.local/lib/python3.12/site-packages/airflow/example_dags/tutorial.py took 0.064 seconds
[2025-02-23T04:53:10.297+0000] {processor.py:186} INFO - Started process (PID=897) to work on /home/airflow/.local/lib/python3.12/site-packages/airflow/example_dags/tutorial.py
[2025-02-23T04:53:10.298+0000] {processor.py:914} INFO - Processing file /home/airflow/.local/lib/python3.12/site-packages/airflow/example_dags/tutorial.py for tasks to queue
[2025-02-23T04:53:10.300+0000] {logging_mixin.py:190} INFO - [2025-02-23T04:53:10.299+0000] {dagbag.py:588} INFO - Filling up the DagBag from /home/airflow/.local/lib/python3.12/site-packages/airflow/example_dags/tutorial.py
[2025-02-23T04:53:10.307+0000] {processor.py:925} INFO - DAG(s) 'tutorial' retrieved from /home/airflow/.local/lib/python3.12/site-packages/airflow/example_dags/tutorial.py
[2025-02-23T04:53:10.326+0000] {logging_mixin.py:190} INFO - [2025-02-23T04:53:10.326+0000] {dag.py:3239} INFO - Sync 1 DAGs
[2025-02-23T04:53:10.351+0000] {logging_mixin.py:190} INFO - [2025-02-23T04:53:10.351+0000] {dag.py:4180} INFO - Setting next_dagrun for tutorial to 2025-02-22 00:00:00+00:00, run_after=2025-02-23 00:00:00+00:00
[2025-02-23T04:53:10.368+0000] {processor.py:208} INFO - Processing /home/airflow/.local/lib/python3.12/site-packages/airflow/example_dags/tutorial.py took 0.076 seconds
[2025-02-23T04:53:40.931+0000] {processor.py:186} INFO - Started process (PID=960) to work on /home/airflow/.local/lib/python3.12/site-packages/airflow/example_dags/tutorial.py
[2025-02-23T04:53:40.931+0000] {processor.py:914} INFO - Processing file /home/airflow/.local/lib/python3.12/site-packages/airflow/example_dags/tutorial.py for tasks to queue
[2025-02-23T04:53:40.933+0000] {logging_mixin.py:190} INFO - [2025-02-23T04:53:40.933+0000] {dagbag.py:588} INFO - Filling up the DagBag from /home/airflow/.local/lib/python3.12/site-packages/airflow/example_dags/tutorial.py
[2025-02-23T04:53:40.940+0000] {processor.py:925} INFO - DAG(s) 'tutorial' retrieved from /home/airflow/.local/lib/python3.12/site-packages/airflow/example_dags/tutorial.py
[2025-02-23T04:53:40.956+0000] {logging_mixin.py:190} INFO - [2025-02-23T04:53:40.956+0000] {dag.py:3239} INFO - Sync 1 DAGs
[2025-02-23T04:53:40.974+0000] {logging_mixin.py:190} INFO - [2025-02-23T04:53:40.973+0000] {dag.py:4180} INFO - Setting next_dagrun for tutorial to 2025-02-22 00:00:00+00:00, run_after=2025-02-23 00:00:00+00:00
[2025-02-23T04:53:40.987+0000] {processor.py:208} INFO - Processing /home/airflow/.local/lib/python3.12/site-packages/airflow/example_dags/tutorial.py took 0.061 seconds
[2025-02-23T04:54:11.229+0000] {processor.py:186} INFO - Started process (PID=1023) to work on /home/airflow/.local/lib/python3.12/site-packages/airflow/example_dags/tutorial.py
[2025-02-23T04:54:11.229+0000] {processor.py:914} INFO - Processing file /home/airflow/.local/lib/python3.12/site-packages/airflow/example_dags/tutorial.py for tasks to queue
[2025-02-23T04:54:11.231+0000] {logging_mixin.py:190} INFO - [2025-02-23T04:54:11.231+0000] {dagbag.py:588} INFO - Filling up the DagBag from /home/airflow/.local/lib/python3.12/site-packages/airflow/example_dags/tutorial.py
[2025-02-23T04:54:11.237+0000] {processor.py:925} INFO - DAG(s) 'tutorial' retrieved from /home/airflow/.local/lib/python3.12/site-packages/airflow/example_dags/tutorial.py
[2025-02-23T04:54:11.253+0000] {logging_mixin.py:190} INFO - [2025-02-23T04:54:11.253+0000] {dag.py:3239} INFO - Sync 1 DAGs
[2025-02-23T04:54:11.274+0000] {logging_mixin.py:190} INFO - [2025-02-23T04:54:11.274+0000] {dag.py:4180} INFO - Setting next_dagrun for tutorial to 2025-02-22 00:00:00+00:00, run_after=2025-02-23 00:00:00+00:00
[2025-02-23T04:54:11.287+0000] {processor.py:208} INFO - Processing /home/airflow/.local/lib/python3.12/site-packages/airflow/example_dags/tutorial.py took 0.063 seconds
[2025-02-23T04:54:41.572+0000] {processor.py:186} INFO - Started process (PID=1086) to work on /home/airflow/.local/lib/python3.12/site-packages/airflow/example_dags/tutorial.py
[2025-02-23T04:54:41.573+0000] {processor.py:914} INFO - Processing file /home/airflow/.local/lib/python3.12/site-packages/airflow/example_dags/tutorial.py for tasks to queue
[2025-02-23T04:54:41.575+0000] {logging_mixin.py:190} INFO - [2025-02-23T04:54:41.575+0000] {dagbag.py:588} INFO - Filling up the DagBag from /home/airflow/.local/lib/python3.12/site-packages/airflow/example_dags/tutorial.py
[2025-02-23T04:54:41.589+0000] {processor.py:925} INFO - DAG(s) 'tutorial' retrieved from /home/airflow/.local/lib/python3.12/site-packages/airflow/example_dags/tutorial.py
[2025-02-23T04:54:41.611+0000] {logging_mixin.py:190} INFO - [2025-02-23T04:54:41.611+0000] {dag.py:3239} INFO - Sync 1 DAGs
[2025-02-23T04:54:41.637+0000] {logging_mixin.py:190} INFO - [2025-02-23T04:54:41.636+0000] {dag.py:4180} INFO - Setting next_dagrun for tutorial to 2025-02-22 00:00:00+00:00, run_after=2025-02-23 00:00:00+00:00
[2025-02-23T04:54:41.654+0000] {processor.py:208} INFO - Processing /home/airflow/.local/lib/python3.12/site-packages/airflow/example_dags/tutorial.py took 0.088 seconds
[2025-02-23T04:55:11.769+0000] {processor.py:186} INFO - Started process (PID=1149) to work on /home/airflow/.local/lib/python3.12/site-packages/airflow/example_dags/tutorial.py
[2025-02-23T04:55:11.769+0000] {processor.py:914} INFO - Processing file /home/airflow/.local/lib/python3.12/site-packages/airflow/example_dags/tutorial.py for tasks to queue
[2025-02-23T04:55:11.773+0000] {logging_mixin.py:190} INFO - [2025-02-23T04:55:11.773+0000] {dagbag.py:588} INFO - Filling up the DagBag from /home/airflow/.local/lib/python3.12/site-packages/airflow/example_dags/tutorial.py
[2025-02-23T04:55:11.782+0000] {processor.py:925} INFO - DAG(s) 'tutorial' retrieved from /home/airflow/.local/lib/python3.12/site-packages/airflow/example_dags/tutorial.py
[2025-02-23T04:55:11.802+0000] {logging_mixin.py:190} INFO - [2025-02-23T04:55:11.802+0000] {dag.py:3239} INFO - Sync 1 DAGs
[2025-02-23T04:55:11.828+0000] {logging_mixin.py:190} INFO - [2025-02-23T04:55:11.828+0000] {dag.py:4180} INFO - Setting next_dagrun for tutorial to 2025-02-22 00:00:00+00:00, run_after=2025-02-23 00:00:00+00:00
[2025-02-23T04:55:11.841+0000] {processor.py:208} INFO - Processing /home/airflow/.local/lib/python3.12/site-packages/airflow/example_dags/tutorial.py took 0.078 seconds
[2025-02-23T04:55:42.020+0000] {processor.py:186} INFO - Started process (PID=1212) to work on /home/airflow/.local/lib/python3.12/site-packages/airflow/example_dags/tutorial.py
[2025-02-23T04:55:42.021+0000] {processor.py:914} INFO - Processing file /home/airflow/.local/lib/python3.12/site-packages/airflow/example_dags/tutorial.py for tasks to queue
[2025-02-23T04:55:42.023+0000] {logging_mixin.py:190} INFO - [2025-02-23T04:55:42.022+0000] {dagbag.py:588} INFO - Filling up the DagBag from /home/airflow/.local/lib/python3.12/site-packages/airflow/example_dags/tutorial.py
[2025-02-23T04:55:42.029+0000] {processor.py:925} INFO - DAG(s) 'tutorial' retrieved from /home/airflow/.local/lib/python3.12/site-packages/airflow/example_dags/tutorial.py
[2025-02-23T04:55:42.044+0000] {logging_mixin.py:190} INFO - [2025-02-23T04:55:42.044+0000] {dag.py:3239} INFO - Sync 1 DAGs
[2025-02-23T04:55:42.065+0000] {logging_mixin.py:190} INFO - [2025-02-23T04:55:42.064+0000] {dag.py:4180} INFO - Setting next_dagrun for tutorial to 2025-02-22 00:00:00+00:00, run_after=2025-02-23 00:00:00+00:00
[2025-02-23T04:55:42.077+0000] {processor.py:208} INFO - Processing /home/airflow/.local/lib/python3.12/site-packages/airflow/example_dags/tutorial.py took 0.061 seconds
[2025-02-23T04:56:12.206+0000] {processor.py:186} INFO - Started process (PID=1275) to work on /home/airflow/.local/lib/python3.12/site-packages/airflow/example_dags/tutorial.py
[2025-02-23T04:56:12.206+0000] {processor.py:914} INFO - Processing file /home/airflow/.local/lib/python3.12/site-packages/airflow/example_dags/tutorial.py for tasks to queue
[2025-02-23T04:56:12.208+0000] {logging_mixin.py:190} INFO - [2025-02-23T04:56:12.208+0000] {dagbag.py:588} INFO - Filling up the DagBag from /home/airflow/.local/lib/python3.12/site-packages/airflow/example_dags/tutorial.py
[2025-02-23T04:56:12.214+0000] {processor.py:925} INFO - DAG(s) 'tutorial' retrieved from /home/airflow/.local/lib/python3.12/site-packages/airflow/example_dags/tutorial.py
[2025-02-23T04:56:12.229+0000] {logging_mixin.py:190} INFO - [2025-02-23T04:56:12.229+0000] {dag.py:3239} INFO - Sync 1 DAGs
[2025-02-23T04:56:12.249+0000] {logging_mixin.py:190} INFO - [2025-02-23T04:56:12.249+0000] {dag.py:4180} INFO - Setting next_dagrun for tutorial to 2025-02-22 00:00:00+00:00, run_after=2025-02-23 00:00:00+00:00
[2025-02-23T04:56:12.262+0000] {processor.py:208} INFO - Processing /home/airflow/.local/lib/python3.12/site-packages/airflow/example_dags/tutorial.py took 0.061 seconds
[2025-02-23T04:56:42.932+0000] {processor.py:186} INFO - Started process (PID=1339) to work on /home/airflow/.local/lib/python3.12/site-packages/airflow/example_dags/tutorial.py
[2025-02-23T04:56:42.933+0000] {processor.py:914} INFO - Processing file /home/airflow/.local/lib/python3.12/site-packages/airflow/example_dags/tutorial.py for tasks to queue
[2025-02-23T04:56:42.935+0000] {logging_mixin.py:190} INFO - [2025-02-23T04:56:42.934+0000] {dagbag.py:588} INFO - Filling up the DagBag from /home/airflow/.local/lib/python3.12/site-packages/airflow/example_dags/tutorial.py
[2025-02-23T04:56:42.941+0000] {processor.py:925} INFO - DAG(s) 'tutorial' retrieved from /home/airflow/.local/lib/python3.12/site-packages/airflow/example_dags/tutorial.py
[2025-02-23T04:56:42.958+0000] {logging_mixin.py:190} INFO - [2025-02-23T04:56:42.957+0000] {dag.py:3239} INFO - Sync 1 DAGs
[2025-02-23T04:56:42.979+0000] {logging_mixin.py:190} INFO - [2025-02-23T04:56:42.979+0000] {dag.py:4180} INFO - Setting next_dagrun for tutorial to 2025-02-22 00:00:00+00:00, run_after=2025-02-23 00:00:00+00:00
[2025-02-23T04:56:42.992+0000] {processor.py:208} INFO - Processing /home/airflow/.local/lib/python3.12/site-packages/airflow/example_dags/tutorial.py took 0.064 seconds
[2025-02-23T04:57:13.265+0000] {processor.py:186} INFO - Started process (PID=1404) to work on /home/airflow/.local/lib/python3.12/site-packages/airflow/example_dags/tutorial.py
[2025-02-23T04:57:13.265+0000] {processor.py:914} INFO - Processing file /home/airflow/.local/lib/python3.12/site-packages/airflow/example_dags/tutorial.py for tasks to queue
[2025-02-23T04:57:13.267+0000] {logging_mixin.py:190} INFO - [2025-02-23T04:57:13.266+0000] {dagbag.py:588} INFO - Filling up the DagBag from /home/airflow/.local/lib/python3.12/site-packages/airflow/example_dags/tutorial.py
[2025-02-23T04:57:13.273+0000] {processor.py:925} INFO - DAG(s) 'tutorial' retrieved from /home/airflow/.local/lib/python3.12/site-packages/airflow/example_dags/tutorial.py
[2025-02-23T04:57:13.290+0000] {logging_mixin.py:190} INFO - [2025-02-23T04:57:13.290+0000] {dag.py:3239} INFO - Sync 1 DAGs
[2025-02-23T04:57:13.310+0000] {logging_mixin.py:190} INFO - [2025-02-23T04:57:13.309+0000] {dag.py:4180} INFO - Setting next_dagrun for tutorial to 2025-02-22 00:00:00+00:00, run_after=2025-02-23 00:00:00+00:00
[2025-02-23T04:57:13.323+0000] {processor.py:208} INFO - Processing /home/airflow/.local/lib/python3.12/site-packages/airflow/example_dags/tutorial.py took 0.063 seconds
